I211119 21:58:49.935416 40 util/log/clog.go:1196  [config] file created at: 2021/11/19 21:58:49
I211119 21:58:49.935416 40 util/log/clog.go:1196  [config] running on machine: 81f2a0bc1c88
I211119 21:58:49.935416 40 util/log/clog.go:1196  [config] binary: CockroachDB CCL v19.2.2 (x86_64-unknown-linux-gnu, built 2019/12/11 01:33:43, go1.12.12)
I211119 21:58:49.935416 40 util/log/clog.go:1196  [config] arguments: [/cockroach/cockroach start-single-node --insecure]
I211119 21:58:49.935416 40 util/log/clog.go:1196  line format: [IWEF]yymmdd hh:mm:ss.uuuuuu goid file:line msg utf8=✓
I211119 21:58:49.935415 40 storage/engine/rocksdb.go:120  RocksDB version: 6.2.1
I211119 21:58:49.949218 40 storage/engine/rocksdb.go:120  Git sha rocksdb_build_git_sha:@b7009236531fa784872f4823eabf393501e41bf2@
I211119 21:58:49.949234 40 storage/engine/rocksdb.go:120  Compile date Dec 11 2019
I211119 21:58:49.949271 40 storage/engine/rocksdb.go:120  DB SUMMARY
I211119 21:58:49.950589 40 storage/engine/rocksdb.go:120  SST files in /cockroach/cockroach-data/cockroach-temp745311241 dir, Total Num: 0, files: 
I211119 21:58:49.953304 40 storage/engine/rocksdb.go:120  Write Ahead Log file in /cockroach/cockroach-data/cockroach-temp745311241: 
I211119 21:58:49.953312 40 storage/engine/rocksdb.go:120                          Options.error_if_exists: 0
I211119 21:58:49.953317 40 storage/engine/rocksdb.go:120                        Options.create_if_missing: 1
I211119 21:58:49.953320 40 storage/engine/rocksdb.go:120                          Options.paranoid_checks: 1
I211119 21:58:49.953324 40 storage/engine/rocksdb.go:120                                      Options.env: 0x75591e0
I211119 21:58:49.953328 40 storage/engine/rocksdb.go:120                                 Options.info_log: 0x7ff997887fa0
I211119 21:58:49.953331 40 storage/engine/rocksdb.go:120                 Options.max_file_opening_threads: 16
I211119 21:58:49.953335 40 storage/engine/rocksdb.go:120                               Options.statistics: 0x7ff99781d8d0
I211119 21:58:49.953338 40 storage/engine/rocksdb.go:120                                Options.use_fsync: 0
I211119 21:58:49.953342 40 storage/engine/rocksdb.go:120                        Options.max_log_file_size: 0
I211119 21:58:49.953346 40 storage/engine/rocksdb.go:120                   Options.max_manifest_file_size: 134217728
I211119 21:58:49.953349 40 storage/engine/rocksdb.go:120                    Options.log_file_time_to_roll: 0
I211119 21:58:49.953353 40 storage/engine/rocksdb.go:120                        Options.keep_log_file_num: 1000
I211119 21:58:49.953356 40 storage/engine/rocksdb.go:120                     Options.recycle_log_file_num: 1
I211119 21:58:49.953361 40 storage/engine/rocksdb.go:120                          Options.allow_fallocate: 1
I211119 21:58:49.953364 40 storage/engine/rocksdb.go:120                         Options.allow_mmap_reads: 0
I211119 21:58:49.953367 40 storage/engine/rocksdb.go:120                        Options.allow_mmap_writes: 0
I211119 21:58:49.953371 40 storage/engine/rocksdb.go:120                         Options.use_direct_reads: 0
I211119 21:58:49.953374 40 storage/engine/rocksdb.go:120                         Options.use_direct_io_for_flush_and_compaction: 0
I211119 21:58:49.953378 40 storage/engine/rocksdb.go:120           Options.create_missing_column_families: 0
I211119 21:58:49.953381 40 storage/engine/rocksdb.go:120                               Options.db_log_dir: 
I211119 21:58:49.953386 40 storage/engine/rocksdb.go:120                                  Options.wal_dir: /cockroach/cockroach-data/cockroach-temp745311241
I211119 21:58:49.953390 40 storage/engine/rocksdb.go:120                 Options.table_cache_numshardbits: 6
I211119 21:58:49.953393 40 storage/engine/rocksdb.go:120                       Options.max_subcompactions: 1
I211119 21:58:49.953397 40 storage/engine/rocksdb.go:120                   Options.max_background_flushes: -1
I211119 21:58:49.953401 40 storage/engine/rocksdb.go:120                          Options.WAL_ttl_seconds: 0
I211119 21:58:49.953404 40 storage/engine/rocksdb.go:120                        Options.WAL_size_limit_MB: 0
I211119 21:58:49.953407 40 storage/engine/rocksdb.go:120              Options.manifest_preallocation_size: 4194304
I211119 21:58:49.953411 40 storage/engine/rocksdb.go:120                      Options.is_fd_close_on_exec: 1
I211119 21:58:49.953414 40 storage/engine/rocksdb.go:120                    Options.advise_random_on_open: 1
I211119 21:58:49.953418 40 storage/engine/rocksdb.go:120                     Options.db_write_buffer_size: 0
I211119 21:58:49.953421 40 storage/engine/rocksdb.go:120                     Options.write_buffer_manager: 0x7ff997860cb0
I211119 21:58:49.953425 40 storage/engine/rocksdb.go:120          Options.access_hint_on_compaction_start: 1
I211119 21:58:49.953428 40 storage/engine/rocksdb.go:120   Options.new_table_reader_for_compaction_inputs: 0
I211119 21:58:49.953432 40 storage/engine/rocksdb.go:120            Options.random_access_max_buffer_size: 1048576
I211119 21:58:49.953435 40 storage/engine/rocksdb.go:120                       Options.use_adaptive_mutex: 0
I211119 21:58:49.953476 40 storage/engine/rocksdb.go:120                             Options.rate_limiter: (nil)
I211119 21:58:49.953493 40 storage/engine/rocksdb.go:120      Options.sst_file_manager.rate_bytes_per_sec: 0
I211119 21:58:49.953497 40 storage/engine/rocksdb.go:120                        Options.wal_recovery_mode: 0
I211119 21:58:49.953501 40 storage/engine/rocksdb.go:120                   Options.enable_thread_tracking: 0
I211119 21:58:49.953504 40 storage/engine/rocksdb.go:120                   Options.enable_pipelined_write: 0
I211119 21:58:49.953508 40 storage/engine/rocksdb.go:120          Options.allow_concurrent_memtable_write: 1
I211119 21:58:49.953511 40 storage/engine/rocksdb.go:120       Options.enable_write_thread_adaptive_yield: 1
I211119 21:58:49.953515 40 storage/engine/rocksdb.go:120              Options.write_thread_max_yield_usec: 100
I211119 21:58:49.953518 40 storage/engine/rocksdb.go:120             Options.write_thread_slow_yield_usec: 3
I211119 21:58:49.953522 40 storage/engine/rocksdb.go:120                                Options.row_cache: None
I211119 21:58:49.953526 40 storage/engine/rocksdb.go:120                               Options.wal_filter: None
I211119 21:58:49.953529 40 storage/engine/rocksdb.go:120              Options.avoid_flush_during_recovery: 0
I211119 21:58:49.953533 40 storage/engine/rocksdb.go:120              Options.allow_ingest_behind: 0
I211119 21:58:49.953540 40 storage/engine/rocksdb.go:120              Options.preserve_deletes: 0
I211119 21:58:49.953544 40 storage/engine/rocksdb.go:120              Options.two_write_queues: 0
I211119 21:58:49.953547 40 storage/engine/rocksdb.go:120              Options.manual_wal_flush: 1
I211119 21:58:49.953550 40 storage/engine/rocksdb.go:120              Options.atomic_flush: 0
I211119 21:58:49.953554 40 storage/engine/rocksdb.go:120              Options.avoid_unnecessary_blocking_io: 0
I211119 21:58:49.953559 40 storage/engine/rocksdb.go:120              Options.max_background_jobs: 4
I211119 21:58:49.953562 40 storage/engine/rocksdb.go:120              Options.max_background_compactions: -1
I211119 21:58:49.953566 40 storage/engine/rocksdb.go:120              Options.avoid_flush_during_shutdown: 0
I211119 21:58:49.953569 40 storage/engine/rocksdb.go:120            Options.writable_file_max_buffer_size: 1048576
I211119 21:58:49.953573 40 storage/engine/rocksdb.go:120              Options.delayed_write_rate : 16777216
I211119 21:58:49.953576 40 storage/engine/rocksdb.go:120              Options.max_total_wal_size: 0
I211119 21:58:49.953580 40 storage/engine/rocksdb.go:120              Options.delete_obsolete_files_period_micros: 21600000000
I211119 21:58:49.953583 40 storage/engine/rocksdb.go:120                    Options.stats_dump_period_sec: 0
I211119 21:58:49.953587 40 storage/engine/rocksdb.go:120                  Options.stats_persist_period_sec: 600
I211119 21:58:49.953591 40 storage/engine/rocksdb.go:120                  Options.stats_history_buffer_size: 1048576
I211119 21:58:49.953594 40 storage/engine/rocksdb.go:120                           Options.max_open_files: 128
I211119 21:58:49.953598 40 storage/engine/rocksdb.go:120                           Options.bytes_per_sync: 524288
I211119 21:58:49.953602 40 storage/engine/rocksdb.go:120                       Options.wal_bytes_per_sync: 0
I211119 21:58:49.953605 40 storage/engine/rocksdb.go:120                    Options.strict_bytes_per_sync: 1
I211119 21:58:49.953608 40 storage/engine/rocksdb.go:120        Options.compaction_readahead_size: 0
I211119 21:58:49.953612 40 storage/engine/rocksdb.go:120  Compression algorithms supported:
I211119 21:58:49.953629 40 storage/engine/rocksdb.go:120  	kZSTDNotFinalCompression supported: 0
I211119 21:58:49.953633 40 storage/engine/rocksdb.go:120  	kZSTD supported: 0
I211119 21:58:49.953637 40 storage/engine/rocksdb.go:120  	kXpressCompression supported: 0
I211119 21:58:49.953641 40 storage/engine/rocksdb.go:120  	kLZ4HCCompression supported: 0
I211119 21:58:49.953644 40 storage/engine/rocksdb.go:120  	kLZ4Compression supported: 0
I211119 21:58:49.953648 40 storage/engine/rocksdb.go:120  	kBZip2Compression supported: 0
I211119 21:58:49.953651 40 storage/engine/rocksdb.go:120  	kZlibCompression supported: 0
I211119 21:58:49.953655 40 storage/engine/rocksdb.go:120  	kSnappyCompression supported: 1
I211119 21:58:49.953672 40 storage/engine/rocksdb.go:120  Fast CRC32 supported: Supported on x86
I211119 21:58:49.956918 40 storage/engine/rocksdb.go:120  [db/db_impl_open.cc:242] Creating manifest 1 
I211119 21:58:49.992263 40 storage/engine/rocksdb.go:120  [db/version_set.cc:4072] Recovering from manifest file: /cockroach/cockroach-data/cockroach-temp745311241/MANIFEST-000001
I211119 21:58:49.994622 40 storage/engine/rocksdb.go:120  [db/column_family.cc:488] --------------- Options for column family [default]:
I211119 21:58:49.994667 40 storage/engine/rocksdb.go:120                Options.comparator: cockroach_comparator
I211119 21:58:49.994692 40 storage/engine/rocksdb.go:120            Options.merge_operator: cockroach_merge_operator
I211119 21:58:49.994697 40 storage/engine/rocksdb.go:120         Options.compaction_filter: None
I211119 21:58:49.994701 40 storage/engine/rocksdb.go:120         Options.compaction_filter_factory: None
I211119 21:58:49.994705 40 storage/engine/rocksdb.go:120          Options.memtable_factory: SkipListFactory
I211119 21:58:49.994709 40 storage/engine/rocksdb.go:120             Options.table_factory: BlockBasedTable
I211119 21:58:49.994875 40 storage/engine/rocksdb.go:120             table_factory options:   flush_block_policy_factory: FlushBlockBySizePolicyFactory (0x7ff997824040)
  cache_index_and_filter_blocks: 0
  cache_index_and_filter_blocks_with_high_priority: 0
  pin_l0_filter_and_index_blocks_in_cache: 0
  pin_top_level_index_and_filter: 1
  index_type: 0
  data_block_index_type: 0
  index_shortening: 1
  data_block_hash_table_util_ratio: 0.750000
  hash_index_allow_collision: 1
  checksum: 1
  no_block_cache: 0
  block_cache: 0x7ff99784b210
  block_cache_name: LRUCache
  block_cache_options:
    capacity : 1048576
    num_shard_bits : 4
    strict_capacity_limit : 0
    memory_allocator : None
    high_pri_pool_ratio: 0.000
  block_cache_compressed: (nil)
  persistent_cache: (nil)
  block_size: 32768
  block_size_deviation: 10
  block_restart_interval: 16
  index_block_restart_interval: 1
  metadata_block_size: 4096
  partition_filters: 0
  use_delta_encoding: 1
  filter_policy: rocksdb.BuiltinBloomFilter
  whole_key_filtering: 0
  verify_compression: 0
  read_amp_bytes_per_bit: 0
  format_version: 2
  enable_index_compression: 1
  block_align: 0
I211119 21:58:49.994886 40 storage/engine/rocksdb.go:120         Options.write_buffer_size: 67108864
I211119 21:58:49.994905 40 storage/engine/rocksdb.go:120   Options.max_write_buffer_number: 4
I211119 21:58:49.994918 40 storage/engine/rocksdb.go:120           Options.compression: Snappy
I211119 21:58:49.994922 40 storage/engine/rocksdb.go:120                   Options.bottommost_compression: Disabled
I211119 21:58:49.994926 40 storage/engine/rocksdb.go:120        Options.prefix_extractor: cockroach_prefix_extractor
I211119 21:58:49.994931 40 storage/engine/rocksdb.go:120    Options.memtable_insert_with_hint_prefix_extractor: nullptr
I211119 21:58:49.994939 40 storage/engine/rocksdb.go:120              Options.num_levels: 7
I211119 21:58:49.994943 40 storage/engine/rocksdb.go:120         Options.min_write_buffer_number_to_merge: 1
I211119 21:58:49.994946 40 storage/engine/rocksdb.go:120      Options.max_write_buffer_number_to_maintain: 0
I211119 21:58:49.994950 40 storage/engine/rocksdb.go:120             Options.bottommost_compression_opts.window_bits: -14
I211119 21:58:49.994953 40 storage/engine/rocksdb.go:120                   Options.bottommost_compression_opts.level: 32767
I211119 21:58:49.994957 40 storage/engine/rocksdb.go:120                Options.bottommost_compression_opts.strategy: 0
I211119 21:58:49.994960 40 storage/engine/rocksdb.go:120          Options.bottommost_compression_opts.max_dict_bytes: 0
I211119 21:58:49.994964 40 storage/engine/rocksdb.go:120          Options.bottommost_compression_opts.zstd_max_train_bytes: 0
I211119 21:58:49.994968 40 storage/engine/rocksdb.go:120                   Options.bottommost_compression_opts.enabled: false
I211119 21:58:49.994971 40 storage/engine/rocksdb.go:120             Options.compression_opts.window_bits: -14
I211119 21:58:49.994975 40 storage/engine/rocksdb.go:120                   Options.compression_opts.level: 32767
I211119 21:58:49.994978 40 storage/engine/rocksdb.go:120                Options.compression_opts.strategy: 0
I211119 21:58:49.994983 40 storage/engine/rocksdb.go:120          Options.compression_opts.max_dict_bytes: 0
I211119 21:58:49.994989 40 storage/engine/rocksdb.go:120          Options.compression_opts.zstd_max_train_bytes: 0
I211119 21:58:49.994995 40 storage/engine/rocksdb.go:120                   Options.compression_opts.enabled: false
I211119 21:58:49.995005 40 storage/engine/rocksdb.go:120       Options.level0_file_num_compaction_trigger: 2
I211119 21:58:49.995016 40 storage/engine/rocksdb.go:120           Options.level0_slowdown_writes_trigger: 950
I211119 21:58:49.995024 40 storage/engine/rocksdb.go:120               Options.level0_stop_writes_trigger: 1000
I211119 21:58:49.995030 40 storage/engine/rocksdb.go:120                    Options.target_file_size_base: 4194304
I211119 21:58:49.995033 40 storage/engine/rocksdb.go:120              Options.target_file_size_multiplier: 2
I211119 21:58:49.995037 40 storage/engine/rocksdb.go:120                 Options.max_bytes_for_level_base: 67108864
I211119 21:58:49.995040 40 storage/engine/rocksdb.go:120  Options.level_compaction_dynamic_level_bytes: 1
I211119 21:58:49.995046 40 storage/engine/rocksdb.go:120           Options.max_bytes_for_level_multiplier: 10.000000
I211119 21:58:49.995050 40 storage/engine/rocksdb.go:120  Options.max_bytes_for_level_multiplier_addtl[0]: 1
I211119 21:58:49.995053 40 storage/engine/rocksdb.go:120  Options.max_bytes_for_level_multiplier_addtl[1]: 1
I211119 21:58:49.995057 40 storage/engine/rocksdb.go:120  Options.max_bytes_for_level_multiplier_addtl[2]: 1
I211119 21:58:49.995060 40 storage/engine/rocksdb.go:120  Options.max_bytes_for_level_multiplier_addtl[3]: 1
I211119 21:58:49.995064 40 storage/engine/rocksdb.go:120  Options.max_bytes_for_level_multiplier_addtl[4]: 1
I211119 21:58:49.995067 40 storage/engine/rocksdb.go:120  Options.max_bytes_for_level_multiplier_addtl[5]: 1
I211119 21:58:49.995071 40 storage/engine/rocksdb.go:120  Options.max_bytes_for_level_multiplier_addtl[6]: 1
I211119 21:58:49.995074 40 storage/engine/rocksdb.go:120        Options.max_sequential_skip_in_iterations: 8
I211119 21:58:49.995078 40 storage/engine/rocksdb.go:120                     Options.max_compaction_bytes: 104857600
I211119 21:58:49.995081 40 storage/engine/rocksdb.go:120                         Options.arena_block_size: 8388608
I211119 21:58:49.995085 40 storage/engine/rocksdb.go:120    Options.soft_pending_compaction_bytes_limit: 2199023255552
I211119 21:58:49.995088 40 storage/engine/rocksdb.go:120    Options.hard_pending_compaction_bytes_limit: 4400193994752
I211119 21:58:49.995092 40 storage/engine/rocksdb.go:120        Options.rate_limit_delay_max_milliseconds: 100
I211119 21:58:49.995095 40 storage/engine/rocksdb.go:120                 Options.disable_auto_compactions: 0
I211119 21:58:49.995100 40 storage/engine/rocksdb.go:120                         Options.compaction_style: kCompactionStyleLevel
I211119 21:58:49.995104 40 storage/engine/rocksdb.go:120                           Options.compaction_pri: kMinOverlappingRatio
I211119 21:58:49.995118 40 storage/engine/rocksdb.go:120  Options.compaction_options_universal.size_ratio: 1
I211119 21:58:49.995122 40 storage/engine/rocksdb.go:120  Options.compaction_options_universal.min_merge_width: 2
I211119 21:58:49.995126 40 storage/engine/rocksdb.go:120  Options.compaction_options_universal.max_merge_width: 4294967295
I211119 21:58:49.995129 40 storage/engine/rocksdb.go:120  Options.compaction_options_universal.max_size_amplification_percent: 200
I211119 21:58:49.995133 40 storage/engine/rocksdb.go:120  Options.compaction_options_universal.compression_size_percent: -1
I211119 21:58:49.995138 40 storage/engine/rocksdb.go:120  Options.compaction_options_universal.stop_style: kCompactionStopStyleTotalSize
I211119 21:58:49.995141 40 storage/engine/rocksdb.go:120  Options.compaction_options_fifo.max_table_files_size: 1073741824
I211119 21:58:49.995147 40 storage/engine/rocksdb.go:120  Options.compaction_options_fifo.allow_compaction: 0
I211119 21:58:49.995166 40 storage/engine/rocksdb.go:120                    Options.table_properties_collectors: TimeBoundTblPropCollectorFactory; DeleteRangeTblPropCollectorFactory; 
I211119 21:58:49.995171 40 storage/engine/rocksdb.go:120                    Options.inplace_update_support: 0
I211119 21:58:49.995175 40 storage/engine/rocksdb.go:120                  Options.inplace_update_num_locks: 10000
I211119 21:58:49.995179 40 storage/engine/rocksdb.go:120                Options.memtable_prefix_bloom_size_ratio: 0.000000
I211119 21:58:49.995183 40 storage/engine/rocksdb.go:120                Options.memtable_whole_key_filtering: 0
I211119 21:58:49.995187 40 storage/engine/rocksdb.go:120    Options.memtable_huge_page_size: 0
I211119 21:58:49.995190 40 storage/engine/rocksdb.go:120                            Options.bloom_locality: 0
I211119 21:58:49.995194 40 storage/engine/rocksdb.go:120                     Options.max_successive_merges: 0
I211119 21:58:49.995197 40 storage/engine/rocksdb.go:120                 Options.optimize_filters_for_hits: 1
I211119 21:58:49.995200 40 storage/engine/rocksdb.go:120                 Options.paranoid_file_checks: 0
I211119 21:58:49.995204 40 storage/engine/rocksdb.go:120                 Options.force_consistency_checks: 0
I211119 21:58:49.995207 40 storage/engine/rocksdb.go:120                 Options.report_bg_io_stats: 0
I211119 21:58:49.995211 40 storage/engine/rocksdb.go:120                                Options.ttl: 0
I211119 21:58:49.995215 40 storage/engine/rocksdb.go:120           Options.periodic_compaction_seconds: 0
I211119 21:58:49.999734 40 storage/engine/rocksdb.go:120  [db/version_set.cc:4286] Recovered from manifest file:/cockroach/cockroach-data/cockroach-temp745311241/MANIFEST-000001 succeeded,manifest_file_number is 1, next_file_number is 3, last_sequence is 0, log_number is 0,prev_log_number is 0,max_column_family is 0,min_log_number_to_keep is 0
I211119 21:58:49.999759 40 storage/engine/rocksdb.go:120  [db/version_set.cc:4295] Column family [default] (ID 0), log number is 0
I211119 21:58:50.025222 40 storage/engine/rocksdb.go:120  DB pointer 0x7ff99797d000
I211119 21:58:50.102091 40 storage/engine/rocksdb.go:120  RocksDB version: 6.2.1
I211119 21:58:50.102106 40 storage/engine/rocksdb.go:120  Git sha rocksdb_build_git_sha:@b7009236531fa784872f4823eabf393501e41bf2@
I211119 21:58:50.102110 40 storage/engine/rocksdb.go:120  Compile date Dec 11 2019
I211119 21:58:50.102115 40 storage/engine/rocksdb.go:120  DB SUMMARY
I211119 21:58:50.105295 40 storage/engine/rocksdb.go:120  CURRENT file:  CURRENT
I211119 21:58:50.105320 40 storage/engine/rocksdb.go:120  IDENTITY file:  IDENTITY
I211119 21:58:50.106125 40 storage/engine/rocksdb.go:120  MANIFEST file:  MANIFEST-000008 size: 106 Bytes
I211119 21:58:50.106143 40 storage/engine/rocksdb.go:120  SST files in /cockroach/cockroach-data dir, Total Num: 1, files: 000007.sst 
I211119 21:58:50.106151 40 storage/engine/rocksdb.go:120  Write Ahead Log file in /cockroach/cockroach-data: 000003.log size: 59831153 ; 000006.log size: 9350980 ; 
I211119 21:58:50.106159 40 storage/engine/rocksdb.go:120                          Options.error_if_exists: 0
I211119 21:58:50.106192 40 storage/engine/rocksdb.go:120                        Options.create_if_missing: 1
I211119 21:58:50.106203 40 storage/engine/rocksdb.go:120                          Options.paranoid_checks: 1
I211119 21:58:50.106208 40 storage/engine/rocksdb.go:120                                      Options.env: 0x75591e0
I211119 21:58:50.106212 40 storage/engine/rocksdb.go:120                                 Options.info_log: 0x7ff989e19080
I211119 21:58:50.106215 40 storage/engine/rocksdb.go:120                 Options.max_file_opening_threads: 16
I211119 21:58:50.106219 40 storage/engine/rocksdb.go:120                               Options.statistics: 0x7ff989e1f010
I211119 21:58:50.106223 40 storage/engine/rocksdb.go:120                                Options.use_fsync: 0
I211119 21:58:50.106227 40 storage/engine/rocksdb.go:120                        Options.max_log_file_size: 0
I211119 21:58:50.106242 40 storage/engine/rocksdb.go:120                   Options.max_manifest_file_size: 134217728
I211119 21:58:50.106248 40 storage/engine/rocksdb.go:120                    Options.log_file_time_to_roll: 0
I211119 21:58:50.106252 40 storage/engine/rocksdb.go:120                        Options.keep_log_file_num: 1000
I211119 21:58:50.106255 40 storage/engine/rocksdb.go:120                     Options.recycle_log_file_num: 1
I211119 21:58:50.106259 40 storage/engine/rocksdb.go:120                          Options.allow_fallocate: 1
I211119 21:58:50.106263 40 storage/engine/rocksdb.go:120                         Options.allow_mmap_reads: 0
I211119 21:58:50.106266 40 storage/engine/rocksdb.go:120                        Options.allow_mmap_writes: 0
I211119 21:58:50.106270 40 storage/engine/rocksdb.go:120                         Options.use_direct_reads: 0
I211119 21:58:50.106274 40 storage/engine/rocksdb.go:120                         Options.use_direct_io_for_flush_and_compaction: 0
I211119 21:58:50.106312 40 storage/engine/rocksdb.go:120           Options.create_missing_column_families: 0
I211119 21:58:50.106321 40 storage/engine/rocksdb.go:120                               Options.db_log_dir: 
I211119 21:58:50.106325 40 storage/engine/rocksdb.go:120                                  Options.wal_dir: /cockroach/cockroach-data
I211119 21:58:50.106328 40 storage/engine/rocksdb.go:120                 Options.table_cache_numshardbits: 6
I211119 21:58:50.106332 40 storage/engine/rocksdb.go:120                       Options.max_subcompactions: 1
I211119 21:58:50.106335 40 storage/engine/rocksdb.go:120                   Options.max_background_flushes: -1
I211119 21:58:50.106339 40 storage/engine/rocksdb.go:120                          Options.WAL_ttl_seconds: 0
I211119 21:58:50.106344 40 storage/engine/rocksdb.go:120                        Options.WAL_size_limit_MB: 0
I211119 21:58:50.106347 40 storage/engine/rocksdb.go:120              Options.manifest_preallocation_size: 4194304
I211119 21:58:50.106351 40 storage/engine/rocksdb.go:120                      Options.is_fd_close_on_exec: 1
I211119 21:58:50.106354 40 storage/engine/rocksdb.go:120                    Options.advise_random_on_open: 1
I211119 21:58:50.106358 40 storage/engine/rocksdb.go:120                     Options.db_write_buffer_size: 0
I211119 21:58:50.106361 40 storage/engine/rocksdb.go:120                     Options.write_buffer_manager: 0x7ff989e87030
I211119 21:58:50.106365 40 storage/engine/rocksdb.go:120          Options.access_hint_on_compaction_start: 1
I211119 21:58:50.106368 40 storage/engine/rocksdb.go:120   Options.new_table_reader_for_compaction_inputs: 0
I211119 21:58:50.106372 40 storage/engine/rocksdb.go:120            Options.random_access_max_buffer_size: 1048576
I211119 21:58:50.106376 40 storage/engine/rocksdb.go:120                       Options.use_adaptive_mutex: 0
I211119 21:58:50.106380 40 storage/engine/rocksdb.go:120                             Options.rate_limiter: (nil)
I211119 21:58:50.106384 40 storage/engine/rocksdb.go:120      Options.sst_file_manager.rate_bytes_per_sec: 0
I211119 21:58:50.106398 40 storage/engine/rocksdb.go:120                        Options.wal_recovery_mode: 0
I211119 21:58:50.106403 40 storage/engine/rocksdb.go:120                   Options.enable_thread_tracking: 0
I211119 21:58:50.106407 40 storage/engine/rocksdb.go:120                   Options.enable_pipelined_write: 0
I211119 21:58:50.106411 40 storage/engine/rocksdb.go:120          Options.allow_concurrent_memtable_write: 1
I211119 21:58:50.106415 40 storage/engine/rocksdb.go:120       Options.enable_write_thread_adaptive_yield: 1
I211119 21:58:50.106419 40 storage/engine/rocksdb.go:120              Options.write_thread_max_yield_usec: 100
I211119 21:58:50.106422 40 storage/engine/rocksdb.go:120             Options.write_thread_slow_yield_usec: 3
I211119 21:58:50.106426 40 storage/engine/rocksdb.go:120                                Options.row_cache: None
I211119 21:58:50.106429 40 storage/engine/rocksdb.go:120                               Options.wal_filter: None
I211119 21:58:50.106433 40 storage/engine/rocksdb.go:120              Options.avoid_flush_during_recovery: 0
I211119 21:58:50.106437 40 storage/engine/rocksdb.go:120              Options.allow_ingest_behind: 0
I211119 21:58:50.106441 40 storage/engine/rocksdb.go:120              Options.preserve_deletes: 0
I211119 21:58:50.106445 40 storage/engine/rocksdb.go:120              Options.two_write_queues: 0
I211119 21:58:50.106448 40 storage/engine/rocksdb.go:120              Options.manual_wal_flush: 1
I211119 21:58:50.106452 40 storage/engine/rocksdb.go:120              Options.atomic_flush: 0
I211119 21:58:50.106455 40 storage/engine/rocksdb.go:120              Options.avoid_unnecessary_blocking_io: 0
I211119 21:58:50.106459 40 storage/engine/rocksdb.go:120              Options.max_background_jobs: 4
I211119 21:58:50.106462 40 storage/engine/rocksdb.go:120              Options.max_background_compactions: -1
I211119 21:58:50.106466 40 storage/engine/rocksdb.go:120              Options.avoid_flush_during_shutdown: 0
I211119 21:58:50.106470 40 storage/engine/rocksdb.go:120            Options.writable_file_max_buffer_size: 1048576
I211119 21:58:50.106473 40 storage/engine/rocksdb.go:120              Options.delayed_write_rate : 16777216
I211119 21:58:50.106477 40 storage/engine/rocksdb.go:120              Options.max_total_wal_size: 0
I211119 21:58:50.106481 40 storage/engine/rocksdb.go:120              Options.delete_obsolete_files_period_micros: 21600000000
I211119 21:58:50.106485 40 storage/engine/rocksdb.go:120                    Options.stats_dump_period_sec: 0
I211119 21:58:50.106488 40 storage/engine/rocksdb.go:120                  Options.stats_persist_period_sec: 600
I211119 21:58:50.106492 40 storage/engine/rocksdb.go:120                  Options.stats_history_buffer_size: 1048576
I211119 21:58:50.106495 40 storage/engine/rocksdb.go:120                           Options.max_open_files: 1043576
I211119 21:58:50.106499 40 storage/engine/rocksdb.go:120                           Options.bytes_per_sync: 524288
I211119 21:58:50.106504 40 storage/engine/rocksdb.go:120                       Options.wal_bytes_per_sync: 0
I211119 21:58:50.106509 40 storage/engine/rocksdb.go:120                    Options.strict_bytes_per_sync: 1
I211119 21:58:50.106513 40 storage/engine/rocksdb.go:120        Options.compaction_readahead_size: 0
I211119 21:58:50.106516 40 storage/engine/rocksdb.go:120  Compression algorithms supported:
I211119 21:58:50.106521 40 storage/engine/rocksdb.go:120  	kZSTDNotFinalCompression supported: 0
I211119 21:58:50.106525 40 storage/engine/rocksdb.go:120  	kZSTD supported: 0
I211119 21:58:50.106529 40 storage/engine/rocksdb.go:120  	kXpressCompression supported: 0
I211119 21:58:50.106533 40 storage/engine/rocksdb.go:120  	kLZ4HCCompression supported: 0
I211119 21:58:50.106536 40 storage/engine/rocksdb.go:120  	kLZ4Compression supported: 0
I211119 21:58:50.106540 40 storage/engine/rocksdb.go:120  	kBZip2Compression supported: 0
I211119 21:58:50.106544 40 storage/engine/rocksdb.go:120  	kZlibCompression supported: 0
I211119 21:58:50.106547 40 storage/engine/rocksdb.go:120  	kSnappyCompression supported: 1
I211119 21:58:50.106563 40 storage/engine/rocksdb.go:120  Fast CRC32 supported: Supported on x86
I211119 21:58:50.114908 40 storage/engine/rocksdb.go:120  [db/version_set.cc:4072] Recovering from manifest file: /cockroach/cockroach-data/MANIFEST-000008
I211119 21:58:50.117385 40 storage/engine/rocksdb.go:120  [db/column_family.cc:488] --------------- Options for column family [default]:
I211119 21:58:50.117409 40 storage/engine/rocksdb.go:120                Options.comparator: cockroach_comparator
I211119 21:58:50.117423 40 storage/engine/rocksdb.go:120            Options.merge_operator: cockroach_merge_operator
I211119 21:58:50.117436 40 storage/engine/rocksdb.go:120         Options.compaction_filter: None
I211119 21:58:50.117549 40 storage/engine/rocksdb.go:120         Options.compaction_filter_factory: None
I211119 21:58:50.117561 40 storage/engine/rocksdb.go:120          Options.memtable_factory: SkipListFactory
I211119 21:58:50.117568 40 storage/engine/rocksdb.go:120             Options.table_factory: BlockBasedTable
I211119 21:58:50.117660 40 storage/engine/rocksdb.go:120             table_factory options:   flush_block_policy_factory: FlushBlockBySizePolicyFactory (0x7ff989e1d028)
  cache_index_and_filter_blocks: 0
  cache_index_and_filter_blocks_with_high_priority: 0
  pin_l0_filter_and_index_blocks_in_cache: 0
  pin_top_level_index_and_filter: 1
  index_type: 0
  data_block_index_type: 0
  index_shortening: 1
  data_block_hash_table_util_ratio: 0.750000
  hash_index_allow_collision: 1
  checksum: 1
  no_block_cache: 0
  block_cache: 0x7ff989e0e010
  block_cache_name: LRUCache
  block_cache_options:
    capacity : 67108864
    num_shard_bits : 4
    strict_capacity_limit : 0
    memory_allocator : None
    high_pri_pool_ratio: 0.000
  block_cache_compressed: (nil)
  persistent_cache: (nil)
  block_size: 32768
  block_size_deviation: 10
  block_restart_interval: 16
  index_block_restart_interval: 1
  metadata_block_size: 4096
  partition_filters: 0
  use_delta_encoding: 1
  filter_policy: rocksdb.BuiltinBloomFilter
  whole_key_filtering: 0
  verify_compression: 0
  read_amp_bytes_per_bit: 0
  format_version: 2
  enable_index_compression: 1
  block_align: 0
I211119 21:58:50.117668 40 storage/engine/rocksdb.go:120         Options.write_buffer_size: 67108864
I211119 21:58:50.117674 40 storage/engine/rocksdb.go:120   Options.max_write_buffer_number: 4
I211119 21:58:50.117679 40 storage/engine/rocksdb.go:120           Options.compression: Snappy
I211119 21:58:50.117683 40 storage/engine/rocksdb.go:120                   Options.bottommost_compression: Disabled
I211119 21:58:50.117687 40 storage/engine/rocksdb.go:120        Options.prefix_extractor: cockroach_prefix_extractor
I211119 21:58:50.117691 40 storage/engine/rocksdb.go:120    Options.memtable_insert_with_hint_prefix_extractor: nullptr
I211119 21:58:50.117696 40 storage/engine/rocksdb.go:120              Options.num_levels: 7
I211119 21:58:50.117699 40 storage/engine/rocksdb.go:120         Options.min_write_buffer_number_to_merge: 1
I211119 21:58:50.117703 40 storage/engine/rocksdb.go:120      Options.max_write_buffer_number_to_maintain: 0
I211119 21:58:50.117708 40 storage/engine/rocksdb.go:120             Options.bottommost_compression_opts.window_bits: -14
I211119 21:58:50.117712 40 storage/engine/rocksdb.go:120                   Options.bottommost_compression_opts.level: 32767
I211119 21:58:50.117715 40 storage/engine/rocksdb.go:120                Options.bottommost_compression_opts.strategy: 0
I211119 21:58:50.117719 40 storage/engine/rocksdb.go:120          Options.bottommost_compression_opts.max_dict_bytes: 0
I211119 21:58:50.117722 40 storage/engine/rocksdb.go:120          Options.bottommost_compression_opts.zstd_max_train_bytes: 0
I211119 21:58:50.117726 40 storage/engine/rocksdb.go:120                   Options.bottommost_compression_opts.enabled: false
I211119 21:58:50.117729 40 storage/engine/rocksdb.go:120             Options.compression_opts.window_bits: -14
I211119 21:58:50.117733 40 storage/engine/rocksdb.go:120                   Options.compression_opts.level: 32767
I211119 21:58:50.117737 40 storage/engine/rocksdb.go:120                Options.compression_opts.strategy: 0
I211119 21:58:50.117740 40 storage/engine/rocksdb.go:120          Options.compression_opts.max_dict_bytes: 0
I211119 21:58:50.117744 40 storage/engine/rocksdb.go:120          Options.compression_opts.zstd_max_train_bytes: 0
I211119 21:58:50.117747 40 storage/engine/rocksdb.go:120                   Options.compression_opts.enabled: false
I211119 21:58:50.117750 40 storage/engine/rocksdb.go:120       Options.level0_file_num_compaction_trigger: 2
I211119 21:58:50.117754 40 storage/engine/rocksdb.go:120           Options.level0_slowdown_writes_trigger: 950
I211119 21:58:50.117757 40 storage/engine/rocksdb.go:120               Options.level0_stop_writes_trigger: 1000
I211119 21:58:50.117761 40 storage/engine/rocksdb.go:120                    Options.target_file_size_base: 4194304
I211119 21:58:50.117764 40 storage/engine/rocksdb.go:120              Options.target_file_size_multiplier: 2
I211119 21:58:50.117768 40 storage/engine/rocksdb.go:120                 Options.max_bytes_for_level_base: 67108864
I211119 21:58:50.117772 40 storage/engine/rocksdb.go:120  Options.level_compaction_dynamic_level_bytes: 1
I211119 21:58:50.117777 40 storage/engine/rocksdb.go:120           Options.max_bytes_for_level_multiplier: 10.000000
I211119 21:58:50.117780 40 storage/engine/rocksdb.go:120  Options.max_bytes_for_level_multiplier_addtl[0]: 1
I211119 21:58:50.117785 40 storage/engine/rocksdb.go:120  Options.max_bytes_for_level_multiplier_addtl[1]: 1
I211119 21:58:50.117789 40 storage/engine/rocksdb.go:120  Options.max_bytes_for_level_multiplier_addtl[2]: 1
I211119 21:58:50.117793 40 storage/engine/rocksdb.go:120  Options.max_bytes_for_level_multiplier_addtl[3]: 1
I211119 21:58:50.117796 40 storage/engine/rocksdb.go:120  Options.max_bytes_for_level_multiplier_addtl[4]: 1
I211119 21:58:50.117800 40 storage/engine/rocksdb.go:120  Options.max_bytes_for_level_multiplier_addtl[5]: 1
I211119 21:58:50.117803 40 storage/engine/rocksdb.go:120  Options.max_bytes_for_level_multiplier_addtl[6]: 1
I211119 21:58:50.117807 40 storage/engine/rocksdb.go:120        Options.max_sequential_skip_in_iterations: 8
I211119 21:58:50.117810 40 storage/engine/rocksdb.go:120                     Options.max_compaction_bytes: 104857600
I211119 21:58:50.117814 40 storage/engine/rocksdb.go:120                         Options.arena_block_size: 8388608
I211119 21:58:50.117817 40 storage/engine/rocksdb.go:120    Options.soft_pending_compaction_bytes_limit: 2199023255552
I211119 21:58:50.117821 40 storage/engine/rocksdb.go:120    Options.hard_pending_compaction_bytes_limit: 4400193994752
I211119 21:58:50.117824 40 storage/engine/rocksdb.go:120        Options.rate_limit_delay_max_milliseconds: 100
I211119 21:58:50.117828 40 storage/engine/rocksdb.go:120                 Options.disable_auto_compactions: 0
I211119 21:58:50.117833 40 storage/engine/rocksdb.go:120                         Options.compaction_style: kCompactionStyleLevel
I211119 21:58:50.117837 40 storage/engine/rocksdb.go:120                           Options.compaction_pri: kMinOverlappingRatio
I211119 21:58:50.117841 40 storage/engine/rocksdb.go:120  Options.compaction_options_universal.size_ratio: 1
I211119 21:58:50.117844 40 storage/engine/rocksdb.go:120  Options.compaction_options_universal.min_merge_width: 2
I211119 21:58:50.117848 40 storage/engine/rocksdb.go:120  Options.compaction_options_universal.max_merge_width: 4294967295
I211119 21:58:50.117852 40 storage/engine/rocksdb.go:120  Options.compaction_options_universal.max_size_amplification_percent: 200
I211119 21:58:50.117856 40 storage/engine/rocksdb.go:120  Options.compaction_options_universal.compression_size_percent: -1
I211119 21:58:50.117860 40 storage/engine/rocksdb.go:120  Options.compaction_options_universal.stop_style: kCompactionStopStyleTotalSize
I211119 21:58:50.117864 40 storage/engine/rocksdb.go:120  Options.compaction_options_fifo.max_table_files_size: 1073741824
I211119 21:58:50.117867 40 storage/engine/rocksdb.go:120  Options.compaction_options_fifo.allow_compaction: 0
I211119 21:58:50.117873 40 storage/engine/rocksdb.go:120                    Options.table_properties_collectors: TimeBoundTblPropCollectorFactory; DeleteRangeTblPropCollectorFactory; 
I211119 21:58:50.117877 40 storage/engine/rocksdb.go:120                    Options.inplace_update_support: 0
I211119 21:58:50.117881 40 storage/engine/rocksdb.go:120                  Options.inplace_update_num_locks: 10000
I211119 21:58:50.117885 40 storage/engine/rocksdb.go:120                Options.memtable_prefix_bloom_size_ratio: 0.000000
I211119 21:58:50.117888 40 storage/engine/rocksdb.go:120                Options.memtable_whole_key_filtering: 0
I211119 21:58:50.117892 40 storage/engine/rocksdb.go:120    Options.memtable_huge_page_size: 0
I211119 21:58:50.117895 40 storage/engine/rocksdb.go:120                            Options.bloom_locality: 0
I211119 21:58:50.117899 40 storage/engine/rocksdb.go:120                     Options.max_successive_merges: 0
I211119 21:58:50.117902 40 storage/engine/rocksdb.go:120                 Options.optimize_filters_for_hits: 1
I211119 21:58:50.117906 40 storage/engine/rocksdb.go:120                 Options.paranoid_file_checks: 0
I211119 21:58:50.117910 40 storage/engine/rocksdb.go:120                 Options.force_consistency_checks: 0
I211119 21:58:50.117913 40 storage/engine/rocksdb.go:120                 Options.report_bg_io_stats: 0
I211119 21:58:50.117918 40 storage/engine/rocksdb.go:120                                Options.ttl: 0
I211119 21:58:50.117921 40 storage/engine/rocksdb.go:120           Options.periodic_compaction_seconds: 0
I211119 21:58:50.140063 40 storage/engine/rocksdb.go:120  [db/version_set.cc:4286] Recovered from manifest file:/cockroach/cockroach-data/MANIFEST-000008 succeeded,manifest_file_number is 8, next_file_number is 10, last_sequence is 214368, log_number is 6,prev_log_number is 0,max_column_family is 0,min_log_number_to_keep is 0
I211119 21:58:50.140104 40 storage/engine/rocksdb.go:120  [db/version_set.cc:4295] Column family [default] (ID 0), log number is 6
I211119 21:58:50.141755 40 storage/engine/rocksdb.go:120  EVENT_LOG_v1 {"time_micros": 1637359130141719, "job": 1, "event": "recovery_started", "log_files": [3, 6]}
I211119 21:58:50.141782 40 storage/engine/rocksdb.go:120  [db/db_impl_open.cc:586] Skipping log #3 since it is older than min log to keep #6
I211119 21:58:50.141794 40 storage/engine/rocksdb.go:120  [db/db_impl_open.cc:598] Recovering log #6 mode 0
I211119 21:58:50.507695 40 storage/engine/rocksdb.go:120  EVENT_LOG_v1 {"time_micros": 1637359130507544, "cf_name": "default", "job": 1, "event": "table_file_creation", "file_number": 10, "file_size": 95092, "table_properties": {"data_size": 91504, "index_size": 740, "index_partitions": 0, "top_level_index_size": 0, "index_key_is_user_key": 0, "index_value_is_delta_encoded": 0, "filter_size": 2117, "raw_key_size": 66404, "raw_average_key_size": 36, "raw_value_size": 450708, "raw_average_value_size": 250, "num_data_blocks": 13, "num_entries": 1797, "num_deletions": 836, "num_merge_operands": 664, "num_range_deletions": 664, "format_version": 0, "fixed_key_len": 0, "filter_policy": "rocksdb.BuiltinBloomFilter", "column_family_name": "default", "column_family_id": 0, "comparator": "cockroach_comparator", "merge_operator": "cockroach_merge_operator", "prefix_extractor_name": "cockroach_prefix_extractor", "property_collectors": "[TimeBoundTblPropCollectorFactory,DeleteRangeTblPropCollectorFactory]", "compression": "Snappy", "compression_options": "window_bits=-14; level=32767; strategy=0; max_dict_bytes=0; zstd_max_train_bytes=0; enabled=0; ", "creation_time": 1637359130, "oldest_key_time": 3, "file_creation_time": 0}}
I211119 21:58:50.510652 40 storage/engine/rocksdb.go:120  [db/version_set.cc:3560] Creating manifest 11
I211119 21:58:50.523820 40 storage/engine/rocksdb.go:120  EVENT_LOG_v1 {"time_micros": 1637359130523756, "job": 1, "event": "recovery_finished"}
I211119 21:58:50.760745 17 storage/engine/rocksdb.go:120  [db/compaction_job.cc:1647] [default] [JOB 3] Compacting 2@0 files to L6, score 1.00
I211119 21:58:50.760770 17 storage/engine/rocksdb.go:120  [db/compaction_job.cc:1651] [default] Compaction start summary: Base version 2 Base level 0, inputs: [10(92KB) 7(409KB)]
I211119 21:58:50.761029 17 storage/engine/rocksdb.go:120  EVENT_LOG_v1 {"time_micros": 1637359130760806, "job": 3, "event": "compaction_started", "compaction_reason": "LevelL0FilesNum", "files_L0": [10, 7], "score": 1, "input_data_size": 514115}
I211119 21:58:50.761633 40 storage/engine/rocksdb.go:120  DB pointer 0x7ff989e94000
I211119 21:58:50.829553 17 storage/engine/rocksdb.go:120  [db/compaction_job.cc:1334] [default] [JOB 3] Generated table #15: 2550 keys, 359291 bytes
I211119 21:58:50.829661 17 storage/engine/rocksdb.go:120  EVENT_LOG_v1 {"time_micros": 1637359130829592, "cf_name": "default", "job": 3, "event": "table_file_creation", "file_number": 15, "file_size": 359291, "table_properties": {"data_size": 356151, "index_size": 4768, "index_partitions": 0, "top_level_index_size": 0, "index_key_is_user_key": 0, "index_value_is_delta_encoded": 0, "filter_size": 0, "raw_key_size": 108946, "raw_average_key_size": 42, "raw_value_size": 2326064, "raw_average_value_size": 912, "num_data_blocks": 73, "num_entries": 2550, "num_deletions": 0, "num_merge_operands": 0, "num_range_deletions": 0, "format_version": 0, "fixed_key_len": 0, "filter_policy": "rocksdb.BuiltinBloomFilter", "column_family_name": "default", "column_family_id": 0, "comparator": "cockroach_comparator", "merge_operator": "cockroach_merge_operator", "prefix_extractor_name": "cockroach_prefix_extractor", "property_collectors": "[TimeBoundTblPropCollectorFactory,DeleteRangeTblPropCollectorFactory]", "compression": "Snappy", "compression_options": "window_bits=-14; level=32767; strategy=0; max_dict_bytes=0; zstd_max_train_bytes=0; enabled=0; ", "creation_time": 1637359130, "oldest_key_time": 0, "file_creation_time": 1637359130}}
I211119 21:58:50.831622 17 storage/engine/rocksdb.go:120  [db/compaction_job.cc:1397] [default] [JOB 3] Compacted 2@0 files to L6 => 359291 bytes
I211119 21:58:50.831709 17 storage/engine/rocksdb.go:120  [db/version_set.cc:3086] More existing levels in DB than needed. max_bytes_for_level_multiplier may not be guaranteed.
I211119 21:58:50.833034 17 storage/engine/rocksdb.go:120  (Original Log Time 2021/11/19-21:58:50.832523) [db/compaction_job.cc:770] [default] compacted to: base level 6 level multiplier 10.00 max bytes base 67108864 files[0 0 0 0 0 0 1] max score 0.00, MB/sec: 7.5 rd, 5.2 wr, level 6, files in(2, 0) out(1) MB in(0.5, 0.0) out(0.3), read-write-amplify(1.7) write-amplify(0.7) OK, records in: 9704, records dropped: 6490 output_compression: Snappy
I211119 21:58:50.833056 17 storage/engine/rocksdb.go:120  (Original Log Time 2021/11/19-21:58:50.832549) EVENT_LOG_v1 {"time_micros": 1637359130832535, "job": 3, "event": "compaction_finished", "compaction_time_micros": 68795, "compaction_time_cpu_micros": 40916, "output_level": 6, "num_output_files": 1, "total_output_size": 359291, "num_input_records": 9040, "num_output_records": 2550, "num_subcompactions": 1, "output_compression": "Snappy", "num_single_delete_mismatches": 0, "num_single_delete_fallthrough": 0, "lsm_state": [0, 0, 0, 0, 0, 0, 1]}
I211119 21:58:50.849653 40 storage/engine/rocksdb.go:120  EVENT_LOG_v1 {"time_micros": 1637359130849580, "job": 0, "event": "table_file_deletion", "file_number": 10}
I211119 21:58:50.851188 40 storage/engine/rocksdb.go:120  EVENT_LOG_v1 {"time_micros": 1637359130851169, "job": 0, "event": "table_file_deletion", "file_number": 7}
I211119 22:44:38.853267 107 storage/engine/rocksdb.go:120  [db/db_impl_write.cc:1437] [default] New memtable created with log file: #16. Immutable memtables: 0.
I211119 22:44:38.853829 17 storage/engine/rocksdb.go:120  (Original Log Time 2021/11/19-22:44:38.853671) [db/db_impl_compaction_flush.cc:2097] Calling FlushMemTableToOutputFile with column family [default], flush slots available 1, compaction slots available 1, flush slots scheduled 1, compaction slots scheduled 0
I211119 22:44:38.853840 17 storage/engine/rocksdb.go:120  [db/flush_job.cc:322] [default] [JOB 4] Flushing memtable with next log file: 16
I211119 22:44:38.853883 17 storage/engine/rocksdb.go:120  EVENT_LOG_v1 {"time_micros": 1637361878853865, "job": 4, "event": "flush_started", "num_memtables": 1, "num_entries": 213795, "num_deletes": 5729, "total_data_size": 61051418, "memory_usage": 65066344, "flush_reason": "Write Buffer Full"}
I211119 22:44:38.853892 17 storage/engine/rocksdb.go:120  [db/flush_job.cc:351] [default] [JOB 4] Level-0 flush table #17: started
I211119 22:44:39.517985 17 storage/engine/rocksdb.go:120  EVENT_LOG_v1 {"time_micros": 1637361879517871, "cf_name": "default", "job": 4, "event": "table_file_creation", "file_number": 17, "file_size": 391872, "table_properties": {"data_size": 379930, "index_size": 4610, "index_partitions": 0, "top_level_index_size": 0, "index_key_is_user_key": 0, "index_value_is_delta_encoded": 0, "filter_size": 8517, "raw_key_size": 244641, "raw_average_key_size": 31, "raw_value_size": 2157259, "raw_average_value_size": 275, "num_data_blocks": 71, "num_entries": 7835, "num_deletions": 5597, "num_merge_operands": 1328, "num_range_deletions": 1328, "format_version": 0, "fixed_key_len": 0, "filter_policy": "rocksdb.BuiltinBloomFilter", "column_family_name": "default", "column_family_id": 0, "comparator": "cockroach_comparator", "merge_operator": "cockroach_merge_operator", "prefix_extractor_name": "cockroach_prefix_extractor", "property_collectors": "[TimeBoundTblPropCollectorFactory,DeleteRangeTblPropCollectorFactory]", "compression": "Snappy", "compression_options": "window_bits=-14; level=32767; strategy=0; max_dict_bytes=0; zstd_max_train_bytes=0; enabled=0; ", "creation_time": 1637361878, "oldest_key_time": 1637359130, "file_creation_time": 1637361878}}
I211119 22:44:39.518015 17 storage/engine/rocksdb.go:120  [db/flush_job.cc:392] [default] [JOB 4] Level-0 flush table #17: 391872 bytes OK
I211119 22:44:39.518102 17 storage/engine/rocksdb.go:120  [db/version_set.cc:3086] More existing levels in DB than needed. max_bytes_for_level_multiplier may not be guaranteed.
I211119 22:44:39.520003 17 storage/engine/rocksdb.go:120  [db/db_impl_files.cc:194] adding log 12 to recycle list
I211119 22:44:39.520025 17 storage/engine/rocksdb.go:120  (Original Log Time 2021/11/19-22:44:39.518069) [db/memtable_list.cc:386] [default] Level-0 commit table #17 started
I211119 22:44:39.520032 17 storage/engine/rocksdb.go:120  (Original Log Time 2021/11/19-22:44:39.519029) [db/memtable_list.cc:434] [default] Level-0 commit table #17: memtable #1 done
I211119 22:44:39.520040 17 storage/engine/rocksdb.go:120  (Original Log Time 2021/11/19-22:44:39.519109) EVENT_LOG_v1 {"time_micros": 1637361879519039, "job": 4, "event": "flush_finished", "output_compression": "Snappy", "lsm_state": [1, 0, 0, 0, 0, 0, 1], "immutable_memtables": 0}
I211119 22:44:39.520049 17 storage/engine/rocksdb.go:120  (Original Log Time 2021/11/19-22:44:39.519140) [db/db_impl_compaction_flush.cc:208] [default] Level summary: base level 6 level multiplier 10.00 max bytes base 67108864 files[1 0 0 0 0 0 1] max score 0.50
I211119 23:30:36.732907 105 storage/engine/rocksdb.go:120  [db/db_impl_open.cc:1125] reusing log 12 from recycle list
I211119 23:30:36.740837 105 storage/engine/rocksdb.go:120  [db/db_impl_write.cc:1437] [default] New memtable created with log file: #18. Immutable memtables: 0.
I211119 23:30:36.741071 17 storage/engine/rocksdb.go:120  (Original Log Time 2021/11/19-23:30:36.741023) [db/db_impl_compaction_flush.cc:2097] Calling FlushMemTableToOutputFile with column family [default], flush slots available 1, compaction slots available 1, flush slots scheduled 1, compaction slots scheduled 0
I211119 23:30:36.741083 17 storage/engine/rocksdb.go:120  [db/flush_job.cc:322] [default] [JOB 5] Flushing memtable with next log file: 18
I211119 23:30:36.741203 17 storage/engine/rocksdb.go:120  EVENT_LOG_v1 {"time_micros": 1637364636741181, "job": 5, "event": "flush_started", "num_memtables": 1, "num_entries": 213678, "num_deletes": 5612, "total_data_size": 61108314, "memory_usage": 65022464, "flush_reason": "Write Buffer Full"}
I211119 23:30:36.741213 17 storage/engine/rocksdb.go:120  [db/flush_job.cc:351] [default] [JOB 5] Level-0 flush table #19: started
I211119 23:30:37.352336 17 storage/engine/rocksdb.go:120  EVENT_LOG_v1 {"time_micros": 1637364637352209, "cf_name": "default", "job": 5, "event": "table_file_creation", "file_number": 19, "file_size": 374459, "table_properties": {"data_size": 362838, "index_size": 4316, "index_partitions": 0, "top_level_index_size": 0, "index_key_is_user_key": 0, "index_value_is_delta_encoded": 0, "filter_size": 8261, "raw_key_size": 235480, "raw_average_key_size": 31, "raw_value_size": 2126702, "raw_average_value_size": 282, "num_data_blocks": 67, "num_entries": 7541, "num_deletions": 5477, "num_merge_operands": 1328, "num_range_deletions": 1328, "format_version": 0, "fixed_key_len": 0, "filter_policy": "rocksdb.BuiltinBloomFilter", "column_family_name": "default", "column_family_id": 0, "comparator": "cockroach_comparator", "merge_operator": "cockroach_merge_operator", "prefix_extractor_name": "cockroach_prefix_extractor", "property_collectors": "[TimeBoundTblPropCollectorFactory,DeleteRangeTblPropCollectorFactory]", "compression": "Snappy", "compression_options": "window_bits=-14; level=32767; strategy=0; max_dict_bytes=0; zstd_max_train_bytes=0; enabled=0; ", "creation_time": 1637364636, "oldest_key_time": 1637361878, "file_creation_time": 1637364636}}
I211119 23:30:37.352369 17 storage/engine/rocksdb.go:120  [db/flush_job.cc:392] [default] [JOB 5] Level-0 flush table #19: 374459 bytes OK
I211119 23:30:37.352413 17 storage/engine/rocksdb.go:120  [db/version_set.cc:3086] More existing levels in DB than needed. max_bytes_for_level_multiplier may not be guaranteed.
I211119 23:30:37.354054 17 storage/engine/rocksdb.go:120  [db/db_impl_files.cc:194] adding log 16 to recycle list
I211119 23:30:37.354098 17 storage/engine/rocksdb.go:120  (Original Log Time 2021/11/19-23:30:37.352388) [db/memtable_list.cc:386] [default] Level-0 commit table #19 started
I211119 23:30:37.354110 17 storage/engine/rocksdb.go:120  (Original Log Time 2021/11/19-23:30:37.353284) [db/memtable_list.cc:434] [default] Level-0 commit table #19: memtable #1 done
I211119 23:30:37.354119 17 storage/engine/rocksdb.go:120  (Original Log Time 2021/11/19-23:30:37.353309) EVENT_LOG_v1 {"time_micros": 1637364637353297, "job": 5, "event": "flush_finished", "output_compression": "Snappy", "lsm_state": [2, 0, 0, 0, 0, 0, 1], "immutable_memtables": 0}
I211119 23:30:37.354128 17 storage/engine/rocksdb.go:120  (Original Log Time 2021/11/19-23:30:37.353375) [db/db_impl_compaction_flush.cc:208] [default] Level summary: base level 6 level multiplier 10.00 max bytes base 67108864 files[2 0 0 0 0 0 1] max score 1.00
I211119 23:30:37.354433 17 storage/engine/rocksdb.go:120  [db/compaction_job.cc:1647] [default] [JOB 6] Compacting 2@0 + 1@6 files to L6, score 1.00
I211119 23:30:37.354478 17 storage/engine/rocksdb.go:120  [db/compaction_job.cc:1651] [default] Compaction start summary: Base version 5 Base level 0, inputs: [19(365KB) 17(382KB)], [15(350KB)]
I211119 23:30:37.354524 17 storage/engine/rocksdb.go:120  EVENT_LOG_v1 {"time_micros": 1637364637354497, "job": 6, "event": "compaction_started", "compaction_reason": "LevelL0FilesNum", "files_L0": [19, 17], "files_L6": [15], "score": 1, "input_data_size": 1125622}
I211119 23:30:37.416899 17 storage/engine/rocksdb.go:120  [db/compaction_job.cc:1334] [default] [JOB 6] Generated table #20: 5148 keys, 904572 bytes
I211119 23:30:37.417357 17 storage/engine/rocksdb.go:120  EVENT_LOG_v1 {"time_micros": 1637364637416943, "cf_name": "default", "job": 6, "event": "table_file_creation", "file_number": 20, "file_size": 904572, "table_properties": {"data_size": 898507, "index_size": 12731, "index_partitions": 0, "top_level_index_size": 0, "index_key_is_user_key": 0, "index_value_is_delta_encoded": 0, "filter_size": 0, "raw_key_size": 237120, "raw_average_key_size": 46, "raw_value_size": 6014249, "raw_average_value_size": 1168, "num_data_blocks": 190, "num_entries": 5148, "num_deletions": 0, "num_merge_operands": 0, "num_range_deletions": 0, "format_version": 0, "fixed_key_len": 0, "filter_policy": "rocksdb.BuiltinBloomFilter", "column_family_name": "default", "column_family_id": 0, "comparator": "cockroach_comparator", "merge_operator": "cockroach_merge_operator", "prefix_extractor_name": "cockroach_prefix_extractor", "property_collectors": "[TimeBoundTblPropCollectorFactory,DeleteRangeTblPropCollectorFactory]", "compression": "Snappy", "compression_options": "window_bits=-14; level=32767; strategy=0; max_dict_bytes=0; zstd_max_train_bytes=0; enabled=0; ", "creation_time": 1637364636, "oldest_key_time": 0, "file_creation_time": 1637364637}}
I211119 23:30:37.420031 17 storage/engine/rocksdb.go:120  [db/compaction_job.cc:1397] [default] [JOB 6] Compacted 2@0 + 1@6 files to L6 => 904572 bytes
I211119 23:30:37.420068 17 storage/engine/rocksdb.go:120  [db/version_set.cc:3086] More existing levels in DB than needed. max_bytes_for_level_multiplier may not be guaranteed.
I211119 23:30:37.421156 17 storage/engine/rocksdb.go:120  (Original Log Time 2021/11/19-23:30:37.420921) [db/compaction_job.cc:770] [default] compacted to: base level 6 level multiplier 10.00 max bytes base 67108864 files[0 0 0 0 0 0 1] max score 0.00, MB/sec: 17.7 rd, 14.3 wr, level 6, files in(2, 1) out(1) MB in(0.7, 0.3) out(0.9), read-write-amplify(2.6) write-amplify(1.2) OK, records in: 17926, records dropped: 12114 output_compression: Snappy
I211119 23:30:37.421172 17 storage/engine/rocksdb.go:120  (Original Log Time 2021/11/19-23:30:37.421055) EVENT_LOG_v1 {"time_micros": 1637364637420934, "job": 6, "event": "compaction_finished", "compaction_time_micros": 63419, "compaction_time_cpu_micros": 45394, "output_level": 6, "num_output_files": 1, "total_output_size": 904572, "num_input_records": 17262, "num_output_records": 5148, "num_subcompactions": 1, "output_compression": "Snappy", "num_single_delete_mismatches": 0, "num_single_delete_fallthrough": 0, "lsm_state": [0, 0, 0, 0, 0, 0, 1]}
I211119 23:30:37.422523 17 storage/engine/rocksdb.go:120  EVENT_LOG_v1 {"time_micros": 1637364637422501, "job": 6, "event": "table_file_deletion", "file_number": 19}
I211119 23:30:37.424160 17 storage/engine/rocksdb.go:120  EVENT_LOG_v1 {"time_micros": 1637364637424131, "job": 6, "event": "table_file_deletion", "file_number": 17}
I211119 23:30:37.427353 17 storage/engine/rocksdb.go:120  EVENT_LOG_v1 {"time_micros": 1637364637427326, "job": 6, "event": "table_file_deletion", "file_number": 15}
