I211123 15:31:05.778463 28 util/log/clog.go:1196  [config] file created at: 2021/11/23 15:31:05
I211123 15:31:05.778463 28 util/log/clog.go:1196  [config] running on machine: 81f2a0bc1c88
I211123 15:31:05.778463 28 util/log/clog.go:1196  [config] binary: CockroachDB CCL v19.2.2 (x86_64-unknown-linux-gnu, built 2019/12/11 01:33:43, go1.12.12)
I211123 15:31:05.778463 28 util/log/clog.go:1196  [config] arguments: [/cockroach/cockroach start-single-node --insecure]
I211123 15:31:05.778463 28 util/log/clog.go:1196  line format: [IWEF]yymmdd hh:mm:ss.uuuuuu goid file:line msg utf8=✓
I211123 15:31:05.778462 28 storage/engine/rocksdb.go:120  RocksDB version: 6.2.1
I211123 15:31:05.789889 28 storage/engine/rocksdb.go:120  Git sha rocksdb_build_git_sha:@b7009236531fa784872f4823eabf393501e41bf2@
I211123 15:31:05.789895 28 storage/engine/rocksdb.go:120  Compile date Dec 11 2019
I211123 15:31:05.789900 28 storage/engine/rocksdb.go:120  DB SUMMARY
I211123 15:31:05.790963 28 storage/engine/rocksdb.go:120  SST files in /cockroach/cockroach-data/cockroach-temp617590043 dir, Total Num: 0, files: 
I211123 15:31:05.794660 28 storage/engine/rocksdb.go:120  Write Ahead Log file in /cockroach/cockroach-data/cockroach-temp617590043: 
I211123 15:31:05.794667 28 storage/engine/rocksdb.go:120                          Options.error_if_exists: 0
I211123 15:31:05.794672 28 storage/engine/rocksdb.go:120                        Options.create_if_missing: 1
I211123 15:31:05.794675 28 storage/engine/rocksdb.go:120                          Options.paranoid_checks: 1
I211123 15:31:05.794679 28 storage/engine/rocksdb.go:120                                      Options.env: 0x75591e0
I211123 15:31:05.794683 28 storage/engine/rocksdb.go:120                                 Options.info_log: 0x7fb430427140
I211123 15:31:05.794687 28 storage/engine/rocksdb.go:120                 Options.max_file_opening_threads: 16
I211123 15:31:05.794695 28 storage/engine/rocksdb.go:120                               Options.statistics: 0x7fb430434010
I211123 15:31:05.794698 28 storage/engine/rocksdb.go:120                                Options.use_fsync: 0
I211123 15:31:05.794702 28 storage/engine/rocksdb.go:120                        Options.max_log_file_size: 0
I211123 15:31:05.794706 28 storage/engine/rocksdb.go:120                   Options.max_manifest_file_size: 134217728
I211123 15:31:05.794709 28 storage/engine/rocksdb.go:120                    Options.log_file_time_to_roll: 0
I211123 15:31:05.794713 28 storage/engine/rocksdb.go:120                        Options.keep_log_file_num: 1000
I211123 15:31:05.794716 28 storage/engine/rocksdb.go:120                     Options.recycle_log_file_num: 1
I211123 15:31:05.794720 28 storage/engine/rocksdb.go:120                          Options.allow_fallocate: 1
I211123 15:31:05.794723 28 storage/engine/rocksdb.go:120                         Options.allow_mmap_reads: 0
I211123 15:31:05.794727 28 storage/engine/rocksdb.go:120                        Options.allow_mmap_writes: 0
I211123 15:31:05.794730 28 storage/engine/rocksdb.go:120                         Options.use_direct_reads: 0
I211123 15:31:05.794734 28 storage/engine/rocksdb.go:120                         Options.use_direct_io_for_flush_and_compaction: 0
I211123 15:31:05.794737 28 storage/engine/rocksdb.go:120           Options.create_missing_column_families: 0
I211123 15:31:05.794741 28 storage/engine/rocksdb.go:120                               Options.db_log_dir: 
I211123 15:31:05.794744 28 storage/engine/rocksdb.go:120                                  Options.wal_dir: /cockroach/cockroach-data/cockroach-temp617590043
I211123 15:31:05.794748 28 storage/engine/rocksdb.go:120                 Options.table_cache_numshardbits: 6
I211123 15:31:05.794751 28 storage/engine/rocksdb.go:120                       Options.max_subcompactions: 1
I211123 15:31:05.794755 28 storage/engine/rocksdb.go:120                   Options.max_background_flushes: -1
I211123 15:31:05.794758 28 storage/engine/rocksdb.go:120                          Options.WAL_ttl_seconds: 0
I211123 15:31:05.794762 28 storage/engine/rocksdb.go:120                        Options.WAL_size_limit_MB: 0
I211123 15:31:05.794765 28 storage/engine/rocksdb.go:120              Options.manifest_preallocation_size: 4194304
I211123 15:31:05.794769 28 storage/engine/rocksdb.go:120                      Options.is_fd_close_on_exec: 1
I211123 15:31:05.794772 28 storage/engine/rocksdb.go:120                    Options.advise_random_on_open: 1
I211123 15:31:05.794775 28 storage/engine/rocksdb.go:120                     Options.db_write_buffer_size: 0
I211123 15:31:05.794779 28 storage/engine/rocksdb.go:120                     Options.write_buffer_manager: 0x7fb430419060
I211123 15:31:05.794788 28 storage/engine/rocksdb.go:120          Options.access_hint_on_compaction_start: 1
I211123 15:31:05.794792 28 storage/engine/rocksdb.go:120   Options.new_table_reader_for_compaction_inputs: 0
I211123 15:31:05.794795 28 storage/engine/rocksdb.go:120            Options.random_access_max_buffer_size: 1048576
I211123 15:31:05.794799 28 storage/engine/rocksdb.go:120                       Options.use_adaptive_mutex: 0
I211123 15:31:05.794803 28 storage/engine/rocksdb.go:120                             Options.rate_limiter: (nil)
I211123 15:31:05.794807 28 storage/engine/rocksdb.go:120      Options.sst_file_manager.rate_bytes_per_sec: 0
I211123 15:31:05.794811 28 storage/engine/rocksdb.go:120                        Options.wal_recovery_mode: 0
I211123 15:31:05.794814 28 storage/engine/rocksdb.go:120                   Options.enable_thread_tracking: 0
I211123 15:31:05.794818 28 storage/engine/rocksdb.go:120                   Options.enable_pipelined_write: 0
I211123 15:31:05.794821 28 storage/engine/rocksdb.go:120          Options.allow_concurrent_memtable_write: 1
I211123 15:31:05.794825 28 storage/engine/rocksdb.go:120       Options.enable_write_thread_adaptive_yield: 1
I211123 15:31:05.794829 28 storage/engine/rocksdb.go:120              Options.write_thread_max_yield_usec: 100
I211123 15:31:05.794832 28 storage/engine/rocksdb.go:120             Options.write_thread_slow_yield_usec: 3
I211123 15:31:05.794836 28 storage/engine/rocksdb.go:120                                Options.row_cache: None
I211123 15:31:05.794839 28 storage/engine/rocksdb.go:120                               Options.wal_filter: None
I211123 15:31:05.794843 28 storage/engine/rocksdb.go:120              Options.avoid_flush_during_recovery: 0
I211123 15:31:05.794846 28 storage/engine/rocksdb.go:120              Options.allow_ingest_behind: 0
I211123 15:31:05.794850 28 storage/engine/rocksdb.go:120              Options.preserve_deletes: 0
I211123 15:31:05.794853 28 storage/engine/rocksdb.go:120              Options.two_write_queues: 0
I211123 15:31:05.794856 28 storage/engine/rocksdb.go:120              Options.manual_wal_flush: 1
I211123 15:31:05.794860 28 storage/engine/rocksdb.go:120              Options.atomic_flush: 0
I211123 15:31:05.794865 28 storage/engine/rocksdb.go:120              Options.avoid_unnecessary_blocking_io: 0
I211123 15:31:05.794869 28 storage/engine/rocksdb.go:120              Options.max_background_jobs: 4
I211123 15:31:05.794872 28 storage/engine/rocksdb.go:120              Options.max_background_compactions: -1
I211123 15:31:05.794876 28 storage/engine/rocksdb.go:120              Options.avoid_flush_during_shutdown: 0
I211123 15:31:05.794879 28 storage/engine/rocksdb.go:120            Options.writable_file_max_buffer_size: 1048576
I211123 15:31:05.794883 28 storage/engine/rocksdb.go:120              Options.delayed_write_rate : 16777216
I211123 15:31:05.794886 28 storage/engine/rocksdb.go:120              Options.max_total_wal_size: 0
I211123 15:31:05.794890 28 storage/engine/rocksdb.go:120              Options.delete_obsolete_files_period_micros: 21600000000
I211123 15:31:05.794893 28 storage/engine/rocksdb.go:120                    Options.stats_dump_period_sec: 0
I211123 15:31:05.794897 28 storage/engine/rocksdb.go:120                  Options.stats_persist_period_sec: 600
I211123 15:31:05.794900 28 storage/engine/rocksdb.go:120                  Options.stats_history_buffer_size: 1048576
I211123 15:31:05.794904 28 storage/engine/rocksdb.go:120                           Options.max_open_files: 128
I211123 15:31:05.794907 28 storage/engine/rocksdb.go:120                           Options.bytes_per_sync: 524288
I211123 15:31:05.794911 28 storage/engine/rocksdb.go:120                       Options.wal_bytes_per_sync: 0
I211123 15:31:05.794914 28 storage/engine/rocksdb.go:120                    Options.strict_bytes_per_sync: 1
I211123 15:31:05.794917 28 storage/engine/rocksdb.go:120        Options.compaction_readahead_size: 0
I211123 15:31:05.794921 28 storage/engine/rocksdb.go:120  Compression algorithms supported:
I211123 15:31:05.794927 28 storage/engine/rocksdb.go:120  	kZSTDNotFinalCompression supported: 0
I211123 15:31:05.794931 28 storage/engine/rocksdb.go:120  	kZSTD supported: 0
I211123 15:31:05.794935 28 storage/engine/rocksdb.go:120  	kXpressCompression supported: 0
I211123 15:31:05.794939 28 storage/engine/rocksdb.go:120  	kLZ4HCCompression supported: 0
I211123 15:31:05.794942 28 storage/engine/rocksdb.go:120  	kLZ4Compression supported: 0
I211123 15:31:05.794946 28 storage/engine/rocksdb.go:120  	kBZip2Compression supported: 0
I211123 15:31:05.794949 28 storage/engine/rocksdb.go:120  	kZlibCompression supported: 0
I211123 15:31:05.794953 28 storage/engine/rocksdb.go:120  	kSnappyCompression supported: 1
I211123 15:31:05.794971 28 storage/engine/rocksdb.go:120  Fast CRC32 supported: Supported on x86
I211123 15:31:05.797518 28 storage/engine/rocksdb.go:120  [db/db_impl_open.cc:242] Creating manifest 1 
I211123 15:31:05.820419 28 storage/engine/rocksdb.go:120  [db/version_set.cc:4072] Recovering from manifest file: /cockroach/cockroach-data/cockroach-temp617590043/MANIFEST-000001
I211123 15:31:05.822760 28 storage/engine/rocksdb.go:120  [db/column_family.cc:488] --------------- Options for column family [default]:
I211123 15:31:05.822775 28 storage/engine/rocksdb.go:120                Options.comparator: cockroach_comparator
I211123 15:31:05.822780 28 storage/engine/rocksdb.go:120            Options.merge_operator: cockroach_merge_operator
I211123 15:31:05.822784 28 storage/engine/rocksdb.go:120         Options.compaction_filter: None
I211123 15:31:05.822789 28 storage/engine/rocksdb.go:120         Options.compaction_filter_factory: None
I211123 15:31:05.822793 28 storage/engine/rocksdb.go:120          Options.memtable_factory: SkipListFactory
I211123 15:31:05.822797 28 storage/engine/rocksdb.go:120             Options.table_factory: BlockBasedTable
I211123 15:31:05.822833 28 storage/engine/rocksdb.go:120             table_factory options:   flush_block_policy_factory: FlushBlockBySizePolicyFactory (0x7fb430428030)
  cache_index_and_filter_blocks: 0
  cache_index_and_filter_blocks_with_high_priority: 0
  pin_l0_filter_and_index_blocks_in_cache: 0
  pin_top_level_index_and_filter: 1
  index_type: 0
  data_block_index_type: 0
  index_shortening: 1
  data_block_hash_table_util_ratio: 0.750000
  hash_index_allow_collision: 1
  checksum: 1
  no_block_cache: 0
  block_cache: 0x7fb43041c010
  block_cache_name: LRUCache
  block_cache_options:
    capacity : 1048576
    num_shard_bits : 4
    strict_capacity_limit : 0
    memory_allocator : None
    high_pri_pool_ratio: 0.000
  block_cache_compressed: (nil)
  persistent_cache: (nil)
  block_size: 32768
  block_size_deviation: 10
  block_restart_interval: 16
  index_block_restart_interval: 1
  metadata_block_size: 4096
  partition_filters: 0
  use_delta_encoding: 1
  filter_policy: rocksdb.BuiltinBloomFilter
  whole_key_filtering: 0
  verify_compression: 0
  read_amp_bytes_per_bit: 0
  format_version: 2
  enable_index_compression: 1
  block_align: 0
I211123 15:31:05.822840 28 storage/engine/rocksdb.go:120         Options.write_buffer_size: 67108864
I211123 15:31:05.822852 28 storage/engine/rocksdb.go:120   Options.max_write_buffer_number: 4
I211123 15:31:05.822856 28 storage/engine/rocksdb.go:120           Options.compression: Snappy
I211123 15:31:05.822860 28 storage/engine/rocksdb.go:120                   Options.bottommost_compression: Disabled
I211123 15:31:05.822864 28 storage/engine/rocksdb.go:120        Options.prefix_extractor: cockroach_prefix_extractor
I211123 15:31:05.822868 28 storage/engine/rocksdb.go:120    Options.memtable_insert_with_hint_prefix_extractor: nullptr
I211123 15:31:05.822873 28 storage/engine/rocksdb.go:120              Options.num_levels: 7
I211123 15:31:05.822877 28 storage/engine/rocksdb.go:120         Options.min_write_buffer_number_to_merge: 1
I211123 15:31:05.822880 28 storage/engine/rocksdb.go:120      Options.max_write_buffer_number_to_maintain: 0
I211123 15:31:05.822884 28 storage/engine/rocksdb.go:120             Options.bottommost_compression_opts.window_bits: -14
I211123 15:31:05.822895 28 storage/engine/rocksdb.go:120                   Options.bottommost_compression_opts.level: 32767
I211123 15:31:05.822899 28 storage/engine/rocksdb.go:120                Options.bottommost_compression_opts.strategy: 0
I211123 15:31:05.822903 28 storage/engine/rocksdb.go:120          Options.bottommost_compression_opts.max_dict_bytes: 0
I211123 15:31:05.822907 28 storage/engine/rocksdb.go:120          Options.bottommost_compression_opts.zstd_max_train_bytes: 0
I211123 15:31:05.822911 28 storage/engine/rocksdb.go:120                   Options.bottommost_compression_opts.enabled: false
I211123 15:31:05.822914 28 storage/engine/rocksdb.go:120             Options.compression_opts.window_bits: -14
I211123 15:31:05.822918 28 storage/engine/rocksdb.go:120                   Options.compression_opts.level: 32767
I211123 15:31:05.822922 28 storage/engine/rocksdb.go:120                Options.compression_opts.strategy: 0
I211123 15:31:05.822925 28 storage/engine/rocksdb.go:120          Options.compression_opts.max_dict_bytes: 0
I211123 15:31:05.822929 28 storage/engine/rocksdb.go:120          Options.compression_opts.zstd_max_train_bytes: 0
I211123 15:31:05.822933 28 storage/engine/rocksdb.go:120                   Options.compression_opts.enabled: false
I211123 15:31:05.822945 28 storage/engine/rocksdb.go:120       Options.level0_file_num_compaction_trigger: 2
I211123 15:31:05.822949 28 storage/engine/rocksdb.go:120           Options.level0_slowdown_writes_trigger: 950
I211123 15:31:05.822953 28 storage/engine/rocksdb.go:120               Options.level0_stop_writes_trigger: 1000
I211123 15:31:05.822956 28 storage/engine/rocksdb.go:120                    Options.target_file_size_base: 4194304
I211123 15:31:05.822960 28 storage/engine/rocksdb.go:120              Options.target_file_size_multiplier: 2
I211123 15:31:05.822964 28 storage/engine/rocksdb.go:120                 Options.max_bytes_for_level_base: 67108864
I211123 15:31:05.822967 28 storage/engine/rocksdb.go:120  Options.level_compaction_dynamic_level_bytes: 1
I211123 15:31:05.822972 28 storage/engine/rocksdb.go:120           Options.max_bytes_for_level_multiplier: 10.000000
I211123 15:31:05.822976 28 storage/engine/rocksdb.go:120  Options.max_bytes_for_level_multiplier_addtl[0]: 1
I211123 15:31:05.822980 28 storage/engine/rocksdb.go:120  Options.max_bytes_for_level_multiplier_addtl[1]: 1
I211123 15:31:05.822984 28 storage/engine/rocksdb.go:120  Options.max_bytes_for_level_multiplier_addtl[2]: 1
I211123 15:31:05.822987 28 storage/engine/rocksdb.go:120  Options.max_bytes_for_level_multiplier_addtl[3]: 1
I211123 15:31:05.823018 28 storage/engine/rocksdb.go:120  Options.max_bytes_for_level_multiplier_addtl[4]: 1
I211123 15:31:05.823022 28 storage/engine/rocksdb.go:120  Options.max_bytes_for_level_multiplier_addtl[5]: 1
I211123 15:31:05.823026 28 storage/engine/rocksdb.go:120  Options.max_bytes_for_level_multiplier_addtl[6]: 1
I211123 15:31:05.823030 28 storage/engine/rocksdb.go:120        Options.max_sequential_skip_in_iterations: 8
I211123 15:31:05.823033 28 storage/engine/rocksdb.go:120                     Options.max_compaction_bytes: 104857600
I211123 15:31:05.823037 28 storage/engine/rocksdb.go:120                         Options.arena_block_size: 8388608
I211123 15:31:05.823041 28 storage/engine/rocksdb.go:120    Options.soft_pending_compaction_bytes_limit: 2199023255552
I211123 15:31:05.823045 28 storage/engine/rocksdb.go:120    Options.hard_pending_compaction_bytes_limit: 4400193994752
I211123 15:31:05.823048 28 storage/engine/rocksdb.go:120        Options.rate_limit_delay_max_milliseconds: 100
I211123 15:31:05.823052 28 storage/engine/rocksdb.go:120                 Options.disable_auto_compactions: 0
I211123 15:31:05.823057 28 storage/engine/rocksdb.go:120                         Options.compaction_style: kCompactionStyleLevel
I211123 15:31:05.823062 28 storage/engine/rocksdb.go:120                           Options.compaction_pri: kMinOverlappingRatio
I211123 15:31:05.823081 28 storage/engine/rocksdb.go:120  Options.compaction_options_universal.size_ratio: 1
I211123 15:31:05.823084 28 storage/engine/rocksdb.go:120  Options.compaction_options_universal.min_merge_width: 2
I211123 15:31:05.823088 28 storage/engine/rocksdb.go:120  Options.compaction_options_universal.max_merge_width: 4294967295
I211123 15:31:05.823091 28 storage/engine/rocksdb.go:120  Options.compaction_options_universal.max_size_amplification_percent: 200
I211123 15:31:05.823095 28 storage/engine/rocksdb.go:120  Options.compaction_options_universal.compression_size_percent: -1
I211123 15:31:05.823099 28 storage/engine/rocksdb.go:120  Options.compaction_options_universal.stop_style: kCompactionStopStyleTotalSize
I211123 15:31:05.823102 28 storage/engine/rocksdb.go:120  Options.compaction_options_fifo.max_table_files_size: 1073741824
I211123 15:31:05.823105 28 storage/engine/rocksdb.go:120  Options.compaction_options_fifo.allow_compaction: 0
I211123 15:31:05.823111 28 storage/engine/rocksdb.go:120                    Options.table_properties_collectors: TimeBoundTblPropCollectorFactory; DeleteRangeTblPropCollectorFactory; 
I211123 15:31:05.823118 28 storage/engine/rocksdb.go:120                    Options.inplace_update_support: 0
I211123 15:31:05.823121 28 storage/engine/rocksdb.go:120                  Options.inplace_update_num_locks: 10000
I211123 15:31:05.823127 28 storage/engine/rocksdb.go:120                Options.memtable_prefix_bloom_size_ratio: 0.000000
I211123 15:31:05.823131 28 storage/engine/rocksdb.go:120                Options.memtable_whole_key_filtering: 0
I211123 15:31:05.823134 28 storage/engine/rocksdb.go:120    Options.memtable_huge_page_size: 0
I211123 15:31:05.823138 28 storage/engine/rocksdb.go:120                            Options.bloom_locality: 0
I211123 15:31:05.823141 28 storage/engine/rocksdb.go:120                     Options.max_successive_merges: 0
I211123 15:31:05.823145 28 storage/engine/rocksdb.go:120                 Options.optimize_filters_for_hits: 1
I211123 15:31:05.823148 28 storage/engine/rocksdb.go:120                 Options.paranoid_file_checks: 0
I211123 15:31:05.823152 28 storage/engine/rocksdb.go:120                 Options.force_consistency_checks: 0
I211123 15:31:05.823155 28 storage/engine/rocksdb.go:120                 Options.report_bg_io_stats: 0
I211123 15:31:05.823159 28 storage/engine/rocksdb.go:120                                Options.ttl: 0
I211123 15:31:05.823162 28 storage/engine/rocksdb.go:120           Options.periodic_compaction_seconds: 0
I211123 15:31:05.826452 28 storage/engine/rocksdb.go:120  [db/version_set.cc:4286] Recovered from manifest file:/cockroach/cockroach-data/cockroach-temp617590043/MANIFEST-000001 succeeded,manifest_file_number is 1, next_file_number is 3, last_sequence is 0, log_number is 0,prev_log_number is 0,max_column_family is 0,min_log_number_to_keep is 0
I211123 15:31:05.826479 28 storage/engine/rocksdb.go:120  [db/version_set.cc:4295] Column family [default] (ID 0), log number is 0
I211123 15:31:05.846605 28 storage/engine/rocksdb.go:120  DB pointer 0x7fb4304a1000
I211123 15:31:05.875903 28 storage/engine/rocksdb.go:120  RocksDB version: 6.2.1
I211123 15:31:05.875915 28 storage/engine/rocksdb.go:120  Git sha rocksdb_build_git_sha:@b7009236531fa784872f4823eabf393501e41bf2@
I211123 15:31:05.875919 28 storage/engine/rocksdb.go:120  Compile date Dec 11 2019
I211123 15:31:05.875923 28 storage/engine/rocksdb.go:120  DB SUMMARY
I211123 15:31:05.877867 28 storage/engine/rocksdb.go:120  CURRENT file:  CURRENT
I211123 15:31:05.877878 28 storage/engine/rocksdb.go:120  IDENTITY file:  IDENTITY
I211123 15:31:05.878558 28 storage/engine/rocksdb.go:120  MANIFEST file:  MANIFEST-000081 size: 536 Bytes
I211123 15:31:05.878587 28 storage/engine/rocksdb.go:120  SST files in /cockroach/cockroach-data dir, Total Num: 2, files: 000085.sst 000086.sst 
I211123 15:31:05.878595 28 storage/engine/rocksdb.go:120  Write Ahead Log file in /cockroach/cockroach-data: 000082.log size: 53848898 ; 
I211123 15:31:05.878600 28 storage/engine/rocksdb.go:120                          Options.error_if_exists: 0
I211123 15:31:05.878615 28 storage/engine/rocksdb.go:120                        Options.create_if_missing: 1
I211123 15:31:05.878619 28 storage/engine/rocksdb.go:120                          Options.paranoid_checks: 1
I211123 15:31:05.878622 28 storage/engine/rocksdb.go:120                                      Options.env: 0x75591e0
I211123 15:31:05.878626 28 storage/engine/rocksdb.go:120                                 Options.info_log: 0x7fb4304272c0
I211123 15:31:05.878629 28 storage/engine/rocksdb.go:120                 Options.max_file_opening_threads: 16
I211123 15:31:05.878633 28 storage/engine/rocksdb.go:120                               Options.statistics: 0x7fb430434080
I211123 15:31:05.878637 28 storage/engine/rocksdb.go:120                                Options.use_fsync: 0
I211123 15:31:05.878641 28 storage/engine/rocksdb.go:120                        Options.max_log_file_size: 0
I211123 15:31:05.878645 28 storage/engine/rocksdb.go:120                   Options.max_manifest_file_size: 134217728
I211123 15:31:05.878648 28 storage/engine/rocksdb.go:120                    Options.log_file_time_to_roll: 0
I211123 15:31:05.878652 28 storage/engine/rocksdb.go:120                        Options.keep_log_file_num: 1000
I211123 15:31:05.878656 28 storage/engine/rocksdb.go:120                     Options.recycle_log_file_num: 1
I211123 15:31:05.878660 28 storage/engine/rocksdb.go:120                          Options.allow_fallocate: 1
I211123 15:31:05.878663 28 storage/engine/rocksdb.go:120                         Options.allow_mmap_reads: 0
I211123 15:31:05.878667 28 storage/engine/rocksdb.go:120                        Options.allow_mmap_writes: 0
I211123 15:31:05.878670 28 storage/engine/rocksdb.go:120                         Options.use_direct_reads: 0
I211123 15:31:05.878673 28 storage/engine/rocksdb.go:120                         Options.use_direct_io_for_flush_and_compaction: 0
I211123 15:31:05.878677 28 storage/engine/rocksdb.go:120           Options.create_missing_column_families: 0
I211123 15:31:05.878680 28 storage/engine/rocksdb.go:120                               Options.db_log_dir: 
I211123 15:31:05.878684 28 storage/engine/rocksdb.go:120                                  Options.wal_dir: /cockroach/cockroach-data
I211123 15:31:05.878687 28 storage/engine/rocksdb.go:120                 Options.table_cache_numshardbits: 6
I211123 15:31:05.878691 28 storage/engine/rocksdb.go:120                       Options.max_subcompactions: 1
I211123 15:31:05.878694 28 storage/engine/rocksdb.go:120                   Options.max_background_flushes: -1
I211123 15:31:05.878698 28 storage/engine/rocksdb.go:120                          Options.WAL_ttl_seconds: 0
I211123 15:31:05.878701 28 storage/engine/rocksdb.go:120                        Options.WAL_size_limit_MB: 0
I211123 15:31:05.878705 28 storage/engine/rocksdb.go:120              Options.manifest_preallocation_size: 4194304
I211123 15:31:05.878708 28 storage/engine/rocksdb.go:120                      Options.is_fd_close_on_exec: 1
I211123 15:31:05.878711 28 storage/engine/rocksdb.go:120                    Options.advise_random_on_open: 1
I211123 15:31:05.878715 28 storage/engine/rocksdb.go:120                     Options.db_write_buffer_size: 0
I211123 15:31:05.878718 28 storage/engine/rocksdb.go:120                     Options.write_buffer_manager: 0x7fb430419570
I211123 15:31:05.878722 28 storage/engine/rocksdb.go:120          Options.access_hint_on_compaction_start: 1
I211123 15:31:05.878725 28 storage/engine/rocksdb.go:120   Options.new_table_reader_for_compaction_inputs: 0
I211123 15:31:05.878729 28 storage/engine/rocksdb.go:120            Options.random_access_max_buffer_size: 1048576
I211123 15:31:05.878733 28 storage/engine/rocksdb.go:120                       Options.use_adaptive_mutex: 0
I211123 15:31:05.878736 28 storage/engine/rocksdb.go:120                             Options.rate_limiter: (nil)
I211123 15:31:05.878740 28 storage/engine/rocksdb.go:120      Options.sst_file_manager.rate_bytes_per_sec: 0
I211123 15:31:05.878746 28 storage/engine/rocksdb.go:120                        Options.wal_recovery_mode: 0
I211123 15:31:05.878749 28 storage/engine/rocksdb.go:120                   Options.enable_thread_tracking: 0
I211123 15:31:05.878753 28 storage/engine/rocksdb.go:120                   Options.enable_pipelined_write: 0
I211123 15:31:05.878756 28 storage/engine/rocksdb.go:120          Options.allow_concurrent_memtable_write: 1
I211123 15:31:05.878760 28 storage/engine/rocksdb.go:120       Options.enable_write_thread_adaptive_yield: 1
I211123 15:31:05.878763 28 storage/engine/rocksdb.go:120              Options.write_thread_max_yield_usec: 100
I211123 15:31:05.878766 28 storage/engine/rocksdb.go:120             Options.write_thread_slow_yield_usec: 3
I211123 15:31:05.878770 28 storage/engine/rocksdb.go:120                                Options.row_cache: None
I211123 15:31:05.878773 28 storage/engine/rocksdb.go:120                               Options.wal_filter: None
I211123 15:31:05.878777 28 storage/engine/rocksdb.go:120              Options.avoid_flush_during_recovery: 0
I211123 15:31:05.878780 28 storage/engine/rocksdb.go:120              Options.allow_ingest_behind: 0
I211123 15:31:05.878784 28 storage/engine/rocksdb.go:120              Options.preserve_deletes: 0
I211123 15:31:05.878787 28 storage/engine/rocksdb.go:120              Options.two_write_queues: 0
I211123 15:31:05.878790 28 storage/engine/rocksdb.go:120              Options.manual_wal_flush: 1
I211123 15:31:05.878794 28 storage/engine/rocksdb.go:120              Options.atomic_flush: 0
I211123 15:31:05.878798 28 storage/engine/rocksdb.go:120              Options.avoid_unnecessary_blocking_io: 0
I211123 15:31:05.878802 28 storage/engine/rocksdb.go:120              Options.max_background_jobs: 4
I211123 15:31:05.878805 28 storage/engine/rocksdb.go:120              Options.max_background_compactions: -1
I211123 15:31:05.878809 28 storage/engine/rocksdb.go:120              Options.avoid_flush_during_shutdown: 0
I211123 15:31:05.878812 28 storage/engine/rocksdb.go:120            Options.writable_file_max_buffer_size: 1048576
I211123 15:31:05.878816 28 storage/engine/rocksdb.go:120              Options.delayed_write_rate : 16777216
I211123 15:31:05.878819 28 storage/engine/rocksdb.go:120              Options.max_total_wal_size: 0
I211123 15:31:05.878823 28 storage/engine/rocksdb.go:120              Options.delete_obsolete_files_period_micros: 21600000000
I211123 15:31:05.878826 28 storage/engine/rocksdb.go:120                    Options.stats_dump_period_sec: 0
I211123 15:31:05.878830 28 storage/engine/rocksdb.go:120                  Options.stats_persist_period_sec: 600
I211123 15:31:05.878833 28 storage/engine/rocksdb.go:120                  Options.stats_history_buffer_size: 1048576
I211123 15:31:05.878836 28 storage/engine/rocksdb.go:120                           Options.max_open_files: 1043576
I211123 15:31:05.878840 28 storage/engine/rocksdb.go:120                           Options.bytes_per_sync: 524288
I211123 15:31:05.878843 28 storage/engine/rocksdb.go:120                       Options.wal_bytes_per_sync: 0
I211123 15:31:05.878847 28 storage/engine/rocksdb.go:120                    Options.strict_bytes_per_sync: 1
I211123 15:31:05.878850 28 storage/engine/rocksdb.go:120        Options.compaction_readahead_size: 0
I211123 15:31:05.878854 28 storage/engine/rocksdb.go:120  Compression algorithms supported:
I211123 15:31:05.878858 28 storage/engine/rocksdb.go:120  	kZSTDNotFinalCompression supported: 0
I211123 15:31:05.878862 28 storage/engine/rocksdb.go:120  	kZSTD supported: 0
I211123 15:31:05.878866 28 storage/engine/rocksdb.go:120  	kXpressCompression supported: 0
I211123 15:31:05.878869 28 storage/engine/rocksdb.go:120  	kLZ4HCCompression supported: 0
I211123 15:31:05.878873 28 storage/engine/rocksdb.go:120  	kLZ4Compression supported: 0
I211123 15:31:05.878876 28 storage/engine/rocksdb.go:120  	kBZip2Compression supported: 0
I211123 15:31:05.878880 28 storage/engine/rocksdb.go:120  	kZlibCompression supported: 0
I211123 15:31:05.878883 28 storage/engine/rocksdb.go:120  	kSnappyCompression supported: 1
I211123 15:31:05.878900 28 storage/engine/rocksdb.go:120  Fast CRC32 supported: Supported on x86
I211123 15:31:05.885367 28 storage/engine/rocksdb.go:120  [db/version_set.cc:4072] Recovering from manifest file: /cockroach/cockroach-data/MANIFEST-000081
I211123 15:31:05.886079 28 storage/engine/rocksdb.go:120  [db/column_family.cc:488] --------------- Options for column family [default]:
I211123 15:31:05.886088 28 storage/engine/rocksdb.go:120                Options.comparator: cockroach_comparator
I211123 15:31:05.886093 28 storage/engine/rocksdb.go:120            Options.merge_operator: cockroach_merge_operator
I211123 15:31:05.886097 28 storage/engine/rocksdb.go:120         Options.compaction_filter: None
I211123 15:31:05.886100 28 storage/engine/rocksdb.go:120         Options.compaction_filter_factory: None
I211123 15:31:05.886104 28 storage/engine/rocksdb.go:120          Options.memtable_factory: SkipListFactory
I211123 15:31:05.886108 28 storage/engine/rocksdb.go:120             Options.table_factory: BlockBasedTable
I211123 15:31:05.886137 28 storage/engine/rocksdb.go:120             table_factory options:   flush_block_policy_factory: FlushBlockBySizePolicyFactory (0x7fb430428090)
  cache_index_and_filter_blocks: 0
  cache_index_and_filter_blocks_with_high_priority: 0
  pin_l0_filter_and_index_blocks_in_cache: 0
  pin_top_level_index_and_filter: 1
  index_type: 0
  data_block_index_type: 0
  index_shortening: 1
  data_block_hash_table_util_ratio: 0.750000
  hash_index_allow_collision: 1
  checksum: 1
  no_block_cache: 0
  block_cache: 0x7fb4304b9210
  block_cache_name: LRUCache
  block_cache_options:
    capacity : 67108864
    num_shard_bits : 4
    strict_capacity_limit : 0
    memory_allocator : None
    high_pri_pool_ratio: 0.000
  block_cache_compressed: (nil)
  persistent_cache: (nil)
  block_size: 32768
  block_size_deviation: 10
  block_restart_interval: 16
  index_block_restart_interval: 1
  metadata_block_size: 4096
  partition_filters: 0
  use_delta_encoding: 1
  filter_policy: rocksdb.BuiltinBloomFilter
  whole_key_filtering: 0
  verify_compression: 0
  read_amp_bytes_per_bit: 0
  format_version: 2
  enable_index_compression: 1
  block_align: 0
I211123 15:31:05.886144 28 storage/engine/rocksdb.go:120         Options.write_buffer_size: 67108864
I211123 15:31:05.886149 28 storage/engine/rocksdb.go:120   Options.max_write_buffer_number: 4
I211123 15:31:05.886153 28 storage/engine/rocksdb.go:120           Options.compression: Snappy
I211123 15:31:05.886157 28 storage/engine/rocksdb.go:120                   Options.bottommost_compression: Disabled
I211123 15:31:05.886170 28 storage/engine/rocksdb.go:120        Options.prefix_extractor: cockroach_prefix_extractor
I211123 15:31:05.886174 28 storage/engine/rocksdb.go:120    Options.memtable_insert_with_hint_prefix_extractor: nullptr
I211123 15:31:05.886177 28 storage/engine/rocksdb.go:120              Options.num_levels: 7
I211123 15:31:05.886181 28 storage/engine/rocksdb.go:120         Options.min_write_buffer_number_to_merge: 1
I211123 15:31:05.886185 28 storage/engine/rocksdb.go:120      Options.max_write_buffer_number_to_maintain: 0
I211123 15:31:05.886189 28 storage/engine/rocksdb.go:120             Options.bottommost_compression_opts.window_bits: -14
I211123 15:31:05.886193 28 storage/engine/rocksdb.go:120                   Options.bottommost_compression_opts.level: 32767
I211123 15:31:05.886197 28 storage/engine/rocksdb.go:120                Options.bottommost_compression_opts.strategy: 0
I211123 15:31:05.886200 28 storage/engine/rocksdb.go:120          Options.bottommost_compression_opts.max_dict_bytes: 0
I211123 15:31:05.886204 28 storage/engine/rocksdb.go:120          Options.bottommost_compression_opts.zstd_max_train_bytes: 0
I211123 15:31:05.886207 28 storage/engine/rocksdb.go:120                   Options.bottommost_compression_opts.enabled: false
I211123 15:31:05.886282 28 storage/engine/rocksdb.go:120             Options.compression_opts.window_bits: -14
I211123 15:31:05.886286 28 storage/engine/rocksdb.go:120                   Options.compression_opts.level: 32767
I211123 15:31:05.886294 28 storage/engine/rocksdb.go:120                Options.compression_opts.strategy: 0
I211123 15:31:05.886298 28 storage/engine/rocksdb.go:120          Options.compression_opts.max_dict_bytes: 0
I211123 15:31:05.886301 28 storage/engine/rocksdb.go:120          Options.compression_opts.zstd_max_train_bytes: 0
I211123 15:31:05.886305 28 storage/engine/rocksdb.go:120                   Options.compression_opts.enabled: false
I211123 15:31:05.886309 28 storage/engine/rocksdb.go:120       Options.level0_file_num_compaction_trigger: 2
I211123 15:31:05.886312 28 storage/engine/rocksdb.go:120           Options.level0_slowdown_writes_trigger: 950
I211123 15:31:05.886316 28 storage/engine/rocksdb.go:120               Options.level0_stop_writes_trigger: 1000
I211123 15:31:05.886320 28 storage/engine/rocksdb.go:120                    Options.target_file_size_base: 4194304
I211123 15:31:05.886323 28 storage/engine/rocksdb.go:120              Options.target_file_size_multiplier: 2
I211123 15:31:05.886327 28 storage/engine/rocksdb.go:120                 Options.max_bytes_for_level_base: 67108864
I211123 15:31:05.886332 28 storage/engine/rocksdb.go:120  Options.level_compaction_dynamic_level_bytes: 1
I211123 15:31:05.886337 28 storage/engine/rocksdb.go:120           Options.max_bytes_for_level_multiplier: 10.000000
I211123 15:31:05.886341 28 storage/engine/rocksdb.go:120  Options.max_bytes_for_level_multiplier_addtl[0]: 1
I211123 15:31:05.886345 28 storage/engine/rocksdb.go:120  Options.max_bytes_for_level_multiplier_addtl[1]: 1
I211123 15:31:05.886348 28 storage/engine/rocksdb.go:120  Options.max_bytes_for_level_multiplier_addtl[2]: 1
I211123 15:31:05.886352 28 storage/engine/rocksdb.go:120  Options.max_bytes_for_level_multiplier_addtl[3]: 1
I211123 15:31:05.886355 28 storage/engine/rocksdb.go:120  Options.max_bytes_for_level_multiplier_addtl[4]: 1
I211123 15:31:05.886359 28 storage/engine/rocksdb.go:120  Options.max_bytes_for_level_multiplier_addtl[5]: 1
I211123 15:31:05.886363 28 storage/engine/rocksdb.go:120  Options.max_bytes_for_level_multiplier_addtl[6]: 1
I211123 15:31:05.886366 28 storage/engine/rocksdb.go:120        Options.max_sequential_skip_in_iterations: 8
I211123 15:31:05.886369 28 storage/engine/rocksdb.go:120                     Options.max_compaction_bytes: 104857600
I211123 15:31:05.886373 28 storage/engine/rocksdb.go:120                         Options.arena_block_size: 8388608
I211123 15:31:05.886376 28 storage/engine/rocksdb.go:120    Options.soft_pending_compaction_bytes_limit: 2199023255552
I211123 15:31:05.886380 28 storage/engine/rocksdb.go:120    Options.hard_pending_compaction_bytes_limit: 4400193994752
I211123 15:31:05.886383 28 storage/engine/rocksdb.go:120        Options.rate_limit_delay_max_milliseconds: 100
I211123 15:31:05.886388 28 storage/engine/rocksdb.go:120                 Options.disable_auto_compactions: 0
I211123 15:31:05.886392 28 storage/engine/rocksdb.go:120                         Options.compaction_style: kCompactionStyleLevel
I211123 15:31:05.886397 28 storage/engine/rocksdb.go:120                           Options.compaction_pri: kMinOverlappingRatio
I211123 15:31:05.886400 28 storage/engine/rocksdb.go:120  Options.compaction_options_universal.size_ratio: 1
I211123 15:31:05.886403 28 storage/engine/rocksdb.go:120  Options.compaction_options_universal.min_merge_width: 2
I211123 15:31:05.886407 28 storage/engine/rocksdb.go:120  Options.compaction_options_universal.max_merge_width: 4294967295
I211123 15:31:05.886410 28 storage/engine/rocksdb.go:120  Options.compaction_options_universal.max_size_amplification_percent: 200
I211123 15:31:05.886414 28 storage/engine/rocksdb.go:120  Options.compaction_options_universal.compression_size_percent: -1
I211123 15:31:05.886421 28 storage/engine/rocksdb.go:120  Options.compaction_options_universal.stop_style: kCompactionStopStyleTotalSize
I211123 15:31:05.886425 28 storage/engine/rocksdb.go:120  Options.compaction_options_fifo.max_table_files_size: 1073741824
I211123 15:31:05.886430 28 storage/engine/rocksdb.go:120  Options.compaction_options_fifo.allow_compaction: 0
I211123 15:31:05.886436 28 storage/engine/rocksdb.go:120                    Options.table_properties_collectors: TimeBoundTblPropCollectorFactory; DeleteRangeTblPropCollectorFactory; 
I211123 15:31:05.886440 28 storage/engine/rocksdb.go:120                    Options.inplace_update_support: 0
I211123 15:31:05.886444 28 storage/engine/rocksdb.go:120                  Options.inplace_update_num_locks: 10000
I211123 15:31:05.886448 28 storage/engine/rocksdb.go:120                Options.memtable_prefix_bloom_size_ratio: 0.000000
I211123 15:31:05.886451 28 storage/engine/rocksdb.go:120                Options.memtable_whole_key_filtering: 0
I211123 15:31:05.886456 28 storage/engine/rocksdb.go:120    Options.memtable_huge_page_size: 0
I211123 15:31:05.886460 28 storage/engine/rocksdb.go:120                            Options.bloom_locality: 0
I211123 15:31:05.886464 28 storage/engine/rocksdb.go:120                     Options.max_successive_merges: 0
I211123 15:31:05.886467 28 storage/engine/rocksdb.go:120                 Options.optimize_filters_for_hits: 1
I211123 15:31:05.886470 28 storage/engine/rocksdb.go:120                 Options.paranoid_file_checks: 0
I211123 15:31:05.886474 28 storage/engine/rocksdb.go:120                 Options.force_consistency_checks: 0
I211123 15:31:05.886477 28 storage/engine/rocksdb.go:120                 Options.report_bg_io_stats: 0
I211123 15:31:05.886481 28 storage/engine/rocksdb.go:120                                Options.ttl: 0
I211123 15:31:05.886484 28 storage/engine/rocksdb.go:120           Options.periodic_compaction_seconds: 0
I211123 15:31:05.897305 28 storage/engine/rocksdb.go:120  [db/version_set.cc:3086] More existing levels in DB than needed. max_bytes_for_level_multiplier may not be guaranteed.
I211123 15:31:05.897346 28 storage/engine/rocksdb.go:120  [db/version_set.cc:4286] Recovered from manifest file:/cockroach/cockroach-data/MANIFEST-000081 succeeded,manifest_file_number is 81, next_file_number is 88, last_sequence is 4564166, log_number is 78,prev_log_number is 0,max_column_family is 0,min_log_number_to_keep is 0
I211123 15:31:05.897356 28 storage/engine/rocksdb.go:120  [db/version_set.cc:4295] Column family [default] (ID 0), log number is 78
I211123 15:31:05.899697 28 storage/engine/rocksdb.go:120  EVENT_LOG_v1 {"time_micros": 1637681465899672, "job": 1, "event": "recovery_started", "log_files": [82]}
I211123 15:31:05.899708 28 storage/engine/rocksdb.go:120  [db/db_impl_open.cc:598] Recovering log #82 mode 0
I211123 15:31:07.202845 28 storage/engine/rocksdb.go:120  EVENT_LOG_v1 {"time_micros": 1637681467202722, "cf_name": "default", "job": 1, "event": "table_file_creation", "file_number": 88, "file_size": 373072, "table_properties": {"data_size": 361070, "index_size": 3840, "index_partitions": 0, "top_level_index_size": 0, "index_key_is_user_key": 0, "index_value_is_delta_encoded": 0, "filter_size": 8901, "raw_key_size": 259379, "raw_average_key_size": 30, "raw_value_size": 1900816, "raw_average_value_size": 225, "num_data_blocks": 61, "num_entries": 8432, "num_deletions": 6089, "num_merge_operands": 1328, "num_range_deletions": 1328, "format_version": 0, "fixed_key_len": 0, "filter_policy": "rocksdb.BuiltinBloomFilter", "column_family_name": "default", "column_family_id": 0, "comparator": "cockroach_comparator", "merge_operator": "cockroach_merge_operator", "prefix_extractor_name": "cockroach_prefix_extractor", "property_collectors": "[TimeBoundTblPropCollectorFactory,DeleteRangeTblPropCollectorFactory]", "compression": "Snappy", "compression_options": "window_bits=-14; level=32767; strategy=0; max_dict_bytes=0; zstd_max_train_bytes=0; enabled=0; ", "creation_time": 1637681466, "oldest_key_time": 3, "file_creation_time": 0}}
I211123 15:31:07.211276 28 storage/engine/rocksdb.go:120  [db/version_set.cc:3560] Creating manifest 89
I211123 15:31:07.216100 28 storage/engine/rocksdb.go:120  [db/version_set.cc:3086] More existing levels in DB than needed. max_bytes_for_level_multiplier may not be guaranteed.
I211123 15:31:07.220645 28 storage/engine/rocksdb.go:120  EVENT_LOG_v1 {"time_micros": 1637681467220622, "job": 1, "event": "recovery_finished"}
I211123 15:31:07.334689 28 storage/engine/rocksdb.go:120  DB pointer 0x7fb430535000
I211123 15:31:55.044692 842 storage/engine/rocksdb.go:120  bloom filter utility:    -nan%
I211123 15:31:55.045589 842 storage/engine/rocksdb.go:120  [db/db_impl.cc:392] Shutdown: canceling all background work
I211123 15:31:55.046986 842 storage/engine/rocksdb.go:120  [db/db_impl.cc:565] Shutdown complete
I211123 15:31:55.065259 842 storage/engine/rocksdb.go:120  bloom filter utility:    53.0%
I211123 15:31:55.065888 842 storage/engine/rocksdb.go:120  [db/db_impl.cc:392] Shutdown: canceling all background work
I211123 15:31:55.072257 842 storage/engine/rocksdb.go:120  [db/db_impl.cc:565] Shutdown complete
