I211123 14:49:49.329624 41 util/log/clog.go:1196  [config] file created at: 2021/11/23 14:49:49
I211123 14:49:49.329624 41 util/log/clog.go:1196  [config] running on machine: 81f2a0bc1c88
I211123 14:49:49.329624 41 util/log/clog.go:1196  [config] binary: CockroachDB CCL v19.2.2 (x86_64-unknown-linux-gnu, built 2019/12/11 01:33:43, go1.12.12)
I211123 14:49:49.329624 41 util/log/clog.go:1196  [config] arguments: [/cockroach/cockroach start-single-node --insecure]
I211123 14:49:49.329624 41 util/log/clog.go:1196  line format: [IWEF]yymmdd hh:mm:ss.uuuuuu goid file:line msg utf8=✓
I211123 14:49:49.329623 41 storage/engine/rocksdb.go:120  RocksDB version: 6.2.1
I211123 14:49:49.342811 41 storage/engine/rocksdb.go:120  Git sha rocksdb_build_git_sha:@b7009236531fa784872f4823eabf393501e41bf2@
I211123 14:49:49.342818 41 storage/engine/rocksdb.go:120  Compile date Dec 11 2019
I211123 14:49:49.342824 41 storage/engine/rocksdb.go:120  DB SUMMARY
I211123 14:49:49.343878 41 storage/engine/rocksdb.go:120  SST files in /cockroach/cockroach-data/cockroach-temp539593842 dir, Total Num: 0, files: 
I211123 14:49:49.349612 41 storage/engine/rocksdb.go:120  Write Ahead Log file in /cockroach/cockroach-data/cockroach-temp539593842: 
I211123 14:49:49.349619 41 storage/engine/rocksdb.go:120                          Options.error_if_exists: 0
I211123 14:49:49.349623 41 storage/engine/rocksdb.go:120                        Options.create_if_missing: 1
I211123 14:49:49.349626 41 storage/engine/rocksdb.go:120                          Options.paranoid_checks: 1
I211123 14:49:49.349630 41 storage/engine/rocksdb.go:120                                      Options.env: 0x75591e0
I211123 14:49:49.349634 41 storage/engine/rocksdb.go:120                                 Options.info_log: 0x7f8018627140
I211123 14:49:49.349638 41 storage/engine/rocksdb.go:120                 Options.max_file_opening_threads: 16
I211123 14:49:49.349641 41 storage/engine/rocksdb.go:120                               Options.statistics: 0x7f8018634010
I211123 14:49:49.349645 41 storage/engine/rocksdb.go:120                                Options.use_fsync: 0
I211123 14:49:49.349649 41 storage/engine/rocksdb.go:120                        Options.max_log_file_size: 0
I211123 14:49:49.349695 41 storage/engine/rocksdb.go:120                   Options.max_manifest_file_size: 134217728
I211123 14:49:49.349702 41 storage/engine/rocksdb.go:120                    Options.log_file_time_to_roll: 0
I211123 14:49:49.349705 41 storage/engine/rocksdb.go:120                        Options.keep_log_file_num: 1000
I211123 14:49:49.349719 41 storage/engine/rocksdb.go:120                     Options.recycle_log_file_num: 1
I211123 14:49:49.349722 41 storage/engine/rocksdb.go:120                          Options.allow_fallocate: 1
I211123 14:49:49.349726 41 storage/engine/rocksdb.go:120                         Options.allow_mmap_reads: 0
I211123 14:49:49.349730 41 storage/engine/rocksdb.go:120                        Options.allow_mmap_writes: 0
I211123 14:49:49.349733 41 storage/engine/rocksdb.go:120                         Options.use_direct_reads: 0
I211123 14:49:49.349737 41 storage/engine/rocksdb.go:120                         Options.use_direct_io_for_flush_and_compaction: 0
I211123 14:49:49.349740 41 storage/engine/rocksdb.go:120           Options.create_missing_column_families: 0
I211123 14:49:49.349744 41 storage/engine/rocksdb.go:120                               Options.db_log_dir: 
I211123 14:49:49.349747 41 storage/engine/rocksdb.go:120                                  Options.wal_dir: /cockroach/cockroach-data/cockroach-temp539593842
I211123 14:49:49.349751 41 storage/engine/rocksdb.go:120                 Options.table_cache_numshardbits: 6
I211123 14:49:49.349755 41 storage/engine/rocksdb.go:120                       Options.max_subcompactions: 1
I211123 14:49:49.349758 41 storage/engine/rocksdb.go:120                   Options.max_background_flushes: -1
I211123 14:49:49.349762 41 storage/engine/rocksdb.go:120                          Options.WAL_ttl_seconds: 0
I211123 14:49:49.349765 41 storage/engine/rocksdb.go:120                        Options.WAL_size_limit_MB: 0
I211123 14:49:49.349770 41 storage/engine/rocksdb.go:120              Options.manifest_preallocation_size: 4194304
I211123 14:49:49.349774 41 storage/engine/rocksdb.go:120                      Options.is_fd_close_on_exec: 1
I211123 14:49:49.349797 41 storage/engine/rocksdb.go:120                    Options.advise_random_on_open: 1
I211123 14:49:49.349803 41 storage/engine/rocksdb.go:120                     Options.db_write_buffer_size: 0
I211123 14:49:49.349811 41 storage/engine/rocksdb.go:120                     Options.write_buffer_manager: 0x7f8018619060
I211123 14:49:49.349814 41 storage/engine/rocksdb.go:120          Options.access_hint_on_compaction_start: 1
I211123 14:49:49.349818 41 storage/engine/rocksdb.go:120   Options.new_table_reader_for_compaction_inputs: 0
I211123 14:49:49.349821 41 storage/engine/rocksdb.go:120            Options.random_access_max_buffer_size: 1048576
I211123 14:49:49.349825 41 storage/engine/rocksdb.go:120                       Options.use_adaptive_mutex: 0
I211123 14:49:49.349829 41 storage/engine/rocksdb.go:120                             Options.rate_limiter: (nil)
I211123 14:49:49.349833 41 storage/engine/rocksdb.go:120      Options.sst_file_manager.rate_bytes_per_sec: 0
I211123 14:49:49.349837 41 storage/engine/rocksdb.go:120                        Options.wal_recovery_mode: 0
I211123 14:49:49.349840 41 storage/engine/rocksdb.go:120                   Options.enable_thread_tracking: 0
I211123 14:49:49.349844 41 storage/engine/rocksdb.go:120                   Options.enable_pipelined_write: 0
I211123 14:49:49.349847 41 storage/engine/rocksdb.go:120          Options.allow_concurrent_memtable_write: 1
I211123 14:49:49.349851 41 storage/engine/rocksdb.go:120       Options.enable_write_thread_adaptive_yield: 1
I211123 14:49:49.349854 41 storage/engine/rocksdb.go:120              Options.write_thread_max_yield_usec: 100
I211123 14:49:49.349858 41 storage/engine/rocksdb.go:120             Options.write_thread_slow_yield_usec: 3
I211123 14:49:49.349861 41 storage/engine/rocksdb.go:120                                Options.row_cache: None
I211123 14:49:49.349865 41 storage/engine/rocksdb.go:120                               Options.wal_filter: None
I211123 14:49:49.349868 41 storage/engine/rocksdb.go:120              Options.avoid_flush_during_recovery: 0
I211123 14:49:49.349872 41 storage/engine/rocksdb.go:120              Options.allow_ingest_behind: 0
I211123 14:49:49.349875 41 storage/engine/rocksdb.go:120              Options.preserve_deletes: 0
I211123 14:49:49.349879 41 storage/engine/rocksdb.go:120              Options.two_write_queues: 0
I211123 14:49:49.349882 41 storage/engine/rocksdb.go:120              Options.manual_wal_flush: 1
I211123 14:49:49.349886 41 storage/engine/rocksdb.go:120              Options.atomic_flush: 0
I211123 14:49:49.349890 41 storage/engine/rocksdb.go:120              Options.avoid_unnecessary_blocking_io: 0
I211123 14:49:49.349893 41 storage/engine/rocksdb.go:120              Options.max_background_jobs: 4
I211123 14:49:49.349896 41 storage/engine/rocksdb.go:120              Options.max_background_compactions: -1
I211123 14:49:49.349900 41 storage/engine/rocksdb.go:120              Options.avoid_flush_during_shutdown: 0
I211123 14:49:49.349903 41 storage/engine/rocksdb.go:120            Options.writable_file_max_buffer_size: 1048576
I211123 14:49:49.349907 41 storage/engine/rocksdb.go:120              Options.delayed_write_rate : 16777216
I211123 14:49:49.349910 41 storage/engine/rocksdb.go:120              Options.max_total_wal_size: 0
I211123 14:49:49.349914 41 storage/engine/rocksdb.go:120              Options.delete_obsolete_files_period_micros: 21600000000
I211123 14:49:49.349918 41 storage/engine/rocksdb.go:120                    Options.stats_dump_period_sec: 0
I211123 14:49:49.349921 41 storage/engine/rocksdb.go:120                  Options.stats_persist_period_sec: 600
I211123 14:49:49.349924 41 storage/engine/rocksdb.go:120                  Options.stats_history_buffer_size: 1048576
I211123 14:49:49.349928 41 storage/engine/rocksdb.go:120                           Options.max_open_files: 128
I211123 14:49:49.349932 41 storage/engine/rocksdb.go:120                           Options.bytes_per_sync: 524288
I211123 14:49:49.349935 41 storage/engine/rocksdb.go:120                       Options.wal_bytes_per_sync: 0
I211123 14:49:49.349939 41 storage/engine/rocksdb.go:120                    Options.strict_bytes_per_sync: 1
I211123 14:49:49.349942 41 storage/engine/rocksdb.go:120        Options.compaction_readahead_size: 0
I211123 14:49:49.349946 41 storage/engine/rocksdb.go:120  Compression algorithms supported:
I211123 14:49:49.349950 41 storage/engine/rocksdb.go:120  	kZSTDNotFinalCompression supported: 0
I211123 14:49:49.349954 41 storage/engine/rocksdb.go:120  	kZSTD supported: 0
I211123 14:49:49.349958 41 storage/engine/rocksdb.go:120  	kXpressCompression supported: 0
I211123 14:49:49.349962 41 storage/engine/rocksdb.go:120  	kLZ4HCCompression supported: 0
I211123 14:49:49.349965 41 storage/engine/rocksdb.go:120  	kLZ4Compression supported: 0
I211123 14:49:49.349969 41 storage/engine/rocksdb.go:120  	kBZip2Compression supported: 0
I211123 14:49:49.349972 41 storage/engine/rocksdb.go:120  	kZlibCompression supported: 0
I211123 14:49:49.349977 41 storage/engine/rocksdb.go:120  	kSnappyCompression supported: 1
I211123 14:49:49.349993 41 storage/engine/rocksdb.go:120  Fast CRC32 supported: Supported on x86
I211123 14:49:49.353084 41 storage/engine/rocksdb.go:120  [db/db_impl_open.cc:242] Creating manifest 1 
I211123 14:49:49.376219 41 storage/engine/rocksdb.go:120  [db/version_set.cc:4072] Recovering from manifest file: /cockroach/cockroach-data/cockroach-temp539593842/MANIFEST-000001
I211123 14:49:49.377457 41 storage/engine/rocksdb.go:120  [db/column_family.cc:488] --------------- Options for column family [default]:
I211123 14:49:49.377466 41 storage/engine/rocksdb.go:120                Options.comparator: cockroach_comparator
I211123 14:49:49.377471 41 storage/engine/rocksdb.go:120            Options.merge_operator: cockroach_merge_operator
I211123 14:49:49.377476 41 storage/engine/rocksdb.go:120         Options.compaction_filter: None
I211123 14:49:49.377480 41 storage/engine/rocksdb.go:120         Options.compaction_filter_factory: None
I211123 14:49:49.377484 41 storage/engine/rocksdb.go:120          Options.memtable_factory: SkipListFactory
I211123 14:49:49.377488 41 storage/engine/rocksdb.go:120             Options.table_factory: BlockBasedTable
I211123 14:49:49.377569 41 storage/engine/rocksdb.go:120             table_factory options:   flush_block_policy_factory: FlushBlockBySizePolicyFactory (0x7f8018628030)
  cache_index_and_filter_blocks: 0
  cache_index_and_filter_blocks_with_high_priority: 0
  pin_l0_filter_and_index_blocks_in_cache: 0
  pin_top_level_index_and_filter: 1
  index_type: 0
  data_block_index_type: 0
  index_shortening: 1
  data_block_hash_table_util_ratio: 0.750000
  hash_index_allow_collision: 1
  checksum: 1
  no_block_cache: 0
  block_cache: 0x7f801861c010
  block_cache_name: LRUCache
  block_cache_options:
    capacity : 1048576
    num_shard_bits : 4
    strict_capacity_limit : 0
    memory_allocator : None
    high_pri_pool_ratio: 0.000
  block_cache_compressed: (nil)
  persistent_cache: (nil)
  block_size: 32768
  block_size_deviation: 10
  block_restart_interval: 16
  index_block_restart_interval: 1
  metadata_block_size: 4096
  partition_filters: 0
  use_delta_encoding: 1
  filter_policy: rocksdb.BuiltinBloomFilter
  whole_key_filtering: 0
  verify_compression: 0
  read_amp_bytes_per_bit: 0
  format_version: 2
  enable_index_compression: 1
  block_align: 0
I211123 14:49:49.377581 41 storage/engine/rocksdb.go:120         Options.write_buffer_size: 67108864
I211123 14:49:49.377587 41 storage/engine/rocksdb.go:120   Options.max_write_buffer_number: 4
I211123 14:49:49.377611 41 storage/engine/rocksdb.go:120           Options.compression: Snappy
I211123 14:49:49.377616 41 storage/engine/rocksdb.go:120                   Options.bottommost_compression: Disabled
I211123 14:49:49.377621 41 storage/engine/rocksdb.go:120        Options.prefix_extractor: cockroach_prefix_extractor
I211123 14:49:49.377625 41 storage/engine/rocksdb.go:120    Options.memtable_insert_with_hint_prefix_extractor: nullptr
I211123 14:49:49.377629 41 storage/engine/rocksdb.go:120              Options.num_levels: 7
I211123 14:49:49.377633 41 storage/engine/rocksdb.go:120         Options.min_write_buffer_number_to_merge: 1
I211123 14:49:49.377636 41 storage/engine/rocksdb.go:120      Options.max_write_buffer_number_to_maintain: 0
I211123 14:49:49.377640 41 storage/engine/rocksdb.go:120             Options.bottommost_compression_opts.window_bits: -14
I211123 14:49:49.377644 41 storage/engine/rocksdb.go:120                   Options.bottommost_compression_opts.level: 32767
I211123 14:49:49.377648 41 storage/engine/rocksdb.go:120                Options.bottommost_compression_opts.strategy: 0
I211123 14:49:49.377651 41 storage/engine/rocksdb.go:120          Options.bottommost_compression_opts.max_dict_bytes: 0
I211123 14:49:49.377703 41 storage/engine/rocksdb.go:120          Options.bottommost_compression_opts.zstd_max_train_bytes: 0
I211123 14:49:49.377710 41 storage/engine/rocksdb.go:120                   Options.bottommost_compression_opts.enabled: false
I211123 14:49:49.377714 41 storage/engine/rocksdb.go:120             Options.compression_opts.window_bits: -14
I211123 14:49:49.377718 41 storage/engine/rocksdb.go:120                   Options.compression_opts.level: 32767
I211123 14:49:49.377721 41 storage/engine/rocksdb.go:120                Options.compression_opts.strategy: 0
I211123 14:49:49.377725 41 storage/engine/rocksdb.go:120          Options.compression_opts.max_dict_bytes: 0
I211123 14:49:49.377728 41 storage/engine/rocksdb.go:120          Options.compression_opts.zstd_max_train_bytes: 0
I211123 14:49:49.377732 41 storage/engine/rocksdb.go:120                   Options.compression_opts.enabled: false
I211123 14:49:49.377735 41 storage/engine/rocksdb.go:120       Options.level0_file_num_compaction_trigger: 2
I211123 14:49:49.377739 41 storage/engine/rocksdb.go:120           Options.level0_slowdown_writes_trigger: 950
I211123 14:49:49.377743 41 storage/engine/rocksdb.go:120               Options.level0_stop_writes_trigger: 1000
I211123 14:49:49.377747 41 storage/engine/rocksdb.go:120                    Options.target_file_size_base: 4194304
I211123 14:49:49.377750 41 storage/engine/rocksdb.go:120              Options.target_file_size_multiplier: 2
I211123 14:49:49.377754 41 storage/engine/rocksdb.go:120                 Options.max_bytes_for_level_base: 67108864
I211123 14:49:49.377757 41 storage/engine/rocksdb.go:120  Options.level_compaction_dynamic_level_bytes: 1
I211123 14:49:49.377762 41 storage/engine/rocksdb.go:120           Options.max_bytes_for_level_multiplier: 10.000000
I211123 14:49:49.377766 41 storage/engine/rocksdb.go:120  Options.max_bytes_for_level_multiplier_addtl[0]: 1
I211123 14:49:49.377810 41 storage/engine/rocksdb.go:120  Options.max_bytes_for_level_multiplier_addtl[1]: 1
I211123 14:49:49.377817 41 storage/engine/rocksdb.go:120  Options.max_bytes_for_level_multiplier_addtl[2]: 1
I211123 14:49:49.377820 41 storage/engine/rocksdb.go:120  Options.max_bytes_for_level_multiplier_addtl[3]: 1
I211123 14:49:49.377824 41 storage/engine/rocksdb.go:120  Options.max_bytes_for_level_multiplier_addtl[4]: 1
I211123 14:49:49.377833 41 storage/engine/rocksdb.go:120  Options.max_bytes_for_level_multiplier_addtl[5]: 1
I211123 14:49:49.377837 41 storage/engine/rocksdb.go:120  Options.max_bytes_for_level_multiplier_addtl[6]: 1
I211123 14:49:49.377841 41 storage/engine/rocksdb.go:120        Options.max_sequential_skip_in_iterations: 8
I211123 14:49:49.377844 41 storage/engine/rocksdb.go:120                     Options.max_compaction_bytes: 104857600
I211123 14:49:49.377848 41 storage/engine/rocksdb.go:120                         Options.arena_block_size: 8388608
I211123 14:49:49.377852 41 storage/engine/rocksdb.go:120    Options.soft_pending_compaction_bytes_limit: 2199023255552
I211123 14:49:49.377855 41 storage/engine/rocksdb.go:120    Options.hard_pending_compaction_bytes_limit: 4400193994752
I211123 14:49:49.377859 41 storage/engine/rocksdb.go:120        Options.rate_limit_delay_max_milliseconds: 100
I211123 14:49:49.377885 41 storage/engine/rocksdb.go:120                 Options.disable_auto_compactions: 0
I211123 14:49:49.377890 41 storage/engine/rocksdb.go:120                         Options.compaction_style: kCompactionStyleLevel
I211123 14:49:49.377895 41 storage/engine/rocksdb.go:120                           Options.compaction_pri: kMinOverlappingRatio
I211123 14:49:49.377931 41 storage/engine/rocksdb.go:120  Options.compaction_options_universal.size_ratio: 1
I211123 14:49:49.377937 41 storage/engine/rocksdb.go:120  Options.compaction_options_universal.min_merge_width: 2
I211123 14:49:49.377941 41 storage/engine/rocksdb.go:120  Options.compaction_options_universal.max_merge_width: 4294967295
I211123 14:49:49.377945 41 storage/engine/rocksdb.go:120  Options.compaction_options_universal.max_size_amplification_percent: 200
I211123 14:49:49.377948 41 storage/engine/rocksdb.go:120  Options.compaction_options_universal.compression_size_percent: -1
I211123 14:49:49.377953 41 storage/engine/rocksdb.go:120  Options.compaction_options_universal.stop_style: kCompactionStopStyleTotalSize
I211123 14:49:49.377957 41 storage/engine/rocksdb.go:120  Options.compaction_options_fifo.max_table_files_size: 1073741824
I211123 14:49:49.377960 41 storage/engine/rocksdb.go:120  Options.compaction_options_fifo.allow_compaction: 0
I211123 14:49:49.377967 41 storage/engine/rocksdb.go:120                    Options.table_properties_collectors: TimeBoundTblPropCollectorFactory; DeleteRangeTblPropCollectorFactory; 
I211123 14:49:49.377972 41 storage/engine/rocksdb.go:120                    Options.inplace_update_support: 0
I211123 14:49:49.377975 41 storage/engine/rocksdb.go:120                  Options.inplace_update_num_locks: 10000
I211123 14:49:49.377979 41 storage/engine/rocksdb.go:120                Options.memtable_prefix_bloom_size_ratio: 0.000000
I211123 14:49:49.377983 41 storage/engine/rocksdb.go:120                Options.memtable_whole_key_filtering: 0
I211123 14:49:49.377987 41 storage/engine/rocksdb.go:120    Options.memtable_huge_page_size: 0
I211123 14:49:49.377990 41 storage/engine/rocksdb.go:120                            Options.bloom_locality: 0
I211123 14:49:49.377994 41 storage/engine/rocksdb.go:120                     Options.max_successive_merges: 0
I211123 14:49:49.377997 41 storage/engine/rocksdb.go:120                 Options.optimize_filters_for_hits: 1
I211123 14:49:49.378000 41 storage/engine/rocksdb.go:120                 Options.paranoid_file_checks: 0
I211123 14:49:49.378087 41 storage/engine/rocksdb.go:120                 Options.force_consistency_checks: 0
I211123 14:49:49.378091 41 storage/engine/rocksdb.go:120                 Options.report_bg_io_stats: 0
I211123 14:49:49.378095 41 storage/engine/rocksdb.go:120                                Options.ttl: 0
I211123 14:49:49.378098 41 storage/engine/rocksdb.go:120           Options.periodic_compaction_seconds: 0
I211123 14:49:49.382291 41 storage/engine/rocksdb.go:120  [db/version_set.cc:4286] Recovered from manifest file:/cockroach/cockroach-data/cockroach-temp539593842/MANIFEST-000001 succeeded,manifest_file_number is 1, next_file_number is 3, last_sequence is 0, log_number is 0,prev_log_number is 0,max_column_family is 0,min_log_number_to_keep is 0
I211123 14:49:49.382350 41 storage/engine/rocksdb.go:120  [db/version_set.cc:4295] Column family [default] (ID 0), log number is 0
I211123 14:49:49.411792 41 storage/engine/rocksdb.go:120  DB pointer 0x7f80186a1000
I211123 14:49:49.448678 41 storage/engine/rocksdb.go:120  RocksDB version: 6.2.1
I211123 14:49:49.448750 41 storage/engine/rocksdb.go:120  Git sha rocksdb_build_git_sha:@b7009236531fa784872f4823eabf393501e41bf2@
I211123 14:49:49.448755 41 storage/engine/rocksdb.go:120  Compile date Dec 11 2019
I211123 14:49:49.448760 41 storage/engine/rocksdb.go:120  DB SUMMARY
I211123 14:49:49.451809 41 storage/engine/rocksdb.go:120  CURRENT file:  CURRENT
I211123 14:49:49.451817 41 storage/engine/rocksdb.go:120  IDENTITY file:  IDENTITY
I211123 14:49:49.452925 41 storage/engine/rocksdb.go:120  MANIFEST file:  MANIFEST-000069 size: 619 Bytes
I211123 14:49:49.452937 41 storage/engine/rocksdb.go:120  SST files in /cockroach/cockroach-data dir, Total Num: 3, files: 000075.sst 000076.sst 000078.sst 
I211123 14:49:49.452942 41 storage/engine/rocksdb.go:120  Write Ahead Log file in /cockroach/cockroach-data: 000073.log size: 59794171 ; 000077.log size: 12427412 ; 
I211123 14:49:49.452947 41 storage/engine/rocksdb.go:120                          Options.error_if_exists: 0
I211123 14:49:49.452951 41 storage/engine/rocksdb.go:120                        Options.create_if_missing: 1
I211123 14:49:49.452957 41 storage/engine/rocksdb.go:120                          Options.paranoid_checks: 1
I211123 14:49:49.453024 41 storage/engine/rocksdb.go:120                                      Options.env: 0x75591e0
I211123 14:49:49.453032 41 storage/engine/rocksdb.go:120                                 Options.info_log: 0x7f8013e19080
I211123 14:49:49.453036 41 storage/engine/rocksdb.go:120                 Options.max_file_opening_threads: 16
I211123 14:49:49.453039 41 storage/engine/rocksdb.go:120                               Options.statistics: 0x7f8013e1f010
I211123 14:49:49.453043 41 storage/engine/rocksdb.go:120                                Options.use_fsync: 0
I211123 14:49:49.453046 41 storage/engine/rocksdb.go:120                        Options.max_log_file_size: 0
I211123 14:49:49.453050 41 storage/engine/rocksdb.go:120                   Options.max_manifest_file_size: 134217728
I211123 14:49:49.453080 41 storage/engine/rocksdb.go:120                    Options.log_file_time_to_roll: 0
I211123 14:49:49.453084 41 storage/engine/rocksdb.go:120                        Options.keep_log_file_num: 1000
I211123 14:49:49.453088 41 storage/engine/rocksdb.go:120                     Options.recycle_log_file_num: 1
I211123 14:49:49.453092 41 storage/engine/rocksdb.go:120                          Options.allow_fallocate: 1
I211123 14:49:49.453098 41 storage/engine/rocksdb.go:120                         Options.allow_mmap_reads: 0
I211123 14:49:49.453161 41 storage/engine/rocksdb.go:120                        Options.allow_mmap_writes: 0
I211123 14:49:49.453169 41 storage/engine/rocksdb.go:120                         Options.use_direct_reads: 0
I211123 14:49:49.453173 41 storage/engine/rocksdb.go:120                         Options.use_direct_io_for_flush_and_compaction: 0
I211123 14:49:49.453176 41 storage/engine/rocksdb.go:120           Options.create_missing_column_families: 0
I211123 14:49:49.453180 41 storage/engine/rocksdb.go:120                               Options.db_log_dir: 
I211123 14:49:49.453183 41 storage/engine/rocksdb.go:120                                  Options.wal_dir: /cockroach/cockroach-data
I211123 14:49:49.453189 41 storage/engine/rocksdb.go:120                 Options.table_cache_numshardbits: 6
I211123 14:49:49.453192 41 storage/engine/rocksdb.go:120                       Options.max_subcompactions: 1
I211123 14:49:49.453196 41 storage/engine/rocksdb.go:120                   Options.max_background_flushes: -1
I211123 14:49:49.453200 41 storage/engine/rocksdb.go:120                          Options.WAL_ttl_seconds: 0
I211123 14:49:49.453203 41 storage/engine/rocksdb.go:120                        Options.WAL_size_limit_MB: 0
I211123 14:49:49.453207 41 storage/engine/rocksdb.go:120              Options.manifest_preallocation_size: 4194304
I211123 14:49:49.453210 41 storage/engine/rocksdb.go:120                      Options.is_fd_close_on_exec: 1
I211123 14:49:49.453214 41 storage/engine/rocksdb.go:120                    Options.advise_random_on_open: 1
I211123 14:49:49.453217 41 storage/engine/rocksdb.go:120                     Options.db_write_buffer_size: 0
I211123 14:49:49.453221 41 storage/engine/rocksdb.go:120                     Options.write_buffer_manager: 0x7f8013e87030
I211123 14:49:49.453224 41 storage/engine/rocksdb.go:120          Options.access_hint_on_compaction_start: 1
I211123 14:49:49.453228 41 storage/engine/rocksdb.go:120   Options.new_table_reader_for_compaction_inputs: 0
I211123 14:49:49.453232 41 storage/engine/rocksdb.go:120            Options.random_access_max_buffer_size: 1048576
I211123 14:49:49.453237 41 storage/engine/rocksdb.go:120                       Options.use_adaptive_mutex: 0
I211123 14:49:49.453302 41 storage/engine/rocksdb.go:120                             Options.rate_limiter: (nil)
I211123 14:49:49.453311 41 storage/engine/rocksdb.go:120      Options.sst_file_manager.rate_bytes_per_sec: 0
I211123 14:49:49.453315 41 storage/engine/rocksdb.go:120                        Options.wal_recovery_mode: 0
I211123 14:49:49.453318 41 storage/engine/rocksdb.go:120                   Options.enable_thread_tracking: 0
I211123 14:49:49.453321 41 storage/engine/rocksdb.go:120                   Options.enable_pipelined_write: 0
I211123 14:49:49.453325 41 storage/engine/rocksdb.go:120          Options.allow_concurrent_memtable_write: 1
I211123 14:49:49.453328 41 storage/engine/rocksdb.go:120       Options.enable_write_thread_adaptive_yield: 1
I211123 14:49:49.453332 41 storage/engine/rocksdb.go:120              Options.write_thread_max_yield_usec: 100
I211123 14:49:49.453336 41 storage/engine/rocksdb.go:120             Options.write_thread_slow_yield_usec: 3
I211123 14:49:49.453339 41 storage/engine/rocksdb.go:120                                Options.row_cache: None
I211123 14:49:49.453343 41 storage/engine/rocksdb.go:120                               Options.wal_filter: None
I211123 14:49:49.453347 41 storage/engine/rocksdb.go:120              Options.avoid_flush_during_recovery: 0
I211123 14:49:49.453351 41 storage/engine/rocksdb.go:120              Options.allow_ingest_behind: 0
I211123 14:49:49.453354 41 storage/engine/rocksdb.go:120              Options.preserve_deletes: 0
I211123 14:49:49.453358 41 storage/engine/rocksdb.go:120              Options.two_write_queues: 0
I211123 14:49:49.453361 41 storage/engine/rocksdb.go:120              Options.manual_wal_flush: 1
I211123 14:49:49.453364 41 storage/engine/rocksdb.go:120              Options.atomic_flush: 0
I211123 14:49:49.453368 41 storage/engine/rocksdb.go:120              Options.avoid_unnecessary_blocking_io: 0
I211123 14:49:49.453372 41 storage/engine/rocksdb.go:120              Options.max_background_jobs: 4
I211123 14:49:49.453378 41 storage/engine/rocksdb.go:120              Options.max_background_compactions: -1
I211123 14:49:49.453442 41 storage/engine/rocksdb.go:120              Options.avoid_flush_during_shutdown: 0
I211123 14:49:49.453449 41 storage/engine/rocksdb.go:120            Options.writable_file_max_buffer_size: 1048576
I211123 14:49:49.453453 41 storage/engine/rocksdb.go:120              Options.delayed_write_rate : 16777216
I211123 14:49:49.453456 41 storage/engine/rocksdb.go:120              Options.max_total_wal_size: 0
I211123 14:49:49.453460 41 storage/engine/rocksdb.go:120              Options.delete_obsolete_files_period_micros: 21600000000
I211123 14:49:49.453464 41 storage/engine/rocksdb.go:120                    Options.stats_dump_period_sec: 0
I211123 14:49:49.453467 41 storage/engine/rocksdb.go:120                  Options.stats_persist_period_sec: 600
I211123 14:49:49.453471 41 storage/engine/rocksdb.go:120                  Options.stats_history_buffer_size: 1048576
I211123 14:49:49.453474 41 storage/engine/rocksdb.go:120                           Options.max_open_files: 1043576
I211123 14:49:49.453478 41 storage/engine/rocksdb.go:120                           Options.bytes_per_sync: 524288
I211123 14:49:49.453481 41 storage/engine/rocksdb.go:120                       Options.wal_bytes_per_sync: 0
I211123 14:49:49.453485 41 storage/engine/rocksdb.go:120                    Options.strict_bytes_per_sync: 1
I211123 14:49:49.453488 41 storage/engine/rocksdb.go:120        Options.compaction_readahead_size: 0
I211123 14:49:49.453492 41 storage/engine/rocksdb.go:120  Compression algorithms supported:
I211123 14:49:49.453502 41 storage/engine/rocksdb.go:120  	kZSTDNotFinalCompression supported: 0
I211123 14:49:49.453506 41 storage/engine/rocksdb.go:120  	kZSTD supported: 0
I211123 14:49:49.453511 41 storage/engine/rocksdb.go:120  	kXpressCompression supported: 0
I211123 14:49:49.453517 41 storage/engine/rocksdb.go:120  	kLZ4HCCompression supported: 0
I211123 14:49:49.453581 41 storage/engine/rocksdb.go:120  	kLZ4Compression supported: 0
I211123 14:49:49.453587 41 storage/engine/rocksdb.go:120  	kBZip2Compression supported: 0
I211123 14:49:49.453590 41 storage/engine/rocksdb.go:120  	kZlibCompression supported: 0
I211123 14:49:49.453594 41 storage/engine/rocksdb.go:120  	kSnappyCompression supported: 1
I211123 14:49:49.453611 41 storage/engine/rocksdb.go:120  Fast CRC32 supported: Supported on x86
I211123 14:49:49.461966 41 storage/engine/rocksdb.go:120  [db/version_set.cc:4072] Recovering from manifest file: /cockroach/cockroach-data/MANIFEST-000069
I211123 14:49:49.463237 41 storage/engine/rocksdb.go:120  [db/column_family.cc:488] --------------- Options for column family [default]:
I211123 14:49:49.463257 41 storage/engine/rocksdb.go:120                Options.comparator: cockroach_comparator
I211123 14:49:49.463262 41 storage/engine/rocksdb.go:120            Options.merge_operator: cockroach_merge_operator
I211123 14:49:49.463266 41 storage/engine/rocksdb.go:120         Options.compaction_filter: None
I211123 14:49:49.463270 41 storage/engine/rocksdb.go:120         Options.compaction_filter_factory: None
I211123 14:49:49.463274 41 storage/engine/rocksdb.go:120          Options.memtable_factory: SkipListFactory
I211123 14:49:49.463278 41 storage/engine/rocksdb.go:120             Options.table_factory: BlockBasedTable
I211123 14:49:49.463377 41 storage/engine/rocksdb.go:120             table_factory options:   flush_block_policy_factory: FlushBlockBySizePolicyFactory (0x7f8013e1d028)
  cache_index_and_filter_blocks: 0
  cache_index_and_filter_blocks_with_high_priority: 0
  pin_l0_filter_and_index_blocks_in_cache: 0
  pin_top_level_index_and_filter: 1
  index_type: 0
  data_block_index_type: 0
  index_shortening: 1
  data_block_hash_table_util_ratio: 0.750000
  hash_index_allow_collision: 1
  checksum: 1
  no_block_cache: 0
  block_cache: 0x7f8013e0e010
  block_cache_name: LRUCache
  block_cache_options:
    capacity : 67108864
    num_shard_bits : 4
    strict_capacity_limit : 0
    memory_allocator : None
    high_pri_pool_ratio: 0.000
  block_cache_compressed: (nil)
  persistent_cache: (nil)
  block_size: 32768
  block_size_deviation: 10
  block_restart_interval: 16
  index_block_restart_interval: 1
  metadata_block_size: 4096
  partition_filters: 0
  use_delta_encoding: 1
  filter_policy: rocksdb.BuiltinBloomFilter
  whole_key_filtering: 0
  verify_compression: 0
  read_amp_bytes_per_bit: 0
  format_version: 2
  enable_index_compression: 1
  block_align: 0
I211123 14:49:49.463386 41 storage/engine/rocksdb.go:120         Options.write_buffer_size: 67108864
I211123 14:49:49.463392 41 storage/engine/rocksdb.go:120   Options.max_write_buffer_number: 4
I211123 14:49:49.463396 41 storage/engine/rocksdb.go:120           Options.compression: Snappy
I211123 14:49:49.463400 41 storage/engine/rocksdb.go:120                   Options.bottommost_compression: Disabled
I211123 14:49:49.463404 41 storage/engine/rocksdb.go:120        Options.prefix_extractor: cockroach_prefix_extractor
I211123 14:49:49.463408 41 storage/engine/rocksdb.go:120    Options.memtable_insert_with_hint_prefix_extractor: nullptr
I211123 14:49:49.463411 41 storage/engine/rocksdb.go:120              Options.num_levels: 7
I211123 14:49:49.463415 41 storage/engine/rocksdb.go:120         Options.min_write_buffer_number_to_merge: 1
I211123 14:49:49.463419 41 storage/engine/rocksdb.go:120      Options.max_write_buffer_number_to_maintain: 0
I211123 14:49:49.463422 41 storage/engine/rocksdb.go:120             Options.bottommost_compression_opts.window_bits: -14
I211123 14:49:49.463475 41 storage/engine/rocksdb.go:120                   Options.bottommost_compression_opts.level: 32767
I211123 14:49:49.463481 41 storage/engine/rocksdb.go:120                Options.bottommost_compression_opts.strategy: 0
I211123 14:49:49.463484 41 storage/engine/rocksdb.go:120          Options.bottommost_compression_opts.max_dict_bytes: 0
I211123 14:49:49.463488 41 storage/engine/rocksdb.go:120          Options.bottommost_compression_opts.zstd_max_train_bytes: 0
I211123 14:49:49.463492 41 storage/engine/rocksdb.go:120                   Options.bottommost_compression_opts.enabled: false
I211123 14:49:49.463496 41 storage/engine/rocksdb.go:120             Options.compression_opts.window_bits: -14
I211123 14:49:49.463500 41 storage/engine/rocksdb.go:120                   Options.compression_opts.level: 32767
I211123 14:49:49.463504 41 storage/engine/rocksdb.go:120                Options.compression_opts.strategy: 0
I211123 14:49:49.463508 41 storage/engine/rocksdb.go:120          Options.compression_opts.max_dict_bytes: 0
I211123 14:49:49.463511 41 storage/engine/rocksdb.go:120          Options.compression_opts.zstd_max_train_bytes: 0
I211123 14:49:49.463515 41 storage/engine/rocksdb.go:120                   Options.compression_opts.enabled: false
I211123 14:49:49.463518 41 storage/engine/rocksdb.go:120       Options.level0_file_num_compaction_trigger: 2
I211123 14:49:49.463522 41 storage/engine/rocksdb.go:120           Options.level0_slowdown_writes_trigger: 950
I211123 14:49:49.463526 41 storage/engine/rocksdb.go:120               Options.level0_stop_writes_trigger: 1000
I211123 14:49:49.463529 41 storage/engine/rocksdb.go:120                    Options.target_file_size_base: 4194304
I211123 14:49:49.463533 41 storage/engine/rocksdb.go:120              Options.target_file_size_multiplier: 2
I211123 14:49:49.463537 41 storage/engine/rocksdb.go:120                 Options.max_bytes_for_level_base: 67108864
I211123 14:49:49.463540 41 storage/engine/rocksdb.go:120  Options.level_compaction_dynamic_level_bytes: 1
I211123 14:49:49.463551 41 storage/engine/rocksdb.go:120           Options.max_bytes_for_level_multiplier: 10.000000
I211123 14:49:49.463599 41 storage/engine/rocksdb.go:120  Options.max_bytes_for_level_multiplier_addtl[0]: 1
I211123 14:49:49.463607 41 storage/engine/rocksdb.go:120  Options.max_bytes_for_level_multiplier_addtl[1]: 1
I211123 14:49:49.463611 41 storage/engine/rocksdb.go:120  Options.max_bytes_for_level_multiplier_addtl[2]: 1
I211123 14:49:49.463615 41 storage/engine/rocksdb.go:120  Options.max_bytes_for_level_multiplier_addtl[3]: 1
I211123 14:49:49.463618 41 storage/engine/rocksdb.go:120  Options.max_bytes_for_level_multiplier_addtl[4]: 1
I211123 14:49:49.463622 41 storage/engine/rocksdb.go:120  Options.max_bytes_for_level_multiplier_addtl[5]: 1
I211123 14:49:49.463625 41 storage/engine/rocksdb.go:120  Options.max_bytes_for_level_multiplier_addtl[6]: 1
I211123 14:49:49.463629 41 storage/engine/rocksdb.go:120        Options.max_sequential_skip_in_iterations: 8
I211123 14:49:49.463632 41 storage/engine/rocksdb.go:120                     Options.max_compaction_bytes: 104857600
I211123 14:49:49.463636 41 storage/engine/rocksdb.go:120                         Options.arena_block_size: 8388608
I211123 14:49:49.463639 41 storage/engine/rocksdb.go:120    Options.soft_pending_compaction_bytes_limit: 2199023255552
I211123 14:49:49.463643 41 storage/engine/rocksdb.go:120    Options.hard_pending_compaction_bytes_limit: 4400193994752
I211123 14:49:49.463647 41 storage/engine/rocksdb.go:120        Options.rate_limit_delay_max_milliseconds: 100
I211123 14:49:49.463651 41 storage/engine/rocksdb.go:120                 Options.disable_auto_compactions: 0
I211123 14:49:49.463656 41 storage/engine/rocksdb.go:120                         Options.compaction_style: kCompactionStyleLevel
I211123 14:49:49.463661 41 storage/engine/rocksdb.go:120                           Options.compaction_pri: kMinOverlappingRatio
I211123 14:49:49.463664 41 storage/engine/rocksdb.go:120  Options.compaction_options_universal.size_ratio: 1
I211123 14:49:49.463667 41 storage/engine/rocksdb.go:120  Options.compaction_options_universal.min_merge_width: 2
I211123 14:49:49.463671 41 storage/engine/rocksdb.go:120  Options.compaction_options_universal.max_merge_width: 4294967295
I211123 14:49:49.463675 41 storage/engine/rocksdb.go:120  Options.compaction_options_universal.max_size_amplification_percent: 200
I211123 14:49:49.463678 41 storage/engine/rocksdb.go:120  Options.compaction_options_universal.compression_size_percent: -1
I211123 14:49:49.463682 41 storage/engine/rocksdb.go:120  Options.compaction_options_universal.stop_style: kCompactionStopStyleTotalSize
I211123 14:49:49.463732 41 storage/engine/rocksdb.go:120  Options.compaction_options_fifo.max_table_files_size: 1073741824
I211123 14:49:49.463738 41 storage/engine/rocksdb.go:120  Options.compaction_options_fifo.allow_compaction: 0
I211123 14:49:49.463744 41 storage/engine/rocksdb.go:120                    Options.table_properties_collectors: TimeBoundTblPropCollectorFactory; DeleteRangeTblPropCollectorFactory; 
I211123 14:49:49.463749 41 storage/engine/rocksdb.go:120                    Options.inplace_update_support: 0
I211123 14:49:49.463753 41 storage/engine/rocksdb.go:120                  Options.inplace_update_num_locks: 10000
I211123 14:49:49.463757 41 storage/engine/rocksdb.go:120                Options.memtable_prefix_bloom_size_ratio: 0.000000
I211123 14:49:49.463761 41 storage/engine/rocksdb.go:120                Options.memtable_whole_key_filtering: 0
I211123 14:49:49.463765 41 storage/engine/rocksdb.go:120    Options.memtable_huge_page_size: 0
I211123 14:49:49.463768 41 storage/engine/rocksdb.go:120                            Options.bloom_locality: 0
I211123 14:49:49.463772 41 storage/engine/rocksdb.go:120                     Options.max_successive_merges: 0
I211123 14:49:49.463775 41 storage/engine/rocksdb.go:120                 Options.optimize_filters_for_hits: 1
I211123 14:49:49.463779 41 storage/engine/rocksdb.go:120                 Options.paranoid_file_checks: 0
I211123 14:49:49.463782 41 storage/engine/rocksdb.go:120                 Options.force_consistency_checks: 0
I211123 14:49:49.463786 41 storage/engine/rocksdb.go:120                 Options.report_bg_io_stats: 0
I211123 14:49:49.463790 41 storage/engine/rocksdb.go:120                                Options.ttl: 0
I211123 14:49:49.463793 41 storage/engine/rocksdb.go:120           Options.periodic_compaction_seconds: 0
I211123 14:49:49.478852 41 storage/engine/rocksdb.go:120  [db/version_set.cc:3086] More existing levels in DB than needed. max_bytes_for_level_multiplier may not be guaranteed.
I211123 14:49:49.478873 41 storage/engine/rocksdb.go:120  [db/version_set.cc:4286] Recovered from manifest file:/cockroach/cockroach-data/MANIFEST-000069 succeeded,manifest_file_number is 69, next_file_number is 80, last_sequence is 4518863, log_number is 77,prev_log_number is 0,max_column_family is 0,min_log_number_to_keep is 0
I211123 14:49:49.478878 41 storage/engine/rocksdb.go:120  [db/version_set.cc:4295] Column family [default] (ID 0), log number is 77
I211123 14:49:49.482119 41 storage/engine/rocksdb.go:120  EVENT_LOG_v1 {"time_micros": 1637678989482074, "job": 1, "event": "recovery_started", "log_files": [73, 77]}
I211123 14:49:49.482133 41 storage/engine/rocksdb.go:120  [db/db_impl_open.cc:586] Skipping log #73 since it is older than min log to keep #77
I211123 14:49:49.482140 41 storage/engine/rocksdb.go:120  [db/db_impl_open.cc:598] Recovering log #77 mode 0
I211123 14:49:49.790933 41 storage/engine/rocksdb.go:120  EVENT_LOG_v1 {"time_micros": 1637678989790831, "cf_name": "default", "job": 1, "event": "table_file_creation", "file_number": 80, "file_size": 121672, "table_properties": {"data_size": 117365, "index_size": 1081, "index_partitions": 0, "top_level_index_size": 0, "index_key_is_user_key": 0, "index_value_is_delta_encoded": 0, "filter_size": 2629, "raw_key_size": 77418, "raw_average_key_size": 34, "raw_value_size": 621143, "raw_average_value_size": 277, "num_data_blocks": 18, "num_entries": 2235, "num_deletions": 1129, "num_merge_operands": 664, "num_range_deletions": 664, "format_version": 0, "fixed_key_len": 0, "filter_policy": "rocksdb.BuiltinBloomFilter", "column_family_name": "default", "column_family_id": 0, "comparator": "cockroach_comparator", "merge_operator": "cockroach_merge_operator", "prefix_extractor_name": "cockroach_prefix_extractor", "property_collectors": "[TimeBoundTblPropCollectorFactory,DeleteRangeTblPropCollectorFactory]", "compression": "Snappy", "compression_options": "window_bits=-14; level=32767; strategy=0; max_dict_bytes=0; zstd_max_train_bytes=0; enabled=0; ", "creation_time": 1637678989, "oldest_key_time": 3, "file_creation_time": 0}}
I211123 14:49:49.793335 41 storage/engine/rocksdb.go:120  [db/version_set.cc:3560] Creating manifest 81
I211123 14:49:49.798601 41 storage/engine/rocksdb.go:120  [db/version_set.cc:3086] More existing levels in DB than needed. max_bytes_for_level_multiplier may not be guaranteed.
I211123 14:49:49.805915 41 storage/engine/rocksdb.go:120  EVENT_LOG_v1 {"time_micros": 1637678989805887, "job": 1, "event": "recovery_finished"}
I211123 14:49:49.941282 17 storage/engine/rocksdb.go:120  [db/compaction_job.cc:1647] [default] [JOB 3] Compacting 2@0 + 2@6 files to L6, score 1.00
I211123 14:49:49.941301 17 storage/engine/rocksdb.go:120  [db/compaction_job.cc:1651] [default] Compaction start summary: Base version 2 Base level 0, inputs: [80(118KB) 78(360KB)], [75(4122KB) 76(1157KB)]
I211123 14:49:49.941351 17 storage/engine/rocksdb.go:120  EVENT_LOG_v1 {"time_micros": 1637678989941321, "job": 3, "event": "compaction_started", "compaction_reason": "LevelL0FilesNum", "files_L0": [80, 78], "files_L6": [75, 76], "score": 1, "input_data_size": 5897002}
I211123 14:49:49.952956 41 storage/engine/rocksdb.go:120  DB pointer 0x7f8013e94000
I211123 14:49:50.164415 17 storage/engine/rocksdb.go:120  [db/compaction_job.cc:1334] [default] [JOB 3] Generated table #85: 11619 keys, 4234501 bytes
I211123 14:49:50.164694 17 storage/engine/rocksdb.go:120  EVENT_LOG_v1 {"time_micros": 1637678990164543, "cf_name": "default", "job": 3, "event": "table_file_creation", "file_number": 85, "file_size": 4234501, "table_properties": {"data_size": 4214620, "index_size": 64461, "index_partitions": 0, "top_level_index_size": 0, "index_key_is_user_key": 0, "index_value_is_delta_encoded": 0, "filter_size": 0, "raw_key_size": 601247, "raw_average_key_size": 51, "raw_value_size": 29073506, "raw_average_value_size": 2502, "num_data_blocks": 948, "num_entries": 11619, "num_deletions": 0, "num_merge_operands": 0, "num_range_deletions": 0, "format_version": 0, "fixed_key_len": 0, "filter_policy": "rocksdb.BuiltinBloomFilter", "column_family_name": "default", "column_family_id": 0, "comparator": "cockroach_comparator", "merge_operator": "cockroach_merge_operator", "prefix_extractor_name": "cockroach_prefix_extractor", "property_collectors": "[TimeBoundTblPropCollectorFactory,DeleteRangeTblPropCollectorFactory]", "compression": "Snappy", "compression_options": "window_bits=-14; level=32767; strategy=0; max_dict_bytes=0; zstd_max_train_bytes=0; enabled=0; ", "creation_time": 1637678989, "oldest_key_time": 0, "file_creation_time": 1637678989}}
I211123 14:49:50.230304 17 storage/engine/rocksdb.go:120  [db/compaction_job.cc:1334] [default] [JOB 3] Generated table #86: 3797 keys, 1493409 bytes
I211123 14:49:50.230709 17 storage/engine/rocksdb.go:120  EVENT_LOG_v1 {"time_micros": 1637678990230343, "cf_name": "default", "job": 3, "event": "table_file_creation", "file_number": 86, "file_size": 1493409, "table_properties": {"data_size": 1486100, "index_size": 21540, "index_partitions": 0, "top_level_index_size": 0, "index_key_is_user_key": 0, "index_value_is_delta_encoded": 0, "filter_size": 0, "raw_key_size": 206356, "raw_average_key_size": 54, "raw_value_size": 9386426, "raw_average_value_size": 2472, "num_data_blocks": 307, "num_entries": 3797, "num_deletions": 0, "num_merge_operands": 0, "num_range_deletions": 0, "format_version": 0, "fixed_key_len": 0, "filter_policy": "rocksdb.BuiltinBloomFilter", "column_family_name": "default", "column_family_id": 0, "comparator": "cockroach_comparator", "merge_operator": "cockroach_merge_operator", "prefix_extractor_name": "cockroach_prefix_extractor", "property_collectors": "[TimeBoundTblPropCollectorFactory,DeleteRangeTblPropCollectorFactory]", "compression": "Snappy", "compression_options": "window_bits=-14; level=32767; strategy=0; max_dict_bytes=0; zstd_max_train_bytes=0; enabled=0; ", "creation_time": 1637678989, "oldest_key_time": 0, "file_creation_time": 1637678990}}
I211123 14:49:50.234128 17 storage/engine/rocksdb.go:120  [db/compaction_job.cc:1397] [default] [JOB 3] Compacted 2@0 + 2@6 files to L6 => 5727910 bytes
I211123 14:49:50.234166 17 storage/engine/rocksdb.go:120  [db/version_set.cc:3086] More existing levels in DB than needed. max_bytes_for_level_multiplier may not be guaranteed.
I211123 14:49:50.234962 17 storage/engine/rocksdb.go:120  (Original Log Time 2021/11/23-14:49:50.234736) [db/compaction_job.cc:770] [default] compacted to: base level 6 level multiplier 10.00 max bytes base 67108864 files[0 0 0 0 0 0 2] max score 0.00, MB/sec: 20.4 rd, 19.8 wr, level 6, files in(2, 2) out(2) MB in(0.5, 5.2) out(5.5), read-write-amplify(23.7) write-amplify(11.7) OK, records in: 24382, records dropped: 7638 output_compression: Snappy
I211123 14:49:50.234977 17 storage/engine/rocksdb.go:120  (Original Log Time 2021/11/23-14:49:50.234803) EVENT_LOG_v1 {"time_micros": 1637678990234754, "job": 3, "event": "compaction_finished", "compaction_time_micros": 289476, "compaction_time_cpu_micros": 136612, "output_level": 6, "num_output_files": 2, "total_output_size": 5727910, "num_input_records": 23054, "num_output_records": 15416, "num_subcompactions": 1, "output_compression": "Snappy", "num_single_delete_mismatches": 0, "num_single_delete_fallthrough": 0, "lsm_state": [0, 0, 0, 0, 0, 0, 2]}
I211123 14:49:50.236469 17 storage/engine/rocksdb.go:120  EVENT_LOG_v1 {"time_micros": 1637678990236409, "job": 3, "event": "table_file_deletion", "file_number": 80}
I211123 14:49:50.238492 17 storage/engine/rocksdb.go:120  EVENT_LOG_v1 {"time_micros": 1637678990238368, "job": 3, "event": "table_file_deletion", "file_number": 78}
I211123 14:49:50.240775 17 storage/engine/rocksdb.go:120  EVENT_LOG_v1 {"time_micros": 1637678990240739, "job": 3, "event": "table_file_deletion", "file_number": 76}
I211123 14:49:50.244407 17 storage/engine/rocksdb.go:120  EVENT_LOG_v1 {"time_micros": 1637678990244372, "job": 3, "event": "table_file_deletion", "file_number": 75}
I211123 15:30:54.543488 32784 storage/engine/rocksdb.go:120  bloom filter utility:    -nan%
I211123 15:30:54.547006 32784 storage/engine/rocksdb.go:120  [db/db_impl.cc:392] Shutdown: canceling all background work
I211123 15:30:54.548747 32784 storage/engine/rocksdb.go:120  [db/db_impl.cc:565] Shutdown complete
I211123 15:30:54.564181 32784 storage/engine/rocksdb.go:120  bloom filter utility:    80.9%
I211123 15:30:54.568504 32784 storage/engine/rocksdb.go:120  [db/db_impl.cc:392] Shutdown: canceling all background work
I211123 15:30:54.594934 32784 storage/engine/rocksdb.go:120  [db/db_impl.cc:565] Shutdown complete
