I211123 15:32:28.990268 1 util/log/clog.go:1196  [config] file created at: 2021/11/23 15:32:28
I211123 15:32:28.990268 1 util/log/clog.go:1196  [config] running on machine: a8448a53dc6d
I211123 15:32:28.990268 1 util/log/clog.go:1196  [config] binary: CockroachDB CCL v19.2.2 (x86_64-unknown-linux-gnu, built 2019/12/11 01:33:43, go1.12.12)
I211123 15:32:28.990268 1 util/log/clog.go:1196  [config] arguments: [/cockroach/cockroach start-single-node --insecure]
I211123 15:32:28.990268 1 util/log/clog.go:1196  line format: [IWEF]yymmdd hh:mm:ss.uuuuuu goid file:line msg utf8=✓
I211123 15:32:28.990267 1 cli/start.go:1144  logging to directory /cockroach/cockroach-data/logs
W211123 15:32:29.000693 1 cli/start.go:1182  RUNNING IN INSECURE MODE!

- Your cluster is open for any client that can access <all your IP addresses>.
- Any user, even root, can log in without providing a password.
- Any user, connecting as root, can read or write any data in your cluster.
- There is no network encryption nor authentication, and thus no confidentiality.

Check out how to secure your cluster: https://www.cockroachlabs.com/docs/v19.2/secure-a-cluster.html
I211123 15:32:29.000954 1 server/status/recorder.go:599  available memory from cgroups (8.0 EiB) exceeds system memory 12 GiB, using system memory
W211123 15:32:29.001402 1 cli/start.go:1052  Using the default setting for --cache (128 MiB).
  A significantly larger value is usually needed for good performance.
  If you have a dedicated server a reasonable setting is --cache=.25 (2.9 GiB).
I211123 15:32:29.003154 1 server/status/recorder.go:599  available memory from cgroups (8.0 EiB) exceeds system memory 12 GiB, using system memory
W211123 15:32:29.003266 1 cli/start.go:1065  Using the default setting for --max-sql-memory (128 MiB).
  A significantly larger value is usually needed in production.
  If you have a dedicated server a reasonable setting is --max-sql-memory=.25 (2.9 GiB).
I211123 15:32:29.003613 1 server/status/recorder.go:599  available memory from cgroups (8.0 EiB) exceeds system memory 12 GiB, using system memory
I211123 15:32:29.003789 1 cli/start.go:1196  CockroachDB CCL v19.2.2 (x86_64-unknown-linux-gnu, built 2019/12/11 01:33:43, go1.12.12)
I211123 15:32:29.140882 1 server/status/recorder.go:599  available memory from cgroups (8.0 EiB) exceeds system memory 12 GiB, using system memory
I211123 15:32:29.140952 1 server/config.go:394  system total memory: 12 GiB
I211123 15:32:29.140989 1 server/config.go:396  server configuration:
max offset             500000000
cache size             128 MiB
SQL memory pool size   128 MiB
scan interval          10m0s
scan min idle time     10ms
scan max idle time     1s
event log enabled      true
I211123 15:32:29.141003 1 cli/start.go:1030  using local environment variables: COCKROACH_CHANNEL=official-docker
I211123 15:32:29.141012 1 cli/start.go:1037  process identity: uid 0 euid 0 gid 0 egid 0
I211123 15:32:29.141147 1 cli/start.go:644  starting cockroach node
I211123 15:32:29.146508 25 storage/engine/rocksdb.go:622  opening rocksdb instance at "/cockroach/cockroach-data/cockroach-temp788476058"
I211123 15:32:29.249248 25 server/server.go:928  [n?] monitoring forward clock jumps based on server.clock.forward_jump_check_enabled
I211123 15:32:29.250798 25 storage/engine/rocksdb.go:622  opening rocksdb instance at "/cockroach/cockroach-data"
I211123 15:32:29.365314 25 server/config.go:502  [n?] 1 storage engine initialized
I211123 15:32:29.365325 25 server/config.go:505  [n?] RocksDB cache size: 128 MiB
I211123 15:32:29.365331 25 server/config.go:505  [n?] store 0: RocksDB, max size 0 B, max open file limit 1043576
W211123 15:32:29.399208 25 cli/start.go:996  neither --listen-addr nor --advertise-addr was specified.
The server will advertise "a8448a53dc6d" to other nodes, is this routable?

Consider using:
- for local-only servers:  --listen-addr=localhost
- for multi-node clusters: --advertise-addr=<host/IP addr>
I211123 15:32:29.401263 25 server/server.go:978  [n?] Sleeping till wall time 1637681549401231515 to catches up to 1637681549749205605 to ensure monotonicity. Delta: 347.97409ms
I211123 15:32:29.749873 25 gossip/gossip.go:394  [n1] NodeDescriptor set to node_id:1 address:<network_field:"tcp" address_field:"a8448a53dc6d:26257" > attrs:<> locality:<> ServerVersion:<major_val:19 minor_val:2 patch:0 unstable:0 > build_tag:"v19.2.2" started_at:1637681549749689777 cluster_name:"" sql_address:<network_field:"tcp" address_field:"a8448a53dc6d:26257" > 
W211123 15:32:29.789571 149 storage/replica_range_lease.go:554  can't determine lease status due to node liveness error: node not in the liveness table
github.com/cockroachdb/cockroach/pkg/storage.init.ializers
	/go/src/github.com/cockroachdb/cockroach/pkg/storage/node_liveness.go:44
runtime.main
	/usr/local/go/src/runtime/proc.go:188
runtime.goexit
	/usr/local/go/src/runtime/asm_amd64.s:1337
W211123 15:32:29.789614 149 storage/store.go:1530  [n1,s1,r6/1:/Table/{SystemCon…-11}] could not gossip system config: [NotLeaseHolderError] r6: replica (n1,s1):1 not lease holder; lease holder unknown
I211123 15:32:29.820360 25 server/node.go:431  [n1] initialized store [n1,s1]: disk (capacity=58 TiB, available=2.0 TiB, used=8.5 MiB, logicalBytes=60 MiB), ranges=26, leases=2, queries=0.00, writes=0.00, bytesPerReplica={p10=0.00 p25=0.00 p50=326.00 p75=8487.00 p90=28988.00 pMax=62326261.00}, writesPerReplica={p10=0.00 p25=0.00 p50=0.00 p75=0.00 p90=0.00 pMax=0.00}
I211123 15:32:29.820459 25 storage/stores.go:240  [n1] read 0 node addresses from persistent storage
I211123 15:32:29.820570 25 server/node.go:645  [n1] connecting to gossip network to verify cluster ID...
I211123 15:32:29.820591 25 server/node.go:665  [n1] node connected via gossip and verified as part of cluster "4ec27673-48c0-44d2-8cd5-72668472efa5"
I211123 15:32:29.820679 25 server/node.go:512  [n1] node=1: started with [<no-attributes>=/cockroach/cockroach-data] engine(s) and attributes []
I211123 15:32:29.822818 25 server/server.go:1514  [n1] starting http server at [::]:8080 (use: a8448a53dc6d:8080)
I211123 15:32:29.822841 25 server/server.go:1521  [n1] starting grpc/postgres server at [::]:26257
I211123 15:32:29.822858 25 server/server.go:1522  [n1] advertising CockroachDB node at a8448a53dc6d:26257
I211123 15:32:29.844158 25 server/server.go:1590  [n1] done ensuring all necessary migrations have run
I211123 15:32:29.844207 25 server/server.go:1841  [n1] serving sql connections
I211123 15:32:29.844279 25 cli/start.go:803  [config] clusterID: 4ec27673-48c0-44d2-8cd5-72668472efa5
I211123 15:32:29.844297 25 cli/start.go:812  node startup completed:
CockroachDB node starting at 2021-11-23 15:32:29.844224869 +0000 UTC (took 0.9s)
build:               CCL v19.2.2 @ 2019/12/11 01:33:43 (go1.12.12)
webui:               http://a8448a53dc6d:8080
sql:                 postgresql://root@a8448a53dc6d:26257?sslmode=disable
RPC client flags:    /cockroach/cockroach <client cmd> --host=a8448a53dc6d:26257 --insecure
logs:                /cockroach/cockroach-data/logs
temp dir:            /cockroach/cockroach-data/cockroach-temp788476058
external I/O path:   /cockroach/cockroach-data/extern
store[0]:            path=/cockroach/cockroach-data
status:              restarted pre-existing node
clusterID:           4ec27673-48c0-44d2-8cd5-72668472efa5
nodeID:              1
I211123 15:32:29.870552 195 server/server_update.go:53  [n1] no need to upgrade, cluster already at the newest version
I211123 15:32:29.871609 197 sql/event_log.go:130  [n1] Event: "node_restart", target: 1, info: {Descriptor:{NodeID:1 Address:a8448a53dc6d:26257 Attrs: Locality: ServerVersion:19.2 BuildTag:v19.2.2 StartedAt:1637681549749689777 LocalityAddress:[] ClusterName: SQLAddress:a8448a53dc6d:26257} ClusterID:4ec27673-48c0-44d2-8cd5-72668472efa5 StartedAt:1637681549749689777 LastUp:1637681515038614412}
I211123 15:32:30.987999 99 gossip/gossip.go:1531  [n1] node has connected to cluster via gossip
I211123 15:32:30.988200 99 storage/stores.go:259  [n1] wrote 0 node addresses to persistent storage
I211123 15:32:39.827920 162 server/status/runtime.go:498  [n1] runtime stats: 99 MiB RSS, 132 goroutines, 76 MiB/46 MiB/131 MiB GO alloc/idle/total, 14 MiB/18 MiB CGO alloc/total, 0.0 CGO/sec, 0.0/0.0 %(u/s)time, 0.0 %gc (8x), 3.6 KiB/1.5 KiB (r/w)net
I211123 15:32:49.805505 157 storage/store.go:2364  [n1,s1] sstables (read amplification = 1):
6 [ 6M 2 ]: 4M 2M
I211123 15:32:49.805678 157 storage/store.go:2365  [n1,s1] 
** Compaction Stats [default] **
Level    Files   Size     Score Read(GB)  Rn(GB) Rnp1(GB) Write(GB) Wnew(GB) Moved(GB) W-Amp Rd(MB/s) Wr(MB/s) Comp(sec) CompMergeCPU(sec) Comp(cnt) Avg(sec) KeyIn KeyDrop
----------------------------------------------------------------------------------------------------------------------------------------------------------------------------
  L0      0/0    0.00 KB   0.0      0.0     0.0      0.0       0.0      0.0       0.0   1.0      0.0      4.5      0.01              0.00         1    0.014       0      0
  L6      2/0    5.76 MB   0.0      0.0     0.0      0.0       0.0      0.0       0.0  13.8     29.0     28.4      0.20              0.11         1    0.203     24K   7339
 Sum      2/0    5.76 MB   0.0      0.0     0.0      0.0       0.0      0.0       0.0  95.0     27.1     26.9      0.22              0.11         2    0.108     24K   7339
 Int      0/0    0.00 KB   0.0      0.0     0.0      0.0       0.0      0.0       0.0  95.0     27.1     26.9      0.22              0.11         2    0.108     24K   7339

** Compaction Stats [default] **
Priority    Files   Size     Score Read(GB)  Rn(GB) Rnp1(GB) Write(GB) Wnew(GB) Moved(GB) W-Amp Rd(MB/s) Wr(MB/s) Comp(sec) CompMergeCPU(sec) Comp(cnt) Avg(sec) KeyIn KeyDrop
-------------------------------------------------------------------------------------------------------------------------------------------------------------------------------
 Low      0/0    0.00 KB   0.0      0.0     0.0      0.0       0.0      0.0       0.0   0.0     29.0     28.4      0.20              0.11         1    0.203     24K   7339
User      0/0    0.00 KB   0.0      0.0     0.0      0.0       0.0      0.0       0.0   0.0      0.0      4.5      0.01              0.00         1    0.014       0      0
Uptime(secs): 20.5 total, 20.5 interval
Flush(GB): cumulative 0.000, interval 0.000
AddFile(GB): cumulative 0.000, interval 0.000
AddFile(Total Files): cumulative 0, interval 0
AddFile(L0 Files): cumulative 0, interval 0
AddFile(Keys): cumulative 0, interval 0
Cumulative compaction: 0.01 GB write, 0.28 MB/s write, 0.01 GB read, 0.29 MB/s read, 0.2 seconds
Interval compaction: 0.01 GB write, 0.28 MB/s write, 0.01 GB read, 0.29 MB/s read, 0.2 seconds
Stalls(count): 0 level0_slowdown, 0 level0_slowdown_with_compaction, 0 level0_numfiles, 0 level0_numfiles_with_compaction, 0 stop for pending_compaction_bytes, 0 slowdown for pending_compaction_bytes, 0 memtable_compaction, 0 memtable_slowdown, interval 0 total count
estimated_pending_compaction_bytes: 0 B
I211123 15:32:49.805884 162 server/status/runtime.go:498  [n1] runtime stats: 103 MiB RSS, 132 goroutines, 87 MiB/36 MiB/131 MiB GO alloc/idle/total, 14 MiB/18 MiB CGO alloc/total, 32.8 CGO/sec, 1.2/0.7 %(u/s)time, 0.0 %gc (0x), 3.0 KiB/1.2 KiB (r/w)net
I211123 15:32:59.806294 162 server/status/runtime.go:498  [n1] runtime stats: 110 MiB RSS, 132 goroutines, 96 MiB/28 MiB/135 MiB GO alloc/idle/total, 14 MiB/18 MiB CGO alloc/total, 31.7 CGO/sec, 0.9/0.9 %(u/s)time, 0.0 %gc (0x), 2.3 KiB/894 B (r/w)net
I211123 15:33:09.806351 162 server/status/runtime.go:498  [n1] runtime stats: 121 MiB RSS, 133 goroutines, 105 MiB/18 MiB/135 MiB GO alloc/idle/total, 14 MiB/18 MiB CGO alloc/total, 32.8 CGO/sec, 1.1/0.8 %(u/s)time, 0.0 %gc (0x), 2.2 KiB/894 B (r/w)net
I211123 15:33:19.784375 162 server/status/runtime.go:498  [n1] runtime stats: 132 MiB RSS, 133 goroutines, 115 MiB/8.5 MiB/135 MiB GO alloc/idle/total, 14 MiB/19 MiB CGO alloc/total, 29.9 CGO/sec, 1.1/0.8 %(u/s)time, 0.0 %gc (0x), 3.0 KiB/1.2 KiB (r/w)net
I211123 15:33:29.776675 158 gossip/gossip.go:566  [n1] gossip status (ok, 1 node)
gossip client (0/3 cur/max conns)
gossip server (0/3 cur/max conns, infos 0/0 sent/received, bytes 0B/0B sent/received)
gossip connectivity
  n1 [sentinel];
I211123 15:33:29.784992 162 server/status/runtime.go:498  [n1] runtime stats: 139 MiB RSS, 135 goroutines, 83 MiB/38 MiB/135 MiB GO alloc/idle/total, 15 MiB/19 MiB CGO alloc/total, 29.9 CGO/sec, 1.2/0.6 %(u/s)time, 0.0 %gc (1x), 2.3 KiB/894 B (r/w)net
I211123 15:33:39.785325 162 server/status/runtime.go:498  [n1] runtime stats: 140 MiB RSS, 132 goroutines, 92 MiB/31 MiB/135 MiB GO alloc/idle/total, 15 MiB/19 MiB CGO alloc/total, 63.0 CGO/sec, 1.1/0.6 %(u/s)time, 0.0 %gc (0x), 2.2 KiB/894 B (r/w)net
I211123 15:33:46.154262 1 cli/start.go:865  received signal 'terminated'
I211123 15:33:46.155825 1 cli/start.go:930  initiating graceful shutdown of server
I211123 15:33:46.161140 1184 util/stop/stopper.go:542  [server drain process] quiescing; tasks left:
1      [async] intent_resolver_ir_batcher
1      [async] intent_resolver_gc_batcher
1      [async] closedts-rangefeed-subscriber
I211123 15:33:46.162358 1184 util/stop/stopper.go:542  [server drain process] quiescing; tasks left:
1      [async] closedts-rangefeed-subscriber
I211123 15:33:46.164903 1184 storage/engine/rocksdb.go:762  closing rocksdb instance at "/cockroach/cockroach-data/cockroach-temp788476058"
I211123 15:33:46.185355 1184 storage/engine/rocksdb.go:762  closing rocksdb instance at "/cockroach/cockroach-data"
I211123 15:33:46.196324 1 cli/start.go:976  server drained and shutdown completed
