I211123 15:32:29.150809 25 util/log/clog.go:1196  [config] file created at: 2021/11/23 15:32:29
I211123 15:32:29.150809 25 util/log/clog.go:1196  [config] running on machine: a8448a53dc6d
I211123 15:32:29.150809 25 util/log/clog.go:1196  [config] binary: CockroachDB CCL v19.2.2 (x86_64-unknown-linux-gnu, built 2019/12/11 01:33:43, go1.12.12)
I211123 15:32:29.150809 25 util/log/clog.go:1196  [config] arguments: [/cockroach/cockroach start-single-node --insecure]
I211123 15:32:29.150809 25 util/log/clog.go:1196  line format: [IWEF]yymmdd hh:mm:ss.uuuuuu goid file:line msg utf8=✓
I211123 15:32:29.150808 25 storage/engine/rocksdb.go:120  RocksDB version: 6.2.1
I211123 15:32:29.160067 25 storage/engine/rocksdb.go:120  Git sha rocksdb_build_git_sha:@b7009236531fa784872f4823eabf393501e41bf2@
I211123 15:32:29.160081 25 storage/engine/rocksdb.go:120  Compile date Dec 11 2019
I211123 15:32:29.160087 25 storage/engine/rocksdb.go:120  DB SUMMARY
I211123 15:32:29.161229 25 storage/engine/rocksdb.go:120  SST files in /cockroach/cockroach-data/cockroach-temp788476058 dir, Total Num: 0, files: 
I211123 15:32:29.164906 25 storage/engine/rocksdb.go:120  Write Ahead Log file in /cockroach/cockroach-data/cockroach-temp788476058: 
I211123 15:32:29.164933 25 storage/engine/rocksdb.go:120                          Options.error_if_exists: 0
I211123 15:32:29.164940 25 storage/engine/rocksdb.go:120                        Options.create_if_missing: 1
I211123 15:32:29.164943 25 storage/engine/rocksdb.go:120                          Options.paranoid_checks: 1
I211123 15:32:29.164947 25 storage/engine/rocksdb.go:120                                      Options.env: 0x75591e0
I211123 15:32:29.164951 25 storage/engine/rocksdb.go:120                                 Options.info_log: 0x7f8246227140
I211123 15:32:29.164955 25 storage/engine/rocksdb.go:120                 Options.max_file_opening_threads: 16
I211123 15:32:29.164958 25 storage/engine/rocksdb.go:120                               Options.statistics: 0x7f8246234010
I211123 15:32:29.164962 25 storage/engine/rocksdb.go:120                                Options.use_fsync: 0
I211123 15:32:29.164966 25 storage/engine/rocksdb.go:120                        Options.max_log_file_size: 0
I211123 15:32:29.164970 25 storage/engine/rocksdb.go:120                   Options.max_manifest_file_size: 134217728
I211123 15:32:29.164974 25 storage/engine/rocksdb.go:120                    Options.log_file_time_to_roll: 0
I211123 15:32:29.164977 25 storage/engine/rocksdb.go:120                        Options.keep_log_file_num: 1000
I211123 15:32:29.164981 25 storage/engine/rocksdb.go:120                     Options.recycle_log_file_num: 1
I211123 15:32:29.164985 25 storage/engine/rocksdb.go:120                          Options.allow_fallocate: 1
I211123 15:32:29.164988 25 storage/engine/rocksdb.go:120                         Options.allow_mmap_reads: 0
I211123 15:32:29.164992 25 storage/engine/rocksdb.go:120                        Options.allow_mmap_writes: 0
I211123 15:32:29.164995 25 storage/engine/rocksdb.go:120                         Options.use_direct_reads: 0
I211123 15:32:29.164999 25 storage/engine/rocksdb.go:120                         Options.use_direct_io_for_flush_and_compaction: 0
I211123 15:32:29.165003 25 storage/engine/rocksdb.go:120           Options.create_missing_column_families: 0
I211123 15:32:29.165006 25 storage/engine/rocksdb.go:120                               Options.db_log_dir: 
I211123 15:32:29.165013 25 storage/engine/rocksdb.go:120                                  Options.wal_dir: /cockroach/cockroach-data/cockroach-temp788476058
I211123 15:32:29.165017 25 storage/engine/rocksdb.go:120                 Options.table_cache_numshardbits: 6
I211123 15:32:29.165021 25 storage/engine/rocksdb.go:120                       Options.max_subcompactions: 1
I211123 15:32:29.165025 25 storage/engine/rocksdb.go:120                   Options.max_background_flushes: -1
I211123 15:32:29.165029 25 storage/engine/rocksdb.go:120                          Options.WAL_ttl_seconds: 0
I211123 15:32:29.165033 25 storage/engine/rocksdb.go:120                        Options.WAL_size_limit_MB: 0
I211123 15:32:29.165036 25 storage/engine/rocksdb.go:120              Options.manifest_preallocation_size: 4194304
I211123 15:32:29.165040 25 storage/engine/rocksdb.go:120                      Options.is_fd_close_on_exec: 1
I211123 15:32:29.165043 25 storage/engine/rocksdb.go:120                    Options.advise_random_on_open: 1
I211123 15:32:29.165047 25 storage/engine/rocksdb.go:120                     Options.db_write_buffer_size: 0
I211123 15:32:29.165050 25 storage/engine/rocksdb.go:120                     Options.write_buffer_manager: 0x7f8246219060
I211123 15:32:29.165064 25 storage/engine/rocksdb.go:120          Options.access_hint_on_compaction_start: 1
I211123 15:32:29.165067 25 storage/engine/rocksdb.go:120   Options.new_table_reader_for_compaction_inputs: 0
I211123 15:32:29.165071 25 storage/engine/rocksdb.go:120            Options.random_access_max_buffer_size: 1048576
I211123 15:32:29.165075 25 storage/engine/rocksdb.go:120                       Options.use_adaptive_mutex: 0
I211123 15:32:29.165079 25 storage/engine/rocksdb.go:120                             Options.rate_limiter: (nil)
I211123 15:32:29.165083 25 storage/engine/rocksdb.go:120      Options.sst_file_manager.rate_bytes_per_sec: 0
I211123 15:32:29.165087 25 storage/engine/rocksdb.go:120                        Options.wal_recovery_mode: 0
I211123 15:32:29.165091 25 storage/engine/rocksdb.go:120                   Options.enable_thread_tracking: 0
I211123 15:32:29.165094 25 storage/engine/rocksdb.go:120                   Options.enable_pipelined_write: 0
I211123 15:32:29.165098 25 storage/engine/rocksdb.go:120          Options.allow_concurrent_memtable_write: 1
I211123 15:32:29.165102 25 storage/engine/rocksdb.go:120       Options.enable_write_thread_adaptive_yield: 1
I211123 15:32:29.165105 25 storage/engine/rocksdb.go:120              Options.write_thread_max_yield_usec: 100
I211123 15:32:29.165109 25 storage/engine/rocksdb.go:120             Options.write_thread_slow_yield_usec: 3
I211123 15:32:29.165115 25 storage/engine/rocksdb.go:120                                Options.row_cache: None
I211123 15:32:29.165119 25 storage/engine/rocksdb.go:120                               Options.wal_filter: None
I211123 15:32:29.165123 25 storage/engine/rocksdb.go:120              Options.avoid_flush_during_recovery: 0
I211123 15:32:29.165126 25 storage/engine/rocksdb.go:120              Options.allow_ingest_behind: 0
I211123 15:32:29.165130 25 storage/engine/rocksdb.go:120              Options.preserve_deletes: 0
I211123 15:32:29.165133 25 storage/engine/rocksdb.go:120              Options.two_write_queues: 0
I211123 15:32:29.165137 25 storage/engine/rocksdb.go:120              Options.manual_wal_flush: 1
I211123 15:32:29.165140 25 storage/engine/rocksdb.go:120              Options.atomic_flush: 0
I211123 15:32:29.165144 25 storage/engine/rocksdb.go:120              Options.avoid_unnecessary_blocking_io: 0
I211123 15:32:29.165147 25 storage/engine/rocksdb.go:120              Options.max_background_jobs: 4
I211123 15:32:29.165151 25 storage/engine/rocksdb.go:120              Options.max_background_compactions: -1
I211123 15:32:29.165154 25 storage/engine/rocksdb.go:120              Options.avoid_flush_during_shutdown: 0
I211123 15:32:29.165158 25 storage/engine/rocksdb.go:120            Options.writable_file_max_buffer_size: 1048576
I211123 15:32:29.165161 25 storage/engine/rocksdb.go:120              Options.delayed_write_rate : 16777216
I211123 15:32:29.165165 25 storage/engine/rocksdb.go:120              Options.max_total_wal_size: 0
I211123 15:32:29.165169 25 storage/engine/rocksdb.go:120              Options.delete_obsolete_files_period_micros: 21600000000
I211123 15:32:29.165172 25 storage/engine/rocksdb.go:120                    Options.stats_dump_period_sec: 0
I211123 15:32:29.165176 25 storage/engine/rocksdb.go:120                  Options.stats_persist_period_sec: 600
I211123 15:32:29.165180 25 storage/engine/rocksdb.go:120                  Options.stats_history_buffer_size: 1048576
I211123 15:32:29.165183 25 storage/engine/rocksdb.go:120                           Options.max_open_files: 128
I211123 15:32:29.165187 25 storage/engine/rocksdb.go:120                           Options.bytes_per_sync: 524288
I211123 15:32:29.165192 25 storage/engine/rocksdb.go:120                       Options.wal_bytes_per_sync: 0
I211123 15:32:29.165195 25 storage/engine/rocksdb.go:120                    Options.strict_bytes_per_sync: 1
I211123 15:32:29.165199 25 storage/engine/rocksdb.go:120        Options.compaction_readahead_size: 0
I211123 15:32:29.165203 25 storage/engine/rocksdb.go:120  Compression algorithms supported:
I211123 15:32:29.165209 25 storage/engine/rocksdb.go:120  	kZSTDNotFinalCompression supported: 0
I211123 15:32:29.165213 25 storage/engine/rocksdb.go:120  	kZSTD supported: 0
I211123 15:32:29.165217 25 storage/engine/rocksdb.go:120  	kXpressCompression supported: 0
I211123 15:32:29.165220 25 storage/engine/rocksdb.go:120  	kLZ4HCCompression supported: 0
I211123 15:32:29.165224 25 storage/engine/rocksdb.go:120  	kLZ4Compression supported: 0
I211123 15:32:29.165227 25 storage/engine/rocksdb.go:120  	kBZip2Compression supported: 0
I211123 15:32:29.165231 25 storage/engine/rocksdb.go:120  	kZlibCompression supported: 0
I211123 15:32:29.165235 25 storage/engine/rocksdb.go:120  	kSnappyCompression supported: 1
I211123 15:32:29.165252 25 storage/engine/rocksdb.go:120  Fast CRC32 supported: Supported on x86
I211123 15:32:29.167810 25 storage/engine/rocksdb.go:120  [db/db_impl_open.cc:242] Creating manifest 1 
I211123 15:32:29.187150 25 storage/engine/rocksdb.go:120  [db/version_set.cc:4072] Recovering from manifest file: /cockroach/cockroach-data/cockroach-temp788476058/MANIFEST-000001
I211123 15:32:29.188397 25 storage/engine/rocksdb.go:120  [db/column_family.cc:488] --------------- Options for column family [default]:
I211123 15:32:29.188407 25 storage/engine/rocksdb.go:120                Options.comparator: cockroach_comparator
I211123 15:32:29.188412 25 storage/engine/rocksdb.go:120            Options.merge_operator: cockroach_merge_operator
I211123 15:32:29.188416 25 storage/engine/rocksdb.go:120         Options.compaction_filter: None
I211123 15:32:29.188420 25 storage/engine/rocksdb.go:120         Options.compaction_filter_factory: None
I211123 15:32:29.188469 25 storage/engine/rocksdb.go:120          Options.memtable_factory: SkipListFactory
I211123 15:32:29.188474 25 storage/engine/rocksdb.go:120             Options.table_factory: BlockBasedTable
I211123 15:32:29.188510 25 storage/engine/rocksdb.go:120             table_factory options:   flush_block_policy_factory: FlushBlockBySizePolicyFactory (0x7f8246228030)
  cache_index_and_filter_blocks: 0
  cache_index_and_filter_blocks_with_high_priority: 0
  pin_l0_filter_and_index_blocks_in_cache: 0
  pin_top_level_index_and_filter: 1
  index_type: 0
  data_block_index_type: 0
  index_shortening: 1
  data_block_hash_table_util_ratio: 0.750000
  hash_index_allow_collision: 1
  checksum: 1
  no_block_cache: 0
  block_cache: 0x7f824621c010
  block_cache_name: LRUCache
  block_cache_options:
    capacity : 1048576
    num_shard_bits : 4
    strict_capacity_limit : 0
    memory_allocator : None
    high_pri_pool_ratio: 0.000
  block_cache_compressed: (nil)
  persistent_cache: (nil)
  block_size: 32768
  block_size_deviation: 10
  block_restart_interval: 16
  index_block_restart_interval: 1
  metadata_block_size: 4096
  partition_filters: 0
  use_delta_encoding: 1
  filter_policy: rocksdb.BuiltinBloomFilter
  whole_key_filtering: 0
  verify_compression: 0
  read_amp_bytes_per_bit: 0
  format_version: 2
  enable_index_compression: 1
  block_align: 0
I211123 15:32:29.188517 25 storage/engine/rocksdb.go:120         Options.write_buffer_size: 67108864
I211123 15:32:29.188528 25 storage/engine/rocksdb.go:120   Options.max_write_buffer_number: 4
I211123 15:32:29.188534 25 storage/engine/rocksdb.go:120           Options.compression: Snappy
I211123 15:32:29.188538 25 storage/engine/rocksdb.go:120                   Options.bottommost_compression: Disabled
I211123 15:32:29.188543 25 storage/engine/rocksdb.go:120        Options.prefix_extractor: cockroach_prefix_extractor
I211123 15:32:29.188603 25 storage/engine/rocksdb.go:120    Options.memtable_insert_with_hint_prefix_extractor: nullptr
I211123 15:32:29.188610 25 storage/engine/rocksdb.go:120              Options.num_levels: 7
I211123 15:32:29.188613 25 storage/engine/rocksdb.go:120         Options.min_write_buffer_number_to_merge: 1
I211123 15:32:29.188617 25 storage/engine/rocksdb.go:120      Options.max_write_buffer_number_to_maintain: 0
I211123 15:32:29.188620 25 storage/engine/rocksdb.go:120             Options.bottommost_compression_opts.window_bits: -14
I211123 15:32:29.188633 25 storage/engine/rocksdb.go:120                   Options.bottommost_compression_opts.level: 32767
I211123 15:32:29.188636 25 storage/engine/rocksdb.go:120                Options.bottommost_compression_opts.strategy: 0
I211123 15:32:29.188640 25 storage/engine/rocksdb.go:120          Options.bottommost_compression_opts.max_dict_bytes: 0
I211123 15:32:29.188644 25 storage/engine/rocksdb.go:120          Options.bottommost_compression_opts.zstd_max_train_bytes: 0
I211123 15:32:29.188647 25 storage/engine/rocksdb.go:120                   Options.bottommost_compression_opts.enabled: false
I211123 15:32:29.188652 25 storage/engine/rocksdb.go:120             Options.compression_opts.window_bits: -14
I211123 15:32:29.188657 25 storage/engine/rocksdb.go:120                   Options.compression_opts.level: 32767
I211123 15:32:29.188661 25 storage/engine/rocksdb.go:120                Options.compression_opts.strategy: 0
I211123 15:32:29.188664 25 storage/engine/rocksdb.go:120          Options.compression_opts.max_dict_bytes: 0
I211123 15:32:29.188668 25 storage/engine/rocksdb.go:120          Options.compression_opts.zstd_max_train_bytes: 0
I211123 15:32:29.188671 25 storage/engine/rocksdb.go:120                   Options.compression_opts.enabled: false
I211123 15:32:29.188675 25 storage/engine/rocksdb.go:120       Options.level0_file_num_compaction_trigger: 2
I211123 15:32:29.188777 25 storage/engine/rocksdb.go:120           Options.level0_slowdown_writes_trigger: 950
I211123 15:32:29.188788 25 storage/engine/rocksdb.go:120               Options.level0_stop_writes_trigger: 1000
I211123 15:32:29.188792 25 storage/engine/rocksdb.go:120                    Options.target_file_size_base: 4194304
I211123 15:32:29.188795 25 storage/engine/rocksdb.go:120              Options.target_file_size_multiplier: 2
I211123 15:32:29.188799 25 storage/engine/rocksdb.go:120                 Options.max_bytes_for_level_base: 67108864
I211123 15:32:29.188802 25 storage/engine/rocksdb.go:120  Options.level_compaction_dynamic_level_bytes: 1
I211123 15:32:29.188807 25 storage/engine/rocksdb.go:120           Options.max_bytes_for_level_multiplier: 10.000000
I211123 15:32:29.188811 25 storage/engine/rocksdb.go:120  Options.max_bytes_for_level_multiplier_addtl[0]: 1
I211123 15:32:29.188815 25 storage/engine/rocksdb.go:120  Options.max_bytes_for_level_multiplier_addtl[1]: 1
I211123 15:32:29.188818 25 storage/engine/rocksdb.go:120  Options.max_bytes_for_level_multiplier_addtl[2]: 1
I211123 15:32:29.188822 25 storage/engine/rocksdb.go:120  Options.max_bytes_for_level_multiplier_addtl[3]: 1
I211123 15:32:29.188826 25 storage/engine/rocksdb.go:120  Options.max_bytes_for_level_multiplier_addtl[4]: 1
I211123 15:32:29.188829 25 storage/engine/rocksdb.go:120  Options.max_bytes_for_level_multiplier_addtl[5]: 1
I211123 15:32:29.188833 25 storage/engine/rocksdb.go:120  Options.max_bytes_for_level_multiplier_addtl[6]: 1
I211123 15:32:29.188836 25 storage/engine/rocksdb.go:120        Options.max_sequential_skip_in_iterations: 8
I211123 15:32:29.188840 25 storage/engine/rocksdb.go:120                     Options.max_compaction_bytes: 104857600
I211123 15:32:29.188843 25 storage/engine/rocksdb.go:120                         Options.arena_block_size: 8388608
I211123 15:32:29.188847 25 storage/engine/rocksdb.go:120    Options.soft_pending_compaction_bytes_limit: 2199023255552
I211123 15:32:29.188850 25 storage/engine/rocksdb.go:120    Options.hard_pending_compaction_bytes_limit: 4400193994752
I211123 15:32:29.188854 25 storage/engine/rocksdb.go:120        Options.rate_limit_delay_max_milliseconds: 100
I211123 15:32:29.188860 25 storage/engine/rocksdb.go:120                 Options.disable_auto_compactions: 0
I211123 15:32:29.188917 25 storage/engine/rocksdb.go:120                         Options.compaction_style: kCompactionStyleLevel
I211123 15:32:29.188923 25 storage/engine/rocksdb.go:120                           Options.compaction_pri: kMinOverlappingRatio
I211123 15:32:29.188931 25 storage/engine/rocksdb.go:120  Options.compaction_options_universal.size_ratio: 1
I211123 15:32:29.188935 25 storage/engine/rocksdb.go:120  Options.compaction_options_universal.min_merge_width: 2
I211123 15:32:29.188938 25 storage/engine/rocksdb.go:120  Options.compaction_options_universal.max_merge_width: 4294967295
I211123 15:32:29.188945 25 storage/engine/rocksdb.go:120  Options.compaction_options_universal.max_size_amplification_percent: 200
I211123 15:32:29.188950 25 storage/engine/rocksdb.go:120  Options.compaction_options_universal.compression_size_percent: -1
I211123 15:32:29.188954 25 storage/engine/rocksdb.go:120  Options.compaction_options_universal.stop_style: kCompactionStopStyleTotalSize
I211123 15:32:29.188957 25 storage/engine/rocksdb.go:120  Options.compaction_options_fifo.max_table_files_size: 1073741824
I211123 15:32:29.188961 25 storage/engine/rocksdb.go:120  Options.compaction_options_fifo.allow_compaction: 0
I211123 15:32:29.188967 25 storage/engine/rocksdb.go:120                    Options.table_properties_collectors: TimeBoundTblPropCollectorFactory; DeleteRangeTblPropCollectorFactory; 
I211123 15:32:29.188974 25 storage/engine/rocksdb.go:120                    Options.inplace_update_support: 0
I211123 15:32:29.188978 25 storage/engine/rocksdb.go:120                  Options.inplace_update_num_locks: 10000
I211123 15:32:29.188982 25 storage/engine/rocksdb.go:120                Options.memtable_prefix_bloom_size_ratio: 0.000000
I211123 15:32:29.188986 25 storage/engine/rocksdb.go:120                Options.memtable_whole_key_filtering: 0
I211123 15:32:29.188989 25 storage/engine/rocksdb.go:120    Options.memtable_huge_page_size: 0
I211123 15:32:29.189047 25 storage/engine/rocksdb.go:120                            Options.bloom_locality: 0
I211123 15:32:29.189054 25 storage/engine/rocksdb.go:120                     Options.max_successive_merges: 0
I211123 15:32:29.189058 25 storage/engine/rocksdb.go:120                 Options.optimize_filters_for_hits: 1
I211123 15:32:29.189061 25 storage/engine/rocksdb.go:120                 Options.paranoid_file_checks: 0
I211123 15:32:29.189064 25 storage/engine/rocksdb.go:120                 Options.force_consistency_checks: 0
I211123 15:32:29.189068 25 storage/engine/rocksdb.go:120                 Options.report_bg_io_stats: 0
I211123 15:32:29.189071 25 storage/engine/rocksdb.go:120                                Options.ttl: 0
I211123 15:32:29.189075 25 storage/engine/rocksdb.go:120           Options.periodic_compaction_seconds: 0
I211123 15:32:29.194199 25 storage/engine/rocksdb.go:120  [db/version_set.cc:4286] Recovered from manifest file:/cockroach/cockroach-data/cockroach-temp788476058/MANIFEST-000001 succeeded,manifest_file_number is 1, next_file_number is 3, last_sequence is 0, log_number is 0,prev_log_number is 0,max_column_family is 0,min_log_number_to_keep is 0
I211123 15:32:29.194217 25 storage/engine/rocksdb.go:120  [db/version_set.cc:4295] Column family [default] (ID 0), log number is 0
I211123 15:32:29.219895 25 storage/engine/rocksdb.go:120  DB pointer 0x7f82462a1000
I211123 15:32:29.259361 25 storage/engine/rocksdb.go:120  RocksDB version: 6.2.1
I211123 15:32:29.259377 25 storage/engine/rocksdb.go:120  Git sha rocksdb_build_git_sha:@b7009236531fa784872f4823eabf393501e41bf2@
I211123 15:32:29.259384 25 storage/engine/rocksdb.go:120  Compile date Dec 11 2019
I211123 15:32:29.259398 25 storage/engine/rocksdb.go:120  DB SUMMARY
I211123 15:32:29.261211 25 storage/engine/rocksdb.go:120  CURRENT file:  CURRENT
I211123 15:32:29.261222 25 storage/engine/rocksdb.go:120  IDENTITY file:  IDENTITY
I211123 15:32:29.262342 25 storage/engine/rocksdb.go:120  MANIFEST file:  MANIFEST-000089 size: 291 Bytes
I211123 15:32:29.262358 25 storage/engine/rocksdb.go:120  SST files in /cockroach/cockroach-data dir, Total Num: 3, files: 000085.sst 000086.sst 000088.sst 
I211123 15:32:29.262363 25 storage/engine/rocksdb.go:120  Write Ahead Log file in /cockroach/cockroach-data: 000090.log size: 1103990 ; 
I211123 15:32:29.262369 25 storage/engine/rocksdb.go:120                          Options.error_if_exists: 0
I211123 15:32:29.262379 25 storage/engine/rocksdb.go:120                        Options.create_if_missing: 1
I211123 15:32:29.262382 25 storage/engine/rocksdb.go:120                          Options.paranoid_checks: 1
I211123 15:32:29.262386 25 storage/engine/rocksdb.go:120                                      Options.env: 0x75591e0
I211123 15:32:29.262390 25 storage/engine/rocksdb.go:120                                 Options.info_log: 0x7f824f487f20
I211123 15:32:29.262393 25 storage/engine/rocksdb.go:120                 Options.max_file_opening_threads: 16
I211123 15:32:29.262397 25 storage/engine/rocksdb.go:120                               Options.statistics: 0x7f824f41d8d0
I211123 15:32:29.262400 25 storage/engine/rocksdb.go:120                                Options.use_fsync: 0
I211123 15:32:29.262404 25 storage/engine/rocksdb.go:120                        Options.max_log_file_size: 0
I211123 15:32:29.262408 25 storage/engine/rocksdb.go:120                   Options.max_manifest_file_size: 134217728
I211123 15:32:29.262412 25 storage/engine/rocksdb.go:120                    Options.log_file_time_to_roll: 0
I211123 15:32:29.262415 25 storage/engine/rocksdb.go:120                        Options.keep_log_file_num: 1000
I211123 15:32:29.262419 25 storage/engine/rocksdb.go:120                     Options.recycle_log_file_num: 1
I211123 15:32:29.262472 25 storage/engine/rocksdb.go:120                          Options.allow_fallocate: 1
I211123 15:32:29.262479 25 storage/engine/rocksdb.go:120                         Options.allow_mmap_reads: 0
I211123 15:32:29.262483 25 storage/engine/rocksdb.go:120                        Options.allow_mmap_writes: 0
I211123 15:32:29.262487 25 storage/engine/rocksdb.go:120                         Options.use_direct_reads: 0
I211123 15:32:29.262490 25 storage/engine/rocksdb.go:120                         Options.use_direct_io_for_flush_and_compaction: 0
I211123 15:32:29.262494 25 storage/engine/rocksdb.go:120           Options.create_missing_column_families: 0
I211123 15:32:29.262497 25 storage/engine/rocksdb.go:120                               Options.db_log_dir: 
I211123 15:32:29.262501 25 storage/engine/rocksdb.go:120                                  Options.wal_dir: /cockroach/cockroach-data
I211123 15:32:29.262504 25 storage/engine/rocksdb.go:120                 Options.table_cache_numshardbits: 6
I211123 15:32:29.262508 25 storage/engine/rocksdb.go:120                       Options.max_subcompactions: 1
I211123 15:32:29.262511 25 storage/engine/rocksdb.go:120                   Options.max_background_flushes: -1
I211123 15:32:29.262515 25 storage/engine/rocksdb.go:120                          Options.WAL_ttl_seconds: 0
I211123 15:32:29.262520 25 storage/engine/rocksdb.go:120                        Options.WAL_size_limit_MB: 0
I211123 15:32:29.262524 25 storage/engine/rocksdb.go:120              Options.manifest_preallocation_size: 4194304
I211123 15:32:29.262527 25 storage/engine/rocksdb.go:120                      Options.is_fd_close_on_exec: 1
I211123 15:32:29.262530 25 storage/engine/rocksdb.go:120                    Options.advise_random_on_open: 1
I211123 15:32:29.262534 25 storage/engine/rocksdb.go:120                     Options.db_write_buffer_size: 0
I211123 15:32:29.262538 25 storage/engine/rocksdb.go:120                     Options.write_buffer_manager: 0x7f824f460cb0
I211123 15:32:29.262541 25 storage/engine/rocksdb.go:120          Options.access_hint_on_compaction_start: 1
I211123 15:32:29.262544 25 storage/engine/rocksdb.go:120   Options.new_table_reader_for_compaction_inputs: 0
I211123 15:32:29.262548 25 storage/engine/rocksdb.go:120            Options.random_access_max_buffer_size: 1048576
I211123 15:32:29.262551 25 storage/engine/rocksdb.go:120                       Options.use_adaptive_mutex: 0
I211123 15:32:29.262555 25 storage/engine/rocksdb.go:120                             Options.rate_limiter: (nil)
I211123 15:32:29.262610 25 storage/engine/rocksdb.go:120      Options.sst_file_manager.rate_bytes_per_sec: 0
I211123 15:32:29.262618 25 storage/engine/rocksdb.go:120                        Options.wal_recovery_mode: 0
I211123 15:32:29.262622 25 storage/engine/rocksdb.go:120                   Options.enable_thread_tracking: 0
I211123 15:32:29.262625 25 storage/engine/rocksdb.go:120                   Options.enable_pipelined_write: 0
I211123 15:32:29.262629 25 storage/engine/rocksdb.go:120          Options.allow_concurrent_memtable_write: 1
I211123 15:32:29.262632 25 storage/engine/rocksdb.go:120       Options.enable_write_thread_adaptive_yield: 1
I211123 15:32:29.262636 25 storage/engine/rocksdb.go:120              Options.write_thread_max_yield_usec: 100
I211123 15:32:29.262639 25 storage/engine/rocksdb.go:120             Options.write_thread_slow_yield_usec: 3
I211123 15:32:29.262643 25 storage/engine/rocksdb.go:120                                Options.row_cache: None
I211123 15:32:29.262647 25 storage/engine/rocksdb.go:120                               Options.wal_filter: None
I211123 15:32:29.262650 25 storage/engine/rocksdb.go:120              Options.avoid_flush_during_recovery: 0
I211123 15:32:29.262654 25 storage/engine/rocksdb.go:120              Options.allow_ingest_behind: 0
I211123 15:32:29.262657 25 storage/engine/rocksdb.go:120              Options.preserve_deletes: 0
I211123 15:32:29.262661 25 storage/engine/rocksdb.go:120              Options.two_write_queues: 0
I211123 15:32:29.262664 25 storage/engine/rocksdb.go:120              Options.manual_wal_flush: 1
I211123 15:32:29.262667 25 storage/engine/rocksdb.go:120              Options.atomic_flush: 0
I211123 15:32:29.262671 25 storage/engine/rocksdb.go:120              Options.avoid_unnecessary_blocking_io: 0
I211123 15:32:29.262674 25 storage/engine/rocksdb.go:120              Options.max_background_jobs: 4
I211123 15:32:29.262678 25 storage/engine/rocksdb.go:120              Options.max_background_compactions: -1
I211123 15:32:29.262682 25 storage/engine/rocksdb.go:120              Options.avoid_flush_during_shutdown: 0
I211123 15:32:29.262686 25 storage/engine/rocksdb.go:120            Options.writable_file_max_buffer_size: 1048576
I211123 15:32:29.262776 25 storage/engine/rocksdb.go:120              Options.delayed_write_rate : 16777216
I211123 15:32:29.262788 25 storage/engine/rocksdb.go:120              Options.max_total_wal_size: 0
I211123 15:32:29.262791 25 storage/engine/rocksdb.go:120              Options.delete_obsolete_files_period_micros: 21600000000
I211123 15:32:29.262795 25 storage/engine/rocksdb.go:120                    Options.stats_dump_period_sec: 0
I211123 15:32:29.262798 25 storage/engine/rocksdb.go:120                  Options.stats_persist_period_sec: 600
I211123 15:32:29.262806 25 storage/engine/rocksdb.go:120                  Options.stats_history_buffer_size: 1048576
I211123 15:32:29.262809 25 storage/engine/rocksdb.go:120                           Options.max_open_files: 1043576
I211123 15:32:29.262813 25 storage/engine/rocksdb.go:120                           Options.bytes_per_sync: 524288
I211123 15:32:29.262816 25 storage/engine/rocksdb.go:120                       Options.wal_bytes_per_sync: 0
I211123 15:32:29.262820 25 storage/engine/rocksdb.go:120                    Options.strict_bytes_per_sync: 1
I211123 15:32:29.262823 25 storage/engine/rocksdb.go:120        Options.compaction_readahead_size: 0
I211123 15:32:29.262827 25 storage/engine/rocksdb.go:120  Compression algorithms supported:
I211123 15:32:29.262831 25 storage/engine/rocksdb.go:120  	kZSTDNotFinalCompression supported: 0
I211123 15:32:29.262837 25 storage/engine/rocksdb.go:120  	kZSTD supported: 0
I211123 15:32:29.262842 25 storage/engine/rocksdb.go:120  	kXpressCompression supported: 0
I211123 15:32:29.262845 25 storage/engine/rocksdb.go:120  	kLZ4HCCompression supported: 0
I211123 15:32:29.262898 25 storage/engine/rocksdb.go:120  	kLZ4Compression supported: 0
I211123 15:32:29.262905 25 storage/engine/rocksdb.go:120  	kBZip2Compression supported: 0
I211123 15:32:29.262909 25 storage/engine/rocksdb.go:120  	kZlibCompression supported: 0
I211123 15:32:29.262912 25 storage/engine/rocksdb.go:120  	kSnappyCompression supported: 1
I211123 15:32:29.262933 25 storage/engine/rocksdb.go:120  Fast CRC32 supported: Supported on x86
I211123 15:32:29.269667 25 storage/engine/rocksdb.go:120  [db/version_set.cc:4072] Recovering from manifest file: /cockroach/cockroach-data/MANIFEST-000089
I211123 15:32:29.270812 25 storage/engine/rocksdb.go:120  [db/column_family.cc:488] --------------- Options for column family [default]:
I211123 15:32:29.270820 25 storage/engine/rocksdb.go:120                Options.comparator: cockroach_comparator
I211123 15:32:29.270824 25 storage/engine/rocksdb.go:120            Options.merge_operator: cockroach_merge_operator
I211123 15:32:29.270828 25 storage/engine/rocksdb.go:120         Options.compaction_filter: None
I211123 15:32:29.270831 25 storage/engine/rocksdb.go:120         Options.compaction_filter_factory: None
I211123 15:32:29.270835 25 storage/engine/rocksdb.go:120          Options.memtable_factory: SkipListFactory
I211123 15:32:29.270839 25 storage/engine/rocksdb.go:120             Options.table_factory: BlockBasedTable
I211123 15:32:29.270930 25 storage/engine/rocksdb.go:120             table_factory options:   flush_block_policy_factory: FlushBlockBySizePolicyFactory (0x7f824f424038)
  cache_index_and_filter_blocks: 0
  cache_index_and_filter_blocks_with_high_priority: 0
  pin_l0_filter_and_index_blocks_in_cache: 0
  pin_top_level_index_and_filter: 1
  index_type: 0
  data_block_index_type: 0
  index_shortening: 1
  data_block_hash_table_util_ratio: 0.750000
  hash_index_allow_collision: 1
  checksum: 1
  no_block_cache: 0
  block_cache: 0x7f824f44b210
  block_cache_name: LRUCache
  block_cache_options:
    capacity : 67108864
    num_shard_bits : 4
    strict_capacity_limit : 0
    memory_allocator : None
    high_pri_pool_ratio: 0.000
  block_cache_compressed: (nil)
  persistent_cache: (nil)
  block_size: 32768
  block_size_deviation: 10
  block_restart_interval: 16
  index_block_restart_interval: 1
  metadata_block_size: 4096
  partition_filters: 0
  use_delta_encoding: 1
  filter_policy: rocksdb.BuiltinBloomFilter
  whole_key_filtering: 0
  verify_compression: 0
  read_amp_bytes_per_bit: 0
  format_version: 2
  enable_index_compression: 1
  block_align: 0
I211123 15:32:29.270938 25 storage/engine/rocksdb.go:120         Options.write_buffer_size: 67108864
I211123 15:32:29.270943 25 storage/engine/rocksdb.go:120   Options.max_write_buffer_number: 4
I211123 15:32:29.270947 25 storage/engine/rocksdb.go:120           Options.compression: Snappy
I211123 15:32:29.270951 25 storage/engine/rocksdb.go:120                   Options.bottommost_compression: Disabled
I211123 15:32:29.270954 25 storage/engine/rocksdb.go:120        Options.prefix_extractor: cockroach_prefix_extractor
I211123 15:32:29.270958 25 storage/engine/rocksdb.go:120    Options.memtable_insert_with_hint_prefix_extractor: nullptr
I211123 15:32:29.270961 25 storage/engine/rocksdb.go:120              Options.num_levels: 7
I211123 15:32:29.270965 25 storage/engine/rocksdb.go:120         Options.min_write_buffer_number_to_merge: 1
I211123 15:32:29.270968 25 storage/engine/rocksdb.go:120      Options.max_write_buffer_number_to_maintain: 0
I211123 15:32:29.270971 25 storage/engine/rocksdb.go:120             Options.bottommost_compression_opts.window_bits: -14
I211123 15:32:29.270975 25 storage/engine/rocksdb.go:120                   Options.bottommost_compression_opts.level: 32767
I211123 15:32:29.270978 25 storage/engine/rocksdb.go:120                Options.bottommost_compression_opts.strategy: 0
I211123 15:32:29.270982 25 storage/engine/rocksdb.go:120          Options.bottommost_compression_opts.max_dict_bytes: 0
I211123 15:32:29.270985 25 storage/engine/rocksdb.go:120          Options.bottommost_compression_opts.zstd_max_train_bytes: 0
I211123 15:32:29.270989 25 storage/engine/rocksdb.go:120                   Options.bottommost_compression_opts.enabled: false
I211123 15:32:29.270992 25 storage/engine/rocksdb.go:120             Options.compression_opts.window_bits: -14
I211123 15:32:29.270996 25 storage/engine/rocksdb.go:120                   Options.compression_opts.level: 32767
I211123 15:32:29.271004 25 storage/engine/rocksdb.go:120                Options.compression_opts.strategy: 0
I211123 15:32:29.271007 25 storage/engine/rocksdb.go:120          Options.compression_opts.max_dict_bytes: 0
I211123 15:32:29.271063 25 storage/engine/rocksdb.go:120          Options.compression_opts.zstd_max_train_bytes: 0
I211123 15:32:29.271068 25 storage/engine/rocksdb.go:120                   Options.compression_opts.enabled: false
I211123 15:32:29.271076 25 storage/engine/rocksdb.go:120       Options.level0_file_num_compaction_trigger: 2
I211123 15:32:29.271079 25 storage/engine/rocksdb.go:120           Options.level0_slowdown_writes_trigger: 950
I211123 15:32:29.271083 25 storage/engine/rocksdb.go:120               Options.level0_stop_writes_trigger: 1000
I211123 15:32:29.271086 25 storage/engine/rocksdb.go:120                    Options.target_file_size_base: 4194304
I211123 15:32:29.271089 25 storage/engine/rocksdb.go:120              Options.target_file_size_multiplier: 2
I211123 15:32:29.271093 25 storage/engine/rocksdb.go:120                 Options.max_bytes_for_level_base: 67108864
I211123 15:32:29.271096 25 storage/engine/rocksdb.go:120  Options.level_compaction_dynamic_level_bytes: 1
I211123 15:32:29.271101 25 storage/engine/rocksdb.go:120           Options.max_bytes_for_level_multiplier: 10.000000
I211123 15:32:29.271105 25 storage/engine/rocksdb.go:120  Options.max_bytes_for_level_multiplier_addtl[0]: 1
I211123 15:32:29.271109 25 storage/engine/rocksdb.go:120  Options.max_bytes_for_level_multiplier_addtl[1]: 1
I211123 15:32:29.271112 25 storage/engine/rocksdb.go:120  Options.max_bytes_for_level_multiplier_addtl[2]: 1
I211123 15:32:29.271115 25 storage/engine/rocksdb.go:120  Options.max_bytes_for_level_multiplier_addtl[3]: 1
I211123 15:32:29.271119 25 storage/engine/rocksdb.go:120  Options.max_bytes_for_level_multiplier_addtl[4]: 1
I211123 15:32:29.271122 25 storage/engine/rocksdb.go:120  Options.max_bytes_for_level_multiplier_addtl[5]: 1
I211123 15:32:29.271126 25 storage/engine/rocksdb.go:120  Options.max_bytes_for_level_multiplier_addtl[6]: 1
I211123 15:32:29.271129 25 storage/engine/rocksdb.go:120        Options.max_sequential_skip_in_iterations: 8
I211123 15:32:29.271132 25 storage/engine/rocksdb.go:120                     Options.max_compaction_bytes: 104857600
I211123 15:32:29.271136 25 storage/engine/rocksdb.go:120                         Options.arena_block_size: 8388608
I211123 15:32:29.271139 25 storage/engine/rocksdb.go:120    Options.soft_pending_compaction_bytes_limit: 2199023255552
I211123 15:32:29.271143 25 storage/engine/rocksdb.go:120    Options.hard_pending_compaction_bytes_limit: 4400193994752
I211123 15:32:29.271194 25 storage/engine/rocksdb.go:120        Options.rate_limit_delay_max_milliseconds: 100
I211123 15:32:29.271201 25 storage/engine/rocksdb.go:120                 Options.disable_auto_compactions: 0
I211123 15:32:29.271206 25 storage/engine/rocksdb.go:120                         Options.compaction_style: kCompactionStyleLevel
I211123 15:32:29.271211 25 storage/engine/rocksdb.go:120                           Options.compaction_pri: kMinOverlappingRatio
I211123 15:32:29.271214 25 storage/engine/rocksdb.go:120  Options.compaction_options_universal.size_ratio: 1
I211123 15:32:29.271218 25 storage/engine/rocksdb.go:120  Options.compaction_options_universal.min_merge_width: 2
I211123 15:32:29.271222 25 storage/engine/rocksdb.go:120  Options.compaction_options_universal.max_merge_width: 4294967295
I211123 15:32:29.271225 25 storage/engine/rocksdb.go:120  Options.compaction_options_universal.max_size_amplification_percent: 200
I211123 15:32:29.271229 25 storage/engine/rocksdb.go:120  Options.compaction_options_universal.compression_size_percent: -1
I211123 15:32:29.271233 25 storage/engine/rocksdb.go:120  Options.compaction_options_universal.stop_style: kCompactionStopStyleTotalSize
I211123 15:32:29.271237 25 storage/engine/rocksdb.go:120  Options.compaction_options_fifo.max_table_files_size: 1073741824
I211123 15:32:29.271245 25 storage/engine/rocksdb.go:120  Options.compaction_options_fifo.allow_compaction: 0
I211123 15:32:29.271250 25 storage/engine/rocksdb.go:120                    Options.table_properties_collectors: TimeBoundTblPropCollectorFactory; DeleteRangeTblPropCollectorFactory; 
I211123 15:32:29.271255 25 storage/engine/rocksdb.go:120                    Options.inplace_update_support: 0
I211123 15:32:29.271258 25 storage/engine/rocksdb.go:120                  Options.inplace_update_num_locks: 10000
I211123 15:32:29.271262 25 storage/engine/rocksdb.go:120                Options.memtable_prefix_bloom_size_ratio: 0.000000
I211123 15:32:29.271266 25 storage/engine/rocksdb.go:120                Options.memtable_whole_key_filtering: 0
I211123 15:32:29.271270 25 storage/engine/rocksdb.go:120    Options.memtable_huge_page_size: 0
I211123 15:32:29.271276 25 storage/engine/rocksdb.go:120                            Options.bloom_locality: 0
I211123 15:32:29.271335 25 storage/engine/rocksdb.go:120                     Options.max_successive_merges: 0
I211123 15:32:29.271343 25 storage/engine/rocksdb.go:120                 Options.optimize_filters_for_hits: 1
I211123 15:32:29.271346 25 storage/engine/rocksdb.go:120                 Options.paranoid_file_checks: 0
I211123 15:32:29.271350 25 storage/engine/rocksdb.go:120                 Options.force_consistency_checks: 0
I211123 15:32:29.271353 25 storage/engine/rocksdb.go:120                 Options.report_bg_io_stats: 0
I211123 15:32:29.271356 25 storage/engine/rocksdb.go:120                                Options.ttl: 0
I211123 15:32:29.271360 25 storage/engine/rocksdb.go:120           Options.periodic_compaction_seconds: 0
I211123 15:32:29.283664 25 storage/engine/rocksdb.go:120  [db/version_set.cc:3086] More existing levels in DB than needed. max_bytes_for_level_multiplier may not be guaranteed.
I211123 15:32:29.283681 25 storage/engine/rocksdb.go:120  [db/version_set.cc:4286] Recovered from manifest file:/cockroach/cockroach-data/MANIFEST-000089 succeeded,manifest_file_number is 89, next_file_number is 91, last_sequence is 4758409, log_number is 83,prev_log_number is 0,max_column_family is 0,min_log_number_to_keep is 0
I211123 15:32:29.283686 25 storage/engine/rocksdb.go:120  [db/version_set.cc:4295] Column family [default] (ID 0), log number is 83
I211123 15:32:29.286038 25 storage/engine/rocksdb.go:120  EVENT_LOG_v1 {"time_micros": 1637681549286012, "job": 1, "event": "recovery_started", "log_files": [90]}
I211123 15:32:29.286049 25 storage/engine/rocksdb.go:120  [db/db_impl_open.cc:598] Recovering log #90 mode 0
I211123 15:32:29.315875 25 storage/engine/rocksdb.go:120  EVENT_LOG_v1 {"time_micros": 1637681549315794, "cf_name": "default", "job": 1, "event": "table_file_creation", "file_number": 91, "file_size": 64252, "table_properties": {"data_size": 61636, "index_size": 312, "index_partitions": 0, "top_level_index_size": 0, "index_key_is_user_key": 0, "index_value_is_delta_encoded": 0, "filter_size": 1349, "raw_key_size": 46189, "raw_average_key_size": 45, "raw_value_size": 238599, "raw_average_value_size": 233, "num_data_blocks": 6, "num_entries": 1022, "num_deletions": 140, "num_merge_operands": 664, "num_range_deletions": 664, "format_version": 0, "fixed_key_len": 0, "filter_policy": "rocksdb.BuiltinBloomFilter", "column_family_name": "default", "column_family_id": 0, "comparator": "cockroach_comparator", "merge_operator": "cockroach_merge_operator", "prefix_extractor_name": "cockroach_prefix_extractor", "property_collectors": "[TimeBoundTblPropCollectorFactory,DeleteRangeTblPropCollectorFactory]", "compression": "Snappy", "compression_options": "window_bits=-14; level=32767; strategy=0; max_dict_bytes=0; zstd_max_train_bytes=0; enabled=0; ", "creation_time": 1637681549, "oldest_key_time": 3, "file_creation_time": 0}}
I211123 15:32:29.316200 25 storage/engine/rocksdb.go:120  [db/version_set.cc:3560] Creating manifest 92
I211123 15:32:29.321706 25 storage/engine/rocksdb.go:120  [db/version_set.cc:3086] More existing levels in DB than needed. max_bytes_for_level_multiplier may not be guaranteed.
I211123 15:32:29.327428 25 storage/engine/rocksdb.go:120  EVENT_LOG_v1 {"time_micros": 1637681549327404, "job": 1, "event": "recovery_finished"}
I211123 15:32:29.357374 17 storage/engine/rocksdb.go:120  [db/compaction_job.cc:1647] [default] [JOB 3] Compacting 2@0 + 2@6 files to L6, score 1.00
I211123 15:32:29.357391 17 storage/engine/rocksdb.go:120  [db/compaction_job.cc:1651] [default] Compaction start summary: Base version 2 Base level 0, inputs: [91(62KB) 88(364KB)], [85(4135KB) 86(1458KB)]
I211123 15:32:29.357431 17 storage/engine/rocksdb.go:120  EVENT_LOG_v1 {"time_micros": 1637681549357407, "job": 3, "event": "compaction_started", "compaction_reason": "LevelL0FilesNum", "files_L0": [91, 88], "files_L6": [85, 86], "score": 1, "input_data_size": 6165234}
I211123 15:32:29.365092 25 storage/engine/rocksdb.go:120  DB pointer 0x7f824f585000
I211123 15:32:29.500608 17 storage/engine/rocksdb.go:120  [db/compaction_job.cc:1334] [default] [JOB 3] Generated table #96: 11326 keys, 4232584 bytes
I211123 15:32:29.500702 17 storage/engine/rocksdb.go:120  EVENT_LOG_v1 {"time_micros": 1637681549500637, "cf_name": "default", "job": 3, "event": "table_file_creation", "file_number": 96, "file_size": 4232584, "table_properties": {"data_size": 4213859, "index_size": 64044, "index_partitions": 0, "top_level_index_size": 0, "index_key_is_user_key": 0, "index_value_is_delta_encoded": 0, "filter_size": 0, "raw_key_size": 585188, "raw_average_key_size": 51, "raw_value_size": 28372161, "raw_average_value_size": 2505, "num_data_blocks": 946, "num_entries": 11326, "num_deletions": 0, "num_merge_operands": 0, "num_range_deletions": 0, "format_version": 0, "fixed_key_len": 0, "filter_policy": "rocksdb.BuiltinBloomFilter", "column_family_name": "default", "column_family_id": 0, "comparator": "cockroach_comparator", "merge_operator": "cockroach_merge_operator", "prefix_extractor_name": "cockroach_prefix_extractor", "property_collectors": "[TimeBoundTblPropCollectorFactory,DeleteRangeTblPropCollectorFactory]", "compression": "Snappy", "compression_options": "window_bits=-14; level=32767; strategy=0; max_dict_bytes=0; zstd_max_train_bytes=0; enabled=0; ", "creation_time": 1637681549, "oldest_key_time": 0, "file_creation_time": 1637681549}}
I211123 15:32:29.559863 17 storage/engine/rocksdb.go:120  [db/compaction_job.cc:1334] [default] [JOB 3] Generated table #97: 4877 keys, 1805623 bytes
I211123 15:32:29.560011 17 storage/engine/rocksdb.go:120  EVENT_LOG_v1 {"time_micros": 1637681549559896, "cf_name": "default", "job": 3, "event": "table_file_creation", "file_number": 97, "file_size": 1805623, "table_properties": {"data_size": 1796923, "index_size": 27582, "index_partitions": 0, "top_level_index_size": 0, "index_key_is_user_key": 0, "index_value_is_delta_encoded": 0, "filter_size": 0, "raw_key_size": 261922, "raw_average_key_size": 53, "raw_value_size": 11719415, "raw_average_value_size": 2402, "num_data_blocks": 393, "num_entries": 4877, "num_deletions": 0, "num_merge_operands": 0, "num_range_deletions": 0, "format_version": 0, "fixed_key_len": 0, "filter_policy": "rocksdb.BuiltinBloomFilter", "column_family_name": "default", "column_family_id": 0, "comparator": "cockroach_comparator", "merge_operator": "cockroach_merge_operator", "prefix_extractor_name": "cockroach_prefix_extractor", "property_collectors": "[TimeBoundTblPropCollectorFactory,DeleteRangeTblPropCollectorFactory]", "compression": "Snappy", "compression_options": "window_bits=-14; level=32767; strategy=0; max_dict_bytes=0; zstd_max_train_bytes=0; enabled=0; ", "creation_time": 1637681549, "oldest_key_time": 0, "file_creation_time": 1637681549}}
I211123 15:32:29.564168 17 storage/engine/rocksdb.go:120  [db/compaction_job.cc:1397] [default] [JOB 3] Compacted 2@0 + 2@6 files to L6 => 6038207 bytes
I211123 15:32:29.564214 17 storage/engine/rocksdb.go:120  [db/version_set.cc:3086] More existing levels in DB than needed. max_bytes_for_level_multiplier may not be guaranteed.
I211123 15:32:29.565588 17 storage/engine/rocksdb.go:120  (Original Log Time 2021/11/23-15:32:29.565169) [db/compaction_job.cc:770] [default] compacted to: base level 6 level multiplier 10.00 max bytes base 67108864 files[0 0 0 0 0 0 2] max score 0.00, MB/sec: 30.4 rd, 29.7 wr, level 6, files in(2, 2) out(2) MB in(0.4, 5.5) out(5.8), read-write-amplify(27.9) write-amplify(13.8) OK, records in: 24870, records dropped: 7339 output_compression: Snappy
I211123 15:32:29.565603 17 storage/engine/rocksdb.go:120  (Original Log Time 2021/11/23-15:32:29.565273) EVENT_LOG_v1 {"time_micros": 1637681549565184, "job": 3, "event": "compaction_finished", "compaction_time_micros": 203043, "compaction_time_cpu_micros": 109384, "output_level": 6, "num_output_files": 2, "total_output_size": 6038207, "num_input_records": 23542, "num_output_records": 16203, "num_subcompactions": 1, "output_compression": "Snappy", "num_single_delete_mismatches": 0, "num_single_delete_fallthrough": 0, "lsm_state": [0, 0, 0, 0, 0, 0, 2]}
I211123 15:32:29.566987 17 storage/engine/rocksdb.go:120  EVENT_LOG_v1 {"time_micros": 1637681549566909, "job": 3, "event": "table_file_deletion", "file_number": 91}
I211123 15:32:29.568126 17 storage/engine/rocksdb.go:120  EVENT_LOG_v1 {"time_micros": 1637681549568102, "job": 3, "event": "table_file_deletion", "file_number": 88}
I211123 15:32:29.570927 17 storage/engine/rocksdb.go:120  EVENT_LOG_v1 {"time_micros": 1637681549570897, "job": 3, "event": "table_file_deletion", "file_number": 86}
I211123 15:32:29.575156 17 storage/engine/rocksdb.go:120  EVENT_LOG_v1 {"time_micros": 1637681549575126, "job": 3, "event": "table_file_deletion", "file_number": 85}
I211123 15:33:46.165943 1184 storage/engine/rocksdb.go:120  bloom filter utility:    -nan%
I211123 15:33:46.167050 1184 storage/engine/rocksdb.go:120  [db/db_impl.cc:392] Shutdown: canceling all background work
I211123 15:33:46.169030 1184 storage/engine/rocksdb.go:120  [db/db_impl.cc:565] Shutdown complete
I211123 15:33:46.185983 1184 storage/engine/rocksdb.go:120  bloom filter utility:    66.7%
I211123 15:33:46.186576 1184 storage/engine/rocksdb.go:120  [db/db_impl.cc:392] Shutdown: canceling all background work
I211123 15:33:46.195079 1184 storage/engine/rocksdb.go:120  [db/db_impl.cc:565] Shutdown complete
