I211123 15:31:05.614013 1 util/log/clog.go:1196  [config] file created at: 2021/11/23 15:31:05
I211123 15:31:05.614013 1 util/log/clog.go:1196  [config] running on machine: 81f2a0bc1c88
I211123 15:31:05.614013 1 util/log/clog.go:1196  [config] binary: CockroachDB CCL v19.2.2 (x86_64-unknown-linux-gnu, built 2019/12/11 01:33:43, go1.12.12)
I211123 15:31:05.614013 1 util/log/clog.go:1196  [config] arguments: [/cockroach/cockroach start-single-node --insecure]
I211123 15:31:05.614013 1 util/log/clog.go:1196  line format: [IWEF]yymmdd hh:mm:ss.uuuuuu goid file:line msg utf8=✓
I211123 15:31:05.614012 1 cli/start.go:1144  logging to directory /cockroach/cockroach-data/logs
W211123 15:31:05.631303 1 cli/start.go:1182  RUNNING IN INSECURE MODE!

- Your cluster is open for any client that can access <all your IP addresses>.
- Any user, even root, can log in without providing a password.
- Any user, connecting as root, can read or write any data in your cluster.
- There is no network encryption nor authentication, and thus no confidentiality.

Check out how to secure your cluster: https://www.cockroachlabs.com/docs/v19.2/secure-a-cluster.html
I211123 15:31:05.631751 1 server/status/recorder.go:599  available memory from cgroups (8.0 EiB) exceeds system memory 12 GiB, using system memory
W211123 15:31:05.632067 1 cli/start.go:1052  Using the default setting for --cache (128 MiB).
  A significantly larger value is usually needed for good performance.
  If you have a dedicated server a reasonable setting is --cache=.25 (2.9 GiB).
I211123 15:31:05.632329 1 server/status/recorder.go:599  available memory from cgroups (8.0 EiB) exceeds system memory 12 GiB, using system memory
W211123 15:31:05.632354 1 cli/start.go:1065  Using the default setting for --max-sql-memory (128 MiB).
  A significantly larger value is usually needed in production.
  If you have a dedicated server a reasonable setting is --max-sql-memory=.25 (2.9 GiB).
I211123 15:31:05.632440 1 server/status/recorder.go:599  available memory from cgroups (8.0 EiB) exceeds system memory 12 GiB, using system memory
I211123 15:31:05.632466 1 cli/start.go:1196  CockroachDB CCL v19.2.2 (x86_64-unknown-linux-gnu, built 2019/12/11 01:33:43, go1.12.12)
I211123 15:31:05.767206 1 server/status/recorder.go:599  available memory from cgroups (8.0 EiB) exceeds system memory 12 GiB, using system memory
I211123 15:31:05.767297 1 server/config.go:394  system total memory: 12 GiB
I211123 15:31:05.767343 1 server/config.go:396  server configuration:
max offset             500000000
cache size             128 MiB
SQL memory pool size   128 MiB
scan interval          10m0s
scan min idle time     10ms
scan max idle time     1s
event log enabled      true
I211123 15:31:05.767362 1 cli/start.go:1030  using local environment variables: COCKROACH_CHANNEL=official-docker
I211123 15:31:05.767372 1 cli/start.go:1037  process identity: uid 0 euid 0 gid 0 egid 0
I211123 15:31:05.767473 1 cli/start.go:644  starting cockroach node
I211123 15:31:05.773382 28 storage/engine/rocksdb.go:622  opening rocksdb instance at "/cockroach/cockroach-data/cockroach-temp617590043"
I211123 15:31:05.864765 28 server/server.go:928  [n?] monitoring forward clock jumps based on server.clock.forward_jump_check_enabled
I211123 15:31:05.868153 28 storage/engine/rocksdb.go:622  opening rocksdb instance at "/cockroach/cockroach-data"
I211123 15:31:07.334939 28 server/config.go:502  [n?] 1 storage engine initialized
I211123 15:31:07.334950 28 server/config.go:505  [n?] RocksDB cache size: 128 MiB
I211123 15:31:07.334956 28 server/config.go:505  [n?] store 0: RocksDB, max size 0 B, max open file limit 1043576
W211123 15:31:07.356925 28 cli/start.go:996  neither --listen-addr nor --advertise-addr was specified.
The server will advertise "81f2a0bc1c88" to other nodes, is this routable?

Consider using:
- for local-only servers:  --listen-addr=localhost
- for multi-node clusters: --advertise-addr=<host/IP addr>
I211123 15:31:07.359214 28 gossip/gossip.go:394  [n1] NodeDescriptor set to node_id:1 address:<network_field:"tcp" address_field:"81f2a0bc1c88:26257" > attrs:<> locality:<> ServerVersion:<major_val:19 minor_val:2 patch:0 unstable:0 > build_tag:"v19.2.2" started_at:1637681467358985357 cluster_name:"" sql_address:<network_field:"tcp" address_field:"81f2a0bc1c88:26257" > 
W211123 15:31:07.409945 159 storage/replica_range_lease.go:554  can't determine lease status due to node liveness error: node not in the liveness table
github.com/cockroachdb/cockroach/pkg/storage.init.ializers
	/go/src/github.com/cockroachdb/cockroach/pkg/storage/node_liveness.go:44
runtime.main
	/usr/local/go/src/runtime/proc.go:188
runtime.goexit
	/usr/local/go/src/runtime/asm_amd64.s:1337
W211123 15:31:07.409988 159 storage/store.go:1530  [n1,s1,r6/1:/Table/{SystemCon…-11}] could not gossip system config: [NotLeaseHolderError] r6: replica (n1,s1):1 not lease holder; lease holder unknown
I211123 15:31:07.439586 28 server/node.go:431  [n1] initialized store [n1,s1]: disk (capacity=58 TiB, available=2.0 TiB, used=8.5 MiB, logicalBytes=59 MiB), ranges=26, leases=2, queries=0.00, writes=0.00, bytesPerReplica={p10=0.00 p25=0.00 p50=326.00 p75=7890.00 p90=29000.00 pMax=62164111.00}, writesPerReplica={p10=0.00 p25=0.00 p50=0.00 p75=0.00 p90=0.00 pMax=0.00}
I211123 15:31:07.439737 28 storage/stores.go:240  [n1] read 0 node addresses from persistent storage
I211123 15:31:07.439880 28 server/node.go:645  [n1] connecting to gossip network to verify cluster ID...
I211123 15:31:07.439901 28 server/node.go:665  [n1] node connected via gossip and verified as part of cluster "4ec27673-48c0-44d2-8cd5-72668472efa5"
I211123 15:31:07.440009 28 server/node.go:512  [n1] node=1: started with [<no-attributes>=/cockroach/cockroach-data] engine(s) and attributes []
I211123 15:31:07.441748 28 server/server.go:1514  [n1] starting http server at [::]:8080 (use: 81f2a0bc1c88:8080)
I211123 15:31:07.441764 28 server/server.go:1521  [n1] starting grpc/postgres server at [::]:26257
I211123 15:31:07.441775 28 server/server.go:1522  [n1] advertising CockroachDB node at 81f2a0bc1c88:26257
I211123 15:31:07.460001 28 server/server.go:1590  [n1] done ensuring all necessary migrations have run
I211123 15:31:07.460707 28 server/server.go:1841  [n1] serving sql connections
I211123 15:31:07.461011 28 cli/start.go:803  [config] clusterID: 4ec27673-48c0-44d2-8cd5-72668472efa5
I211123 15:31:07.461032 28 cli/start.go:812  node startup completed:
CockroachDB node starting at 2021-11-23 15:31:07.460769364 +0000 UTC (took 1.8s)
build:               CCL v19.2.2 @ 2019/12/11 01:33:43 (go1.12.12)
webui:               http://81f2a0bc1c88:8080
sql:                 postgresql://root@81f2a0bc1c88:26257?sslmode=disable
RPC client flags:    /cockroach/cockroach <client cmd> --host=81f2a0bc1c88:26257 --insecure
logs:                /cockroach/cockroach-data/logs
temp dir:            /cockroach/cockroach-data/cockroach-temp617590043
external I/O path:   /cockroach/cockroach-data/extern
store[0]:            path=/cockroach/cockroach-data
status:              restarted pre-existing node
clusterID:           4ec27673-48c0-44d2-8cd5-72668472efa5
nodeID:              1
I211123 15:31:07.479871 95 server/server_update.go:53  [n1] no need to upgrade, cluster already at the newest version
I211123 15:31:07.488060 97 sql/event_log.go:130  [n1] Event: "node_restart", target: 1, info: {Descriptor:{NodeID:1 Address:81f2a0bc1c88:26257 Attrs: Locality: ServerVersion:19.2 BuildTag:v19.2.2 StartedAt:1637681467358985357 LocalityAddress:[] ClusterName: SQLAddress:81f2a0bc1c88:26257} ClusterID:4ec27673-48c0-44d2-8cd5-72668472efa5 StartedAt:1637681467358985357 LastUp:1637681454538984214}
I211123 15:31:08.985365 101 gossip/gossip.go:1531  [n1] node has connected to cluster via gossip
I211123 15:31:08.985493 101 storage/stores.go:259  [n1] wrote 0 node addresses to persistent storage
I211123 15:31:17.444195 172 server/status/runtime.go:498  [n1] runtime stats: 98 MiB RSS, 132 goroutines, 86 MiB/38 MiB/130 MiB GO alloc/idle/total, 14 MiB/17 MiB CGO alloc/total, 0.0 CGO/sec, 0.0/0.0 %(u/s)time, 0.0 %gc (8x), 5.1 KiB/2.2 KiB (r/w)net
I211123 15:31:27.420994 172 server/status/runtime.go:498  [n1] runtime stats: 103 MiB RSS, 132 goroutines, 86 MiB/36 MiB/134 MiB GO alloc/idle/total, 14 MiB/17 MiB CGO alloc/total, 34.6 CGO/sec, 1.2/0.6 %(u/s)time, 0.0 %gc (1x), 2.3 KiB/894 B (r/w)net
I211123 15:31:27.426820 167 storage/store.go:2364  [n1,s1] sstables (read amplification = 2):
0 [ 364K 1 ]: 364K
6 [   5M 2 ]: 4M 1M
I211123 15:31:27.426915 167 storage/store.go:2365  [n1,s1] 
** Compaction Stats [default] **
Level    Files   Size     Score Read(GB)  Rn(GB) Rnp1(GB) Write(GB) Wnew(GB) Moved(GB) W-Amp Rd(MB/s) Wr(MB/s) Comp(sec) CompMergeCPU(sec) Comp(cnt) Avg(sec) KeyIn KeyDrop
----------------------------------------------------------------------------------------------------------------------------------------------------------------------------
  L0      1/0   364.33 KB   0.5      0.0     0.0      0.0       0.0      0.0       0.0   1.0      0.0      0.7      0.49              0.00         1    0.493       0      0
  L6      2/0    5.46 MB   0.0      0.0     0.0      0.0       0.0      0.0       0.0   0.0      0.0      0.0      0.00              0.00         0    0.000       0      0
 Sum      3/0    5.82 MB   0.0      0.0     0.0      0.0       0.0      0.0       0.0   1.0      0.0      0.7      0.49              0.00         1    0.493       0      0
 Int      0/0    0.00 KB   0.0      0.0     0.0      0.0       0.0      0.0       0.0   1.0      0.0      0.7      0.49              0.00         1    0.493       0      0

** Compaction Stats [default] **
Priority    Files   Size     Score Read(GB)  Rn(GB) Rnp1(GB) Write(GB) Wnew(GB) Moved(GB) W-Amp Rd(MB/s) Wr(MB/s) Comp(sec) CompMergeCPU(sec) Comp(cnt) Avg(sec) KeyIn KeyDrop
-------------------------------------------------------------------------------------------------------------------------------------------------------------------------------
User      0/0    0.00 KB   0.0      0.0     0.0      0.0       0.0      0.0       0.0   0.0      0.0      0.7      0.49              0.00         1    0.493       0      0
Uptime(secs): 21.5 total, 21.5 interval
Flush(GB): cumulative 0.000, interval 0.000
AddFile(GB): cumulative 0.000, interval 0.000
AddFile(Total Files): cumulative 0, interval 0
AddFile(L0 Files): cumulative 0, interval 0
AddFile(Keys): cumulative 0, interval 0
Cumulative compaction: 0.00 GB write, 0.02 MB/s write, 0.00 GB read, 0.00 MB/s read, 0.5 seconds
Interval compaction: 0.00 GB write, 0.02 MB/s write, 0.00 GB read, 0.00 MB/s read, 0.5 seconds
Stalls(count): 0 level0_slowdown, 0 level0_slowdown_with_compaction, 0 level0_numfiles, 0 level0_numfiles_with_compaction, 0 stop for pending_compaction_bytes, 0 slowdown for pending_compaction_bytes, 0 memtable_compaction, 0 memtable_slowdown, interval 0 total count
estimated_pending_compaction_bytes: 0 B
I211123 15:31:37.422264 172 server/status/runtime.go:498  [n1] runtime stats: 110 MiB RSS, 132 goroutines, 96 MiB/27 MiB/135 MiB GO alloc/idle/total, 14 MiB/18 MiB CGO alloc/total, 28.6 CGO/sec, 1.1/0.6 %(u/s)time, 0.0 %gc (0x), 3.0 KiB/1.2 KiB (r/w)net
I211123 15:31:47.421801 172 server/status/runtime.go:498  [n1] runtime stats: 119 MiB RSS, 133 goroutines, 105 MiB/18 MiB/135 MiB GO alloc/idle/total, 14 MiB/18 MiB CGO alloc/total, 33.8 CGO/sec, 1.2/0.5 %(u/s)time, 0.0 %gc (0x), 2.3 KiB/894 B (r/w)net
I211123 15:31:55.032922 1 cli/start.go:865  received signal 'terminated'
I211123 15:31:55.034354 1 cli/start.go:930  initiating graceful shutdown of server
I211123 15:31:55.040640 842 util/stop/stopper.go:542  [server drain process] quiescing; tasks left:
1      [async] stats.Refresher: maybeRefreshStats
1      [async] intent_resolver_ir_batcher
1      [async] intent_resolver_gc_batcher
1      [async] closedts-rangefeed-subscriber
I211123 15:31:55.041631 842 util/stop/stopper.go:542  [server drain process] quiescing; tasks left:
1      [async] intent_resolver_ir_batcher
1      [async] intent_resolver_gc_batcher
1      [async] closedts-rangefeed-subscriber
I211123 15:31:55.043591 842 storage/engine/rocksdb.go:762  closing rocksdb instance at "/cockroach/cockroach-data/cockroach-temp617590043"
I211123 15:31:55.064733 842 storage/engine/rocksdb.go:762  closing rocksdb instance at "/cockroach/cockroach-data"
I211123 15:31:55.073259 1 cli/start.go:976  server drained and shutdown completed
