I211123 14:49:49.167234 1 util/log/clog.go:1196  [config] file created at: 2021/11/23 14:49:49
I211123 14:49:49.167234 1 util/log/clog.go:1196  [config] running on machine: 81f2a0bc1c88
I211123 14:49:49.167234 1 util/log/clog.go:1196  [config] binary: CockroachDB CCL v19.2.2 (x86_64-unknown-linux-gnu, built 2019/12/11 01:33:43, go1.12.12)
I211123 14:49:49.167234 1 util/log/clog.go:1196  [config] arguments: [/cockroach/cockroach start-single-node --insecure]
I211123 14:49:49.167234 1 util/log/clog.go:1196  line format: [IWEF]yymmdd hh:mm:ss.uuuuuu goid file:line msg utf8=✓
I211123 14:49:49.167233 1 cli/start.go:1144  logging to directory /cockroach/cockroach-data/logs
W211123 14:49:49.185074 1 cli/start.go:1182  RUNNING IN INSECURE MODE!

- Your cluster is open for any client that can access <all your IP addresses>.
- Any user, even root, can log in without providing a password.
- Any user, connecting as root, can read or write any data in your cluster.
- There is no network encryption nor authentication, and thus no confidentiality.

Check out how to secure your cluster: https://www.cockroachlabs.com/docs/v19.2/secure-a-cluster.html
I211123 14:49:49.185841 1 server/status/recorder.go:599  available memory from cgroups (8.0 EiB) exceeds system memory 12 GiB, using system memory
W211123 14:49:49.186015 1 cli/start.go:1052  Using the default setting for --cache (128 MiB).
  A significantly larger value is usually needed for good performance.
  If you have a dedicated server a reasonable setting is --cache=.25 (2.9 GiB).
I211123 14:49:49.186243 1 server/status/recorder.go:599  available memory from cgroups (8.0 EiB) exceeds system memory 12 GiB, using system memory
W211123 14:49:49.186276 1 cli/start.go:1065  Using the default setting for --max-sql-memory (128 MiB).
  A significantly larger value is usually needed in production.
  If you have a dedicated server a reasonable setting is --max-sql-memory=.25 (2.9 GiB).
I211123 14:49:49.186460 1 server/status/recorder.go:599  available memory from cgroups (8.0 EiB) exceeds system memory 12 GiB, using system memory
I211123 14:49:49.186484 1 cli/start.go:1196  CockroachDB CCL v19.2.2 (x86_64-unknown-linux-gnu, built 2019/12/11 01:33:43, go1.12.12)
I211123 14:49:49.317395 1 server/status/recorder.go:599  available memory from cgroups (8.0 EiB) exceeds system memory 12 GiB, using system memory
I211123 14:49:49.317415 1 server/config.go:394  system total memory: 12 GiB
I211123 14:49:49.317486 1 server/config.go:396  server configuration:
max offset             500000000
cache size             128 MiB
SQL memory pool size   128 MiB
scan interval          10m0s
scan min idle time     10ms
scan max idle time     1s
event log enabled      true
I211123 14:49:49.317503 1 cli/start.go:1030  using local environment variables: COCKROACH_CHANNEL=official-docker
I211123 14:49:49.317512 1 cli/start.go:1037  process identity: uid 0 euid 0 gid 0 egid 0
I211123 14:49:49.317575 1 cli/start.go:644  starting cockroach node
I211123 14:49:49.324344 41 storage/engine/rocksdb.go:622  opening rocksdb instance at "/cockroach/cockroach-data/cockroach-temp539593842"
I211123 14:49:49.436445 41 server/server.go:928  [n?] monitoring forward clock jumps based on server.clock.forward_jump_check_enabled
I211123 14:49:49.438664 41 storage/engine/rocksdb.go:622  opening rocksdb instance at "/cockroach/cockroach-data"
I211123 14:49:49.960275 41 server/config.go:502  [n?] 1 storage engine initialized
I211123 14:49:49.960293 41 server/config.go:505  [n?] RocksDB cache size: 128 MiB
I211123 14:49:49.960315 41 server/config.go:505  [n?] store 0: RocksDB, max size 0 B, max open file limit 1043576
W211123 14:49:49.980757 41 cli/start.go:996  neither --listen-addr nor --advertise-addr was specified.
The server will advertise "81f2a0bc1c88" to other nodes, is this routable?

Consider using:
- for local-only servers:  --listen-addr=localhost
- for multi-node clusters: --advertise-addr=<host/IP addr>
I211123 14:49:49.987870 41 gossip/gossip.go:394  [n1] NodeDescriptor set to node_id:1 address:<network_field:"tcp" address_field:"81f2a0bc1c88:26257" > attrs:<> locality:<> ServerVersion:<major_val:19 minor_val:2 patch:0 unstable:0 > build_tag:"v19.2.2" started_at:1637678989987615428 cluster_name:"" sql_address:<network_field:"tcp" address_field:"81f2a0bc1c88:26257" > 
W211123 14:49:50.064278 150 storage/replica_range_lease.go:554  can't determine lease status due to node liveness error: node not in the liveness table
github.com/cockroachdb/cockroach/pkg/storage.init.ializers
	/go/src/github.com/cockroachdb/cockroach/pkg/storage/node_liveness.go:44
runtime.main
	/usr/local/go/src/runtime/proc.go:188
runtime.goexit
	/usr/local/go/src/runtime/asm_amd64.s:1337
W211123 14:49:50.064354 150 storage/store.go:1530  [n1,s1,r6/1:/Table/{SystemCon…-11}] could not gossip system config: [NotLeaseHolderError] r6: replica (n1,s1):1 not lease holder; lease holder unknown
I211123 14:49:50.105348 41 server/node.go:431  [n1] initialized store [n1,s1]: disk (capacity=58 TiB, available=2.0 TiB, used=10 MiB, logicalBytes=52 MiB), ranges=25, leases=2, queries=0.00, writes=0.00, bytesPerReplica={p10=0.00 p25=0.00 p50=0.00 p75=8459.00 p90=28946.00 pMax=54242221.00}, writesPerReplica={p10=0.00 p25=0.00 p50=0.00 p75=0.00 p90=0.00 pMax=0.00}
I211123 14:49:50.105497 41 storage/stores.go:240  [n1] read 0 node addresses from persistent storage
I211123 14:49:50.105678 41 server/node.go:645  [n1] connecting to gossip network to verify cluster ID...
I211123 14:49:50.105704 41 server/node.go:665  [n1] node connected via gossip and verified as part of cluster "4ec27673-48c0-44d2-8cd5-72668472efa5"
I211123 14:49:50.106153 41 server/node.go:512  [n1] node=1: started with [<no-attributes>=/cockroach/cockroach-data] engine(s) and attributes []
I211123 14:49:50.108787 41 server/server.go:1514  [n1] starting http server at [::]:8080 (use: 81f2a0bc1c88:8080)
I211123 14:49:50.108847 41 server/server.go:1521  [n1] starting grpc/postgres server at [::]:26257
I211123 14:49:50.108898 41 server/server.go:1522  [n1] advertising CockroachDB node at 81f2a0bc1c88:26257
I211123 14:49:50.151196 41 server/server.go:1590  [n1] done ensuring all necessary migrations have run
I211123 14:49:50.151317 41 server/server.go:1841  [n1] serving sql connections
I211123 14:49:50.152267 41 cli/start.go:803  [config] clusterID: 4ec27673-48c0-44d2-8cd5-72668472efa5
I211123 14:49:50.152288 41 cli/start.go:812  node startup completed:
CockroachDB node starting at 2021-11-23 14:49:50.151416979 +0000 UTC (took 1.0s)
build:               CCL v19.2.2 @ 2019/12/11 01:33:43 (go1.12.12)
webui:               http://81f2a0bc1c88:8080
sql:                 postgresql://root@81f2a0bc1c88:26257?sslmode=disable
RPC client flags:    /cockroach/cockroach <client cmd> --host=81f2a0bc1c88:26257 --insecure
logs:                /cockroach/cockroach-data/logs
temp dir:            /cockroach/cockroach-data/cockroach-temp539593842
external I/O path:   /cockroach/cockroach-data/extern
store[0]:            path=/cockroach/cockroach-data
status:              restarted pre-existing node
clusterID:           4ec27673-48c0-44d2-8cd5-72668472efa5
nodeID:              1
I211123 14:49:50.159395 63 server/server_update.go:53  [n1] no need to upgrade, cluster already at the newest version
I211123 14:49:50.180185 65 sql/event_log.go:130  [n1] Event: "node_restart", target: 1, info: {Descriptor:{NodeID:1 Address:81f2a0bc1c88:26257 Attrs: Locality: ServerVersion:19.2 BuildTag:v19.2.2 StartedAt:1637678989987615428 LocalityAddress:[] ClusterName: SQLAddress:81f2a0bc1c88:26257} ClusterID:4ec27673-48c0-44d2-8cd5-72668472efa5 StartedAt:1637678989987615428 LastUp:1637678897378293912}
I211123 14:49:51.928597 90 gossip/gossip.go:1531  [n1] node has connected to cluster via gossip
I211123 14:49:51.928878 90 storage/stores.go:259  [n1] wrote 0 node addresses to persistent storage
I211123 14:49:52.007430 260 server/updates.go:267  [n1] A new version is available: 21.2.0, details: https://www.cockroachlabs.com/docs/releases/v21.2.0.html
I211123 14:50:00.087499 179 server/status/runtime.go:498  [n1] runtime stats: 146 MiB RSS, 135 goroutines, 130 MiB/57 MiB/201 MiB GO alloc/idle/total, 15 MiB/20 MiB CGO alloc/total, 0.0 CGO/sec, 0.0/0.0 %(u/s)time, 0.0 %gc (9x), 54 KiB/5.9 MiB (r/w)net
I211123 14:50:10.088280 179 server/status/runtime.go:498  [n1] runtime stats: 157 MiB RSS, 135 goroutines, 86 MiB/99 MiB/201 MiB GO alloc/idle/total, 19 MiB/23 MiB CGO alloc/total, 40.7 CGO/sec, 1.8/0.7 %(u/s)time, 0.0 %gc (1x), 9.4 KiB/45 KiB (r/w)net
I211123 14:50:10.093756 158 storage/store.go:2364  [n1,s1] sstables (read amplification = 1):
6 [ 5M 2 ]: 4M 1M
I211123 14:50:10.094062 158 storage/store.go:2365  [n1,s1] 
** Compaction Stats [default] **
Level    Files   Size     Score Read(GB)  Rn(GB) Rnp1(GB) Write(GB) Wnew(GB) Moved(GB) W-Amp Rd(MB/s) Wr(MB/s) Comp(sec) CompMergeCPU(sec) Comp(cnt) Avg(sec) KeyIn KeyDrop
----------------------------------------------------------------------------------------------------------------------------------------------------------------------------
  L0      0/0    0.00 KB   0.0      0.0     0.0      0.0       0.0      0.0       0.0   1.0      0.0      1.1      0.10              0.00         1    0.103       0      0
  L6      2/0    5.46 MB   0.0      0.0     0.0      0.0       0.0      0.0       0.0  11.7     19.4     18.9      0.29              0.14         1    0.289     24K   7638
 Sum      2/0    5.46 MB   0.0      0.0     0.0      0.0       0.0      0.0       0.0  48.1     14.3     14.2      0.39              0.14         2    0.196     24K   7638
 Int      0/0    0.00 KB   0.0      0.0     0.0      0.0       0.0      0.0       0.0  48.1     14.3     14.2      0.39              0.14         2    0.196     24K   7638

** Compaction Stats [default] **
Priority    Files   Size     Score Read(GB)  Rn(GB) Rnp1(GB) Write(GB) Wnew(GB) Moved(GB) W-Amp Rd(MB/s) Wr(MB/s) Comp(sec) CompMergeCPU(sec) Comp(cnt) Avg(sec) KeyIn KeyDrop
-------------------------------------------------------------------------------------------------------------------------------------------------------------------------------
 Low      0/0    0.00 KB   0.0      0.0     0.0      0.0       0.0      0.0       0.0   0.0     19.4     18.9      0.29              0.14         1    0.289     24K   7638
User      0/0    0.00 KB   0.0      0.0     0.0      0.0       0.0      0.0       0.0   0.0      0.0      1.1      0.10              0.00         1    0.103       0      0
Uptime(secs): 20.6 total, 20.6 interval
Flush(GB): cumulative 0.000, interval 0.000
AddFile(GB): cumulative 0.000, interval 0.000
AddFile(Total Files): cumulative 0, interval 0
AddFile(L0 Files): cumulative 0, interval 0
AddFile(Keys): cumulative 0, interval 0
Cumulative compaction: 0.01 GB write, 0.27 MB/s write, 0.01 GB read, 0.27 MB/s read, 0.4 seconds
Interval compaction: 0.01 GB write, 0.27 MB/s write, 0.01 GB read, 0.27 MB/s read, 0.4 seconds
Stalls(count): 0 level0_slowdown, 0 level0_slowdown_with_compaction, 0 level0_numfiles, 0 level0_numfiles_with_compaction, 0 stop for pending_compaction_bytes, 0 slowdown for pending_compaction_bytes, 0 memtable_compaction, 0 memtable_slowdown, interval 0 total count
estimated_pending_compaction_bytes: 0 B
I211123 14:50:20.088955 179 server/status/runtime.go:498  [n1] runtime stats: 196 MiB RSS, 145 goroutines, 84 MiB/97 MiB/202 MiB GO alloc/idle/total, 20 MiB/24 MiB CGO alloc/total, 354.2 CGO/sec, 10.4/1.6 %(u/s)time, 0.0 %gc (2x), 62 KiB/151 KiB (r/w)net
I211123 14:50:30.066554 179 server/status/runtime.go:498  [n1] runtime stats: 196 MiB RSS, 146 goroutines, 92 MiB/90 MiB/202 MiB GO alloc/idle/total, 20 MiB/24 MiB CGO alloc/total, 29.8 CGO/sec, 1.4/0.5 %(u/s)time, 0.0 %gc (0x), 5.1 KiB/2.8 KiB (r/w)net
I211123 14:50:40.067708 179 server/status/runtime.go:498  [n1] runtime stats: 197 MiB RSS, 146 goroutines, 102 MiB/82 MiB/202 MiB GO alloc/idle/total, 20 MiB/25 MiB CGO alloc/total, 54.0 CGO/sec, 1.7/0.7 %(u/s)time, 0.0 %gc (0x), 7.8 KiB/4.4 KiB (r/w)net
I211123 14:50:50.061232 159 gossip/gossip.go:566  [n1] gossip status (ok, 1 node)
gossip client (0/3 cur/max conns)
gossip server (0/3 cur/max conns, infos 0/0 sent/received, bytes 0B/0B sent/received)
gossip connectivity
  n1 [sentinel];
I211123 14:50:50.067928 179 server/status/runtime.go:498  [n1] runtime stats: 197 MiB RSS, 148 goroutines, 110 MiB/74 MiB/202 MiB GO alloc/idle/total, 20 MiB/25 MiB CGO alloc/total, 26.0 CGO/sec, 1.4/0.7 %(u/s)time, 0.0 %gc (0x), 6.7 KiB/30 KiB (r/w)net
I211123 14:51:00.045146 179 server/status/runtime.go:498  [n1] runtime stats: 198 MiB RSS, 145 goroutines, 118 MiB/67 MiB/202 MiB GO alloc/idle/total, 20 MiB/25 MiB CGO alloc/total, 63.6 CGO/sec, 1.5/0.5 %(u/s)time, 0.0 %gc (0x), 6.9 KiB/30 KiB (r/w)net
I211123 14:51:10.045714 179 server/status/runtime.go:498  [n1] runtime stats: 198 MiB RSS, 145 goroutines, 125 MiB/60 MiB/202 MiB GO alloc/idle/total, 20 MiB/25 MiB CGO alloc/total, 21.1 CGO/sec, 1.4/0.7 %(u/s)time, 0.0 %gc (0x), 6.6 KiB/30 KiB (r/w)net
I211123 14:51:20.045823 179 server/status/runtime.go:498  [n1] runtime stats: 198 MiB RSS, 145 goroutines, 132 MiB/53 MiB/202 MiB GO alloc/idle/total, 20 MiB/25 MiB CGO alloc/total, 27.5 CGO/sec, 1.3/0.5 %(u/s)time, 0.0 %gc (0x), 6.5 KiB/29 KiB (r/w)net
I211123 14:51:30.026833 179 server/status/runtime.go:498  [n1] runtime stats: 199 MiB RSS, 146 goroutines, 142 MiB/43 MiB/202 MiB GO alloc/idle/total, 20 MiB/25 MiB CGO alloc/total, 184.2 CGO/sec, 1.5/0.6 %(u/s)time, 0.0 %gc (0x), 6.8 KiB/30 KiB (r/w)net
I211123 14:51:40.027097 179 server/status/runtime.go:498  [n1] runtime stats: 200 MiB RSS, 146 goroutines, 80 MiB/100 MiB/202 MiB GO alloc/idle/total, 20 MiB/25 MiB CGO alloc/total, 24.8 CGO/sec, 1.4/0.7 %(u/s)time, 0.0 %gc (1x), 7.7 KiB/31 KiB (r/w)net
I211123 14:51:50.016177 159 gossip/gossip.go:566  [n1] gossip status (ok, 1 node)
gossip client (0/3 cur/max conns)
gossip server (0/3 cur/max conns, infos 0/0 sent/received, bytes 0B/0B sent/received)
I211123 14:51:50.027427 179 server/status/runtime.go:498  [n1] runtime stats: 200 MiB RSS, 146 goroutines, 89 MiB/92 MiB/202 MiB GO alloc/idle/total, 20 MiB/25 MiB CGO alloc/total, 26.3 CGO/sec, 1.2/0.6 %(u/s)time, 0.0 %gc (0x), 6.6 KiB/29 KiB (r/w)net
I211123 14:52:00.005159 179 server/status/runtime.go:498  [n1] runtime stats: 200 MiB RSS, 145 goroutines, 98 MiB/85 MiB/202 MiB GO alloc/idle/total, 20 MiB/26 MiB CGO alloc/total, 57.5 CGO/sec, 1.5/0.5 %(u/s)time, 0.0 %gc (0x), 6.8 KiB/30 KiB (r/w)net
I211123 14:52:10.005574 179 server/status/runtime.go:498  [n1] runtime stats: 200 MiB RSS, 145 goroutines, 106 MiB/78 MiB/202 MiB GO alloc/idle/total, 20 MiB/26 MiB CGO alloc/total, 25.5 CGO/sec, 1.2/0.5 %(u/s)time, 0.0 %gc (0x), 7.7 KiB/31 KiB (r/w)net
I211123 14:52:20.006040 179 server/status/runtime.go:498  [n1] runtime stats: 201 MiB RSS, 145 goroutines, 113 MiB/71 MiB/202 MiB GO alloc/idle/total, 20 MiB/26 MiB CGO alloc/total, 24.2 CGO/sec, 1.2/0.6 %(u/s)time, 0.0 %gc (0x), 7.8 KiB/31 KiB (r/w)net
I211123 14:52:29.983227 179 server/status/runtime.go:498  [n1] runtime stats: 201 MiB RSS, 146 goroutines, 121 MiB/64 MiB/202 MiB GO alloc/idle/total, 20 MiB/26 MiB CGO alloc/total, 27.5 CGO/sec, 1.3/0.6 %(u/s)time, 0.0 %gc (0x), 6.8 KiB/30 KiB (r/w)net
I211123 14:52:39.983763 179 server/status/runtime.go:498  [n1] runtime stats: 201 MiB RSS, 146 goroutines, 128 MiB/57 MiB/202 MiB GO alloc/idle/total, 20 MiB/26 MiB CGO alloc/total, 25.9 CGO/sec, 1.1/0.6 %(u/s)time, 0.0 %gc (0x), 6.4 KiB/29 KiB (r/w)net
I211123 14:52:49.971615 159 gossip/gossip.go:566  [n1] gossip status (ok, 1 node)
gossip client (0/3 cur/max conns)
gossip server (0/3 cur/max conns, infos 0/0 sent/received, bytes 0B/0B sent/received)
I211123 14:52:49.983991 179 server/status/runtime.go:498  [n1] runtime stats: 201 MiB RSS, 146 goroutines, 136 MiB/50 MiB/202 MiB GO alloc/idle/total, 20 MiB/26 MiB CGO alloc/total, 28.0 CGO/sec, 1.2/0.7 %(u/s)time, 0.0 %gc (0x), 6.5 KiB/29 KiB (r/w)net
I211123 14:52:59.962149 179 server/status/runtime.go:498  [n1] runtime stats: 202 MiB RSS, 145 goroutines, 144 MiB/42 MiB/202 MiB GO alloc/idle/total, 20 MiB/26 MiB CGO alloc/total, 57.4 CGO/sec, 1.3/0.5 %(u/s)time, 0.0 %gc (0x), 6.1 KiB/29 KiB (r/w)net
I211123 14:53:09.962176 179 server/status/runtime.go:498  [n1] runtime stats: 202 MiB RSS, 145 goroutines, 84 MiB/97 MiB/202 MiB GO alloc/idle/total, 20 MiB/26 MiB CGO alloc/total, 23.7 CGO/sec, 1.6/0.6 %(u/s)time, 0.0 %gc (1x), 5.7 KiB/29 KiB (r/w)net
I211123 14:53:19.962799 179 server/status/runtime.go:498  [n1] runtime stats: 202 MiB RSS, 145 goroutines, 92 MiB/90 MiB/202 MiB GO alloc/idle/total, 20 MiB/26 MiB CGO alloc/total, 30.3 CGO/sec, 1.3/0.6 %(u/s)time, 0.0 %gc (0x), 5.0 KiB/29 KiB (r/w)net
I211123 14:53:29.943437 179 server/status/runtime.go:498  [n1] runtime stats: 202 MiB RSS, 146 goroutines, 100 MiB/83 MiB/202 MiB GO alloc/idle/total, 20 MiB/26 MiB CGO alloc/total, 25.2 CGO/sec, 1.3/0.5 %(u/s)time, 0.0 %gc (0x), 6.6 KiB/30 KiB (r/w)net
I211123 14:53:39.943633 179 server/status/runtime.go:498  [n1] runtime stats: 202 MiB RSS, 146 goroutines, 110 MiB/75 MiB/202 MiB GO alloc/idle/total, 20 MiB/26 MiB CGO alloc/total, 50.7 CGO/sec, 1.9/0.7 %(u/s)time, 0.0 %gc (0x), 9.6 KiB/5.8 KiB (r/w)net
I211123 14:53:49.928018 159 gossip/gossip.go:566  [n1] gossip status (ok, 1 node)
gossip client (0/3 cur/max conns)
gossip server (0/3 cur/max conns, infos 0/0 sent/received, bytes 0B/0B sent/received)
I211123 14:53:49.943839 179 server/status/runtime.go:498  [n1] runtime stats: 203 MiB RSS, 146 goroutines, 116 MiB/68 MiB/202 MiB GO alloc/idle/total, 20 MiB/26 MiB CGO alloc/total, 26.1 CGO/sec, 1.1/0.6 %(u/s)time, 0.0 %gc (0x), 4.8 KiB/2.5 KiB (r/w)net
I211123 14:53:59.921686 179 server/status/runtime.go:498  [n1] runtime stats: 204 MiB RSS, 145 goroutines, 124 MiB/61 MiB/202 MiB GO alloc/idle/total, 20 MiB/26 MiB CGO alloc/total, 55.4 CGO/sec, 1.5/0.6 %(u/s)time, 0.0 %gc (0x), 4.5 KiB/2.6 KiB (r/w)net
I211123 14:54:09.922139 179 server/status/runtime.go:498  [n1] runtime stats: 204 MiB RSS, 145 goroutines, 131 MiB/54 MiB/202 MiB GO alloc/idle/total, 20 MiB/26 MiB CGO alloc/total, 23.2 CGO/sec, 1.1/0.7 %(u/s)time, 0.0 %gc (0x), 4.9 KiB/2.6 KiB (r/w)net
I211123 14:54:19.922455 179 server/status/runtime.go:498  [n1] runtime stats: 204 MiB RSS, 145 goroutines, 138 MiB/48 MiB/202 MiB GO alloc/idle/total, 20 MiB/26 MiB CGO alloc/total, 29.4 CGO/sec, 1.3/0.6 %(u/s)time, 0.0 %gc (0x), 4.8 KiB/2.6 KiB (r/w)net
I211123 14:54:29.900457 179 server/status/runtime.go:498  [n1] runtime stats: 204 MiB RSS, 146 goroutines, 145 MiB/41 MiB/202 MiB GO alloc/idle/total, 20 MiB/26 MiB CGO alloc/total, 23.5 CGO/sec, 1.0/0.6 %(u/s)time, 0.0 %gc (0x), 5.1 KiB/2.8 KiB (r/w)net
I211123 14:54:39.900484 179 server/status/runtime.go:498  [n1] runtime stats: 204 MiB RSS, 146 goroutines, 84 MiB/97 MiB/202 MiB GO alloc/idle/total, 20 MiB/26 MiB CGO alloc/total, 26.8 CGO/sec, 1.4/0.6 %(u/s)time, 0.0 %gc (1x), 7.9 KiB/5.8 KiB (r/w)net
I211123 14:54:49.884100 159 gossip/gossip.go:566  [n1] gossip status (ok, 1 node)
gossip client (0/3 cur/max conns)
gossip server (0/3 cur/max conns, infos 0/0 sent/received, bytes 0B/0B sent/received)
I211123 14:54:49.900810 179 server/status/runtime.go:498  [n1] runtime stats: 205 MiB RSS, 146 goroutines, 92 MiB/90 MiB/202 MiB GO alloc/idle/total, 20 MiB/26 MiB CGO alloc/total, 27.4 CGO/sec, 1.4/0.6 %(u/s)time, 0.0 %gc (0x), 4.8 KiB/2.6 KiB (r/w)net
I211123 14:54:59.879068 179 server/status/runtime.go:498  [n1] runtime stats: 205 MiB RSS, 145 goroutines, 100 MiB/84 MiB/202 MiB GO alloc/idle/total, 20 MiB/26 MiB CGO alloc/total, 51.8 CGO/sec, 1.2/0.7 %(u/s)time, 0.0 %gc (0x), 5.2 KiB/2.9 KiB (r/w)net
I211123 14:55:09.879300 179 server/status/runtime.go:498  [n1] runtime stats: 205 MiB RSS, 145 goroutines, 107 MiB/77 MiB/202 MiB GO alloc/idle/total, 20 MiB/26 MiB CGO alloc/total, 30.9 CGO/sec, 1.1/0.7 %(u/s)time, 0.0 %gc (0x), 4.7 KiB/2.5 KiB (r/w)net
I211123 14:55:19.880411 179 server/status/runtime.go:498  [n1] runtime stats: 205 MiB RSS, 144 goroutines, 114 MiB/71 MiB/202 MiB GO alloc/idle/total, 20 MiB/26 MiB CGO alloc/total, 26.0 CGO/sec, 1.1/0.7 %(u/s)time, 0.0 %gc (0x), 3.4 KiB/2.0 KiB (r/w)net
I211123 14:55:29.857125 179 server/status/runtime.go:498  [n1] runtime stats: 206 MiB RSS, 145 goroutines, 121 MiB/64 MiB/202 MiB GO alloc/idle/total, 20 MiB/26 MiB CGO alloc/total, 25.8 CGO/sec, 1.3/0.5 %(u/s)time, 0.0 %gc (0x), 4.5 KiB/2.7 KiB (r/w)net
I211123 14:55:39.857857 179 server/status/runtime.go:498  [n1] runtime stats: 206 MiB RSS, 145 goroutines, 127 MiB/58 MiB/202 MiB GO alloc/idle/total, 20 MiB/26 MiB CGO alloc/total, 25.8 CGO/sec, 1.2/0.5 %(u/s)time, 0.0 %gc (0x), 5.2 KiB/3.6 KiB (r/w)net
I211123 14:55:49.838025 159 gossip/gossip.go:566  [n1] gossip status (ok, 1 node)
gossip client (0/3 cur/max conns)
gossip server (0/3 cur/max conns, infos 0/0 sent/received, bytes 0B/0B sent/received)
I211123 14:55:49.857993 179 server/status/runtime.go:498  [n1] runtime stats: 206 MiB RSS, 145 goroutines, 134 MiB/51 MiB/202 MiB GO alloc/idle/total, 28 MiB/34 MiB CGO alloc/total, 27.5 CGO/sec, 1.1/0.6 %(u/s)time, 0.0 %gc (0x), 4.1 KiB/2.3 KiB (r/w)net
I211123 14:55:59.835384 179 server/status/runtime.go:498  [n1] runtime stats: 207 MiB RSS, 144 goroutines, 142 MiB/44 MiB/202 MiB GO alloc/idle/total, 28 MiB/34 MiB CGO alloc/total, 55.5 CGO/sec, 1.7/0.5 %(u/s)time, 0.0 %gc (0x), 3.7 KiB/2.3 KiB (r/w)net
I211123 14:56:09.835991 179 server/status/runtime.go:498  [n1] runtime stats: 207 MiB RSS, 144 goroutines, 149 MiB/37 MiB/202 MiB GO alloc/idle/total, 28 MiB/34 MiB CGO alloc/total, 25.1 CGO/sec, 1.0/0.6 %(u/s)time, 0.0 %gc (0x), 4.0 KiB/2.2 KiB (r/w)net
I211123 14:56:19.836134 179 server/status/runtime.go:498  [n1] runtime stats: 207 MiB RSS, 144 goroutines, 86 MiB/94 MiB/202 MiB GO alloc/idle/total, 28 MiB/34 MiB CGO alloc/total, 27.9 CGO/sec, 1.5/0.6 %(u/s)time, 0.0 %gc (1x), 3.4 KiB/2.0 KiB (r/w)net
I211123 14:56:29.813669 179 server/status/runtime.go:498  [n1] runtime stats: 208 MiB RSS, 145 goroutines, 95 MiB/87 MiB/202 MiB GO alloc/idle/total, 28 MiB/34 MiB CGO alloc/total, 25.4 CGO/sec, 1.2/0.5 %(u/s)time, 0.0 %gc (0x), 4.4 KiB/2.6 KiB (r/w)net
I211123 14:56:39.814441 179 server/status/runtime.go:498  [n1] runtime stats: 208 MiB RSS, 145 goroutines, 102 MiB/81 MiB/202 MiB GO alloc/idle/total, 27 MiB/34 MiB CGO alloc/total, 28.5 CGO/sec, 1.1/0.7 %(u/s)time, 0.0 %gc (0x), 5.8 KiB/3.8 KiB (r/w)net
I211123 14:56:49.791827 159 gossip/gossip.go:566  [n1] gossip status (ok, 1 node)
gossip client (0/3 cur/max conns)
gossip server (0/3 cur/max conns, infos 0/0 sent/received, bytes 0B/0B sent/received)
I211123 14:56:49.815148 179 server/status/runtime.go:498  [n1] runtime stats: 208 MiB RSS, 145 goroutines, 109 MiB/74 MiB/202 MiB GO alloc/idle/total, 27 MiB/34 MiB CGO alloc/total, 25.6 CGO/sec, 1.2/0.7 %(u/s)time, 0.0 %gc (0x), 3.2 KiB/1.9 KiB (r/w)net
I211123 14:56:59.793708 179 server/status/runtime.go:498  [n1] runtime stats: 208 MiB RSS, 144 goroutines, 117 MiB/68 MiB/202 MiB GO alloc/idle/total, 27 MiB/34 MiB CGO alloc/total, 56.0 CGO/sec, 1.4/0.5 %(u/s)time, 0.0 %gc (0x), 5.7 KiB/4.1 KiB (r/w)net
I211123 14:57:09.793861 179 server/status/runtime.go:498  [n1] runtime stats: 209 MiB RSS, 144 goroutines, 124 MiB/61 MiB/202 MiB GO alloc/idle/total, 27 MiB/34 MiB CGO alloc/total, 20.7 CGO/sec, 0.9/0.6 %(u/s)time, 0.0 %gc (0x), 3.2 KiB/1.9 KiB (r/w)net
I211123 14:57:19.794922 179 server/status/runtime.go:498  [n1] runtime stats: 209 MiB RSS, 144 goroutines, 130 MiB/55 MiB/173 MiB GO alloc/idle/total, 27 MiB/34 MiB CGO alloc/total, 27.3 CGO/sec, 1.2/0.6 %(u/s)time, 0.0 %gc (0x), 4.0 KiB/2.2 KiB (r/w)net
I211123 14:57:29.775400 179 server/status/runtime.go:498  [n1] runtime stats: 209 MiB RSS, 145 goroutines, 137 MiB/48 MiB/173 MiB GO alloc/idle/total, 27 MiB/34 MiB CGO alloc/total, 29.8 CGO/sec, 1.3/0.6 %(u/s)time, 0.0 %gc (0x), 3.6 KiB/2.2 KiB (r/w)net
I211123 14:57:39.776044 179 server/status/runtime.go:498  [n1] runtime stats: 209 MiB RSS, 145 goroutines, 144 MiB/41 MiB/173 MiB GO alloc/idle/total, 27 MiB/34 MiB CGO alloc/total, 22.8 CGO/sec, 1.0/0.7 %(u/s)time, 0.0 %gc (0x), 6.0 KiB/3.9 KiB (r/w)net
I211123 14:57:49.747332 159 gossip/gossip.go:566  [n1] gossip status (ok, 1 node)
gossip client (0/3 cur/max conns)
gossip server (0/3 cur/max conns, infos 0/0 sent/received, bytes 0B/0B sent/received)
I211123 14:57:49.777818 179 server/status/runtime.go:498  [n1] runtime stats: 210 MiB RSS, 145 goroutines, 151 MiB/35 MiB/173 MiB GO alloc/idle/total, 27 MiB/34 MiB CGO alloc/total, 27.6 CGO/sec, 1.3/0.5 %(u/s)time, 0.0 %gc (0x), 3.3 KiB/1.9 KiB (r/w)net
I211123 14:57:59.756180 179 server/status/runtime.go:498  [n1] runtime stats: 210 MiB RSS, 144 goroutines, 87 MiB/94 MiB/175 MiB GO alloc/idle/total, 27 MiB/34 MiB CGO alloc/total, 51.1 CGO/sec, 1.5/0.7 %(u/s)time, 0.0 %gc (1x), 4.4 KiB/2.6 KiB (r/w)net
I211123 14:58:09.757326 179 server/status/runtime.go:498  [n1] runtime stats: 210 MiB RSS, 145 goroutines, 95 MiB/88 MiB/175 MiB GO alloc/idle/total, 27 MiB/34 MiB CGO alloc/total, 25.0 CGO/sec, 1.2/0.6 %(u/s)time, 0.0 %gc (0x), 3.2 KiB/1.9 KiB (r/w)net
I211123 14:58:19.761357 179 server/status/runtime.go:498  [n1] runtime stats: 210 MiB RSS, 144 goroutines, 103 MiB/80 MiB/175 MiB GO alloc/idle/total, 27 MiB/34 MiB CGO alloc/total, 27.3 CGO/sec, 1.0/0.7 %(u/s)time, 0.0 %gc (0x), 4.1 KiB/2.3 KiB (r/w)net
I211123 14:58:29.739159 179 server/status/runtime.go:498  [n1] runtime stats: 211 MiB RSS, 145 goroutines, 110 MiB/74 MiB/175 MiB GO alloc/idle/total, 27 MiB/34 MiB CGO alloc/total, 25.8 CGO/sec, 1.3/0.4 %(u/s)time, 0.0 %gc (0x), 3.6 KiB/2.2 KiB (r/w)net
I211123 14:58:39.740180 179 server/status/runtime.go:498  [n1] runtime stats: 211 MiB RSS, 142 goroutines, 117 MiB/68 MiB/175 MiB GO alloc/idle/total, 27 MiB/34 MiB CGO alloc/total, 27.0 CGO/sec, 1.3/0.5 %(u/s)time, 0.0 %gc (0x), 6.2 KiB/4.0 KiB (r/w)net
I211123 14:58:49.700987 159 gossip/gossip.go:566  [n1] gossip status (ok, 1 node)
gossip client (0/3 cur/max conns)
gossip server (0/3 cur/max conns, infos 0/0 sent/received, bytes 0B/0B sent/received)
I211123 14:58:49.740466 179 server/status/runtime.go:498  [n1] runtime stats: 211 MiB RSS, 142 goroutines, 124 MiB/61 MiB/175 MiB GO alloc/idle/total, 27 MiB/34 MiB CGO alloc/total, 28.6 CGO/sec, 1.2/0.6 %(u/s)time, 0.0 %gc (0x), 3.2 KiB/1.9 KiB (r/w)net
I211123 14:58:59.718023 179 server/status/runtime.go:498  [n1] runtime stats: 211 MiB RSS, 141 goroutines, 131 MiB/54 MiB/175 MiB GO alloc/idle/total, 26 MiB/34 MiB CGO alloc/total, 55.0 CGO/sec, 1.2/0.7 %(u/s)time, 0.0 %gc (0x), 4.3 KiB/2.5 KiB (r/w)net
I211123 14:59:09.719107 179 server/status/runtime.go:498  [n1] runtime stats: 211 MiB RSS, 141 goroutines, 138 MiB/48 MiB/175 MiB GO alloc/idle/total, 26 MiB/34 MiB CGO alloc/total, 25.8 CGO/sec, 1.2/0.6 %(u/s)time, 0.0 %gc (0x), 3.2 KiB/1.9 KiB (r/w)net
I211123 14:59:19.720019 179 server/status/runtime.go:498  [n1] runtime stats: 212 MiB RSS, 141 goroutines, 145 MiB/41 MiB/175 MiB GO alloc/idle/total, 26 MiB/34 MiB CGO alloc/total, 25.7 CGO/sec, 1.0/0.6 %(u/s)time, 0.0 %gc (0x), 3.2 KiB/1.9 KiB (r/w)net
I211123 14:59:29.697351 179 server/status/runtime.go:498  [n1] runtime stats: 212 MiB RSS, 142 goroutines, 152 MiB/34 MiB/175 MiB GO alloc/idle/total, 26 MiB/34 MiB CGO alloc/total, 23.5 CGO/sec, 1.2/0.4 %(u/s)time, 0.0 %gc (0x), 3.6 KiB/2.2 KiB (r/w)net
I211123 14:59:39.699270 179 server/status/runtime.go:498  [n1] runtime stats: 212 MiB RSS, 142 goroutines, 87 MiB/94 MiB/175 MiB GO alloc/idle/total, 26 MiB/34 MiB CGO alloc/total, 34.4 CGO/sec, 1.5/0.9 %(u/s)time, 0.0 %gc (1x), 5.9 KiB/3.9 KiB (r/w)net
I211123 14:59:49.655837 159 gossip/gossip.go:566  [n1] gossip status (ok, 1 node)
gossip client (0/3 cur/max conns)
gossip server (0/3 cur/max conns, infos 0/0 sent/received, bytes 0B/0B sent/received)
I211123 14:59:49.700633 179 server/status/runtime.go:498  [n1] runtime stats: 212 MiB RSS, 142 goroutines, 94 MiB/88 MiB/175 MiB GO alloc/idle/total, 26 MiB/34 MiB CGO alloc/total, 21.9 CGO/sec, 1.1/0.6 %(u/s)time, 0.0 %gc (0x), 5.1 KiB/4.0 KiB (r/w)net
I211123 14:59:59.678328 179 server/status/runtime.go:498  [n1] runtime stats: 212 MiB RSS, 141 goroutines, 104 MiB/80 MiB/175 MiB GO alloc/idle/total, 26 MiB/34 MiB CGO alloc/total, 59.9 CGO/sec, 1.5/0.6 %(u/s)time, 0.0 %gc (0x), 4.0 KiB/2.2 KiB (r/w)net
I211123 15:00:09.639462 158 storage/store.go:2364  [n1,s1] sstables (read amplification = 1):
6 [ 5M 2 ]: 4M 1M
I211123 15:00:09.639637 158 storage/store.go:2365  [n1,s1] 
** Compaction Stats [default] **
Level    Files   Size     Score Read(GB)  Rn(GB) Rnp1(GB) Write(GB) Wnew(GB) Moved(GB) W-Amp Rd(MB/s) Wr(MB/s) Comp(sec) CompMergeCPU(sec) Comp(cnt) Avg(sec) KeyIn KeyDrop
----------------------------------------------------------------------------------------------------------------------------------------------------------------------------
  L0      0/0    0.00 KB   0.0      0.0     0.0      0.0       0.0      0.0       0.0   1.0      0.0      1.1      0.10              0.00         1    0.103       0      0
  L6      2/0    5.46 MB   0.0      0.0     0.0      0.0       0.0      0.0       0.0  11.7     19.4     18.9      0.29              0.14         1    0.289     24K   7638
 Sum      2/0    5.46 MB   0.0      0.0     0.0      0.0       0.0      0.0       0.0  48.1     14.3     14.2      0.39              0.14         2    0.196     24K   7638
 Int      0/0    0.00 KB   0.0      0.0     0.0      0.0       0.0      0.0       0.0   0.0      0.0      0.0      0.00              0.00         0    0.000       0      0

** Compaction Stats [default] **
Priority    Files   Size     Score Read(GB)  Rn(GB) Rnp1(GB) Write(GB) Wnew(GB) Moved(GB) W-Amp Rd(MB/s) Wr(MB/s) Comp(sec) CompMergeCPU(sec) Comp(cnt) Avg(sec) KeyIn KeyDrop
-------------------------------------------------------------------------------------------------------------------------------------------------------------------------------
 Low      0/0    0.00 KB   0.0      0.0     0.0      0.0       0.0      0.0       0.0   0.0     19.4     18.9      0.29              0.14         1    0.289     24K   7638
User      0/0    0.00 KB   0.0      0.0     0.0      0.0       0.0      0.0       0.0   0.0      0.0      1.1      0.10              0.00         1    0.103       0      0
Uptime(secs): 620.2 total, 599.5 interval
Flush(GB): cumulative 0.000, interval 0.000
AddFile(GB): cumulative 0.000, interval 0.000
AddFile(Total Files): cumulative 0, interval 0
AddFile(L0 Files): cumulative 0, interval 0
AddFile(Keys): cumulative 0, interval 0
Cumulative compaction: 0.01 GB write, 0.01 MB/s write, 0.01 GB read, 0.01 MB/s read, 0.4 seconds
Interval compaction: 0.00 GB write, 0.00 MB/s write, 0.00 GB read, 0.00 MB/s read, 0.0 seconds
Stalls(count): 0 level0_slowdown, 0 level0_slowdown_with_compaction, 0 level0_numfiles, 0 level0_numfiles_with_compaction, 0 stop for pending_compaction_bytes, 0 slowdown for pending_compaction_bytes, 0 memtable_compaction, 0 memtable_slowdown, interval 0 total count
estimated_pending_compaction_bytes: 0 B
I211123 15:00:09.678831 179 server/status/runtime.go:498  [n1] runtime stats: 213 MiB RSS, 141 goroutines, 111 MiB/74 MiB/175 MiB GO alloc/idle/total, 26 MiB/34 MiB CGO alloc/total, 24.1 CGO/sec, 1.0/0.7 %(u/s)time, 0.0 %gc (0x), 3.7 KiB/2.3 KiB (r/w)net
I211123 15:00:19.678647 179 server/status/runtime.go:498  [n1] runtime stats: 213 MiB RSS, 141 goroutines, 118 MiB/67 MiB/175 MiB GO alloc/idle/total, 26 MiB/34 MiB CGO alloc/total, 25.0 CGO/sec, 1.3/0.5 %(u/s)time, 0.0 %gc (0x), 3.4 KiB/2.0 KiB (r/w)net
I211123 15:00:29.658692 179 server/status/runtime.go:498  [n1] runtime stats: 213 MiB RSS, 142 goroutines, 125 MiB/60 MiB/175 MiB GO alloc/idle/total, 26 MiB/34 MiB CGO alloc/total, 29.5 CGO/sec, 1.3/0.5 %(u/s)time, 0.0 %gc (0x), 4.0 KiB/2.2 KiB (r/w)net
I211123 15:00:39.657321 179 server/status/runtime.go:498  [n1] runtime stats: 213 MiB RSS, 142 goroutines, 132 MiB/54 MiB/175 MiB GO alloc/idle/total, 26 MiB/34 MiB CGO alloc/total, 24.7 CGO/sec, 1.3/0.7 %(u/s)time, 0.0 %gc (0x), 5.4 KiB/3.8 KiB (r/w)net
I211123 15:00:49.610953 159 gossip/gossip.go:566  [n1] gossip status (ok, 1 node)
gossip client (0/3 cur/max conns)
gossip server (0/3 cur/max conns, infos 0/0 sent/received, bytes 0B/0B sent/received)
I211123 15:00:49.657555 179 server/status/runtime.go:498  [n1] runtime stats: 214 MiB RSS, 142 goroutines, 138 MiB/47 MiB/175 MiB GO alloc/idle/total, 26 MiB/34 MiB CGO alloc/total, 28.2 CGO/sec, 1.2/0.6 %(u/s)time, 0.0 %gc (0x), 3.3 KiB/1.9 KiB (r/w)net
I211123 15:00:59.635705 179 server/status/runtime.go:498  [n1] runtime stats: 214 MiB RSS, 141 goroutines, 146 MiB/40 MiB/175 MiB GO alloc/idle/total, 26 MiB/34 MiB CGO alloc/total, 53.9 CGO/sec, 1.5/0.5 %(u/s)time, 0.0 %gc (0x), 3.3 KiB/1.9 KiB (r/w)net
I211123 15:01:09.635328 179 server/status/runtime.go:498  [n1] runtime stats: 214 MiB RSS, 141 goroutines, 153 MiB/33 MiB/175 MiB GO alloc/idle/total, 26 MiB/34 MiB CGO alloc/total, 29.4 CGO/sec, 1.2/0.6 %(u/s)time, 0.0 %gc (0x), 4.3 KiB/2.5 KiB (r/w)net
I211123 15:01:19.635455 179 server/status/runtime.go:498  [n1] runtime stats: 214 MiB RSS, 141 goroutines, 87 MiB/94 MiB/175 MiB GO alloc/idle/total, 26 MiB/34 MiB CGO alloc/total, 23.0 CGO/sec, 1.2/0.9 %(u/s)time, 0.0 %gc (1x), 3.3 KiB/1.9 KiB (r/w)net
I211123 15:01:29.612959 179 server/status/runtime.go:498  [n1] runtime stats: 215 MiB RSS, 142 goroutines, 95 MiB/87 MiB/175 MiB GO alloc/idle/total, 26 MiB/34 MiB CGO alloc/total, 25.7 CGO/sec, 1.2/0.6 %(u/s)time, 0.0 %gc (0x), 3.2 KiB/1.9 KiB (r/w)net
I211123 15:01:39.613010 179 server/status/runtime.go:498  [n1] runtime stats: 215 MiB RSS, 142 goroutines, 102 MiB/81 MiB/175 MiB GO alloc/idle/total, 34 MiB/42 MiB CGO alloc/total, 30.7 CGO/sec, 1.3/0.7 %(u/s)time, 0.0 %gc (0x), 6.2 KiB/4.2 KiB (r/w)net
I211123 15:01:49.564824 159 gossip/gossip.go:566  [n1] gossip status (ok, 1 node)
gossip client (0/3 cur/max conns)
gossip server (0/3 cur/max conns, infos 0/0 sent/received, bytes 0B/0B sent/received)
I211123 15:01:49.613389 179 server/status/runtime.go:498  [n1] runtime stats: 215 MiB RSS, 142 goroutines, 109 MiB/74 MiB/175 MiB GO alloc/idle/total, 33 MiB/42 MiB CGO alloc/total, 59.3 CGO/sec, 1.3/0.6 %(u/s)time, 0.0 %gc (0x), 5.1 KiB/3.8 KiB (r/w)net
I211123 15:01:59.591838 179 server/status/runtime.go:498  [n1] runtime stats: 216 MiB RSS, 141 goroutines, 117 MiB/68 MiB/175 MiB GO alloc/idle/total, 33 MiB/42 MiB CGO alloc/total, 49.7 CGO/sec, 1.5/0.6 %(u/s)time, 0.0 %gc (0x), 3.3 KiB/1.9 KiB (r/w)net
I211123 15:02:09.595101 179 server/status/runtime.go:498  [n1] runtime stats: 216 MiB RSS, 141 goroutines, 124 MiB/61 MiB/175 MiB GO alloc/idle/total, 33 MiB/42 MiB CGO alloc/total, 29.3 CGO/sec, 1.3/0.7 %(u/s)time, 0.0 %gc (0x), 4.3 KiB/2.5 KiB (r/w)net
I211123 15:02:19.592232 179 server/status/runtime.go:498  [n1] runtime stats: 216 MiB RSS, 141 goroutines, 131 MiB/54 MiB/175 MiB GO alloc/idle/total, 33 MiB/42 MiB CGO alloc/total, 25.5 CGO/sec, 1.2/0.5 %(u/s)time, 0.0 %gc (0x), 4.0 KiB/2.2 KiB (r/w)net
I211123 15:02:29.569788 179 server/status/runtime.go:498  [n1] runtime stats: 216 MiB RSS, 142 goroutines, 138 MiB/48 MiB/175 MiB GO alloc/idle/total, 33 MiB/42 MiB CGO alloc/total, 26.8 CGO/sec, 1.0/0.8 %(u/s)time, 0.0 %gc (0x), 3.2 KiB/1.9 KiB (r/w)net
I211123 15:02:39.570300 179 server/status/runtime.go:498  [n1] runtime stats: 216 MiB RSS, 142 goroutines, 145 MiB/41 MiB/175 MiB GO alloc/idle/total, 33 MiB/42 MiB CGO alloc/total, 28.3 CGO/sec, 1.2/0.6 %(u/s)time, 0.0 %gc (0x), 5.4 KiB/3.9 KiB (r/w)net
I211123 15:02:49.519502 159 gossip/gossip.go:566  [n1] gossip status (ok, 1 node)
gossip client (0/3 cur/max conns)
gossip server (0/3 cur/max conns, infos 0/0 sent/received, bytes 0B/0B sent/received)
I211123 15:02:49.578486 179 server/status/runtime.go:498  [n1] runtime stats: 216 MiB RSS, 143 goroutines, 155 MiB/32 MiB/175 MiB GO alloc/idle/total, 33 MiB/42 MiB CGO alloc/total, 26.5 CGO/sec, 1.3/0.6 %(u/s)time, 0.0 %gc (1x), 3.3 KiB/1.9 KiB (r/w)net
W211123 15:02:49.585218 9907 sql/stats/automatic_stats.go:450  failed to create statistics on table 52: create-stats: relation "[52]" does not exist
I211123 15:02:59.547833 179 server/status/runtime.go:498  [n1] runtime stats: 217 MiB RSS, 141 goroutines, 91 MiB/91 MiB/175 MiB GO alloc/idle/total, 33 MiB/42 MiB CGO alloc/total, 52.6 CGO/sec, 1.4/0.7 %(u/s)time, 0.0 %gc (0x), 4.0 KiB/2.2 KiB (r/w)net
I211123 15:03:09.548398 179 server/status/runtime.go:498  [n1] runtime stats: 217 MiB RSS, 141 goroutines, 99 MiB/83 MiB/175 MiB GO alloc/idle/total, 33 MiB/42 MiB CGO alloc/total, 23.7 CGO/sec, 1.0/0.6 %(u/s)time, 0.0 %gc (0x), 3.6 KiB/2.3 KiB (r/w)net
I211123 15:03:19.550888 179 server/status/runtime.go:498  [n1] runtime stats: 218 MiB RSS, 142 goroutines, 107 MiB/76 MiB/175 MiB GO alloc/idle/total, 33 MiB/42 MiB CGO alloc/total, 27.3 CGO/sec, 1.1/0.5 %(u/s)time, 0.0 %gc (0x), 4.0 KiB/2.2 KiB (r/w)net
I211123 15:03:29.527120 179 server/status/runtime.go:498  [n1] runtime stats: 218 MiB RSS, 143 goroutines, 114 MiB/70 MiB/175 MiB GO alloc/idle/total, 33 MiB/42 MiB CGO alloc/total, 25.2 CGO/sec, 0.9/0.8 %(u/s)time, 0.0 %gc (0x), 3.3 KiB/1.9 KiB (r/w)net
I211123 15:03:39.528054 179 server/status/runtime.go:498  [n1] runtime stats: 218 MiB RSS, 142 goroutines, 120 MiB/65 MiB/175 MiB GO alloc/idle/total, 33 MiB/42 MiB CGO alloc/total, 25.0 CGO/sec, 1.0/0.6 %(u/s)time, 0.0 %gc (0x), 5.6 KiB/4.0 KiB (r/w)net
I211123 15:03:48.562426 10947 sql/event_log.go:130  [n1,client=172.20.0.1:59588,user=root] Event: "create_table", target: 53, info: {TableName:defaultdb.public.accounts Statement:CREATE TABLE IF NOT EXISTS accounts (id INT8 PRIMARY KEY, balance INT8) User:root}
I211123 15:03:48.565667 10893 storage/replica_command.go:411  [n1,split,s1,r24/1:/{Table/28-Max}] initiating a split of this range at key /Table/53 [r35] (zone config)
I211123 15:03:49.475475 159 gossip/gossip.go:566  [n1] gossip status (ok, 1 node)
gossip client (0/3 cur/max conns)
gossip server (0/3 cur/max conns, infos 0/0 sent/received, bytes 0B/0B sent/received)
I211123 15:03:49.528582 179 server/status/runtime.go:498  [n1] runtime stats: 218 MiB RSS, 145 goroutines, 127 MiB/58 MiB/175 MiB GO alloc/idle/total, 33 MiB/42 MiB CGO alloc/total, 83.4 CGO/sec, 1.4/0.7 %(u/s)time, 0.0 %gc (0x), 5.3 KiB/4.0 KiB (r/w)net
I211123 15:03:59.505755 179 server/status/runtime.go:498  [n1] runtime stats: 218 MiB RSS, 142 goroutines, 135 MiB/51 MiB/175 MiB GO alloc/idle/total, 33 MiB/42 MiB CGO alloc/total, 63.8 CGO/sec, 1.8/0.7 %(u/s)time, 0.0 %gc (0x), 4.1 KiB/2.3 KiB (r/w)net
I211123 15:04:09.506619 179 server/status/runtime.go:498  [n1] runtime stats: 219 MiB RSS, 142 goroutines, 141 MiB/45 MiB/175 MiB GO alloc/idle/total, 33 MiB/42 MiB CGO alloc/total, 27.7 CGO/sec, 1.3/0.5 %(u/s)time, 0.0 %gc (0x), 3.7 KiB/2.3 KiB (r/w)net
I211123 15:04:19.506368 179 server/status/runtime.go:498  [n1] runtime stats: 219 MiB RSS, 144 goroutines, 150 MiB/36 MiB/175 MiB GO alloc/idle/total, 33 MiB/42 MiB CGO alloc/total, 26.5 CGO/sec, 1.3/0.7 %(u/s)time, 0.0 %gc (0x), 4.5 KiB/2.7 KiB (r/w)net
I211123 15:04:29.483553 179 server/status/runtime.go:498  [n1] runtime stats: 219 MiB RSS, 143 goroutines, 80 MiB/99 MiB/175 MiB GO alloc/idle/total, 32 MiB/42 MiB CGO alloc/total, 44.4 CGO/sec, 1.5/0.5 %(u/s)time, 0.0 %gc (1x), 5.1 KiB/3.9 KiB (r/w)net
I211123 15:04:39.484712 179 server/status/runtime.go:498  [n1] runtime stats: 219 MiB RSS, 143 goroutines, 90 MiB/90 MiB/175 MiB GO alloc/idle/total, 32 MiB/42 MiB CGO alloc/total, 27.2 CGO/sec, 1.2/0.6 %(u/s)time, 0.0 %gc (0x), 6.2 KiB/4.2 KiB (r/w)net
I211123 15:04:41.563642 11683 sql/lease.go:1852  refreshing table: 52 lease failed: descriptor not found
I211123 15:04:49.428987 159 gossip/gossip.go:566  [n1] gossip status (ok, 1 node)
gossip client (0/3 cur/max conns)
gossip server (0/3 cur/max conns, infos 0/0 sent/received, bytes 0B/0B sent/received)
I211123 15:04:49.484490 179 server/status/runtime.go:498  [n1] runtime stats: 241 MiB RSS, 147 goroutines, 127 MiB/122 MiB/265 MiB GO alloc/idle/total, 32 MiB/42 MiB CGO alloc/total, 398.1 CGO/sec, 14.2/0.6 %(u/s)time, 0.0 %gc (2x), 58 KiB/210 KiB (r/w)net
I211123 15:04:59.462380 179 server/status/runtime.go:498  [n1] runtime stats: 241 MiB RSS, 146 goroutines, 139 MiB/111 MiB/265 MiB GO alloc/idle/total, 32 MiB/42 MiB CGO alloc/total, 124.8 CGO/sec, 2.1/0.6 %(u/s)time, 0.0 %gc (0x), 4.7 KiB/2.5 KiB (r/w)net
I211123 15:05:09.462534 179 server/status/runtime.go:498  [n1] runtime stats: 242 MiB RSS, 146 goroutines, 146 MiB/104 MiB/265 MiB GO alloc/idle/total, 32 MiB/42 MiB CGO alloc/total, 23.7 CGO/sec, 1.2/0.8 %(u/s)time, 0.0 %gc (0x), 5.1 KiB/2.8 KiB (r/w)net
I211123 15:05:19.462929 179 server/status/runtime.go:498  [n1] runtime stats: 242 MiB RSS, 147 goroutines, 155 MiB/95 MiB/265 MiB GO alloc/idle/total, 32 MiB/42 MiB CGO alloc/total, 26.1 CGO/sec, 1.5/0.6 %(u/s)time, 0.0 %gc (0x), 6.5 KiB/29 KiB (r/w)net
I211123 15:05:29.441054 179 server/status/runtime.go:498  [n1] runtime stats: 242 MiB RSS, 148 goroutines, 94 MiB/149 MiB/265 MiB GO alloc/idle/total, 32 MiB/42 MiB CGO alloc/total, 47.0 CGO/sec, 2.0/0.6 %(u/s)time, 0.0 %gc (1x), 7.9 KiB/4.4 KiB (r/w)net
I211123 15:05:39.441080 179 server/status/runtime.go:498  [n1] runtime stats: 243 MiB RSS, 148 goroutines, 100 MiB/144 MiB/265 MiB GO alloc/idle/total, 32 MiB/42 MiB CGO alloc/total, 29.3 CGO/sec, 1.0/0.6 %(u/s)time, 0.0 %gc (0x), 5.1 KiB/2.8 KiB (r/w)net
I211123 15:05:49.384930 159 gossip/gossip.go:566  [n1] gossip status (ok, 1 node)
gossip client (0/3 cur/max conns)
gossip server (0/3 cur/max conns, infos 0/0 sent/received, bytes 0B/0B sent/received)
I211123 15:05:49.441759 179 server/status/runtime.go:498  [n1] runtime stats: 244 MiB RSS, 148 goroutines, 114 MiB/133 MiB/265 MiB GO alloc/idle/total, 32 MiB/42 MiB CGO alloc/total, 47.8 CGO/sec, 1.7/0.4 %(u/s)time, 0.0 %gc (0x), 6.7 KiB/3.9 KiB (r/w)net
I211123 15:05:59.419066 179 server/status/runtime.go:498  [n1] runtime stats: 244 MiB RSS, 147 goroutines, 124 MiB/124 MiB/265 MiB GO alloc/idle/total, 32 MiB/42 MiB CGO alloc/total, 51.3 CGO/sec, 1.4/0.7 %(u/s)time, 0.0 %gc (0x), 31 KiB/114 KiB (r/w)net
I211123 15:06:09.419691 179 server/status/runtime.go:498  [n1] runtime stats: 244 MiB RSS, 147 goroutines, 130 MiB/119 MiB/265 MiB GO alloc/idle/total, 32 MiB/42 MiB CGO alloc/total, 25.5 CGO/sec, 1.2/0.7 %(u/s)time, 0.0 %gc (0x), 5.1 KiB/2.8 KiB (r/w)net
I211123 15:06:19.420583 179 server/status/runtime.go:498  [n1] runtime stats: 244 MiB RSS, 147 goroutines, 139 MiB/111 MiB/265 MiB GO alloc/idle/total, 32 MiB/42 MiB CGO alloc/total, 27.1 CGO/sec, 1.2/0.6 %(u/s)time, 0.0 %gc (0x), 4.9 KiB/2.6 KiB (r/w)net
I211123 15:06:29.397376 179 server/status/runtime.go:498  [n1] runtime stats: 244 MiB RSS, 148 goroutines, 148 MiB/102 MiB/265 MiB GO alloc/idle/total, 32 MiB/42 MiB CGO alloc/total, 48.8 CGO/sec, 1.5/0.7 %(u/s)time, 0.0 %gc (0x), 9.6 KiB/5.8 KiB (r/w)net
I211123 15:06:39.398719 179 server/status/runtime.go:498  [n1] runtime stats: 244 MiB RSS, 148 goroutines, 153 MiB/97 MiB/265 MiB GO alloc/idle/total, 32 MiB/43 MiB CGO alloc/total, 24.2 CGO/sec, 1.0/0.7 %(u/s)time, 0.0 %gc (0x), 5.1 KiB/2.8 KiB (r/w)net
I211123 15:06:49.337862 159 gossip/gossip.go:566  [n1] gossip status (ok, 1 node)
gossip client (0/3 cur/max conns)
gossip server (0/3 cur/max conns, infos 0/0 sent/received, bytes 0B/0B sent/received)
I211123 15:06:49.398536 179 server/status/runtime.go:498  [n1] runtime stats: 245 MiB RSS, 148 goroutines, 91 MiB/152 MiB/265 MiB GO alloc/idle/total, 32 MiB/43 MiB CGO alloc/total, 50.6 CGO/sec, 2.2/0.7 %(u/s)time, 0.0 %gc (1x), 13 KiB/50 KiB (r/w)net
I211123 15:06:59.376159 179 server/status/runtime.go:498  [n1] runtime stats: 245 MiB RSS, 147 goroutines, 101 MiB/146 MiB/265 MiB GO alloc/idle/total, 32 MiB/43 MiB CGO alloc/total, 76.0 CGO/sec, 1.6/0.7 %(u/s)time, 0.0 %gc (0x), 7.8 KiB/4.1 KiB (r/w)net
I211123 15:07:06.979122 14081 sql/lease.go:1852  refreshing table: 52 lease failed: descriptor not found
I211123 15:07:09.375990 179 server/status/runtime.go:498  [n1] runtime stats: 246 MiB RSS, 147 goroutines, 110 MiB/138 MiB/265 MiB GO alloc/idle/total, 32 MiB/43 MiB CGO alloc/total, 56.0 CGO/sec, 1.6/0.7 %(u/s)time, 0.0 %gc (0x), 8.1 KiB/4.5 KiB (r/w)net
I211123 15:07:19.377801 179 server/status/runtime.go:498  [n1] runtime stats: 246 MiB RSS, 148 goroutines, 123 MiB/127 MiB/265 MiB GO alloc/idle/total, 32 MiB/43 MiB CGO alloc/total, 47.6 CGO/sec, 1.6/0.7 %(u/s)time, 0.0 %gc (0x), 6.6 KiB/3.8 KiB (r/w)net
I211123 15:07:29.354111 179 server/status/runtime.go:498  [n1] runtime stats: 246 MiB RSS, 148 goroutines, 130 MiB/120 MiB/265 MiB GO alloc/idle/total, 40 MiB/51 MiB CGO alloc/total, 24.2 CGO/sec, 1.1/0.5 %(u/s)time, 0.0 %gc (0x), 4.8 KiB/2.5 KiB (r/w)net
I211123 15:07:39.357746 179 server/status/runtime.go:498  [n1] runtime stats: 246 MiB RSS, 148 goroutines, 138 MiB/112 MiB/265 MiB GO alloc/idle/total, 40 MiB/51 MiB CGO alloc/total, 26.2 CGO/sec, 1.3/0.6 %(u/s)time, 0.0 %gc (0x), 8.4 KiB/30 KiB (r/w)net
I211123 15:07:49.292455 159 gossip/gossip.go:566  [n1] gossip status (ok, 1 node)
gossip client (0/3 cur/max conns)
gossip server (0/3 cur/max conns, infos 0/0 sent/received, bytes 0B/0B sent/received)
I211123 15:07:49.355151 179 server/status/runtime.go:498  [n1] runtime stats: 247 MiB RSS, 148 goroutines, 149 MiB/102 MiB/265 MiB GO alloc/idle/total, 40 MiB/51 MiB CGO alloc/total, 59.7 CGO/sec, 2.0/0.6 %(u/s)time, 0.0 %gc (0x), 16 KiB/63 KiB (r/w)net
I211123 15:07:59.332516 179 server/status/runtime.go:498  [n1] runtime stats: 247 MiB RSS, 147 goroutines, 92 MiB/151 MiB/265 MiB GO alloc/idle/total, 40 MiB/51 MiB CGO alloc/total, 76.7 CGO/sec, 2.1/0.6 %(u/s)time, 0.0 %gc (1x), 6.8 KiB/3.9 KiB (r/w)net
I211123 15:08:09.333316 179 server/status/runtime.go:498  [n1] runtime stats: 247 MiB RSS, 147 goroutines, 101 MiB/143 MiB/265 MiB GO alloc/idle/total, 40 MiB/51 MiB CGO alloc/total, 22.6 CGO/sec, 1.3/0.5 %(u/s)time, 0.0 %gc (0x), 4.4 KiB/2.6 KiB (r/w)net
I211123 15:08:19.333540 179 server/status/runtime.go:498  [n1] runtime stats: 247 MiB RSS, 147 goroutines, 108 MiB/138 MiB/265 MiB GO alloc/idle/total, 40 MiB/51 MiB CGO alloc/total, 26.6 CGO/sec, 1.2/0.6 %(u/s)time, 0.0 %gc (0x), 3.3 KiB/1.9 KiB (r/w)net
I211123 15:08:29.310549 179 server/status/runtime.go:498  [n1] runtime stats: 247 MiB RSS, 149 goroutines, 115 MiB/131 MiB/265 MiB GO alloc/idle/total, 40 MiB/51 MiB CGO alloc/total, 27.5 CGO/sec, 1.0/0.8 %(u/s)time, 0.0 %gc (0x), 4.0 KiB/2.2 KiB (r/w)net
I211123 15:08:39.313309 179 server/status/runtime.go:498  [n1] runtime stats: 248 MiB RSS, 148 goroutines, 122 MiB/125 MiB/265 MiB GO alloc/idle/total, 40 MiB/51 MiB CGO alloc/total, 30.8 CGO/sec, 1.2/0.7 %(u/s)time, 0.0 %gc (0x), 4.3 KiB/2.5 KiB (r/w)net
I211123 15:08:49.247345 159 gossip/gossip.go:566  [n1] gossip status (ok, 1 node)
gossip client (0/3 cur/max conns)
gossip server (0/3 cur/max conns, infos 0/0 sent/received, bytes 0B/0B sent/received)
I211123 15:08:49.313004 179 server/status/runtime.go:498  [n1] runtime stats: 248 MiB RSS, 148 goroutines, 128 MiB/119 MiB/265 MiB GO alloc/idle/total, 40 MiB/51 MiB CGO alloc/total, 31.3 CGO/sec, 1.2/0.6 %(u/s)time, 0.0 %gc (0x), 5.2 KiB/3.9 KiB (r/w)net
I211123 15:08:59.290693 179 server/status/runtime.go:498  [n1] runtime stats: 248 MiB RSS, 148 goroutines, 136 MiB/113 MiB/265 MiB GO alloc/idle/total, 40 MiB/51 MiB CGO alloc/total, 51.7 CGO/sec, 1.5/0.6 %(u/s)time, 0.0 %gc (0x), 4.8 KiB/2.5 KiB (r/w)net
I211123 15:09:09.293787 179 server/status/runtime.go:498  [n1] runtime stats: 252 MiB RSS, 147 goroutines, 153 MiB/97 MiB/268 MiB GO alloc/idle/total, 40 MiB/51 MiB CGO alloc/total, 390.5 CGO/sec, 11.6/0.9 %(u/s)time, 0.0 %gc (2x), 58 KiB/75 KiB (r/w)net
I211123 15:09:19.293337 179 server/status/runtime.go:498  [n1] runtime stats: 252 MiB RSS, 147 goroutines, 115 MiB/136 MiB/269 MiB GO alloc/idle/total, 40 MiB/51 MiB CGO alloc/total, 28.9 CGO/sec, 1.4/0.6 %(u/s)time, 0.0 %gc (1x), 4.7 KiB/2.5 KiB (r/w)net
I211123 15:09:29.271343 179 server/status/runtime.go:498  [n1] runtime stats: 253 MiB RSS, 148 goroutines, 93 MiB/149 MiB/269 MiB GO alloc/idle/total, 40 MiB/51 MiB CGO alloc/total, 27.8 CGO/sec, 1.5/0.5 %(u/s)time, 0.0 %gc (0x), 4.7 KiB/2.5 KiB (r/w)net
I211123 15:09:39.271801 179 server/status/runtime.go:498  [n1] runtime stats: 253 MiB RSS, 147 goroutines, 100 MiB/143 MiB/269 MiB GO alloc/idle/total, 40 MiB/51 MiB CGO alloc/total, 26.6 CGO/sec, 1.1/0.6 %(u/s)time, 0.0 %gc (0x), 5.1 KiB/2.8 KiB (r/w)net
I211123 15:09:44.313236 16518 sql/lease.go:1852  refreshing table: 52 lease failed: descriptor not found
I211123 15:09:49.202822 159 gossip/gossip.go:566  [n1] gossip status (ok, 1 node)
gossip client (0/3 cur/max conns)
gossip server (0/3 cur/max conns, infos 0/0 sent/received, bytes 0B/0B sent/received)
I211123 15:09:49.273328 179 server/status/runtime.go:498  [n1] runtime stats: 253 MiB RSS, 147 goroutines, 108 MiB/137 MiB/203 MiB GO alloc/idle/total, 40 MiB/51 MiB CGO alloc/total, 37.8 CGO/sec, 1.1/0.7 %(u/s)time, 0.0 %gc (0x), 4.7 KiB/2.5 KiB (r/w)net
I211123 15:09:59.252942 179 server/status/runtime.go:498  [n1] runtime stats: 253 MiB RSS, 147 goroutines, 116 MiB/130 MiB/203 MiB GO alloc/idle/total, 40 MiB/51 MiB CGO alloc/total, 55.5 CGO/sec, 1.2/0.6 %(u/s)time, 0.0 %gc (0x), 4.7 KiB/2.5 KiB (r/w)net
I211123 15:10:09.183801 158 storage/store.go:2364  [n1,s1] sstables (read amplification = 1):
6 [ 5M 2 ]: 4M 1M
I211123 15:10:09.183916 158 storage/store.go:2365  [n1,s1] 
** Compaction Stats [default] **
Level    Files   Size     Score Read(GB)  Rn(GB) Rnp1(GB) Write(GB) Wnew(GB) Moved(GB) W-Amp Rd(MB/s) Wr(MB/s) Comp(sec) CompMergeCPU(sec) Comp(cnt) Avg(sec) KeyIn KeyDrop
----------------------------------------------------------------------------------------------------------------------------------------------------------------------------
  L0      0/0    0.00 KB   0.0      0.0     0.0      0.0       0.0      0.0       0.0   1.0      0.0      1.1      0.10              0.00         1    0.103       0      0
  L6      2/0    5.46 MB   0.0      0.0     0.0      0.0       0.0      0.0       0.0  11.7     19.4     18.9      0.29              0.14         1    0.289     24K   7638
 Sum      2/0    5.46 MB   0.0      0.0     0.0      0.0       0.0      0.0       0.0  48.1     14.3     14.2      0.39              0.14         2    0.196     24K   7638
 Int      0/0    0.00 KB   0.0      0.0     0.0      0.0       0.0      0.0       0.0   0.0      0.0      0.0      0.00              0.00         0    0.000       0      0

** Compaction Stats [default] **
Priority    Files   Size     Score Read(GB)  Rn(GB) Rnp1(GB) Write(GB) Wnew(GB) Moved(GB) W-Amp Rd(MB/s) Wr(MB/s) Comp(sec) CompMergeCPU(sec) Comp(cnt) Avg(sec) KeyIn KeyDrop
-------------------------------------------------------------------------------------------------------------------------------------------------------------------------------
 Low      0/0    0.00 KB   0.0      0.0     0.0      0.0       0.0      0.0       0.0   0.0     19.4     18.9      0.29              0.14         1    0.289     24K   7638
User      0/0    0.00 KB   0.0      0.0     0.0      0.0       0.0      0.0       0.0   0.0      0.0      1.1      0.10              0.00         1    0.103       0      0
Uptime(secs): 1219.7 total, 599.5 interval
Flush(GB): cumulative 0.000, interval 0.000
AddFile(GB): cumulative 0.000, interval 0.000
AddFile(Total Files): cumulative 0, interval 0
AddFile(L0 Files): cumulative 0, interval 0
AddFile(Keys): cumulative 0, interval 0
Cumulative compaction: 0.01 GB write, 0.00 MB/s write, 0.01 GB read, 0.00 MB/s read, 0.4 seconds
Interval compaction: 0.00 GB write, 0.00 MB/s write, 0.00 GB read, 0.00 MB/s read, 0.0 seconds
Stalls(count): 0 level0_slowdown, 0 level0_slowdown_with_compaction, 0 level0_numfiles, 0 level0_numfiles_with_compaction, 0 stop for pending_compaction_bytes, 0 slowdown for pending_compaction_bytes, 0 memtable_compaction, 0 memtable_slowdown, interval 0 total count
estimated_pending_compaction_bytes: 0 B
I211123 15:10:09.251560 179 server/status/runtime.go:498  [n1] runtime stats: 254 MiB RSS, 146 goroutines, 122 MiB/124 MiB/203 MiB GO alloc/idle/total, 40 MiB/51 MiB CGO alloc/total, 31.0 CGO/sec, 1.2/0.7 %(u/s)time, 0.0 %gc (0x), 6.9 KiB/4.4 KiB (r/w)net
I211123 15:10:19.251579 179 server/status/runtime.go:498  [n1] runtime stats: 254 MiB RSS, 146 goroutines, 129 MiB/118 MiB/203 MiB GO alloc/idle/total, 40 MiB/51 MiB CGO alloc/total, 23.7 CGO/sec, 1.1/0.5 %(u/s)time, 0.0 %gc (0x), 4.8 KiB/2.6 KiB (r/w)net
I211123 15:10:29.228999 179 server/status/runtime.go:498  [n1] runtime stats: 255 MiB RSS, 147 goroutines, 136 MiB/112 MiB/203 MiB GO alloc/idle/total, 40 MiB/51 MiB CGO alloc/total, 27.0 CGO/sec, 1.0/0.6 %(u/s)time, 0.0 %gc (0x), 4.7 KiB/2.5 KiB (r/w)net
I211123 15:10:39.229428 179 server/status/runtime.go:498  [n1] runtime stats: 255 MiB RSS, 147 goroutines, 142 MiB/105 MiB/203 MiB GO alloc/idle/total, 40 MiB/51 MiB CGO alloc/total, 27.5 CGO/sec, 1.0/0.5 %(u/s)time, 0.0 %gc (0x), 5.1 KiB/2.8 KiB (r/w)net
I211123 15:10:49.156398 159 gossip/gossip.go:566  [n1] gossip status (ok, 1 node)
gossip client (0/3 cur/max conns)
gossip server (0/3 cur/max conns, infos 0/0 sent/received, bytes 0B/0B sent/received)
I211123 15:10:49.229957 179 server/status/runtime.go:498  [n1] runtime stats: 255 MiB RSS, 147 goroutines, 149 MiB/99 MiB/203 MiB GO alloc/idle/total, 40 MiB/51 MiB CGO alloc/total, 27.0 CGO/sec, 1.1/0.5 %(u/s)time, 0.0 %gc (0x), 4.7 KiB/2.5 KiB (r/w)net
I211123 15:10:59.211303 179 server/status/runtime.go:498  [n1] runtime stats: 255 MiB RSS, 147 goroutines, 108 MiB/141 MiB/203 MiB GO alloc/idle/total, 40 MiB/51 MiB CGO alloc/total, 45.9 CGO/sec, 1.6/0.4 %(u/s)time, 0.0 %gc (1x), 4.7 KiB/2.5 KiB (r/w)net
I211123 15:11:09.207691 179 server/status/runtime.go:498  [n1] runtime stats: 256 MiB RSS, 146 goroutines, 94 MiB/149 MiB/203 MiB GO alloc/idle/total, 40 MiB/51 MiB CGO alloc/total, 32.1 CGO/sec, 1.4/0.6 %(u/s)time, 0.0 %gc (0x), 6.9 KiB/4.4 KiB (r/w)net
I211123 15:11:19.207713 179 server/status/runtime.go:498  [n1] runtime stats: 256 MiB RSS, 146 goroutines, 100 MiB/143 MiB/203 MiB GO alloc/idle/total, 40 MiB/51 MiB CGO alloc/total, 25.3 CGO/sec, 1.0/0.6 %(u/s)time, 0.0 %gc (0x), 4.7 KiB/2.5 KiB (r/w)net
I211123 15:11:29.185293 179 server/status/runtime.go:498  [n1] runtime stats: 256 MiB RSS, 147 goroutines, 108 MiB/136 MiB/203 MiB GO alloc/idle/total, 40 MiB/51 MiB CGO alloc/total, 24.6 CGO/sec, 1.1/0.4 %(u/s)time, 0.0 %gc (0x), 4.8 KiB/2.5 KiB (r/w)net
I211123 15:11:39.185786 179 server/status/runtime.go:498  [n1] runtime stats: 257 MiB RSS, 147 goroutines, 115 MiB/130 MiB/203 MiB GO alloc/idle/total, 40 MiB/51 MiB CGO alloc/total, 29.3 CGO/sec, 1.1/0.6 %(u/s)time, 0.0 %gc (0x), 5.1 KiB/2.8 KiB (r/w)net
I211123 15:11:49.112931 159 gossip/gossip.go:566  [n1] gossip status (ok, 1 node)
gossip client (0/3 cur/max conns)
gossip server (0/3 cur/max conns, infos 0/0 sent/received, bytes 0B/0B sent/received)
I211123 15:11:49.186428 179 server/status/runtime.go:498  [n1] runtime stats: 257 MiB RSS, 147 goroutines, 122 MiB/124 MiB/203 MiB GO alloc/idle/total, 40 MiB/51 MiB CGO alloc/total, 24.0 CGO/sec, 1.2/0.5 %(u/s)time, 0.0 %gc (0x), 4.7 KiB/2.5 KiB (r/w)net
I211123 15:11:59.163617 179 server/status/runtime.go:498  [n1] runtime stats: 257 MiB RSS, 146 goroutines, 129 MiB/118 MiB/203 MiB GO alloc/idle/total, 39 MiB/51 MiB CGO alloc/total, 54.9 CGO/sec, 1.4/0.6 %(u/s)time, 0.0 %gc (0x), 4.7 KiB/2.5 KiB (r/w)net
I211123 15:12:09.164650 179 server/status/runtime.go:498  [n1] runtime stats: 257 MiB RSS, 146 goroutines, 136 MiB/112 MiB/203 MiB GO alloc/idle/total, 39 MiB/51 MiB CGO alloc/total, 24.9 CGO/sec, 1.3/0.5 %(u/s)time, 0.0 %gc (0x), 7.1 KiB/4.7 KiB (r/w)net
I211123 15:12:19.165724 179 server/status/runtime.go:498  [n1] runtime stats: 257 MiB RSS, 148 goroutines, 143 MiB/106 MiB/203 MiB GO alloc/idle/total, 39 MiB/51 MiB CGO alloc/total, 40.3 CGO/sec, 1.5/0.5 %(u/s)time, 0.0 %gc (0x), 6.9 KiB/4.7 KiB (r/w)net
I211123 15:12:20.166938 18499 sql/lease.go:1852  refreshing table: 52 lease failed: descriptor not found
I211123 15:12:29.142327 179 server/status/runtime.go:498  [n1] runtime stats: 258 MiB RSS, 147 goroutines, 150 MiB/98 MiB/203 MiB GO alloc/idle/total, 39 MiB/51 MiB CGO alloc/total, 36.1 CGO/sec, 1.4/0.7 %(u/s)time, 0.0 %gc (0x), 4.7 KiB/2.5 KiB (r/w)net
I211123 15:12:39.142505 179 server/status/runtime.go:498  [n1] runtime stats: 258 MiB RSS, 147 goroutines, 83 MiB/158 MiB/203 MiB GO alloc/idle/total, 39 MiB/51 MiB CGO alloc/total, 27.2 CGO/sec, 1.4/0.5 %(u/s)time, 0.0 %gc (1x), 5.1 KiB/2.8 KiB (r/w)net
I211123 15:12:49.066895 159 gossip/gossip.go:566  [n1] gossip status (ok, 1 node)
gossip client (0/3 cur/max conns)
gossip server (0/3 cur/max conns, infos 0/0 sent/received, bytes 0B/0B sent/received)
I211123 15:12:49.142644 179 server/status/runtime.go:498  [n1] runtime stats: 258 MiB RSS, 148 goroutines, 93 MiB/150 MiB/203 MiB GO alloc/idle/total, 39 MiB/51 MiB CGO alloc/total, 25.9 CGO/sec, 1.4/0.5 %(u/s)time, 0.0 %gc (0x), 4.7 KiB/2.5 KiB (r/w)net
I211123 15:12:59.120864 179 server/status/runtime.go:498  [n1] runtime stats: 258 MiB RSS, 146 goroutines, 101 MiB/143 MiB/203 MiB GO alloc/idle/total, 39 MiB/51 MiB CGO alloc/total, 53.5 CGO/sec, 1.3/0.6 %(u/s)time, 0.0 %gc (0x), 4.7 KiB/2.5 KiB (r/w)net
I211123 15:13:09.122262 179 server/status/runtime.go:498  [n1] runtime stats: 258 MiB RSS, 146 goroutines, 109 MiB/137 MiB/203 MiB GO alloc/idle/total, 39 MiB/51 MiB CGO alloc/total, 35.7 CGO/sec, 1.5/0.6 %(u/s)time, 0.0 %gc (0x), 9.0 KiB/6.6 KiB (r/w)net
I211123 15:13:19.122037 179 server/status/runtime.go:498  [n1] runtime stats: 261 MiB RSS, 147 goroutines, 149 MiB/98 MiB/209 MiB GO alloc/idle/total, 47 MiB/59 MiB CGO alloc/total, 117.3 CGO/sec, 3.3/0.7 %(u/s)time, 0.0 %gc (0x), 14 KiB/9.8 KiB (r/w)net
I211123 15:13:29.098820 179 server/status/runtime.go:498  [n1] runtime stats: 261 MiB RSS, 147 goroutines, 147 MiB/102 MiB/209 MiB GO alloc/idle/total, 47 MiB/59 MiB CGO alloc/total, 379.6 CGO/sec, 10.4/1.0 %(u/s)time, 0.0 %gc (2x), 54 KiB/89 KiB (r/w)net
I211123 15:13:39.100481 179 server/status/runtime.go:498  [n1] runtime stats: 261 MiB RSS, 147 goroutines, 156 MiB/94 MiB/209 MiB GO alloc/idle/total, 47 MiB/59 MiB CGO alloc/total, 33.5 CGO/sec, 1.7/0.5 %(u/s)time, 0.0 %gc (0x), 12 KiB/61 KiB (r/w)net
I211123 15:13:49.020001 159 gossip/gossip.go:566  [n1] gossip status (ok, 1 node)
gossip client (0/3 cur/max conns)
gossip server (0/3 cur/max conns, infos 0/0 sent/received, bytes 0B/0B sent/received)
I211123 15:13:49.100496 179 server/status/runtime.go:498  [n1] runtime stats: 262 MiB RSS, 147 goroutines, 90 MiB/151 MiB/209 MiB GO alloc/idle/total, 47 MiB/59 MiB CGO alloc/total, 40.2 CGO/sec, 2.1/0.8 %(u/s)time, 0.0 %gc (1x), 14 KiB/82 KiB (r/w)net
I211123 15:13:59.077579 179 server/status/runtime.go:498  [n1] runtime stats: 262 MiB RSS, 146 goroutines, 101 MiB/143 MiB/209 MiB GO alloc/idle/total, 47 MiB/59 MiB CGO alloc/total, 63.1 CGO/sec, 1.7/0.7 %(u/s)time, 0.0 %gc (0x), 11 KiB/48 KiB (r/w)net
I211123 15:14:09.078258 179 server/status/runtime.go:498  [n1] runtime stats: 262 MiB RSS, 146 goroutines, 109 MiB/136 MiB/209 MiB GO alloc/idle/total, 47 MiB/59 MiB CGO alloc/total, 32.2 CGO/sec, 1.4/0.6 %(u/s)time, 0.0 %gc (0x), 9.3 KiB/48 KiB (r/w)net
I211123 15:14:19.078443 179 server/status/runtime.go:498  [n1] runtime stats: 262 MiB RSS, 148 goroutines, 117 MiB/129 MiB/209 MiB GO alloc/idle/total, 47 MiB/59 MiB CGO alloc/total, 33.2 CGO/sec, 1.5/0.6 %(u/s)time, 0.0 %gc (0x), 8.9 KiB/48 KiB (r/w)net
I211123 15:14:29.055687 179 server/status/runtime.go:498  [n1] runtime stats: 263 MiB RSS, 147 goroutines, 125 MiB/122 MiB/209 MiB GO alloc/idle/total, 47 MiB/59 MiB CGO alloc/total, 29.7 CGO/sec, 1.3/0.5 %(u/s)time, 0.0 %gc (0x), 7.6 KiB/36 KiB (r/w)net
I211123 15:14:39.056789 179 server/status/runtime.go:498  [n1] runtime stats: 263 MiB RSS, 147 goroutines, 132 MiB/115 MiB/209 MiB GO alloc/idle/total, 47 MiB/59 MiB CGO alloc/total, 33.8 CGO/sec, 1.3/0.6 %(u/s)time, 0.0 %gc (0x), 8.5 KiB/48 KiB (r/w)net
I211123 15:14:45.016409 20890 sql/lease.go:1852  refreshing table: 52 lease failed: descriptor not found
I211123 15:14:48.975253 159 gossip/gossip.go:566  [n1] gossip status (ok, 1 node)
gossip client (0/3 cur/max conns)
gossip server (0/3 cur/max conns, infos 0/0 sent/received, bytes 0B/0B sent/received)
I211123 15:14:49.056497 179 server/status/runtime.go:498  [n1] runtime stats: 263 MiB RSS, 147 goroutines, 140 MiB/108 MiB/209 MiB GO alloc/idle/total, 47 MiB/59 MiB CGO alloc/total, 40.0 CGO/sec, 1.4/0.7 %(u/s)time, 0.0 %gc (0x), 8.8 KiB/48 KiB (r/w)net
I211123 15:14:59.036141 179 server/status/runtime.go:498  [n1] runtime stats: 264 MiB RSS, 147 goroutines, 84 MiB/157 MiB/209 MiB GO alloc/idle/total, 47 MiB/59 MiB CGO alloc/total, 97.4 CGO/sec, 2.5/0.5 %(u/s)time, 0.0 %gc (1x), 16 KiB/47 KiB (r/w)net
I211123 15:15:09.036252 179 server/status/runtime.go:498  [n1] runtime stats: 264 MiB RSS, 146 goroutines, 97 MiB/146 MiB/209 MiB GO alloc/idle/total, 47 MiB/59 MiB CGO alloc/total, 46.5 CGO/sec, 1.5/0.7 %(u/s)time, 0.0 %gc (0x), 8.1 KiB/4.6 KiB (r/w)net
I211123 15:15:19.036133 179 server/status/runtime.go:498  [n1] runtime stats: 264 MiB RSS, 146 goroutines, 109 MiB/137 MiB/209 MiB GO alloc/idle/total, 47 MiB/59 MiB CGO alloc/total, 47.2 CGO/sec, 1.6/0.6 %(u/s)time, 0.0 %gc (0x), 35 KiB/120 KiB (r/w)net
I211123 15:15:29.013263 179 server/status/runtime.go:498  [n1] runtime stats: 264 MiB RSS, 147 goroutines, 116 MiB/132 MiB/209 MiB GO alloc/idle/total, 47 MiB/59 MiB CGO alloc/total, 27.5 CGO/sec, 1.1/0.6 %(u/s)time, 0.0 %gc (0x), 4.7 KiB/2.5 KiB (r/w)net
I211123 15:15:39.013007 179 server/status/runtime.go:498  [n1] runtime stats: 264 MiB RSS, 147 goroutines, 122 MiB/125 MiB/209 MiB GO alloc/idle/total, 47 MiB/59 MiB CGO alloc/total, 23.1 CGO/sec, 1.2/0.5 %(u/s)time, 0.0 %gc (0x), 5.2 KiB/2.9 KiB (r/w)net
I211123 15:15:48.929634 159 gossip/gossip.go:566  [n1] gossip status (ok, 1 node)
gossip client (0/3 cur/max conns)
gossip server (0/3 cur/max conns, infos 0/0 sent/received, bytes 0B/0B sent/received)
I211123 15:15:49.013630 179 server/status/runtime.go:498  [n1] runtime stats: 264 MiB RSS, 147 goroutines, 129 MiB/119 MiB/209 MiB GO alloc/idle/total, 47 MiB/59 MiB CGO alloc/total, 27.6 CGO/sec, 1.2/0.6 %(u/s)time, 0.0 %gc (0x), 4.0 KiB/2.2 KiB (r/w)net
I211123 15:15:58.991604 179 server/status/runtime.go:498  [n1] runtime stats: 265 MiB RSS, 146 goroutines, 137 MiB/112 MiB/209 MiB GO alloc/idle/total, 47 MiB/59 MiB CGO alloc/total, 51.9 CGO/sec, 1.4/0.7 %(u/s)time, 0.0 %gc (0x), 4.7 KiB/2.5 KiB (r/w)net
I211123 15:16:08.991824 179 server/status/runtime.go:498  [n1] runtime stats: 265 MiB RSS, 146 goroutines, 144 MiB/106 MiB/209 MiB GO alloc/idle/total, 47 MiB/59 MiB CGO alloc/total, 31.3 CGO/sec, 1.2/0.8 %(u/s)time, 0.0 %gc (0x), 6.8 KiB/30 KiB (r/w)net
I211123 15:16:18.992340 179 server/status/runtime.go:498  [n1] runtime stats: 265 MiB RSS, 146 goroutines, 151 MiB/99 MiB/209 MiB GO alloc/idle/total, 47 MiB/59 MiB CGO alloc/total, 23.8 CGO/sec, 1.3/0.6 %(u/s)time, 0.0 %gc (0x), 6.5 KiB/29 KiB (r/w)net
I211123 15:16:28.969745 179 server/status/runtime.go:498  [n1] runtime stats: 265 MiB RSS, 147 goroutines, 83 MiB/158 MiB/209 MiB GO alloc/idle/total, 47 MiB/59 MiB CGO alloc/total, 26.0 CGO/sec, 1.4/0.5 %(u/s)time, 0.0 %gc (1x), 5.7 KiB/29 KiB (r/w)net
I211123 15:16:38.971609 179 server/status/runtime.go:498  [n1] runtime stats: 266 MiB RSS, 147 goroutines, 94 MiB/149 MiB/209 MiB GO alloc/idle/total, 47 MiB/59 MiB CGO alloc/total, 29.6 CGO/sec, 1.2/0.6 %(u/s)time, 0.0 %gc (0x), 5.3 KiB/29 KiB (r/w)net
I211123 15:16:48.883985 159 gossip/gossip.go:566  [n1] gossip status (ok, 1 node)
gossip client (0/3 cur/max conns)
gossip server (0/3 cur/max conns, infos 0/0 sent/received, bytes 0B/0B sent/received)
I211123 15:16:48.973251 179 server/status/runtime.go:498  [n1] runtime stats: 266 MiB RSS, 147 goroutines, 101 MiB/142 MiB/209 MiB GO alloc/idle/total, 47 MiB/59 MiB CGO alloc/total, 23.1 CGO/sec, 1.1/0.6 %(u/s)time, 0.0 %gc (0x), 5.6 KiB/29 KiB (r/w)net
I211123 15:16:58.950574 179 server/status/runtime.go:498  [n1] runtime stats: 267 MiB RSS, 146 goroutines, 109 MiB/136 MiB/209 MiB GO alloc/idle/total, 47 MiB/59 MiB CGO alloc/total, 52.2 CGO/sec, 1.3/0.6 %(u/s)time, 0.0 %gc (0x), 5.8 KiB/29 KiB (r/w)net
I211123 15:17:08.950681 179 server/status/runtime.go:498  [n1] runtime stats: 267 MiB RSS, 146 goroutines, 117 MiB/129 MiB/209 MiB GO alloc/idle/total, 47 MiB/59 MiB CGO alloc/total, 22.6 CGO/sec, 1.1/0.5 %(u/s)time, 0.0 %gc (0x), 5.3 KiB/29 KiB (r/w)net
I211123 15:17:16.133219 22883 sql/lease.go:1852  refreshing table: 52 lease failed: descriptor not found
I211123 15:17:18.950939 179 server/status/runtime.go:498  [n1] runtime stats: 267 MiB RSS, 146 goroutines, 124 MiB/122 MiB/209 MiB GO alloc/idle/total, 47 MiB/59 MiB CGO alloc/total, 32.7 CGO/sec, 1.1/0.7 %(u/s)time, 0.0 %gc (0x), 5.7 KiB/29 KiB (r/w)net
I211123 15:17:28.929466 179 server/status/runtime.go:498  [n1] runtime stats: 267 MiB RSS, 147 goroutines, 132 MiB/116 MiB/209 MiB GO alloc/idle/total, 47 MiB/59 MiB CGO alloc/total, 29.6 CGO/sec, 1.2/0.6 %(u/s)time, 0.0 %gc (0x), 5.7 KiB/29 KiB (r/w)net
I211123 15:17:38.929466 179 server/status/runtime.go:498  [n1] runtime stats: 268 MiB RSS, 147 goroutines, 139 MiB/109 MiB/209 MiB GO alloc/idle/total, 47 MiB/59 MiB CGO alloc/total, 31.5 CGO/sec, 1.1/0.7 %(u/s)time, 0.0 %gc (0x), 3.6 KiB/2.2 KiB (r/w)net
I211123 15:17:48.838445 159 gossip/gossip.go:566  [n1] gossip status (ok, 1 node)
gossip client (0/3 cur/max conns)
gossip server (0/3 cur/max conns, infos 0/0 sent/received, bytes 0B/0B sent/received)
I211123 15:17:48.930040 179 server/status/runtime.go:498  [n1] runtime stats: 268 MiB RSS, 147 goroutines, 146 MiB/103 MiB/209 MiB GO alloc/idle/total, 47 MiB/59 MiB CGO alloc/total, 21.8 CGO/sec, 1.2/0.5 %(u/s)time, 0.0 %gc (0x), 5.1 KiB/29 KiB (r/w)net
I211123 15:17:58.907561 179 server/status/runtime.go:498  [n1] runtime stats: 268 MiB RSS, 146 goroutines, 154 MiB/95 MiB/209 MiB GO alloc/idle/total, 47 MiB/59 MiB CGO alloc/total, 55.4 CGO/sec, 1.6/0.5 %(u/s)time, 0.0 %gc (0x), 5.8 KiB/29 KiB (r/w)net
I211123 15:18:08.907990 179 server/status/runtime.go:498  [n1] runtime stats: 268 MiB RSS, 146 goroutines, 88 MiB/154 MiB/209 MiB GO alloc/idle/total, 47 MiB/59 MiB CGO alloc/total, 23.8 CGO/sec, 1.5/0.6 %(u/s)time, 0.0 %gc (1x), 5.9 KiB/29 KiB (r/w)net
I211123 15:18:18.908487 179 server/status/runtime.go:498  [n1] runtime stats: 268 MiB RSS, 146 goroutines, 96 MiB/147 MiB/209 MiB GO alloc/idle/total, 47 MiB/59 MiB CGO alloc/total, 29.7 CGO/sec, 1.2/0.6 %(u/s)time, 0.0 %gc (0x), 5.1 KiB/29 KiB (r/w)net
I211123 15:18:28.886012 179 server/status/runtime.go:498  [n1] runtime stats: 269 MiB RSS, 145 goroutines, 104 MiB/140 MiB/209 MiB GO alloc/idle/total, 47 MiB/59 MiB CGO alloc/total, 29.4 CGO/sec, 1.3/0.6 %(u/s)time, 0.0 %gc (0x), 6.8 KiB/30 KiB (r/w)net
I211123 15:18:38.886598 179 server/status/runtime.go:498  [n1] runtime stats: 269 MiB RSS, 145 goroutines, 112 MiB/133 MiB/209 MiB GO alloc/idle/total, 47 MiB/59 MiB CGO alloc/total, 25.5 CGO/sec, 1.2/0.5 %(u/s)time, 0.0 %gc (0x), 5.4 KiB/29 KiB (r/w)net
I211123 15:18:48.793026 159 gossip/gossip.go:566  [n1] gossip status (ok, 1 node)
gossip client (0/3 cur/max conns)
gossip server (0/3 cur/max conns, infos 0/0 sent/received, bytes 0B/0B sent/received)
I211123 15:18:48.887862 179 server/status/runtime.go:498  [n1] runtime stats: 269 MiB RSS, 145 goroutines, 119 MiB/127 MiB/209 MiB GO alloc/idle/total, 47 MiB/59 MiB CGO alloc/total, 24.2 CGO/sec, 1.3/0.6 %(u/s)time, 0.0 %gc (0x), 5.7 KiB/29 KiB (r/w)net
I211123 15:18:58.865296 179 server/status/runtime.go:498  [n1] runtime stats: 270 MiB RSS, 144 goroutines, 127 MiB/120 MiB/209 MiB GO alloc/idle/total, 47 MiB/59 MiB CGO alloc/total, 53.9 CGO/sec, 1.4/0.6 %(u/s)time, 0.0 %gc (0x), 5.1 KiB/29 KiB (r/w)net
I211123 15:19:08.866868 179 server/status/runtime.go:498  [n1] runtime stats: 270 MiB RSS, 144 goroutines, 134 MiB/113 MiB/209 MiB GO alloc/idle/total, 55 MiB/67 MiB CGO alloc/total, 27.7 CGO/sec, 1.2/0.6 %(u/s)time, 0.0 %gc (0x), 6.1 KiB/29 KiB (r/w)net
I211123 15:19:18.866367 179 server/status/runtime.go:498  [n1] runtime stats: 270 MiB RSS, 144 goroutines, 141 MiB/107 MiB/209 MiB GO alloc/idle/total, 55 MiB/67 MiB CGO alloc/total, 25.6 CGO/sec, 1.1/0.7 %(u/s)time, 0.0 %gc (0x), 3.2 KiB/1.9 KiB (r/w)net
I211123 15:19:28.845212 179 server/status/runtime.go:498  [n1] runtime stats: 270 MiB RSS, 145 goroutines, 148 MiB/100 MiB/209 MiB GO alloc/idle/total, 55 MiB/67 MiB CGO alloc/total, 29.5 CGO/sec, 1.2/0.6 %(u/s)time, 0.0 %gc (0x), 5.7 KiB/29 KiB (r/w)net
I211123 15:19:38.847148 179 server/status/runtime.go:498  [n1] runtime stats: 270 MiB RSS, 145 goroutines, 81 MiB/160 MiB/209 MiB GO alloc/idle/total, 55 MiB/67 MiB CGO alloc/total, 24.2 CGO/sec, 1.4/0.6 %(u/s)time, 0.0 %gc (1x), 5.9 KiB/29 KiB (r/w)net
I211123 15:19:48.748149 159 gossip/gossip.go:566  [n1] gossip status (ok, 1 node)
gossip client (0/3 cur/max conns)
gossip server (0/3 cur/max conns, infos 0/0 sent/received, bytes 0B/0B sent/received)
I211123 15:19:48.848524 179 server/status/runtime.go:498  [n1] runtime stats: 271 MiB RSS, 146 goroutines, 91 MiB/151 MiB/177 MiB GO alloc/idle/total, 55 MiB/67 MiB CGO alloc/total, 29.3 CGO/sec, 2.1/1.3 %(u/s)time, 0.0 %gc (0x), 5.1 KiB/29 KiB (r/w)net
I211123 15:19:51.997510 24752 sql/lease.go:1852  refreshing table: 52 lease failed: descriptor not found
I211123 15:19:58.824841 179 server/status/runtime.go:498  [n1] runtime stats: 271 MiB RSS, 144 goroutines, 102 MiB/143 MiB/177 MiB GO alloc/idle/total, 55 MiB/67 MiB CGO alloc/total, 63.4 CGO/sec, 1.7/0.6 %(u/s)time, 0.0 %gc (0x), 5.7 KiB/29 KiB (r/w)net
I211123 15:20:08.730633 158 storage/store.go:2364  [n1,s1] sstables (read amplification = 1):
6 [ 5M 2 ]: 4M 1M
I211123 15:20:08.730834 158 storage/store.go:2365  [n1,s1] 
** Compaction Stats [default] **
Level    Files   Size     Score Read(GB)  Rn(GB) Rnp1(GB) Write(GB) Wnew(GB) Moved(GB) W-Amp Rd(MB/s) Wr(MB/s) Comp(sec) CompMergeCPU(sec) Comp(cnt) Avg(sec) KeyIn KeyDrop
----------------------------------------------------------------------------------------------------------------------------------------------------------------------------
  L0      0/0    0.00 KB   0.0      0.0     0.0      0.0       0.0      0.0       0.0   1.0      0.0      1.1      0.10              0.00         1    0.103       0      0
  L6      2/0    5.46 MB   0.0      0.0     0.0      0.0       0.0      0.0       0.0  11.7     19.4     18.9      0.29              0.14         1    0.289     24K   7638
 Sum      2/0    5.46 MB   0.0      0.0     0.0      0.0       0.0      0.0       0.0  48.1     14.3     14.2      0.39              0.14         2    0.196     24K   7638
 Int      0/0    0.00 KB   0.0      0.0     0.0      0.0       0.0      0.0       0.0   0.0      0.0      0.0      0.00              0.00         0    0.000       0      0

** Compaction Stats [default] **
Priority    Files   Size     Score Read(GB)  Rn(GB) Rnp1(GB) Write(GB) Wnew(GB) Moved(GB) W-Amp Rd(MB/s) Wr(MB/s) Comp(sec) CompMergeCPU(sec) Comp(cnt) Avg(sec) KeyIn KeyDrop
-------------------------------------------------------------------------------------------------------------------------------------------------------------------------------
 Low      0/0    0.00 KB   0.0      0.0     0.0      0.0       0.0      0.0       0.0   0.0     19.4     18.9      0.29              0.14         1    0.289     24K   7638
User      0/0    0.00 KB   0.0      0.0     0.0      0.0       0.0      0.0       0.0   0.0      0.0      1.1      0.10              0.00         1    0.103       0      0
Uptime(secs): 1819.3 total, 599.5 interval
Flush(GB): cumulative 0.000, interval 0.000
AddFile(GB): cumulative 0.000, interval 0.000
AddFile(Total Files): cumulative 0, interval 0
AddFile(L0 Files): cumulative 0, interval 0
AddFile(Keys): cumulative 0, interval 0
Cumulative compaction: 0.01 GB write, 0.00 MB/s write, 0.01 GB read, 0.00 MB/s read, 0.4 seconds
Interval compaction: 0.00 GB write, 0.00 MB/s write, 0.00 GB read, 0.00 MB/s read, 0.0 seconds
Stalls(count): 0 level0_slowdown, 0 level0_slowdown_with_compaction, 0 level0_numfiles, 0 level0_numfiles_with_compaction, 0 stop for pending_compaction_bytes, 0 slowdown for pending_compaction_bytes, 0 memtable_compaction, 0 memtable_slowdown, interval 0 total count
estimated_pending_compaction_bytes: 0 B
I211123 15:20:08.827501 179 server/status/runtime.go:498  [n1] runtime stats: 271 MiB RSS, 143 goroutines, 109 MiB/137 MiB/177 MiB GO alloc/idle/total, 55 MiB/67 MiB CGO alloc/total, 28.2 CGO/sec, 1.3/0.5 %(u/s)time, 0.0 %gc (0x), 5.5 KiB/29 KiB (r/w)net
I211123 15:20:18.828482 179 server/status/runtime.go:498  [n1] runtime stats: 271 MiB RSS, 142 goroutines, 116 MiB/130 MiB/177 MiB GO alloc/idle/total, 55 MiB/67 MiB CGO alloc/total, 24.2 CGO/sec, 1.1/0.8 %(u/s)time, 0.0 %gc (0x), 5.9 KiB/29 KiB (r/w)net
I211123 15:20:28.807296 179 server/status/runtime.go:498  [n1] runtime stats: 272 MiB RSS, 143 goroutines, 123 MiB/124 MiB/177 MiB GO alloc/idle/total, 55 MiB/67 MiB CGO alloc/total, 25.7 CGO/sec, 1.2/0.5 %(u/s)time, 0.0 %gc (0x), 5.1 KiB/29 KiB (r/w)net
I211123 15:20:38.808487 179 server/status/runtime.go:498  [n1] runtime stats: 272 MiB RSS, 143 goroutines, 130 MiB/118 MiB/177 MiB GO alloc/idle/total, 56 MiB/67 MiB CGO alloc/total, 27.8 CGO/sec, 1.2/0.6 %(u/s)time, 0.0 %gc (0x), 6.1 KiB/29 KiB (r/w)net
I211123 15:20:48.702190 159 gossip/gossip.go:566  [n1] gossip status (ok, 1 node)
gossip client (0/3 cur/max conns)
gossip server (0/3 cur/max conns, infos 0/0 sent/received, bytes 0B/0B sent/received)
I211123 15:20:48.809327 179 server/status/runtime.go:498  [n1] runtime stats: 272 MiB RSS, 143 goroutines, 137 MiB/111 MiB/177 MiB GO alloc/idle/total, 56 MiB/67 MiB CGO alloc/total, 27.8 CGO/sec, 1.1/0.7 %(u/s)time, 0.0 %gc (0x), 5.0 KiB/29 KiB (r/w)net
I211123 15:20:58.789576 179 server/status/runtime.go:498  [n1] runtime stats: 272 MiB RSS, 142 goroutines, 146 MiB/104 MiB/177 MiB GO alloc/idle/total, 56 MiB/67 MiB CGO alloc/total, 52.3 CGO/sec, 1.4/0.6 %(u/s)time, 0.0 %gc (0x), 5.5 KiB/29 KiB (r/w)net
I211123 15:21:08.790753 179 server/status/runtime.go:498  [n1] runtime stats: 272 MiB RSS, 142 goroutines, 153 MiB/97 MiB/177 MiB GO alloc/idle/total, 56 MiB/67 MiB CGO alloc/total, 26.1 CGO/sec, 1.3/0.5 %(u/s)time, 0.0 %gc (0x), 5.3 KiB/29 KiB (r/w)net
I211123 15:21:18.789586 179 server/status/runtime.go:498  [n1] runtime stats: 272 MiB RSS, 142 goroutines, 86 MiB/155 MiB/179 MiB GO alloc/idle/total, 56 MiB/67 MiB CGO alloc/total, 29.0 CGO/sec, 1.3/0.7 %(u/s)time, 0.0 %gc (1x), 5.7 KiB/29 KiB (r/w)net
I211123 15:21:28.768647 179 server/status/runtime.go:498  [n1] runtime stats: 272 MiB RSS, 143 goroutines, 94 MiB/148 MiB/179 MiB GO alloc/idle/total, 56 MiB/67 MiB CGO alloc/total, 25.8 CGO/sec, 1.1/0.5 %(u/s)time, 0.0 %gc (0x), 3.3 KiB/1.9 KiB (r/w)net
I211123 15:21:38.768951 179 server/status/runtime.go:498  [n1] runtime stats: 273 MiB RSS, 143 goroutines, 101 MiB/142 MiB/179 MiB GO alloc/idle/total, 56 MiB/67 MiB CGO alloc/total, 23.0 CGO/sec, 1.1/0.5 %(u/s)time, 0.0 %gc (0x), 6.1 KiB/30 KiB (r/w)net
I211123 15:21:48.656820 159 gossip/gossip.go:566  [n1] gossip status (ok, 1 node)
gossip client (0/3 cur/max conns)
gossip server (0/3 cur/max conns, infos 0/0 sent/received, bytes 0B/0B sent/received)
I211123 15:21:48.769687 179 server/status/runtime.go:498  [n1] runtime stats: 273 MiB RSS, 143 goroutines, 109 MiB/136 MiB/179 MiB GO alloc/idle/total, 56 MiB/67 MiB CGO alloc/total, 28.7 CGO/sec, 1.0/0.7 %(u/s)time, 0.0 %gc (0x), 5.0 KiB/29 KiB (r/w)net
I211123 15:21:58.748114 179 server/status/runtime.go:498  [n1] runtime stats: 273 MiB RSS, 142 goroutines, 117 MiB/129 MiB/179 MiB GO alloc/idle/total, 56 MiB/67 MiB CGO alloc/total, 52.3 CGO/sec, 1.3/0.7 %(u/s)time, 0.0 %gc (0x), 5.7 KiB/29 KiB (r/w)net
I211123 15:22:08.748878 179 server/status/runtime.go:498  [n1] runtime stats: 273 MiB RSS, 142 goroutines, 124 MiB/123 MiB/179 MiB GO alloc/idle/total, 56 MiB/67 MiB CGO alloc/total, 27.2 CGO/sec, 1.0/0.6 %(u/s)time, 0.0 %gc (0x), 5.3 KiB/29 KiB (r/w)net
I211123 15:22:18.750138 179 server/status/runtime.go:498  [n1] runtime stats: 274 MiB RSS, 142 goroutines, 131 MiB/116 MiB/178 MiB GO alloc/idle/total, 56 MiB/67 MiB CGO alloc/total, 24.2 CGO/sec, 1.1/0.6 %(u/s)time, 0.0 %gc (0x), 5.6 KiB/29 KiB (r/w)net
I211123 15:22:26.365746 26614 sql/lease.go:1852  refreshing table: 52 lease failed: descriptor not found
I211123 15:22:28.728150 179 server/status/runtime.go:498  [n1] runtime stats: 274 MiB RSS, 143 goroutines, 139 MiB/110 MiB/178 MiB GO alloc/idle/total, 56 MiB/67 MiB CGO alloc/total, 36.3 CGO/sec, 1.4/0.5 %(u/s)time, 0.0 %gc (0x), 5.1 KiB/29 KiB (r/w)net
I211123 15:22:38.729378 179 server/status/runtime.go:498  [n1] runtime stats: 274 MiB RSS, 143 goroutines, 146 MiB/103 MiB/178 MiB GO alloc/idle/total, 56 MiB/67 MiB CGO alloc/total, 27.3 CGO/sec, 1.4/1.1 %(u/s)time, 0.0 %gc (0x), 6.1 KiB/29 KiB (r/w)net
I211123 15:22:48.612163 159 gossip/gossip.go:566  [n1] gossip status (ok, 1 node)
gossip client (0/3 cur/max conns)
gossip server (0/3 cur/max conns, infos 0/0 sent/received, bytes 0B/0B sent/received)
I211123 15:22:48.729671 179 server/status/runtime.go:498  [n1] runtime stats: 274 MiB RSS, 143 goroutines, 153 MiB/96 MiB/178 MiB GO alloc/idle/total, 56 MiB/67 MiB CGO alloc/total, 27.6 CGO/sec, 1.2/0.5 %(u/s)time, 0.0 %gc (0x), 5.7 KiB/29 KiB (r/w)net
I211123 15:22:58.708042 179 server/status/runtime.go:498  [n1] runtime stats: 274 MiB RSS, 142 goroutines, 87 MiB/154 MiB/178 MiB GO alloc/idle/total, 56 MiB/67 MiB CGO alloc/total, 51.9 CGO/sec, 1.4/0.7 %(u/s)time, 0.0 %gc (1x), 5.5 KiB/29 KiB (r/w)net
I211123 15:23:08.709501 179 server/status/runtime.go:498  [n1] runtime stats: 275 MiB RSS, 142 goroutines, 94 MiB/148 MiB/178 MiB GO alloc/idle/total, 56 MiB/67 MiB CGO alloc/total, 25.1 CGO/sec, 1.4/0.5 %(u/s)time, 0.0 %gc (0x), 3.6 KiB/2.2 KiB (r/w)net
I211123 15:23:18.710565 179 server/status/runtime.go:498  [n1] runtime stats: 276 MiB RSS, 142 goroutines, 103 MiB/140 MiB/178 MiB GO alloc/idle/total, 56 MiB/67 MiB CGO alloc/total, 26.3 CGO/sec, 1.2/0.5 %(u/s)time, 0.0 %gc (0x), 5.8 KiB/29 KiB (r/w)net
I211123 15:23:28.688155 179 server/status/runtime.go:498  [n1] runtime stats: 276 MiB RSS, 143 goroutines, 111 MiB/134 MiB/178 MiB GO alloc/idle/total, 56 MiB/67 MiB CGO alloc/total, 27.1 CGO/sec, 1.2/0.6 %(u/s)time, 0.0 %gc (0x), 5.0 KiB/29 KiB (r/w)net
I211123 15:23:38.688523 179 server/status/runtime.go:498  [n1] runtime stats: 276 MiB RSS, 143 goroutines, 118 MiB/128 MiB/178 MiB GO alloc/idle/total, 56 MiB/67 MiB CGO alloc/total, 27.8 CGO/sec, 1.2/0.6 %(u/s)time, 0.0 %gc (0x), 6.0 KiB/29 KiB (r/w)net
I211123 15:23:48.566172 159 gossip/gossip.go:566  [n1] gossip status (ok, 1 node)
gossip client (0/3 cur/max conns)
gossip server (0/3 cur/max conns, infos 0/0 sent/received, bytes 0B/0B sent/received)
I211123 15:23:48.689557 179 server/status/runtime.go:498  [n1] runtime stats: 276 MiB RSS, 143 goroutines, 125 MiB/121 MiB/178 MiB GO alloc/idle/total, 56 MiB/67 MiB CGO alloc/total, 26.0 CGO/sec, 1.2/0.6 %(u/s)time, 0.0 %gc (0x), 5.0 KiB/29 KiB (r/w)net
I211123 15:23:58.669686 179 server/status/runtime.go:498  [n1] runtime stats: 276 MiB RSS, 142 goroutines, 133 MiB/114 MiB/178 MiB GO alloc/idle/total, 56 MiB/67 MiB CGO alloc/total, 53.7 CGO/sec, 1.5/0.6 %(u/s)time, 0.0 %gc (0x), 5.8 KiB/29 KiB (r/w)net
I211123 15:24:08.673556 179 server/status/runtime.go:498  [n1] runtime stats: 277 MiB RSS, 142 goroutines, 140 MiB/108 MiB/178 MiB GO alloc/idle/total, 56 MiB/67 MiB CGO alloc/total, 25.9 CGO/sec, 1.2/0.5 %(u/s)time, 0.0 %gc (0x), 6.1 KiB/29 KiB (r/w)net
I211123 15:24:18.674337 179 server/status/runtime.go:498  [n1] runtime stats: 277 MiB RSS, 142 goroutines, 148 MiB/101 MiB/178 MiB GO alloc/idle/total, 56 MiB/67 MiB CGO alloc/total, 194.2 CGO/sec, 1.4/0.6 %(u/s)time, 0.0 %gc (0x), 5.1 KiB/29 KiB (r/w)net
I211123 15:24:28.652386 179 server/status/runtime.go:498  [n1] runtime stats: 277 MiB RSS, 143 goroutines, 80 MiB/160 MiB/178 MiB GO alloc/idle/total, 56 MiB/67 MiB CGO alloc/total, 25.8 CGO/sec, 1.4/0.5 %(u/s)time, 0.0 %gc (1x), 5.7 KiB/29 KiB (r/w)net
I211123 15:24:38.653619 179 server/status/runtime.go:498  [n1] runtime stats: 277 MiB RSS, 145 goroutines, 91 MiB/151 MiB/178 MiB GO alloc/idle/total, 56 MiB/67 MiB CGO alloc/total, 23.8 CGO/sec, 1.2/0.6 %(u/s)time, 0.0 %gc (0x), 9.4 KiB/33 KiB (r/w)net
I211123 15:24:48.520883 159 gossip/gossip.go:566  [n1] gossip status (ok, 1 node)
gossip client (0/3 cur/max conns)
gossip server (0/3 cur/max conns, infos 0/0 sent/received, bytes 0B/0B sent/received)
I211123 15:24:48.654469 179 server/status/runtime.go:498  [n1] runtime stats: 278 MiB RSS, 145 goroutines, 100 MiB/144 MiB/178 MiB GO alloc/idle/total, 56 MiB/67 MiB CGO alloc/total, 30.3 CGO/sec, 1.5/0.6 %(u/s)time, 0.0 %gc (0x), 5.7 KiB/29 KiB (r/w)net
I211123 15:24:58.632066 179 server/status/runtime.go:498  [n1] runtime stats: 278 MiB RSS, 144 goroutines, 108 MiB/138 MiB/178 MiB GO alloc/idle/total, 56 MiB/67 MiB CGO alloc/total, 50.2 CGO/sec, 1.5/0.7 %(u/s)time, 0.0 %gc (0x), 5.1 KiB/29 KiB (r/w)net
I211123 15:25:03.546135 28563 sql/lease.go:1852  refreshing table: 52 lease failed: descriptor not found
I211123 15:25:08.636278 179 server/status/runtime.go:498  [n1] runtime stats: 278 MiB RSS, 144 goroutines, 114 MiB/132 MiB/178 MiB GO alloc/idle/total, 64 MiB/75 MiB CGO alloc/total, 35.1 CGO/sec, 1.2/0.5 %(u/s)time, 0.0 %gc (0x), 4.4 KiB/2.6 KiB (r/w)net
I211123 15:25:18.636039 179 server/status/runtime.go:498  [n1] runtime stats: 278 MiB RSS, 144 goroutines, 122 MiB/125 MiB/178 MiB GO alloc/idle/total, 64 MiB/75 MiB CGO alloc/total, 25.9 CGO/sec, 1.3/0.5 %(u/s)time, 0.0 %gc (0x), 5.7 KiB/29 KiB (r/w)net
I211123 15:25:28.615151 179 server/status/runtime.go:498  [n1] runtime stats: 279 MiB RSS, 145 goroutines, 129 MiB/119 MiB/178 MiB GO alloc/idle/total, 64 MiB/75 MiB CGO alloc/total, 27.0 CGO/sec, 1.4/0.5 %(u/s)time, 0.0 %gc (0x), 5.9 KiB/30 KiB (r/w)net
I211123 15:25:38.615900 179 server/status/runtime.go:498  [n1] runtime stats: 279 MiB RSS, 145 goroutines, 136 MiB/112 MiB/178 MiB GO alloc/idle/total, 64 MiB/75 MiB CGO alloc/total, 25.2 CGO/sec, 1.2/0.7 %(u/s)time, 0.0 %gc (0x), 6.0 KiB/29 KiB (r/w)net
I211123 15:25:48.475667 159 gossip/gossip.go:566  [n1] gossip status (ok, 1 node)
gossip client (0/3 cur/max conns)
gossip server (0/3 cur/max conns, infos 0/0 sent/received, bytes 0B/0B sent/received)
I211123 15:25:48.617535 179 server/status/runtime.go:498  [n1] runtime stats: 279 MiB RSS, 145 goroutines, 144 MiB/105 MiB/178 MiB GO alloc/idle/total, 64 MiB/75 MiB CGO alloc/total, 27.8 CGO/sec, 1.3/0.8 %(u/s)time, 0.0 %gc (0x), 5.2 KiB/29 KiB (r/w)net
I211123 15:25:58.588604 179 server/status/runtime.go:498  [n1] runtime stats: 279 MiB RSS, 144 goroutines, 152 MiB/98 MiB/178 MiB GO alloc/idle/total, 64 MiB/75 MiB CGO alloc/total, 55.4 CGO/sec, 1.4/0.6 %(u/s)time, 0.0 %gc (0x), 6.6 KiB/30 KiB (r/w)net
I211123 15:26:08.588749 179 server/status/runtime.go:498  [n1] runtime stats: 279 MiB RSS, 144 goroutines, 84 MiB/157 MiB/178 MiB GO alloc/idle/total, 64 MiB/75 MiB CGO alloc/total, 27.9 CGO/sec, 1.6/0.6 %(u/s)time, 0.0 %gc (1x), 5.2 KiB/29 KiB (r/w)net
I211123 15:26:18.591213 179 server/status/runtime.go:498  [n1] runtime stats: 280 MiB RSS, 144 goroutines, 94 MiB/148 MiB/178 MiB GO alloc/idle/total, 64 MiB/75 MiB CGO alloc/total, 24.2 CGO/sec, 1.2/0.5 %(u/s)time, 0.0 %gc (0x), 5.9 KiB/29 KiB (r/w)net
I211123 15:26:28.568951 179 server/status/runtime.go:498  [n1] runtime stats: 280 MiB RSS, 145 goroutines, 102 MiB/142 MiB/178 MiB GO alloc/idle/total, 64 MiB/75 MiB CGO alloc/total, 25.1 CGO/sec, 1.4/0.6 %(u/s)time, 0.0 %gc (0x), 6.0 KiB/29 KiB (r/w)net
I211123 15:26:38.568742 179 server/status/runtime.go:498  [n1] runtime stats: 280 MiB RSS, 145 goroutines, 109 MiB/136 MiB/178 MiB GO alloc/idle/total, 64 MiB/75 MiB CGO alloc/total, 33.4 CGO/sec, 1.2/0.7 %(u/s)time, 0.0 %gc (0x), 5.4 KiB/29 KiB (r/w)net
I211123 15:26:48.422246 159 gossip/gossip.go:566  [n1] gossip status (ok, 1 node)
gossip client (0/3 cur/max conns)
gossip server (0/3 cur/max conns, infos 0/0 sent/received, bytes 0B/0B sent/received)
I211123 15:26:48.569842 179 server/status/runtime.go:498  [n1] runtime stats: 280 MiB RSS, 145 goroutines, 117 MiB/128 MiB/178 MiB GO alloc/idle/total, 64 MiB/75 MiB CGO alloc/total, 28.3 CGO/sec, 1.1/0.8 %(u/s)time, 0.0 %gc (0x), 5.1 KiB/29 KiB (r/w)net
I211123 15:26:58.550318 179 server/status/runtime.go:498  [n1] runtime stats: 280 MiB RSS, 144 goroutines, 125 MiB/122 MiB/178 MiB GO alloc/idle/total, 64 MiB/75 MiB CGO alloc/total, 50.6 CGO/sec, 1.5/0.6 %(u/s)time, 0.0 %gc (0x), 7.3 KiB/5.5 KiB (r/w)net
I211123 15:27:08.550951 179 server/status/runtime.go:498  [n1] runtime stats: 281 MiB RSS, 144 goroutines, 132 MiB/115 MiB/178 MiB GO alloc/idle/total, 64 MiB/75 MiB CGO alloc/total, 27.7 CGO/sec, 1.4/0.6 %(u/s)time, 0.0 %gc (0x), 5.8 KiB/29 KiB (r/w)net
I211123 15:27:18.552159 179 server/status/runtime.go:498  [n1] runtime stats: 281 MiB RSS, 144 goroutines, 139 MiB/109 MiB/178 MiB GO alloc/idle/total, 64 MiB/75 MiB CGO alloc/total, 27.4 CGO/sec, 1.4/0.4 %(u/s)time, 0.0 %gc (0x), 5.4 KiB/29 KiB (r/w)net
I211123 15:27:26.072188 30283 sql/lease.go:1852  refreshing table: 52 lease failed: descriptor not found
I211123 15:27:28.530074 179 server/status/runtime.go:498  [n1] runtime stats: 281 MiB RSS, 145 goroutines, 146 MiB/102 MiB/178 MiB GO alloc/idle/total, 64 MiB/75 MiB CGO alloc/total, 34.7 CGO/sec, 1.2/0.7 %(u/s)time, 0.0 %gc (0x), 5.1 KiB/29 KiB (r/w)net
I211123 15:27:38.530743 179 server/status/runtime.go:498  [n1] runtime stats: 281 MiB RSS, 145 goroutines, 79 MiB/162 MiB/178 MiB GO alloc/idle/total, 64 MiB/75 MiB CGO alloc/total, 27.6 CGO/sec, 1.5/0.6 %(u/s)time, 0.0 %gc (1x), 5.6 KiB/29 KiB (r/w)net
I211123 15:27:48.376634 159 gossip/gossip.go:566  [n1] gossip status (ok, 1 node)
gossip client (0/3 cur/max conns)
gossip server (0/3 cur/max conns, infos 0/0 sent/received, bytes 0B/0B sent/received)
I211123 15:27:48.532178 179 server/status/runtime.go:498  [n1] runtime stats: 281 MiB RSS, 145 goroutines, 90 MiB/152 MiB/178 MiB GO alloc/idle/total, 64 MiB/75 MiB CGO alloc/total, 26.5 CGO/sec, 1.1/0.7 %(u/s)time, 0.0 %gc (0x), 6.2 KiB/30 KiB (r/w)net
I211123 15:27:58.510109 179 server/status/runtime.go:498  [n1] runtime stats: 282 MiB RSS, 144 goroutines, 99 MiB/145 MiB/178 MiB GO alloc/idle/total, 64 MiB/75 MiB CGO alloc/total, 53.6 CGO/sec, 1.5/0.6 %(u/s)time, 0.0 %gc (0x), 5.2 KiB/29 KiB (r/w)net
I211123 15:28:08.511472 179 server/status/runtime.go:498  [n1] runtime stats: 282 MiB RSS, 144 goroutines, 106 MiB/139 MiB/178 MiB GO alloc/idle/total, 64 MiB/75 MiB CGO alloc/total, 27.6 CGO/sec, 1.2/0.8 %(u/s)time, 0.0 %gc (0x), 4.8 KiB/29 KiB (r/w)net
I211123 15:28:18.511423 179 server/status/runtime.go:498  [n1] runtime stats: 282 MiB RSS, 144 goroutines, 114 MiB/132 MiB/178 MiB GO alloc/idle/total, 64 MiB/75 MiB CGO alloc/total, 26.1 CGO/sec, 1.3/0.6 %(u/s)time, 0.0 %gc (0x), 6.2 KiB/30 KiB (r/w)net
I211123 15:28:28.489629 179 server/status/runtime.go:498  [n1] runtime stats: 282 MiB RSS, 145 goroutines, 121 MiB/126 MiB/178 MiB GO alloc/idle/total, 64 MiB/75 MiB CGO alloc/total, 27.5 CGO/sec, 1.4/0.4 %(u/s)time, 0.0 %gc (0x), 5.0 KiB/29 KiB (r/w)net
I211123 15:28:38.489526 179 server/status/runtime.go:498  [n1] runtime stats: 283 MiB RSS, 145 goroutines, 128 MiB/120 MiB/178 MiB GO alloc/idle/total, 64 MiB/75 MiB CGO alloc/total, 23.4 CGO/sec, 1.1/0.7 %(u/s)time, 0.0 %gc (0x), 5.8 KiB/29 KiB (r/w)net
I211123 15:28:48.331343 159 gossip/gossip.go:566  [n1] gossip status (ok, 1 node)
gossip client (0/3 cur/max conns)
gossip server (0/3 cur/max conns, infos 0/0 sent/received, bytes 0B/0B sent/received)
I211123 15:28:48.489857 179 server/status/runtime.go:498  [n1] runtime stats: 283 MiB RSS, 145 goroutines, 135 MiB/113 MiB/178 MiB GO alloc/idle/total, 64 MiB/75 MiB CGO alloc/total, 27.6 CGO/sec, 1.1/0.8 %(u/s)time, 0.0 %gc (0x), 6.2 KiB/30 KiB (r/w)net
I211123 15:28:58.467447 179 server/status/runtime.go:498  [n1] runtime stats: 284 MiB RSS, 144 goroutines, 143 MiB/106 MiB/178 MiB GO alloc/idle/total, 64 MiB/75 MiB CGO alloc/total, 57.8 CGO/sec, 1.4/0.7 %(u/s)time, 0.0 %gc (0x), 5.1 KiB/29 KiB (r/w)net
I211123 15:29:08.468495 179 server/status/runtime.go:498  [n1] runtime stats: 284 MiB RSS, 144 goroutines, 150 MiB/99 MiB/178 MiB GO alloc/idle/total, 64 MiB/75 MiB CGO alloc/total, 23.9 CGO/sec, 1.1/0.7 %(u/s)time, 0.0 %gc (0x), 4.0 KiB/2.2 KiB (r/w)net
I211123 15:29:18.470434 179 server/status/runtime.go:498  [n1] runtime stats: 284 MiB RSS, 144 goroutines, 84 MiB/157 MiB/178 MiB GO alloc/idle/total, 64 MiB/75 MiB CGO alloc/total, 26.1 CGO/sec, 1.4/0.7 %(u/s)time, 0.0 %gc (1x), 5.4 KiB/29 KiB (r/w)net
I211123 15:29:28.447366 179 server/status/runtime.go:498  [n1] runtime stats: 284 MiB RSS, 145 goroutines, 94 MiB/148 MiB/178 MiB GO alloc/idle/total, 64 MiB/75 MiB CGO alloc/total, 25.4 CGO/sec, 1.0/0.8 %(u/s)time, 0.0 %gc (0x), 5.8 KiB/29 KiB (r/w)net
I211123 15:29:38.447974 179 server/status/runtime.go:498  [n1] runtime stats: 284 MiB RSS, 145 goroutines, 102 MiB/141 MiB/178 MiB GO alloc/idle/total, 64 MiB/75 MiB CGO alloc/total, 27.7 CGO/sec, 1.3/0.4 %(u/s)time, 0.0 %gc (0x), 4.9 KiB/29 KiB (r/w)net
I211123 15:29:48.285739 159 gossip/gossip.go:566  [n1] gossip status (ok, 1 node)
gossip client (0/3 cur/max conns)
gossip server (0/3 cur/max conns, infos 0/0 sent/received, bytes 0B/0B sent/received)
I211123 15:29:48.449106 179 server/status/runtime.go:498  [n1] runtime stats: 284 MiB RSS, 145 goroutines, 110 MiB/135 MiB/175 MiB GO alloc/idle/total, 64 MiB/75 MiB CGO alloc/total, 26.8 CGO/sec, 1.2/0.6 %(u/s)time, 0.0 %gc (0x), 6.3 KiB/30 KiB (r/w)net
I211123 15:29:57.827024 32111 sql/lease.go:1852  refreshing table: 52 lease failed: descriptor not found
I211123 15:29:58.426571 179 server/status/runtime.go:498  [n1] runtime stats: 285 MiB RSS, 144 goroutines, 119 MiB/128 MiB/175 MiB GO alloc/idle/total, 64 MiB/75 MiB CGO alloc/total, 63.0 CGO/sec, 1.7/0.6 %(u/s)time, 0.0 %gc (0x), 5.9 KiB/29 KiB (r/w)net
I211123 15:30:08.270486 158 storage/store.go:2364  [n1,s1] sstables (read amplification = 1):
6 [ 5M 2 ]: 4M 1M
I211123 15:30:08.270629 158 storage/store.go:2365  [n1,s1] 
** Compaction Stats [default] **
Level    Files   Size     Score Read(GB)  Rn(GB) Rnp1(GB) Write(GB) Wnew(GB) Moved(GB) W-Amp Rd(MB/s) Wr(MB/s) Comp(sec) CompMergeCPU(sec) Comp(cnt) Avg(sec) KeyIn KeyDrop
----------------------------------------------------------------------------------------------------------------------------------------------------------------------------
  L0      0/0    0.00 KB   0.0      0.0     0.0      0.0       0.0      0.0       0.0   1.0      0.0      1.1      0.10              0.00         1    0.103       0      0
  L6      2/0    5.46 MB   0.0      0.0     0.0      0.0       0.0      0.0       0.0  11.7     19.4     18.9      0.29              0.14         1    0.289     24K   7638
 Sum      2/0    5.46 MB   0.0      0.0     0.0      0.0       0.0      0.0       0.0  48.1     14.3     14.2      0.39              0.14         2    0.196     24K   7638
 Int      0/0    0.00 KB   0.0      0.0     0.0      0.0       0.0      0.0       0.0   0.0      0.0      0.0      0.00              0.00         0    0.000       0      0

** Compaction Stats [default] **
Priority    Files   Size     Score Read(GB)  Rn(GB) Rnp1(GB) Write(GB) Wnew(GB) Moved(GB) W-Amp Rd(MB/s) Wr(MB/s) Comp(sec) CompMergeCPU(sec) Comp(cnt) Avg(sec) KeyIn KeyDrop
-------------------------------------------------------------------------------------------------------------------------------------------------------------------------------
 Low      0/0    0.00 KB   0.0      0.0     0.0      0.0       0.0      0.0       0.0   0.0     19.4     18.9      0.29              0.14         1    0.289     24K   7638
User      0/0    0.00 KB   0.0      0.0     0.0      0.0       0.0      0.0       0.0   0.0      0.0      1.1      0.10              0.00         1    0.103       0      0
Uptime(secs): 2418.8 total, 599.5 interval
Flush(GB): cumulative 0.000, interval 0.000
AddFile(GB): cumulative 0.000, interval 0.000
AddFile(Total Files): cumulative 0, interval 0
AddFile(L0 Files): cumulative 0, interval 0
AddFile(Keys): cumulative 0, interval 0
Cumulative compaction: 0.01 GB write, 0.00 MB/s write, 0.01 GB read, 0.00 MB/s read, 0.4 seconds
Interval compaction: 0.00 GB write, 0.00 MB/s write, 0.00 GB read, 0.00 MB/s read, 0.0 seconds
Stalls(count): 0 level0_slowdown, 0 level0_slowdown_with_compaction, 0 level0_numfiles, 0 level0_numfiles_with_compaction, 0 stop for pending_compaction_bytes, 0 slowdown for pending_compaction_bytes, 0 memtable_compaction, 0 memtable_slowdown, interval 0 total count
estimated_pending_compaction_bytes: 0 B
I211123 15:30:08.427237 179 server/status/runtime.go:498  [n1] runtime stats: 285 MiB RSS, 144 goroutines, 126 MiB/121 MiB/175 MiB GO alloc/idle/total, 64 MiB/75 MiB CGO alloc/total, 25.8 CGO/sec, 1.1/0.6 %(u/s)time, 0.0 %gc (0x), 4.9 KiB/29 KiB (r/w)net
I211123 15:30:18.427890 179 server/status/runtime.go:498  [n1] runtime stats: 285 MiB RSS, 144 goroutines, 133 MiB/115 MiB/175 MiB GO alloc/idle/total, 64 MiB/75 MiB CGO alloc/total, 30.8 CGO/sec, 1.2/0.7 %(u/s)time, 0.0 %gc (0x), 6.3 KiB/30 KiB (r/w)net
I211123 15:30:28.406446 179 server/status/runtime.go:498  [n1] runtime stats: 285 MiB RSS, 145 goroutines, 140 MiB/108 MiB/175 MiB GO alloc/idle/total, 64 MiB/75 MiB CGO alloc/total, 27.7 CGO/sec, 1.1/0.6 %(u/s)time, 0.0 %gc (0x), 5.1 KiB/29 KiB (r/w)net
I211123 15:30:38.409257 179 server/status/runtime.go:498  [n1] runtime stats: 286 MiB RSS, 145 goroutines, 147 MiB/102 MiB/175 MiB GO alloc/idle/total, 64 MiB/75 MiB CGO alloc/total, 23.8 CGO/sec, 1.0/0.8 %(u/s)time, 0.0 %gc (0x), 5.7 KiB/29 KiB (r/w)net
I211123 15:30:48.241553 159 gossip/gossip.go:566  [n1] gossip status (ok, 1 node)
gossip client (0/3 cur/max conns)
gossip server (0/3 cur/max conns, infos 0/0 sent/received, bytes 0B/0B sent/received)
I211123 15:30:48.410969 179 server/status/runtime.go:498  [n1] runtime stats: 286 MiB RSS, 145 goroutines, 154 MiB/95 MiB/175 MiB GO alloc/idle/total, 64 MiB/75 MiB CGO alloc/total, 25.5 CGO/sec, 1.1/0.7 %(u/s)time, 0.0 %gc (0x), 3.7 KiB/2.3 KiB (r/w)net
I211123 15:30:53.114958 1 cli/start.go:865  received signal 'terminated'
I211123 15:30:53.117946 1 cli/start.go:930  initiating graceful shutdown of server
I211123 15:30:54.540382 32784 util/stop/stopper.go:542  [server drain process] quiescing; tasks left:
1      [async] intent_resolver_ir_batcher
1      [async] intent_resolver_gc_batcher
1      [async] closedts-rangefeed-subscriber
I211123 15:30:54.541134 32784 util/stop/stopper.go:542  [server drain process] quiescing; tasks left:
1      [async] closedts-rangefeed-subscriber
I211123 15:30:54.542579 32784 storage/engine/rocksdb.go:762  closing rocksdb instance at "/cockroach/cockroach-data/cockroach-temp539593842"
I211123 15:30:54.563532 32784 storage/engine/rocksdb.go:762  closing rocksdb instance at "/cockroach/cockroach-data"
I211123 15:30:54.597490 1 cli/start.go:976  server drained and shutdown completed
