I211123 15:34:26.297069 54 util/log/clog.go:1196  [config] file created at: 2021/11/23 15:34:26
I211123 15:34:26.297069 54 util/log/clog.go:1196  [config] running on machine: 801f926cd5fe
I211123 15:34:26.297069 54 util/log/clog.go:1196  [config] binary: CockroachDB CCL v19.2.2 (x86_64-unknown-linux-gnu, built 2019/12/11 01:33:43, go1.12.12)
I211123 15:34:26.297069 54 util/log/clog.go:1196  [config] arguments: [/cockroach/cockroach start-single-node --insecure]
I211123 15:34:26.297069 54 util/log/clog.go:1196  line format: [IWEF]yymmdd hh:mm:ss.uuuuuu goid file:line msg utf8=✓
I211123 15:34:26.297067 54 storage/engine/rocksdb.go:120  RocksDB version: 6.2.1
I211123 15:34:26.307670 54 storage/engine/rocksdb.go:120  Git sha rocksdb_build_git_sha:@b7009236531fa784872f4823eabf393501e41bf2@
I211123 15:34:26.307678 54 storage/engine/rocksdb.go:120  Compile date Dec 11 2019
I211123 15:34:26.307683 54 storage/engine/rocksdb.go:120  DB SUMMARY
I211123 15:34:26.309315 54 storage/engine/rocksdb.go:120  SST files in /cockroach/cockroach-data/cockroach-temp703620227 dir, Total Num: 0, files: 
I211123 15:34:26.311938 54 storage/engine/rocksdb.go:120  Write Ahead Log file in /cockroach/cockroach-data/cockroach-temp703620227: 
I211123 15:34:26.311944 54 storage/engine/rocksdb.go:120                          Options.error_if_exists: 0
I211123 15:34:26.311948 54 storage/engine/rocksdb.go:120                        Options.create_if_missing: 1
I211123 15:34:26.311951 54 storage/engine/rocksdb.go:120                          Options.paranoid_checks: 1
I211123 15:34:26.311955 54 storage/engine/rocksdb.go:120                                      Options.env: 0x75591e0
I211123 15:34:26.311959 54 storage/engine/rocksdb.go:120                                 Options.info_log: 0x7f4255427140
I211123 15:34:26.311962 54 storage/engine/rocksdb.go:120                 Options.max_file_opening_threads: 16
I211123 15:34:26.311966 54 storage/engine/rocksdb.go:120                               Options.statistics: 0x7f4255434010
I211123 15:34:26.311970 54 storage/engine/rocksdb.go:120                                Options.use_fsync: 0
I211123 15:34:26.311973 54 storage/engine/rocksdb.go:120                        Options.max_log_file_size: 0
I211123 15:34:26.311977 54 storage/engine/rocksdb.go:120                   Options.max_manifest_file_size: 134217728
I211123 15:34:26.311983 54 storage/engine/rocksdb.go:120                    Options.log_file_time_to_roll: 0
I211123 15:34:26.311987 54 storage/engine/rocksdb.go:120                        Options.keep_log_file_num: 1000
I211123 15:34:26.311991 54 storage/engine/rocksdb.go:120                     Options.recycle_log_file_num: 1
I211123 15:34:26.311995 54 storage/engine/rocksdb.go:120                          Options.allow_fallocate: 1
I211123 15:34:26.311999 54 storage/engine/rocksdb.go:120                         Options.allow_mmap_reads: 0
I211123 15:34:26.312002 54 storage/engine/rocksdb.go:120                        Options.allow_mmap_writes: 0
I211123 15:34:26.312005 54 storage/engine/rocksdb.go:120                         Options.use_direct_reads: 0
I211123 15:34:26.312009 54 storage/engine/rocksdb.go:120                         Options.use_direct_io_for_flush_and_compaction: 0
I211123 15:34:26.312012 54 storage/engine/rocksdb.go:120           Options.create_missing_column_families: 0
I211123 15:34:26.312016 54 storage/engine/rocksdb.go:120                               Options.db_log_dir: 
I211123 15:34:26.312020 54 storage/engine/rocksdb.go:120                                  Options.wal_dir: /cockroach/cockroach-data/cockroach-temp703620227
I211123 15:34:26.312024 54 storage/engine/rocksdb.go:120                 Options.table_cache_numshardbits: 6
I211123 15:34:26.312027 54 storage/engine/rocksdb.go:120                       Options.max_subcompactions: 1
I211123 15:34:26.312031 54 storage/engine/rocksdb.go:120                   Options.max_background_flushes: -1
I211123 15:34:26.312034 54 storage/engine/rocksdb.go:120                          Options.WAL_ttl_seconds: 0
I211123 15:34:26.312038 54 storage/engine/rocksdb.go:120                        Options.WAL_size_limit_MB: 0
I211123 15:34:26.312041 54 storage/engine/rocksdb.go:120              Options.manifest_preallocation_size: 4194304
I211123 15:34:26.312045 54 storage/engine/rocksdb.go:120                      Options.is_fd_close_on_exec: 1
I211123 15:34:26.312049 54 storage/engine/rocksdb.go:120                    Options.advise_random_on_open: 1
I211123 15:34:26.312052 54 storage/engine/rocksdb.go:120                     Options.db_write_buffer_size: 0
I211123 15:34:26.312056 54 storage/engine/rocksdb.go:120                     Options.write_buffer_manager: 0x7f4255419060
I211123 15:34:26.312059 54 storage/engine/rocksdb.go:120          Options.access_hint_on_compaction_start: 1
I211123 15:34:26.312063 54 storage/engine/rocksdb.go:120   Options.new_table_reader_for_compaction_inputs: 0
I211123 15:34:26.312067 54 storage/engine/rocksdb.go:120            Options.random_access_max_buffer_size: 1048576
I211123 15:34:26.312071 54 storage/engine/rocksdb.go:120                       Options.use_adaptive_mutex: 0
I211123 15:34:26.312075 54 storage/engine/rocksdb.go:120                             Options.rate_limiter: (nil)
I211123 15:34:26.312079 54 storage/engine/rocksdb.go:120      Options.sst_file_manager.rate_bytes_per_sec: 0
I211123 15:34:26.312083 54 storage/engine/rocksdb.go:120                        Options.wal_recovery_mode: 0
I211123 15:34:26.312086 54 storage/engine/rocksdb.go:120                   Options.enable_thread_tracking: 0
I211123 15:34:26.312090 54 storage/engine/rocksdb.go:120                   Options.enable_pipelined_write: 0
I211123 15:34:26.312093 54 storage/engine/rocksdb.go:120          Options.allow_concurrent_memtable_write: 1
I211123 15:34:26.312097 54 storage/engine/rocksdb.go:120       Options.enable_write_thread_adaptive_yield: 1
I211123 15:34:26.312100 54 storage/engine/rocksdb.go:120              Options.write_thread_max_yield_usec: 100
I211123 15:34:26.312103 54 storage/engine/rocksdb.go:120             Options.write_thread_slow_yield_usec: 3
I211123 15:34:26.312107 54 storage/engine/rocksdb.go:120                                Options.row_cache: None
I211123 15:34:26.312110 54 storage/engine/rocksdb.go:120                               Options.wal_filter: None
I211123 15:34:26.312114 54 storage/engine/rocksdb.go:120              Options.avoid_flush_during_recovery: 0
I211123 15:34:26.312117 54 storage/engine/rocksdb.go:120              Options.allow_ingest_behind: 0
I211123 15:34:26.312121 54 storage/engine/rocksdb.go:120              Options.preserve_deletes: 0
I211123 15:34:26.312124 54 storage/engine/rocksdb.go:120              Options.two_write_queues: 0
I211123 15:34:26.312127 54 storage/engine/rocksdb.go:120              Options.manual_wal_flush: 1
I211123 15:34:26.312131 54 storage/engine/rocksdb.go:120              Options.atomic_flush: 0
I211123 15:34:26.312134 54 storage/engine/rocksdb.go:120              Options.avoid_unnecessary_blocking_io: 0
I211123 15:34:26.312138 54 storage/engine/rocksdb.go:120              Options.max_background_jobs: 4
I211123 15:34:26.312141 54 storage/engine/rocksdb.go:120              Options.max_background_compactions: -1
I211123 15:34:26.312145 54 storage/engine/rocksdb.go:120              Options.avoid_flush_during_shutdown: 0
I211123 15:34:26.312148 54 storage/engine/rocksdb.go:120            Options.writable_file_max_buffer_size: 1048576
I211123 15:34:26.312152 54 storage/engine/rocksdb.go:120              Options.delayed_write_rate : 16777216
I211123 15:34:26.312155 54 storage/engine/rocksdb.go:120              Options.max_total_wal_size: 0
I211123 15:34:26.312159 54 storage/engine/rocksdb.go:120              Options.delete_obsolete_files_period_micros: 21600000000
I211123 15:34:26.312162 54 storage/engine/rocksdb.go:120                    Options.stats_dump_period_sec: 0
I211123 15:34:26.312166 54 storage/engine/rocksdb.go:120                  Options.stats_persist_period_sec: 600
I211123 15:34:26.312169 54 storage/engine/rocksdb.go:120                  Options.stats_history_buffer_size: 1048576
I211123 15:34:26.312173 54 storage/engine/rocksdb.go:120                           Options.max_open_files: 128
I211123 15:34:26.312176 54 storage/engine/rocksdb.go:120                           Options.bytes_per_sync: 524288
I211123 15:34:26.312180 54 storage/engine/rocksdb.go:120                       Options.wal_bytes_per_sync: 0
I211123 15:34:26.312183 54 storage/engine/rocksdb.go:120                    Options.strict_bytes_per_sync: 1
I211123 15:34:26.312187 54 storage/engine/rocksdb.go:120        Options.compaction_readahead_size: 0
I211123 15:34:26.312190 54 storage/engine/rocksdb.go:120  Compression algorithms supported:
I211123 15:34:26.312194 54 storage/engine/rocksdb.go:120  	kZSTDNotFinalCompression supported: 0
I211123 15:34:26.312198 54 storage/engine/rocksdb.go:120  	kZSTD supported: 0
I211123 15:34:26.312202 54 storage/engine/rocksdb.go:120  	kXpressCompression supported: 0
I211123 15:34:26.312206 54 storage/engine/rocksdb.go:120  	kLZ4HCCompression supported: 0
I211123 15:34:26.312209 54 storage/engine/rocksdb.go:120  	kLZ4Compression supported: 0
I211123 15:34:26.312213 54 storage/engine/rocksdb.go:120  	kBZip2Compression supported: 0
I211123 15:34:26.312216 54 storage/engine/rocksdb.go:120  	kZlibCompression supported: 0
I211123 15:34:26.312220 54 storage/engine/rocksdb.go:120  	kSnappyCompression supported: 1
I211123 15:34:26.312236 54 storage/engine/rocksdb.go:120  Fast CRC32 supported: Supported on x86
I211123 15:34:26.315259 54 storage/engine/rocksdb.go:120  [db/db_impl_open.cc:242] Creating manifest 1 
I211123 15:34:26.342393 54 storage/engine/rocksdb.go:120  [db/version_set.cc:4072] Recovering from manifest file: /cockroach/cockroach-data/cockroach-temp703620227/MANIFEST-000001
I211123 15:34:26.343418 54 storage/engine/rocksdb.go:120  [db/column_family.cc:488] --------------- Options for column family [default]:
I211123 15:34:26.343426 54 storage/engine/rocksdb.go:120                Options.comparator: cockroach_comparator
I211123 15:34:26.343431 54 storage/engine/rocksdb.go:120            Options.merge_operator: cockroach_merge_operator
I211123 15:34:26.343435 54 storage/engine/rocksdb.go:120         Options.compaction_filter: None
I211123 15:34:26.343439 54 storage/engine/rocksdb.go:120         Options.compaction_filter_factory: None
I211123 15:34:26.343443 54 storage/engine/rocksdb.go:120          Options.memtable_factory: SkipListFactory
I211123 15:34:26.343446 54 storage/engine/rocksdb.go:120             Options.table_factory: BlockBasedTable
I211123 15:34:26.343475 54 storage/engine/rocksdb.go:120             table_factory options:   flush_block_policy_factory: FlushBlockBySizePolicyFactory (0x7f4255428030)
  cache_index_and_filter_blocks: 0
  cache_index_and_filter_blocks_with_high_priority: 0
  pin_l0_filter_and_index_blocks_in_cache: 0
  pin_top_level_index_and_filter: 1
  index_type: 0
  data_block_index_type: 0
  index_shortening: 1
  data_block_hash_table_util_ratio: 0.750000
  hash_index_allow_collision: 1
  checksum: 1
  no_block_cache: 0
  block_cache: 0x7f425541c010
  block_cache_name: LRUCache
  block_cache_options:
    capacity : 1048576
    num_shard_bits : 4
    strict_capacity_limit : 0
    memory_allocator : None
    high_pri_pool_ratio: 0.000
  block_cache_compressed: (nil)
  persistent_cache: (nil)
  block_size: 32768
  block_size_deviation: 10
  block_restart_interval: 16
  index_block_restart_interval: 1
  metadata_block_size: 4096
  partition_filters: 0
  use_delta_encoding: 1
  filter_policy: rocksdb.BuiltinBloomFilter
  whole_key_filtering: 0
  verify_compression: 0
  read_amp_bytes_per_bit: 0
  format_version: 2
  enable_index_compression: 1
  block_align: 0
I211123 15:34:26.343482 54 storage/engine/rocksdb.go:120         Options.write_buffer_size: 67108864
I211123 15:34:26.343489 54 storage/engine/rocksdb.go:120   Options.max_write_buffer_number: 4
I211123 15:34:26.343492 54 storage/engine/rocksdb.go:120           Options.compression: Snappy
I211123 15:34:26.343496 54 storage/engine/rocksdb.go:120                   Options.bottommost_compression: Disabled
I211123 15:34:26.343500 54 storage/engine/rocksdb.go:120        Options.prefix_extractor: cockroach_prefix_extractor
I211123 15:34:26.343504 54 storage/engine/rocksdb.go:120    Options.memtable_insert_with_hint_prefix_extractor: nullptr
I211123 15:34:26.343508 54 storage/engine/rocksdb.go:120              Options.num_levels: 7
I211123 15:34:26.343512 54 storage/engine/rocksdb.go:120         Options.min_write_buffer_number_to_merge: 1
I211123 15:34:26.343515 54 storage/engine/rocksdb.go:120      Options.max_write_buffer_number_to_maintain: 0
I211123 15:34:26.343519 54 storage/engine/rocksdb.go:120             Options.bottommost_compression_opts.window_bits: -14
I211123 15:34:26.343523 54 storage/engine/rocksdb.go:120                   Options.bottommost_compression_opts.level: 32767
I211123 15:34:26.343526 54 storage/engine/rocksdb.go:120                Options.bottommost_compression_opts.strategy: 0
I211123 15:34:26.343530 54 storage/engine/rocksdb.go:120          Options.bottommost_compression_opts.max_dict_bytes: 0
I211123 15:34:26.343534 54 storage/engine/rocksdb.go:120          Options.bottommost_compression_opts.zstd_max_train_bytes: 0
I211123 15:34:26.343538 54 storage/engine/rocksdb.go:120                   Options.bottommost_compression_opts.enabled: false
I211123 15:34:26.343541 54 storage/engine/rocksdb.go:120             Options.compression_opts.window_bits: -14
I211123 15:34:26.343545 54 storage/engine/rocksdb.go:120                   Options.compression_opts.level: 32767
I211123 15:34:26.343548 54 storage/engine/rocksdb.go:120                Options.compression_opts.strategy: 0
I211123 15:34:26.343552 54 storage/engine/rocksdb.go:120          Options.compression_opts.max_dict_bytes: 0
I211123 15:34:26.343556 54 storage/engine/rocksdb.go:120          Options.compression_opts.zstd_max_train_bytes: 0
I211123 15:34:26.343559 54 storage/engine/rocksdb.go:120                   Options.compression_opts.enabled: false
I211123 15:34:26.343563 54 storage/engine/rocksdb.go:120       Options.level0_file_num_compaction_trigger: 2
I211123 15:34:26.343566 54 storage/engine/rocksdb.go:120           Options.level0_slowdown_writes_trigger: 950
I211123 15:34:26.343569 54 storage/engine/rocksdb.go:120               Options.level0_stop_writes_trigger: 1000
I211123 15:34:26.343573 54 storage/engine/rocksdb.go:120                    Options.target_file_size_base: 4194304
I211123 15:34:26.343576 54 storage/engine/rocksdb.go:120              Options.target_file_size_multiplier: 2
I211123 15:34:26.343580 54 storage/engine/rocksdb.go:120                 Options.max_bytes_for_level_base: 67108864
I211123 15:34:26.343583 54 storage/engine/rocksdb.go:120  Options.level_compaction_dynamic_level_bytes: 1
I211123 15:34:26.343588 54 storage/engine/rocksdb.go:120           Options.max_bytes_for_level_multiplier: 10.000000
I211123 15:34:26.343592 54 storage/engine/rocksdb.go:120  Options.max_bytes_for_level_multiplier_addtl[0]: 1
I211123 15:34:26.343595 54 storage/engine/rocksdb.go:120  Options.max_bytes_for_level_multiplier_addtl[1]: 1
I211123 15:34:26.343599 54 storage/engine/rocksdb.go:120  Options.max_bytes_for_level_multiplier_addtl[2]: 1
I211123 15:34:26.343604 54 storage/engine/rocksdb.go:120  Options.max_bytes_for_level_multiplier_addtl[3]: 1
I211123 15:34:26.343607 54 storage/engine/rocksdb.go:120  Options.max_bytes_for_level_multiplier_addtl[4]: 1
I211123 15:34:26.343611 54 storage/engine/rocksdb.go:120  Options.max_bytes_for_level_multiplier_addtl[5]: 1
I211123 15:34:26.343614 54 storage/engine/rocksdb.go:120  Options.max_bytes_for_level_multiplier_addtl[6]: 1
I211123 15:34:26.343711 54 storage/engine/rocksdb.go:120        Options.max_sequential_skip_in_iterations: 8
I211123 15:34:26.343719 54 storage/engine/rocksdb.go:120                     Options.max_compaction_bytes: 104857600
I211123 15:34:26.343722 54 storage/engine/rocksdb.go:120                         Options.arena_block_size: 8388608
I211123 15:34:26.343726 54 storage/engine/rocksdb.go:120    Options.soft_pending_compaction_bytes_limit: 2199023255552
I211123 15:34:26.343729 54 storage/engine/rocksdb.go:120    Options.hard_pending_compaction_bytes_limit: 4400193994752
I211123 15:34:26.343733 54 storage/engine/rocksdb.go:120        Options.rate_limit_delay_max_milliseconds: 100
I211123 15:34:26.343737 54 storage/engine/rocksdb.go:120                 Options.disable_auto_compactions: 0
I211123 15:34:26.343742 54 storage/engine/rocksdb.go:120                         Options.compaction_style: kCompactionStyleLevel
I211123 15:34:26.343746 54 storage/engine/rocksdb.go:120                           Options.compaction_pri: kMinOverlappingRatio
I211123 15:34:26.343750 54 storage/engine/rocksdb.go:120  Options.compaction_options_universal.size_ratio: 1
I211123 15:34:26.343754 54 storage/engine/rocksdb.go:120  Options.compaction_options_universal.min_merge_width: 2
I211123 15:34:26.343757 54 storage/engine/rocksdb.go:120  Options.compaction_options_universal.max_merge_width: 4294967295
I211123 15:34:26.343761 54 storage/engine/rocksdb.go:120  Options.compaction_options_universal.max_size_amplification_percent: 200
I211123 15:34:26.343765 54 storage/engine/rocksdb.go:120  Options.compaction_options_universal.compression_size_percent: -1
I211123 15:34:26.343769 54 storage/engine/rocksdb.go:120  Options.compaction_options_universal.stop_style: kCompactionStopStyleTotalSize
I211123 15:34:26.343772 54 storage/engine/rocksdb.go:120  Options.compaction_options_fifo.max_table_files_size: 1073741824
I211123 15:34:26.343776 54 storage/engine/rocksdb.go:120  Options.compaction_options_fifo.allow_compaction: 0
I211123 15:34:26.343907 54 storage/engine/rocksdb.go:120                    Options.table_properties_collectors: TimeBoundTblPropCollectorFactory; DeleteRangeTblPropCollectorFactory; 
I211123 15:34:26.343912 54 storage/engine/rocksdb.go:120                    Options.inplace_update_support: 0
I211123 15:34:26.343915 54 storage/engine/rocksdb.go:120                  Options.inplace_update_num_locks: 10000
I211123 15:34:26.343920 54 storage/engine/rocksdb.go:120                Options.memtable_prefix_bloom_size_ratio: 0.000000
I211123 15:34:26.343923 54 storage/engine/rocksdb.go:120                Options.memtable_whole_key_filtering: 0
I211123 15:34:26.343927 54 storage/engine/rocksdb.go:120    Options.memtable_huge_page_size: 0
I211123 15:34:26.343930 54 storage/engine/rocksdb.go:120                            Options.bloom_locality: 0
I211123 15:34:26.343934 54 storage/engine/rocksdb.go:120                     Options.max_successive_merges: 0
I211123 15:34:26.343937 54 storage/engine/rocksdb.go:120                 Options.optimize_filters_for_hits: 1
I211123 15:34:26.343984 54 storage/engine/rocksdb.go:120                 Options.paranoid_file_checks: 0
I211123 15:34:26.343990 54 storage/engine/rocksdb.go:120                 Options.force_consistency_checks: 0
I211123 15:34:26.343993 54 storage/engine/rocksdb.go:120                 Options.report_bg_io_stats: 0
I211123 15:34:26.343997 54 storage/engine/rocksdb.go:120                                Options.ttl: 0
I211123 15:34:26.344001 54 storage/engine/rocksdb.go:120           Options.periodic_compaction_seconds: 0
I211123 15:34:26.346587 54 storage/engine/rocksdb.go:120  [db/version_set.cc:4286] Recovered from manifest file:/cockroach/cockroach-data/cockroach-temp703620227/MANIFEST-000001 succeeded,manifest_file_number is 1, next_file_number is 3, last_sequence is 0, log_number is 0,prev_log_number is 0,max_column_family is 0,min_log_number_to_keep is 0
I211123 15:34:26.346597 54 storage/engine/rocksdb.go:120  [db/version_set.cc:4295] Column family [default] (ID 0), log number is 0
I211123 15:34:26.374998 54 storage/engine/rocksdb.go:120  DB pointer 0x7f42554a1000
I211123 15:34:26.409956 54 storage/engine/rocksdb.go:120  RocksDB version: 6.2.1
I211123 15:34:26.409968 54 storage/engine/rocksdb.go:120  Git sha rocksdb_build_git_sha:@b7009236531fa784872f4823eabf393501e41bf2@
I211123 15:34:26.409982 54 storage/engine/rocksdb.go:120  Compile date Dec 11 2019
I211123 15:34:26.409989 54 storage/engine/rocksdb.go:120  DB SUMMARY
I211123 15:34:26.412051 54 storage/engine/rocksdb.go:120  CURRENT file:  CURRENT
I211123 15:34:26.412063 54 storage/engine/rocksdb.go:120  IDENTITY file:  IDENTITY
I211123 15:34:26.413442 54 storage/engine/rocksdb.go:120  MANIFEST file:  MANIFEST-000092 size: 544 Bytes
I211123 15:34:26.413461 54 storage/engine/rocksdb.go:120  SST files in /cockroach/cockroach-data dir, Total Num: 2, files: 000096.sst 000097.sst 
I211123 15:34:26.413469 54 storage/engine/rocksdb.go:120  Write Ahead Log file in /cockroach/cockroach-data: 000093.log size: 1765379 ; 
I211123 15:34:26.413476 54 storage/engine/rocksdb.go:120                          Options.error_if_exists: 0
I211123 15:34:26.413482 54 storage/engine/rocksdb.go:120                        Options.create_if_missing: 1
I211123 15:34:26.413488 54 storage/engine/rocksdb.go:120                          Options.paranoid_checks: 1
I211123 15:34:26.413493 54 storage/engine/rocksdb.go:120                                      Options.env: 0x75591e0
I211123 15:34:26.413497 54 storage/engine/rocksdb.go:120                                 Options.info_log: 0x7f425600d0a0
I211123 15:34:26.413500 54 storage/engine/rocksdb.go:120                 Options.max_file_opening_threads: 16
I211123 15:34:26.413506 54 storage/engine/rocksdb.go:120                               Options.statistics: 0x7f4256024010
I211123 15:34:26.413512 54 storage/engine/rocksdb.go:120                                Options.use_fsync: 0
I211123 15:34:26.413522 54 storage/engine/rocksdb.go:120                        Options.max_log_file_size: 0
I211123 15:34:26.413530 54 storage/engine/rocksdb.go:120                   Options.max_manifest_file_size: 134217728
I211123 15:34:26.413534 54 storage/engine/rocksdb.go:120                    Options.log_file_time_to_roll: 0
I211123 15:34:26.413581 54 storage/engine/rocksdb.go:120                        Options.keep_log_file_num: 1000
I211123 15:34:26.413588 54 storage/engine/rocksdb.go:120                     Options.recycle_log_file_num: 1
I211123 15:34:26.413594 54 storage/engine/rocksdb.go:120                          Options.allow_fallocate: 1
I211123 15:34:26.413604 54 storage/engine/rocksdb.go:120                         Options.allow_mmap_reads: 0
I211123 15:34:26.413626 54 storage/engine/rocksdb.go:120                        Options.allow_mmap_writes: 0
I211123 15:34:26.413632 54 storage/engine/rocksdb.go:120                         Options.use_direct_reads: 0
I211123 15:34:26.413636 54 storage/engine/rocksdb.go:120                         Options.use_direct_io_for_flush_and_compaction: 0
I211123 15:34:26.413639 54 storage/engine/rocksdb.go:120           Options.create_missing_column_families: 0
I211123 15:34:26.413643 54 storage/engine/rocksdb.go:120                               Options.db_log_dir: 
I211123 15:34:26.413647 54 storage/engine/rocksdb.go:120                                  Options.wal_dir: /cockroach/cockroach-data
I211123 15:34:26.413650 54 storage/engine/rocksdb.go:120                 Options.table_cache_numshardbits: 6
I211123 15:34:26.413653 54 storage/engine/rocksdb.go:120                       Options.max_subcompactions: 1
I211123 15:34:26.413657 54 storage/engine/rocksdb.go:120                   Options.max_background_flushes: -1
I211123 15:34:26.413661 54 storage/engine/rocksdb.go:120                          Options.WAL_ttl_seconds: 0
I211123 15:34:26.413664 54 storage/engine/rocksdb.go:120                        Options.WAL_size_limit_MB: 0
I211123 15:34:26.413668 54 storage/engine/rocksdb.go:120              Options.manifest_preallocation_size: 4194304
I211123 15:34:26.413671 54 storage/engine/rocksdb.go:120                      Options.is_fd_close_on_exec: 1
I211123 15:34:26.413675 54 storage/engine/rocksdb.go:120                    Options.advise_random_on_open: 1
I211123 15:34:26.413741 54 storage/engine/rocksdb.go:120                     Options.db_write_buffer_size: 0
I211123 15:34:26.413749 54 storage/engine/rocksdb.go:120                     Options.write_buffer_manager: 0x7f425608c030
I211123 15:34:26.413753 54 storage/engine/rocksdb.go:120          Options.access_hint_on_compaction_start: 1
I211123 15:34:26.413756 54 storage/engine/rocksdb.go:120   Options.new_table_reader_for_compaction_inputs: 0
I211123 15:34:26.413760 54 storage/engine/rocksdb.go:120            Options.random_access_max_buffer_size: 1048576
I211123 15:34:26.413764 54 storage/engine/rocksdb.go:120                       Options.use_adaptive_mutex: 0
I211123 15:34:26.413769 54 storage/engine/rocksdb.go:120                             Options.rate_limiter: (nil)
I211123 15:34:26.413773 54 storage/engine/rocksdb.go:120      Options.sst_file_manager.rate_bytes_per_sec: 0
I211123 15:34:26.413777 54 storage/engine/rocksdb.go:120                        Options.wal_recovery_mode: 0
I211123 15:34:26.413789 54 storage/engine/rocksdb.go:120                   Options.enable_thread_tracking: 0
I211123 15:34:26.413795 54 storage/engine/rocksdb.go:120                   Options.enable_pipelined_write: 0
I211123 15:34:26.413799 54 storage/engine/rocksdb.go:120          Options.allow_concurrent_memtable_write: 1
I211123 15:34:26.413802 54 storage/engine/rocksdb.go:120       Options.enable_write_thread_adaptive_yield: 1
I211123 15:34:26.413806 54 storage/engine/rocksdb.go:120              Options.write_thread_max_yield_usec: 100
I211123 15:34:26.413810 54 storage/engine/rocksdb.go:120             Options.write_thread_slow_yield_usec: 3
I211123 15:34:26.413816 54 storage/engine/rocksdb.go:120                                Options.row_cache: None
I211123 15:34:26.413826 54 storage/engine/rocksdb.go:120                               Options.wal_filter: None
I211123 15:34:26.413834 54 storage/engine/rocksdb.go:120              Options.avoid_flush_during_recovery: 0
I211123 15:34:26.413837 54 storage/engine/rocksdb.go:120              Options.allow_ingest_behind: 0
I211123 15:34:26.413841 54 storage/engine/rocksdb.go:120              Options.preserve_deletes: 0
I211123 15:34:26.413844 54 storage/engine/rocksdb.go:120              Options.two_write_queues: 0
I211123 15:34:26.413848 54 storage/engine/rocksdb.go:120              Options.manual_wal_flush: 1
I211123 15:34:26.413851 54 storage/engine/rocksdb.go:120              Options.atomic_flush: 0
I211123 15:34:26.413854 54 storage/engine/rocksdb.go:120              Options.avoid_unnecessary_blocking_io: 0
I211123 15:34:26.413860 54 storage/engine/rocksdb.go:120              Options.max_background_jobs: 4
I211123 15:34:26.413866 54 storage/engine/rocksdb.go:120              Options.max_background_compactions: -1
I211123 15:34:26.413872 54 storage/engine/rocksdb.go:120              Options.avoid_flush_during_shutdown: 0
I211123 15:34:26.413879 54 storage/engine/rocksdb.go:120            Options.writable_file_max_buffer_size: 1048576
I211123 15:34:26.413885 54 storage/engine/rocksdb.go:120              Options.delayed_write_rate : 16777216
I211123 15:34:26.413974 54 storage/engine/rocksdb.go:120              Options.max_total_wal_size: 0
I211123 15:34:26.414019 54 storage/engine/rocksdb.go:120              Options.delete_obsolete_files_period_micros: 21600000000
I211123 15:34:26.414032 54 storage/engine/rocksdb.go:120                    Options.stats_dump_period_sec: 0
I211123 15:34:26.414043 54 storage/engine/rocksdb.go:120                  Options.stats_persist_period_sec: 600
I211123 15:34:26.414054 54 storage/engine/rocksdb.go:120                  Options.stats_history_buffer_size: 1048576
I211123 15:34:26.414068 54 storage/engine/rocksdb.go:120                           Options.max_open_files: 1043576
I211123 15:34:26.414072 54 storage/engine/rocksdb.go:120                           Options.bytes_per_sync: 524288
I211123 15:34:26.414076 54 storage/engine/rocksdb.go:120                       Options.wal_bytes_per_sync: 0
I211123 15:34:26.414079 54 storage/engine/rocksdb.go:120                    Options.strict_bytes_per_sync: 1
I211123 15:34:26.414083 54 storage/engine/rocksdb.go:120        Options.compaction_readahead_size: 0
I211123 15:34:26.414087 54 storage/engine/rocksdb.go:120  Compression algorithms supported:
I211123 15:34:26.414092 54 storage/engine/rocksdb.go:120  	kZSTDNotFinalCompression supported: 0
I211123 15:34:26.414096 54 storage/engine/rocksdb.go:120  	kZSTD supported: 0
I211123 15:34:26.414100 54 storage/engine/rocksdb.go:120  	kXpressCompression supported: 0
I211123 15:34:26.414103 54 storage/engine/rocksdb.go:120  	kLZ4HCCompression supported: 0
I211123 15:34:26.414107 54 storage/engine/rocksdb.go:120  	kLZ4Compression supported: 0
I211123 15:34:26.414111 54 storage/engine/rocksdb.go:120  	kBZip2Compression supported: 0
I211123 15:34:26.414114 54 storage/engine/rocksdb.go:120  	kZlibCompression supported: 0
I211123 15:34:26.414359 54 storage/engine/rocksdb.go:120  	kSnappyCompression supported: 1
I211123 15:34:26.414376 54 storage/engine/rocksdb.go:120  Fast CRC32 supported: Supported on x86
I211123 15:34:26.421910 54 storage/engine/rocksdb.go:120  [db/version_set.cc:4072] Recovering from manifest file: /cockroach/cockroach-data/MANIFEST-000092
I211123 15:34:26.423863 54 storage/engine/rocksdb.go:120  [db/column_family.cc:488] --------------- Options for column family [default]:
I211123 15:34:26.423871 54 storage/engine/rocksdb.go:120                Options.comparator: cockroach_comparator
I211123 15:34:26.423876 54 storage/engine/rocksdb.go:120            Options.merge_operator: cockroach_merge_operator
I211123 15:34:26.423889 54 storage/engine/rocksdb.go:120         Options.compaction_filter: None
I211123 15:34:26.423915 54 storage/engine/rocksdb.go:120         Options.compaction_filter_factory: None
I211123 15:34:26.423921 54 storage/engine/rocksdb.go:120          Options.memtable_factory: SkipListFactory
I211123 15:34:26.423925 54 storage/engine/rocksdb.go:120             Options.table_factory: BlockBasedTable
I211123 15:34:26.423956 54 storage/engine/rocksdb.go:120             table_factory options:   flush_block_policy_factory: FlushBlockBySizePolicyFactory (0x7f4256022028)
  cache_index_and_filter_blocks: 0
  cache_index_and_filter_blocks_with_high_priority: 0
  pin_l0_filter_and_index_blocks_in_cache: 0
  pin_top_level_index_and_filter: 1
  index_type: 0
  data_block_index_type: 0
  index_shortening: 1
  data_block_hash_table_util_ratio: 0.750000
  hash_index_allow_collision: 1
  checksum: 1
  no_block_cache: 0
  block_cache: 0x7f4256014010
  block_cache_name: LRUCache
  block_cache_options:
    capacity : 67108864
    num_shard_bits : 4
    strict_capacity_limit : 0
    memory_allocator : None
    high_pri_pool_ratio: 0.000
  block_cache_compressed: (nil)
  persistent_cache: (nil)
  block_size: 32768
  block_size_deviation: 10
  block_restart_interval: 16
  index_block_restart_interval: 1
  metadata_block_size: 4096
  partition_filters: 0
  use_delta_encoding: 1
  filter_policy: rocksdb.BuiltinBloomFilter
  whole_key_filtering: 0
  verify_compression: 0
  read_amp_bytes_per_bit: 0
  format_version: 2
  enable_index_compression: 1
  block_align: 0
I211123 15:34:26.423962 54 storage/engine/rocksdb.go:120         Options.write_buffer_size: 67108864
I211123 15:34:26.423968 54 storage/engine/rocksdb.go:120   Options.max_write_buffer_number: 4
I211123 15:34:26.423971 54 storage/engine/rocksdb.go:120           Options.compression: Snappy
I211123 15:34:26.423975 54 storage/engine/rocksdb.go:120                   Options.bottommost_compression: Disabled
I211123 15:34:26.423979 54 storage/engine/rocksdb.go:120        Options.prefix_extractor: cockroach_prefix_extractor
I211123 15:34:26.423983 54 storage/engine/rocksdb.go:120    Options.memtable_insert_with_hint_prefix_extractor: nullptr
I211123 15:34:26.423987 54 storage/engine/rocksdb.go:120              Options.num_levels: 7
I211123 15:34:26.423990 54 storage/engine/rocksdb.go:120         Options.min_write_buffer_number_to_merge: 1
I211123 15:34:26.423994 54 storage/engine/rocksdb.go:120      Options.max_write_buffer_number_to_maintain: 0
I211123 15:34:26.423998 54 storage/engine/rocksdb.go:120             Options.bottommost_compression_opts.window_bits: -14
I211123 15:34:26.424001 54 storage/engine/rocksdb.go:120                   Options.bottommost_compression_opts.level: 32767
I211123 15:34:26.424005 54 storage/engine/rocksdb.go:120                Options.bottommost_compression_opts.strategy: 0
I211123 15:34:26.424008 54 storage/engine/rocksdb.go:120          Options.bottommost_compression_opts.max_dict_bytes: 0
I211123 15:34:26.424012 54 storage/engine/rocksdb.go:120          Options.bottommost_compression_opts.zstd_max_train_bytes: 0
I211123 15:34:26.424016 54 storage/engine/rocksdb.go:120                   Options.bottommost_compression_opts.enabled: false
I211123 15:34:26.424019 54 storage/engine/rocksdb.go:120             Options.compression_opts.window_bits: -14
I211123 15:34:26.424023 54 storage/engine/rocksdb.go:120                   Options.compression_opts.level: 32767
I211123 15:34:26.424027 54 storage/engine/rocksdb.go:120                Options.compression_opts.strategy: 0
I211123 15:34:26.424030 54 storage/engine/rocksdb.go:120          Options.compression_opts.max_dict_bytes: 0
I211123 15:34:26.424034 54 storage/engine/rocksdb.go:120          Options.compression_opts.zstd_max_train_bytes: 0
I211123 15:34:26.424037 54 storage/engine/rocksdb.go:120                   Options.compression_opts.enabled: false
I211123 15:34:26.424050 54 storage/engine/rocksdb.go:120       Options.level0_file_num_compaction_trigger: 2
I211123 15:34:26.424056 54 storage/engine/rocksdb.go:120           Options.level0_slowdown_writes_trigger: 950
I211123 15:34:26.424059 54 storage/engine/rocksdb.go:120               Options.level0_stop_writes_trigger: 1000
I211123 15:34:26.424063 54 storage/engine/rocksdb.go:120                    Options.target_file_size_base: 4194304
I211123 15:34:26.424067 54 storage/engine/rocksdb.go:120              Options.target_file_size_multiplier: 2
I211123 15:34:26.424070 54 storage/engine/rocksdb.go:120                 Options.max_bytes_for_level_base: 67108864
I211123 15:34:26.424075 54 storage/engine/rocksdb.go:120  Options.level_compaction_dynamic_level_bytes: 1
I211123 15:34:26.424080 54 storage/engine/rocksdb.go:120           Options.max_bytes_for_level_multiplier: 10.000000
I211123 15:34:26.424083 54 storage/engine/rocksdb.go:120  Options.max_bytes_for_level_multiplier_addtl[0]: 1
I211123 15:34:26.424087 54 storage/engine/rocksdb.go:120  Options.max_bytes_for_level_multiplier_addtl[1]: 1
I211123 15:34:26.424090 54 storage/engine/rocksdb.go:120  Options.max_bytes_for_level_multiplier_addtl[2]: 1
I211123 15:34:26.424094 54 storage/engine/rocksdb.go:120  Options.max_bytes_for_level_multiplier_addtl[3]: 1
I211123 15:34:26.424098 54 storage/engine/rocksdb.go:120  Options.max_bytes_for_level_multiplier_addtl[4]: 1
I211123 15:34:26.424101 54 storage/engine/rocksdb.go:120  Options.max_bytes_for_level_multiplier_addtl[5]: 1
I211123 15:34:26.424105 54 storage/engine/rocksdb.go:120  Options.max_bytes_for_level_multiplier_addtl[6]: 1
I211123 15:34:26.424108 54 storage/engine/rocksdb.go:120        Options.max_sequential_skip_in_iterations: 8
I211123 15:34:26.424112 54 storage/engine/rocksdb.go:120                     Options.max_compaction_bytes: 104857600
I211123 15:34:26.424115 54 storage/engine/rocksdb.go:120                         Options.arena_block_size: 8388608
I211123 15:34:26.424119 54 storage/engine/rocksdb.go:120    Options.soft_pending_compaction_bytes_limit: 2199023255552
I211123 15:34:26.424122 54 storage/engine/rocksdb.go:120    Options.hard_pending_compaction_bytes_limit: 4400193994752
I211123 15:34:26.424126 54 storage/engine/rocksdb.go:120        Options.rate_limit_delay_max_milliseconds: 100
I211123 15:34:26.424129 54 storage/engine/rocksdb.go:120                 Options.disable_auto_compactions: 0
I211123 15:34:26.424134 54 storage/engine/rocksdb.go:120                         Options.compaction_style: kCompactionStyleLevel
I211123 15:34:26.424138 54 storage/engine/rocksdb.go:120                           Options.compaction_pri: kMinOverlappingRatio
I211123 15:34:26.424142 54 storage/engine/rocksdb.go:120  Options.compaction_options_universal.size_ratio: 1
I211123 15:34:26.424146 54 storage/engine/rocksdb.go:120  Options.compaction_options_universal.min_merge_width: 2
I211123 15:34:26.424149 54 storage/engine/rocksdb.go:120  Options.compaction_options_universal.max_merge_width: 4294967295
I211123 15:34:26.424153 54 storage/engine/rocksdb.go:120  Options.compaction_options_universal.max_size_amplification_percent: 200
I211123 15:34:26.424157 54 storage/engine/rocksdb.go:120  Options.compaction_options_universal.compression_size_percent: -1
I211123 15:34:26.424161 54 storage/engine/rocksdb.go:120  Options.compaction_options_universal.stop_style: kCompactionStopStyleTotalSize
I211123 15:34:26.424165 54 storage/engine/rocksdb.go:120  Options.compaction_options_fifo.max_table_files_size: 1073741824
I211123 15:34:26.424168 54 storage/engine/rocksdb.go:120  Options.compaction_options_fifo.allow_compaction: 0
I211123 15:34:26.424174 54 storage/engine/rocksdb.go:120                    Options.table_properties_collectors: TimeBoundTblPropCollectorFactory; DeleteRangeTblPropCollectorFactory; 
I211123 15:34:26.424178 54 storage/engine/rocksdb.go:120                    Options.inplace_update_support: 0
I211123 15:34:26.424182 54 storage/engine/rocksdb.go:120                  Options.inplace_update_num_locks: 10000
I211123 15:34:26.424186 54 storage/engine/rocksdb.go:120                Options.memtable_prefix_bloom_size_ratio: 0.000000
I211123 15:34:26.424190 54 storage/engine/rocksdb.go:120                Options.memtable_whole_key_filtering: 0
I211123 15:34:26.424193 54 storage/engine/rocksdb.go:120    Options.memtable_huge_page_size: 0
I211123 15:34:26.424196 54 storage/engine/rocksdb.go:120                            Options.bloom_locality: 0
I211123 15:34:26.424200 54 storage/engine/rocksdb.go:120                     Options.max_successive_merges: 0
I211123 15:34:26.424203 54 storage/engine/rocksdb.go:120                 Options.optimize_filters_for_hits: 1
I211123 15:34:26.424207 54 storage/engine/rocksdb.go:120                 Options.paranoid_file_checks: 0
I211123 15:34:26.424210 54 storage/engine/rocksdb.go:120                 Options.force_consistency_checks: 0
I211123 15:34:26.424214 54 storage/engine/rocksdb.go:120                 Options.report_bg_io_stats: 0
I211123 15:34:26.424218 54 storage/engine/rocksdb.go:120                                Options.ttl: 0
I211123 15:34:26.424221 54 storage/engine/rocksdb.go:120           Options.periodic_compaction_seconds: 0
I211123 15:34:26.433046 54 storage/engine/rocksdb.go:120  [db/version_set.cc:3086] More existing levels in DB than needed. max_bytes_for_level_multiplier may not be guaranteed.
I211123 15:34:26.433062 54 storage/engine/rocksdb.go:120  [db/version_set.cc:4286] Recovered from manifest file:/cockroach/cockroach-data/MANIFEST-000092 succeeded,manifest_file_number is 92, next_file_number is 99, last_sequence is 4762492, log_number is 91,prev_log_number is 0,max_column_family is 0,min_log_number_to_keep is 0
I211123 15:34:26.433066 54 storage/engine/rocksdb.go:120  [db/version_set.cc:4295] Column family [default] (ID 0), log number is 91
I211123 15:34:26.435216 54 storage/engine/rocksdb.go:120  EVENT_LOG_v1 {"time_micros": 1637681666435187, "job": 1, "event": "recovery_started", "log_files": [93]}
I211123 15:34:26.435227 54 storage/engine/rocksdb.go:120  [db/db_impl_open.cc:598] Recovering log #93 mode 0
I211123 15:34:26.483244 54 storage/engine/rocksdb.go:120  EVENT_LOG_v1 {"time_micros": 1637681666483144, "cf_name": "default", "job": 1, "event": "table_file_creation", "file_number": 99, "file_size": 60676, "table_properties": {"data_size": 57953, "index_size": 350, "index_partitions": 0, "top_level_index_size": 0, "index_key_is_user_key": 0, "index_value_is_delta_encoded": 0, "filter_size": 1477, "raw_key_size": 50289, "raw_average_key_size": 42, "raw_value_size": 235660, "raw_average_value_size": 198, "num_data_blocks": 7, "num_entries": 1186, "num_deletions": 273, "num_merge_operands": 664, "num_range_deletions": 664, "format_version": 0, "fixed_key_len": 0, "filter_policy": "rocksdb.BuiltinBloomFilter", "column_family_name": "default", "column_family_id": 0, "comparator": "cockroach_comparator", "merge_operator": "cockroach_merge_operator", "prefix_extractor_name": "cockroach_prefix_extractor", "property_collectors": "[TimeBoundTblPropCollectorFactory,DeleteRangeTblPropCollectorFactory]", "compression": "Snappy", "compression_options": "window_bits=-14; level=32767; strategy=0; max_dict_bytes=0; zstd_max_train_bytes=0; enabled=0; ", "creation_time": 1637681666, "oldest_key_time": 3, "file_creation_time": 0}}
I211123 15:34:26.483861 54 storage/engine/rocksdb.go:120  [db/version_set.cc:3560] Creating manifest 100
I211123 15:34:26.490562 54 storage/engine/rocksdb.go:120  [db/version_set.cc:3086] More existing levels in DB than needed. max_bytes_for_level_multiplier may not be guaranteed.
I211123 15:34:26.496301 54 storage/engine/rocksdb.go:120  EVENT_LOG_v1 {"time_micros": 1637681666496257, "job": 1, "event": "recovery_finished"}
I211123 15:34:26.525284 54 storage/engine/rocksdb.go:120  DB pointer 0x7f4256099000
I211123 16:20:04.907741 108 storage/engine/rocksdb.go:120  [db/db_impl_write.cc:1437] [default] New memtable created with log file: #104. Immutable memtables: 0.
I211123 16:20:04.908052 17 storage/engine/rocksdb.go:120  (Original Log Time 2021/11/23-16:20:04.907882) [db/db_impl_compaction_flush.cc:2097] Calling FlushMemTableToOutputFile with column family [default], flush slots available 1, compaction slots available 1, flush slots scheduled 1, compaction slots scheduled 0
I211123 16:20:04.908079 17 storage/engine/rocksdb.go:120  [db/flush_job.cc:322] [default] [JOB 3] Flushing memtable with next log file: 104
I211123 16:20:04.908181 17 storage/engine/rocksdb.go:120  EVENT_LOG_v1 {"time_micros": 1637684404908124, "job": 3, "event": "flush_started", "num_memtables": 1, "num_entries": 215665, "num_deletes": 6461, "total_data_size": 61023085, "memory_usage": 65023328, "flush_reason": "Write Buffer Full"}
I211123 16:20:04.908213 17 storage/engine/rocksdb.go:120  [db/flush_job.cc:351] [default] [JOB 3] Level-0 flush table #105: started
I211123 16:20:05.463240 17 storage/engine/rocksdb.go:120  EVENT_LOG_v1 {"time_micros": 1637684405463136, "cf_name": "default", "job": 3, "event": "table_file_creation", "file_number": 105, "file_size": 404024, "table_properties": {"data_size": 391367, "index_size": 4432, "index_partitions": 0, "top_level_index_size": 0, "index_key_is_user_key": 0, "index_value_is_delta_encoded": 0, "filter_size": 9157, "raw_key_size": 263978, "raw_average_key_size": 31, "raw_value_size": 2097625, "raw_average_value_size": 246, "num_data_blocks": 69, "num_entries": 8512, "num_deletions": 6003, "num_merge_operands": 1328, "num_range_deletions": 1328, "format_version": 0, "fixed_key_len": 0, "filter_policy": "rocksdb.BuiltinBloomFilter", "column_family_name": "default", "column_family_id": 0, "comparator": "cockroach_comparator", "merge_operator": "cockroach_merge_operator", "prefix_extractor_name": "cockroach_prefix_extractor", "property_collectors": "[TimeBoundTblPropCollectorFactory,DeleteRangeTblPropCollectorFactory]", "compression": "Snappy", "compression_options": "window_bits=-14; level=32767; strategy=0; max_dict_bytes=0; zstd_max_train_bytes=0; enabled=0; ", "creation_time": 1637684404, "oldest_key_time": 1637681666, "file_creation_time": 1637684404}}
I211123 16:20:05.463272 17 storage/engine/rocksdb.go:120  [db/flush_job.cc:392] [default] [JOB 3] Level-0 flush table #105: 404024 bytes OK (needs compaction)
I211123 16:20:05.463345 17 storage/engine/rocksdb.go:120  [db/version_set.cc:3086] More existing levels in DB than needed. max_bytes_for_level_multiplier may not be guaranteed.
I211123 16:20:05.465330 17 storage/engine/rocksdb.go:120  [db/db_impl_files.cc:194] adding log 101 to recycle list
I211123 16:20:05.465382 17 storage/engine/rocksdb.go:120  (Original Log Time 2021/11/23-16:20:05.463309) [db/memtable_list.cc:386] [default] Level-0 commit table #105 started
I211123 16:20:05.465390 17 storage/engine/rocksdb.go:120  (Original Log Time 2021/11/23-16:20:05.464484) [db/memtable_list.cc:434] [default] Level-0 commit table #105: memtable #1 done
I211123 16:20:05.465398 17 storage/engine/rocksdb.go:120  (Original Log Time 2021/11/23-16:20:05.464521) EVENT_LOG_v1 {"time_micros": 1637684405464497, "job": 3, "event": "flush_finished", "output_compression": "Snappy", "lsm_state": [2, 0, 0, 0, 0, 0, 2], "immutable_memtables": 0}
I211123 16:20:05.465407 17 storage/engine/rocksdb.go:120  (Original Log Time 2021/11/23-16:20:05.464573) [db/db_impl_compaction_flush.cc:208] [default] Level summary: base level 6 level multiplier 10.00 max bytes base 67108864 files[2 0 0 0 0 0 2] max score 1.00 (1 files need compaction)
I211123 16:20:05.465578 17 storage/engine/rocksdb.go:120  [db/compaction_job.cc:1647] [default] [JOB 4] Compacting 2@0 + 2@6 files to L6, score 1.00
I211123 16:20:05.465601 17 storage/engine/rocksdb.go:120  [db/compaction_job.cc:1651] [default] Compaction start summary: Base version 3 Base level 0, inputs: [105(394KB) 99(59KB)], [96(4133KB) 97(1763KB)]
I211123 16:20:05.465712 17 storage/engine/rocksdb.go:120  EVENT_LOG_v1 {"time_micros": 1637684405465638, "job": 4, "event": "compaction_started", "compaction_reason": "LevelL0FilesNum", "files_L0": [105, 99], "files_L6": [96, 97], "score": 1, "input_data_size": 6502907}
I211123 16:20:05.556584 17 storage/engine/rocksdb.go:120  [db/compaction_job.cc:1334] [default] [JOB 4] Generated table #106: 11807 keys, 4242153 bytes
I211123 16:20:05.556659 17 storage/engine/rocksdb.go:120  EVENT_LOG_v1 {"time_micros": 1637684405556613, "cf_name": "default", "job": 4, "event": "table_file_creation", "file_number": 106, "file_size": 4242153, "table_properties": {"data_size": 4223797, "index_size": 63045, "index_partitions": 0, "top_level_index_size": 0, "index_key_is_user_key": 0, "index_value_is_delta_encoded": 0, "filter_size": 0, "raw_key_size": 608410, "raw_average_key_size": 51, "raw_value_size": 29080954, "raw_average_value_size": 2463, "num_data_blocks": 929, "num_entries": 11807, "num_deletions": 0, "num_merge_operands": 0, "num_range_deletions": 0, "format_version": 0, "fixed_key_len": 0, "filter_policy": "rocksdb.BuiltinBloomFilter", "column_family_name": "default", "column_family_id": 0, "comparator": "cockroach_comparator", "merge_operator": "cockroach_merge_operator", "prefix_extractor_name": "cockroach_prefix_extractor", "property_collectors": "[TimeBoundTblPropCollectorFactory,DeleteRangeTblPropCollectorFactory]", "compression": "Snappy", "compression_options": "window_bits=-14; level=32767; strategy=0; max_dict_bytes=0; zstd_max_train_bytes=0; enabled=0; ", "creation_time": 1637684404, "oldest_key_time": 0, "file_creation_time": 1637684405}}
I211123 16:20:05.599321 17 storage/engine/rocksdb.go:120  [db/compaction_job.cc:1334] [default] [JOB 4] Generated table #107: 5547 keys, 2035876 bytes
I211123 16:20:05.599414 17 storage/engine/rocksdb.go:120  EVENT_LOG_v1 {"time_micros": 1637684405599354, "cf_name": "default", "job": 4, "event": "table_file_creation", "file_number": 107, "file_size": 2035876, "table_properties": {"data_size": 2026888, "index_size": 28695, "index_partitions": 0, "top_level_index_size": 0, "index_key_is_user_key": 0, "index_value_is_delta_encoded": 0, "filter_size": 0, "raw_key_size": 291189, "raw_average_key_size": 52, "raw_value_size": 12806648, "raw_average_value_size": 2308, "num_data_blocks": 411, "num_entries": 5547, "num_deletions": 0, "num_merge_operands": 0, "num_range_deletions": 0, "format_version": 0, "fixed_key_len": 0, "filter_policy": "rocksdb.BuiltinBloomFilter", "column_family_name": "default", "column_family_id": 0, "comparator": "cockroach_comparator", "merge_operator": "cockroach_merge_operator", "prefix_extractor_name": "cockroach_prefix_extractor", "property_collectors": "[TimeBoundTblPropCollectorFactory,DeleteRangeTblPropCollectorFactory]", "compression": "Snappy", "compression_options": "window_bits=-14; level=32767; strategy=0; max_dict_bytes=0; zstd_max_train_bytes=0; enabled=0; ", "creation_time": 1637684404, "oldest_key_time": 0, "file_creation_time": 1637684405}}
I211123 16:20:05.602595 17 storage/engine/rocksdb.go:120  [db/compaction_job.cc:1397] [default] [JOB 4] Compacted 2@0 + 2@6 files to L6 => 6278029 bytes
I211123 16:20:05.602633 17 storage/engine/rocksdb.go:120  [db/version_set.cc:3086] More existing levels in DB than needed. max_bytes_for_level_multiplier may not be guaranteed.
I211123 16:20:05.603185 17 storage/engine/rocksdb.go:120  (Original Log Time 2021/11/23-16:20:05.603088) [db/compaction_job.cc:770] [default] compacted to: base level 6 level multiplier 10.00 max bytes base 67108864 files[0 0 0 0 0 0 2] max score 0.00, MB/sec: 48.5 rd, 46.8 wr, level 6, files in(2, 2) out(2) MB in(0.4, 5.8) out(6.0), read-write-amplify(27.5) write-amplify(13.5) OK, records in: 25901, records dropped: 7218 output_compression: Snappy
I211123 16:20:05.603203 17 storage/engine/rocksdb.go:120  (Original Log Time 2021/11/23-16:20:05.603114) EVENT_LOG_v1 {"time_micros": 1637684405603101, "job": 4, "event": "compaction_finished", "compaction_time_micros": 134175, "compaction_time_cpu_micros": 80921, "output_level": 6, "num_output_files": 2, "total_output_size": 6278029, "num_input_records": 24572, "num_output_records": 17354, "num_subcompactions": 1, "output_compression": "Snappy", "num_single_delete_mismatches": 0, "num_single_delete_fallthrough": 0, "lsm_state": [0, 0, 0, 0, 0, 0, 2]}
I211123 16:20:05.604165 17 storage/engine/rocksdb.go:120  EVENT_LOG_v1 {"time_micros": 1637684405604143, "job": 4, "event": "table_file_deletion", "file_number": 105}
I211123 16:20:05.605310 17 storage/engine/rocksdb.go:120  EVENT_LOG_v1 {"time_micros": 1637684405605281, "job": 4, "event": "table_file_deletion", "file_number": 99}
I211123 16:20:05.607994 17 storage/engine/rocksdb.go:120  EVENT_LOG_v1 {"time_micros": 1637684405607968, "job": 4, "event": "table_file_deletion", "file_number": 97}
I211123 16:20:05.613242 17 storage/engine/rocksdb.go:120  EVENT_LOG_v1 {"time_micros": 1637684405613212, "job": 4, "event": "table_file_deletion", "file_number": 96}
