I211123 13:07:21.690425 25 util/log/clog.go:1196  [config] file created at: 2021/11/23 13:07:21
I211123 13:07:21.690425 25 util/log/clog.go:1196  [config] running on machine: 81f2a0bc1c88
I211123 13:07:21.690425 25 util/log/clog.go:1196  [config] binary: CockroachDB CCL v19.2.2 (x86_64-unknown-linux-gnu, built 2019/12/11 01:33:43, go1.12.12)
I211123 13:07:21.690425 25 util/log/clog.go:1196  [config] arguments: [/cockroach/cockroach start-single-node --insecure]
I211123 13:07:21.690425 25 util/log/clog.go:1196  line format: [IWEF]yymmdd hh:mm:ss.uuuuuu goid file:line msg utf8=✓
I211123 13:07:21.690423 25 storage/engine/rocksdb.go:120  RocksDB version: 6.2.1
I211123 13:07:21.707102 25 storage/engine/rocksdb.go:120  Git sha rocksdb_build_git_sha:@b7009236531fa784872f4823eabf393501e41bf2@
I211123 13:07:21.712096 25 storage/engine/rocksdb.go:120  Compile date Dec 11 2019
I211123 13:07:21.712102 25 storage/engine/rocksdb.go:120  DB SUMMARY
I211123 13:07:21.713023 25 storage/engine/rocksdb.go:120  SST files in /cockroach/cockroach-data/cockroach-temp531952927 dir, Total Num: 0, files: 
I211123 13:07:21.713033 25 storage/engine/rocksdb.go:120  Write Ahead Log file in /cockroach/cockroach-data/cockroach-temp531952927: 
I211123 13:07:21.713041 25 storage/engine/rocksdb.go:120                          Options.error_if_exists: 0
I211123 13:07:21.713047 25 storage/engine/rocksdb.go:120                        Options.create_if_missing: 1
I211123 13:07:21.713053 25 storage/engine/rocksdb.go:120                          Options.paranoid_checks: 1
I211123 13:07:21.713060 25 storage/engine/rocksdb.go:120                                      Options.env: 0x75591e0
I211123 13:07:21.713066 25 storage/engine/rocksdb.go:120                                 Options.info_log: 0x7fdbfcc87fe0
I211123 13:07:21.713072 25 storage/engine/rocksdb.go:120                 Options.max_file_opening_threads: 16
I211123 13:07:21.713078 25 storage/engine/rocksdb.go:120                               Options.statistics: 0x7fdbfcc1d8d0
I211123 13:07:21.713085 25 storage/engine/rocksdb.go:120                                Options.use_fsync: 0
I211123 13:07:21.713091 25 storage/engine/rocksdb.go:120                        Options.max_log_file_size: 0
I211123 13:07:21.713098 25 storage/engine/rocksdb.go:120                   Options.max_manifest_file_size: 134217728
I211123 13:07:21.713104 25 storage/engine/rocksdb.go:120                    Options.log_file_time_to_roll: 0
I211123 13:07:21.713110 25 storage/engine/rocksdb.go:120                        Options.keep_log_file_num: 1000
I211123 13:07:21.713117 25 storage/engine/rocksdb.go:120                     Options.recycle_log_file_num: 1
I211123 13:07:21.713123 25 storage/engine/rocksdb.go:120                          Options.allow_fallocate: 1
I211123 13:07:21.713130 25 storage/engine/rocksdb.go:120                         Options.allow_mmap_reads: 0
I211123 13:07:21.713136 25 storage/engine/rocksdb.go:120                        Options.allow_mmap_writes: 0
I211123 13:07:21.713142 25 storage/engine/rocksdb.go:120                         Options.use_direct_reads: 0
I211123 13:07:21.713148 25 storage/engine/rocksdb.go:120                         Options.use_direct_io_for_flush_and_compaction: 0
I211123 13:07:21.713155 25 storage/engine/rocksdb.go:120           Options.create_missing_column_families: 0
I211123 13:07:21.713161 25 storage/engine/rocksdb.go:120                               Options.db_log_dir: 
I211123 13:07:21.713168 25 storage/engine/rocksdb.go:120                                  Options.wal_dir: /cockroach/cockroach-data/cockroach-temp531952927
I211123 13:07:21.713174 25 storage/engine/rocksdb.go:120                 Options.table_cache_numshardbits: 6
I211123 13:07:21.713180 25 storage/engine/rocksdb.go:120                       Options.max_subcompactions: 1
I211123 13:07:21.713186 25 storage/engine/rocksdb.go:120                   Options.max_background_flushes: -1
I211123 13:07:21.713192 25 storage/engine/rocksdb.go:120                          Options.WAL_ttl_seconds: 0
I211123 13:07:21.713199 25 storage/engine/rocksdb.go:120                        Options.WAL_size_limit_MB: 0
I211123 13:07:21.713205 25 storage/engine/rocksdb.go:120              Options.manifest_preallocation_size: 4194304
I211123 13:07:21.713211 25 storage/engine/rocksdb.go:120                      Options.is_fd_close_on_exec: 1
I211123 13:07:21.713217 25 storage/engine/rocksdb.go:120                    Options.advise_random_on_open: 1
I211123 13:07:21.713223 25 storage/engine/rocksdb.go:120                     Options.db_write_buffer_size: 0
I211123 13:07:21.713229 25 storage/engine/rocksdb.go:120                     Options.write_buffer_manager: 0x7fdbfcc60ce0
I211123 13:07:21.713242 25 storage/engine/rocksdb.go:120          Options.access_hint_on_compaction_start: 1
I211123 13:07:21.713248 25 storage/engine/rocksdb.go:120   Options.new_table_reader_for_compaction_inputs: 0
I211123 13:07:21.713255 25 storage/engine/rocksdb.go:120            Options.random_access_max_buffer_size: 1048576
I211123 13:07:21.713261 25 storage/engine/rocksdb.go:120                       Options.use_adaptive_mutex: 0
I211123 13:07:21.713267 25 storage/engine/rocksdb.go:120                             Options.rate_limiter: (nil)
I211123 13:07:21.713274 25 storage/engine/rocksdb.go:120      Options.sst_file_manager.rate_bytes_per_sec: 0
I211123 13:07:21.713280 25 storage/engine/rocksdb.go:120                        Options.wal_recovery_mode: 0
I211123 13:07:21.713286 25 storage/engine/rocksdb.go:120                   Options.enable_thread_tracking: 0
I211123 13:07:21.713292 25 storage/engine/rocksdb.go:120                   Options.enable_pipelined_write: 0
I211123 13:07:21.713299 25 storage/engine/rocksdb.go:120          Options.allow_concurrent_memtable_write: 1
I211123 13:07:21.713305 25 storage/engine/rocksdb.go:120       Options.enable_write_thread_adaptive_yield: 1
I211123 13:07:21.713311 25 storage/engine/rocksdb.go:120              Options.write_thread_max_yield_usec: 100
I211123 13:07:21.713317 25 storage/engine/rocksdb.go:120             Options.write_thread_slow_yield_usec: 3
I211123 13:07:21.713323 25 storage/engine/rocksdb.go:120                                Options.row_cache: None
I211123 13:07:21.713329 25 storage/engine/rocksdb.go:120                               Options.wal_filter: None
I211123 13:07:21.713335 25 storage/engine/rocksdb.go:120              Options.avoid_flush_during_recovery: 0
I211123 13:07:21.713342 25 storage/engine/rocksdb.go:120              Options.allow_ingest_behind: 0
I211123 13:07:21.713348 25 storage/engine/rocksdb.go:120              Options.preserve_deletes: 0
I211123 13:07:21.713354 25 storage/engine/rocksdb.go:120              Options.two_write_queues: 0
I211123 13:07:21.713360 25 storage/engine/rocksdb.go:120              Options.manual_wal_flush: 1
I211123 13:07:21.713366 25 storage/engine/rocksdb.go:120              Options.atomic_flush: 0
I211123 13:07:21.713372 25 storage/engine/rocksdb.go:120              Options.avoid_unnecessary_blocking_io: 0
I211123 13:07:21.713378 25 storage/engine/rocksdb.go:120              Options.max_background_jobs: 4
I211123 13:07:21.713385 25 storage/engine/rocksdb.go:120              Options.max_background_compactions: -1
I211123 13:07:21.713395 25 storage/engine/rocksdb.go:120              Options.avoid_flush_during_shutdown: 0
I211123 13:07:21.713401 25 storage/engine/rocksdb.go:120            Options.writable_file_max_buffer_size: 1048576
I211123 13:07:21.713408 25 storage/engine/rocksdb.go:120              Options.delayed_write_rate : 16777216
I211123 13:07:21.713414 25 storage/engine/rocksdb.go:120              Options.max_total_wal_size: 0
I211123 13:07:21.713421 25 storage/engine/rocksdb.go:120              Options.delete_obsolete_files_period_micros: 21600000000
I211123 13:07:21.713427 25 storage/engine/rocksdb.go:120                    Options.stats_dump_period_sec: 0
I211123 13:07:21.713433 25 storage/engine/rocksdb.go:120                  Options.stats_persist_period_sec: 600
I211123 13:07:21.713439 25 storage/engine/rocksdb.go:120                  Options.stats_history_buffer_size: 1048576
I211123 13:07:21.713445 25 storage/engine/rocksdb.go:120                           Options.max_open_files: 128
I211123 13:07:21.713451 25 storage/engine/rocksdb.go:120                           Options.bytes_per_sync: 524288
I211123 13:07:21.713520 25 storage/engine/rocksdb.go:120                       Options.wal_bytes_per_sync: 0
I211123 13:07:21.713542 25 storage/engine/rocksdb.go:120                    Options.strict_bytes_per_sync: 1
I211123 13:07:21.713552 25 storage/engine/rocksdb.go:120        Options.compaction_readahead_size: 0
I211123 13:07:21.713573 25 storage/engine/rocksdb.go:120  Compression algorithms supported:
I211123 13:07:21.713590 25 storage/engine/rocksdb.go:120  	kZSTDNotFinalCompression supported: 0
I211123 13:07:21.713601 25 storage/engine/rocksdb.go:120  	kZSTD supported: 0
I211123 13:07:21.713607 25 storage/engine/rocksdb.go:120  	kXpressCompression supported: 0
I211123 13:07:21.713613 25 storage/engine/rocksdb.go:120  	kLZ4HCCompression supported: 0
I211123 13:07:21.713618 25 storage/engine/rocksdb.go:120  	kLZ4Compression supported: 0
I211123 13:07:21.713624 25 storage/engine/rocksdb.go:120  	kBZip2Compression supported: 0
I211123 13:07:21.713630 25 storage/engine/rocksdb.go:120  	kZlibCompression supported: 0
I211123 13:07:21.713636 25 storage/engine/rocksdb.go:120  	kSnappyCompression supported: 1
I211123 13:07:21.713660 25 storage/engine/rocksdb.go:120  Fast CRC32 supported: Supported on x86
I211123 13:07:21.717998 25 storage/engine/rocksdb.go:120  [db/db_impl_open.cc:242] Creating manifest 1 
I211123 13:07:21.747548 25 storage/engine/rocksdb.go:120  [db/version_set.cc:4072] Recovering from manifest file: /cockroach/cockroach-data/cockroach-temp531952927/MANIFEST-000001
I211123 13:07:21.749944 25 storage/engine/rocksdb.go:120  [db/column_family.cc:488] --------------- Options for column family [default]:
I211123 13:07:21.749956 25 storage/engine/rocksdb.go:120                Options.comparator: cockroach_comparator
I211123 13:07:21.749960 25 storage/engine/rocksdb.go:120            Options.merge_operator: cockroach_merge_operator
I211123 13:07:21.749964 25 storage/engine/rocksdb.go:120         Options.compaction_filter: None
I211123 13:07:21.749968 25 storage/engine/rocksdb.go:120         Options.compaction_filter_factory: None
I211123 13:07:21.749972 25 storage/engine/rocksdb.go:120          Options.memtable_factory: SkipListFactory
I211123 13:07:21.749976 25 storage/engine/rocksdb.go:120             Options.table_factory: BlockBasedTable
I211123 13:07:21.750007 25 storage/engine/rocksdb.go:120             table_factory options:   flush_block_policy_factory: FlushBlockBySizePolicyFactory (0x7fdbfcc24040)
  cache_index_and_filter_blocks: 0
  cache_index_and_filter_blocks_with_high_priority: 0
  pin_l0_filter_and_index_blocks_in_cache: 0
  pin_top_level_index_and_filter: 1
  index_type: 0
  data_block_index_type: 0
  index_shortening: 1
  data_block_hash_table_util_ratio: 0.750000
  hash_index_allow_collision: 1
  checksum: 1
  no_block_cache: 0
  block_cache: 0x7fdbfcc4b210
  block_cache_name: LRUCache
  block_cache_options:
    capacity : 1048576
    num_shard_bits : 4
    strict_capacity_limit : 0
    memory_allocator : None
    high_pri_pool_ratio: 0.000
  block_cache_compressed: (nil)
  persistent_cache: (nil)
  block_size: 32768
  block_size_deviation: 10
  block_restart_interval: 16
  index_block_restart_interval: 1
  metadata_block_size: 4096
  partition_filters: 0
  use_delta_encoding: 1
  filter_policy: rocksdb.BuiltinBloomFilter
  whole_key_filtering: 0
  verify_compression: 0
  read_amp_bytes_per_bit: 0
  format_version: 2
  enable_index_compression: 1
  block_align: 0
I211123 13:07:21.750014 25 storage/engine/rocksdb.go:120         Options.write_buffer_size: 67108864
I211123 13:07:21.750020 25 storage/engine/rocksdb.go:120   Options.max_write_buffer_number: 4
I211123 13:07:21.750032 25 storage/engine/rocksdb.go:120           Options.compression: Snappy
I211123 13:07:21.750036 25 storage/engine/rocksdb.go:120                   Options.bottommost_compression: Disabled
I211123 13:07:21.750040 25 storage/engine/rocksdb.go:120        Options.prefix_extractor: cockroach_prefix_extractor
I211123 13:07:21.750044 25 storage/engine/rocksdb.go:120    Options.memtable_insert_with_hint_prefix_extractor: nullptr
I211123 13:07:21.750047 25 storage/engine/rocksdb.go:120              Options.num_levels: 7
I211123 13:07:21.750051 25 storage/engine/rocksdb.go:120         Options.min_write_buffer_number_to_merge: 1
I211123 13:07:21.750054 25 storage/engine/rocksdb.go:120      Options.max_write_buffer_number_to_maintain: 0
I211123 13:07:21.750058 25 storage/engine/rocksdb.go:120             Options.bottommost_compression_opts.window_bits: -14
I211123 13:07:21.750065 25 storage/engine/rocksdb.go:120                   Options.bottommost_compression_opts.level: 32767
I211123 13:07:21.750069 25 storage/engine/rocksdb.go:120                Options.bottommost_compression_opts.strategy: 0
I211123 13:07:21.750072 25 storage/engine/rocksdb.go:120          Options.bottommost_compression_opts.max_dict_bytes: 0
I211123 13:07:21.750081 25 storage/engine/rocksdb.go:120          Options.bottommost_compression_opts.zstd_max_train_bytes: 0
I211123 13:07:21.750084 25 storage/engine/rocksdb.go:120                   Options.bottommost_compression_opts.enabled: false
I211123 13:07:21.750088 25 storage/engine/rocksdb.go:120             Options.compression_opts.window_bits: -14
I211123 13:07:21.750091 25 storage/engine/rocksdb.go:120                   Options.compression_opts.level: 32767
I211123 13:07:21.750095 25 storage/engine/rocksdb.go:120                Options.compression_opts.strategy: 0
I211123 13:07:21.750098 25 storage/engine/rocksdb.go:120          Options.compression_opts.max_dict_bytes: 0
I211123 13:07:21.750102 25 storage/engine/rocksdb.go:120          Options.compression_opts.zstd_max_train_bytes: 0
I211123 13:07:21.750105 25 storage/engine/rocksdb.go:120                   Options.compression_opts.enabled: false
I211123 13:07:21.750109 25 storage/engine/rocksdb.go:120       Options.level0_file_num_compaction_trigger: 2
I211123 13:07:21.750112 25 storage/engine/rocksdb.go:120           Options.level0_slowdown_writes_trigger: 950
I211123 13:07:21.750116 25 storage/engine/rocksdb.go:120               Options.level0_stop_writes_trigger: 1000
I211123 13:07:21.750119 25 storage/engine/rocksdb.go:120                    Options.target_file_size_base: 4194304
I211123 13:07:21.750123 25 storage/engine/rocksdb.go:120              Options.target_file_size_multiplier: 2
I211123 13:07:21.750126 25 storage/engine/rocksdb.go:120                 Options.max_bytes_for_level_base: 67108864
I211123 13:07:21.750130 25 storage/engine/rocksdb.go:120  Options.level_compaction_dynamic_level_bytes: 1
I211123 13:07:21.750135 25 storage/engine/rocksdb.go:120           Options.max_bytes_for_level_multiplier: 10.000000
I211123 13:07:21.750138 25 storage/engine/rocksdb.go:120  Options.max_bytes_for_level_multiplier_addtl[0]: 1
I211123 13:07:21.750142 25 storage/engine/rocksdb.go:120  Options.max_bytes_for_level_multiplier_addtl[1]: 1
I211123 13:07:21.750145 25 storage/engine/rocksdb.go:120  Options.max_bytes_for_level_multiplier_addtl[2]: 1
I211123 13:07:21.750149 25 storage/engine/rocksdb.go:120  Options.max_bytes_for_level_multiplier_addtl[3]: 1
I211123 13:07:21.750152 25 storage/engine/rocksdb.go:120  Options.max_bytes_for_level_multiplier_addtl[4]: 1
I211123 13:07:21.750155 25 storage/engine/rocksdb.go:120  Options.max_bytes_for_level_multiplier_addtl[5]: 1
I211123 13:07:21.750159 25 storage/engine/rocksdb.go:120  Options.max_bytes_for_level_multiplier_addtl[6]: 1
I211123 13:07:21.750162 25 storage/engine/rocksdb.go:120        Options.max_sequential_skip_in_iterations: 8
I211123 13:07:21.750166 25 storage/engine/rocksdb.go:120                     Options.max_compaction_bytes: 104857600
I211123 13:07:21.750169 25 storage/engine/rocksdb.go:120                         Options.arena_block_size: 8388608
I211123 13:07:21.750173 25 storage/engine/rocksdb.go:120    Options.soft_pending_compaction_bytes_limit: 2199023255552
I211123 13:07:21.750177 25 storage/engine/rocksdb.go:120    Options.hard_pending_compaction_bytes_limit: 4400193994752
I211123 13:07:21.750180 25 storage/engine/rocksdb.go:120        Options.rate_limit_delay_max_milliseconds: 100
I211123 13:07:21.750184 25 storage/engine/rocksdb.go:120                 Options.disable_auto_compactions: 0
I211123 13:07:21.750188 25 storage/engine/rocksdb.go:120                         Options.compaction_style: kCompactionStyleLevel
I211123 13:07:21.750193 25 storage/engine/rocksdb.go:120                           Options.compaction_pri: kMinOverlappingRatio
I211123 13:07:21.750198 25 storage/engine/rocksdb.go:120  Options.compaction_options_universal.size_ratio: 1
I211123 13:07:21.750201 25 storage/engine/rocksdb.go:120  Options.compaction_options_universal.min_merge_width: 2
I211123 13:07:21.750205 25 storage/engine/rocksdb.go:120  Options.compaction_options_universal.max_merge_width: 4294967295
I211123 13:07:21.750208 25 storage/engine/rocksdb.go:120  Options.compaction_options_universal.max_size_amplification_percent: 200
I211123 13:07:21.750285 25 storage/engine/rocksdb.go:120  Options.compaction_options_universal.compression_size_percent: -1
I211123 13:07:21.750298 25 storage/engine/rocksdb.go:120  Options.compaction_options_universal.stop_style: kCompactionStopStyleTotalSize
I211123 13:07:21.750307 25 storage/engine/rocksdb.go:120  Options.compaction_options_fifo.max_table_files_size: 1073741824
I211123 13:07:21.750314 25 storage/engine/rocksdb.go:120  Options.compaction_options_fifo.allow_compaction: 0
I211123 13:07:21.750320 25 storage/engine/rocksdb.go:120                    Options.table_properties_collectors: TimeBoundTblPropCollectorFactory; DeleteRangeTblPropCollectorFactory; 
I211123 13:07:21.750325 25 storage/engine/rocksdb.go:120                    Options.inplace_update_support: 0
I211123 13:07:21.750328 25 storage/engine/rocksdb.go:120                  Options.inplace_update_num_locks: 10000
I211123 13:07:21.750333 25 storage/engine/rocksdb.go:120                Options.memtable_prefix_bloom_size_ratio: 0.000000
I211123 13:07:21.750336 25 storage/engine/rocksdb.go:120                Options.memtable_whole_key_filtering: 0
I211123 13:07:21.750340 25 storage/engine/rocksdb.go:120    Options.memtable_huge_page_size: 0
I211123 13:07:21.750346 25 storage/engine/rocksdb.go:120                            Options.bloom_locality: 0
I211123 13:07:21.750350 25 storage/engine/rocksdb.go:120                     Options.max_successive_merges: 0
I211123 13:07:21.750356 25 storage/engine/rocksdb.go:120                 Options.optimize_filters_for_hits: 1
I211123 13:07:21.750362 25 storage/engine/rocksdb.go:120                 Options.paranoid_file_checks: 0
I211123 13:07:21.750367 25 storage/engine/rocksdb.go:120                 Options.force_consistency_checks: 0
I211123 13:07:21.750370 25 storage/engine/rocksdb.go:120                 Options.report_bg_io_stats: 0
I211123 13:07:21.750374 25 storage/engine/rocksdb.go:120                                Options.ttl: 0
I211123 13:07:21.750377 25 storage/engine/rocksdb.go:120           Options.periodic_compaction_seconds: 0
I211123 13:07:21.753988 25 storage/engine/rocksdb.go:120  [db/version_set.cc:4286] Recovered from manifest file:/cockroach/cockroach-data/cockroach-temp531952927/MANIFEST-000001 succeeded,manifest_file_number is 1, next_file_number is 3, last_sequence is 0, log_number is 0,prev_log_number is 0,max_column_family is 0,min_log_number_to_keep is 0
I211123 13:07:21.754000 25 storage/engine/rocksdb.go:120  [db/version_set.cc:4295] Column family [default] (ID 0), log number is 0
I211123 13:07:21.809573 25 storage/engine/rocksdb.go:120  DB pointer 0x7fdbfcd7c000
I211123 13:07:21.857993 25 storage/engine/rocksdb.go:120  RocksDB version: 6.2.1
I211123 13:07:21.858006 25 storage/engine/rocksdb.go:120  Git sha rocksdb_build_git_sha:@b7009236531fa784872f4823eabf393501e41bf2@
I211123 13:07:21.858010 25 storage/engine/rocksdb.go:120  Compile date Dec 11 2019
I211123 13:07:21.858015 25 storage/engine/rocksdb.go:120  DB SUMMARY
I211123 13:07:21.860090 25 storage/engine/rocksdb.go:120  CURRENT file:  CURRENT
I211123 13:07:21.860098 25 storage/engine/rocksdb.go:120  IDENTITY file:  IDENTITY
I211123 13:07:21.860740 25 storage/engine/rocksdb.go:120  MANIFEST file:  MANIFEST-000023 size: 2065 Bytes
I211123 13:07:21.860754 25 storage/engine/rocksdb.go:120  SST files in /cockroach/cockroach-data dir, Total Num: 2, files: 000065.sst 000066.sst 
I211123 13:07:21.860760 25 storage/engine/rocksdb.go:120  Write Ahead Log file in /cockroach/cockroach-data: 000061.log size: 59729712 ; 000063.log size: 59846241 ; 
I211123 13:07:21.860765 25 storage/engine/rocksdb.go:120                          Options.error_if_exists: 0
I211123 13:07:21.860778 25 storage/engine/rocksdb.go:120                        Options.create_if_missing: 1
I211123 13:07:21.860781 25 storage/engine/rocksdb.go:120                          Options.paranoid_checks: 1
I211123 13:07:21.860785 25 storage/engine/rocksdb.go:120                                      Options.env: 0x75591e0
I211123 13:07:21.860789 25 storage/engine/rocksdb.go:120                                 Options.info_log: 0x7fdbfcc8b0a0
I211123 13:07:21.860792 25 storage/engine/rocksdb.go:120                 Options.max_file_opening_threads: 16
I211123 13:07:21.860796 25 storage/engine/rocksdb.go:120                               Options.statistics: 0x7fdbfcc1d940
I211123 13:07:21.860800 25 storage/engine/rocksdb.go:120                                Options.use_fsync: 0
I211123 13:07:21.860803 25 storage/engine/rocksdb.go:120                        Options.max_log_file_size: 0
I211123 13:07:21.860807 25 storage/engine/rocksdb.go:120                   Options.max_manifest_file_size: 134217728
I211123 13:07:21.860810 25 storage/engine/rocksdb.go:120                    Options.log_file_time_to_roll: 0
I211123 13:07:21.860814 25 storage/engine/rocksdb.go:120                        Options.keep_log_file_num: 1000
I211123 13:07:21.860818 25 storage/engine/rocksdb.go:120                     Options.recycle_log_file_num: 1
I211123 13:07:21.860821 25 storage/engine/rocksdb.go:120                          Options.allow_fallocate: 1
I211123 13:07:21.860825 25 storage/engine/rocksdb.go:120                         Options.allow_mmap_reads: 0
I211123 13:07:21.860828 25 storage/engine/rocksdb.go:120                        Options.allow_mmap_writes: 0
I211123 13:07:21.860832 25 storage/engine/rocksdb.go:120                         Options.use_direct_reads: 0
I211123 13:07:21.860836 25 storage/engine/rocksdb.go:120                         Options.use_direct_io_for_flush_and_compaction: 0
I211123 13:07:21.860839 25 storage/engine/rocksdb.go:120           Options.create_missing_column_families: 0
I211123 13:07:21.860843 25 storage/engine/rocksdb.go:120                               Options.db_log_dir: 
I211123 13:07:21.860846 25 storage/engine/rocksdb.go:120                                  Options.wal_dir: /cockroach/cockroach-data
I211123 13:07:21.860850 25 storage/engine/rocksdb.go:120                 Options.table_cache_numshardbits: 6
I211123 13:07:21.860854 25 storage/engine/rocksdb.go:120                       Options.max_subcompactions: 1
I211123 13:07:21.860857 25 storage/engine/rocksdb.go:120                   Options.max_background_flushes: -1
I211123 13:07:21.860861 25 storage/engine/rocksdb.go:120                          Options.WAL_ttl_seconds: 0
I211123 13:07:21.860864 25 storage/engine/rocksdb.go:120                        Options.WAL_size_limit_MB: 0
I211123 13:07:21.860868 25 storage/engine/rocksdb.go:120              Options.manifest_preallocation_size: 4194304
I211123 13:07:21.860871 25 storage/engine/rocksdb.go:120                      Options.is_fd_close_on_exec: 1
I211123 13:07:21.860875 25 storage/engine/rocksdb.go:120                    Options.advise_random_on_open: 1
I211123 13:07:21.860878 25 storage/engine/rocksdb.go:120                     Options.db_write_buffer_size: 0
I211123 13:07:21.860881 25 storage/engine/rocksdb.go:120                     Options.write_buffer_manager: 0x7fdbfcc611f0
I211123 13:07:21.860885 25 storage/engine/rocksdb.go:120          Options.access_hint_on_compaction_start: 1
I211123 13:07:21.860888 25 storage/engine/rocksdb.go:120   Options.new_table_reader_for_compaction_inputs: 0
I211123 13:07:21.860892 25 storage/engine/rocksdb.go:120            Options.random_access_max_buffer_size: 1048576
I211123 13:07:21.860896 25 storage/engine/rocksdb.go:120                       Options.use_adaptive_mutex: 0
I211123 13:07:21.860900 25 storage/engine/rocksdb.go:120                             Options.rate_limiter: (nil)
I211123 13:07:21.860904 25 storage/engine/rocksdb.go:120      Options.sst_file_manager.rate_bytes_per_sec: 0
I211123 13:07:21.860909 25 storage/engine/rocksdb.go:120                        Options.wal_recovery_mode: 0
I211123 13:07:21.860912 25 storage/engine/rocksdb.go:120                   Options.enable_thread_tracking: 0
I211123 13:07:21.860917 25 storage/engine/rocksdb.go:120                   Options.enable_pipelined_write: 0
I211123 13:07:21.860920 25 storage/engine/rocksdb.go:120          Options.allow_concurrent_memtable_write: 1
I211123 13:07:21.860923 25 storage/engine/rocksdb.go:120       Options.enable_write_thread_adaptive_yield: 1
I211123 13:07:21.860927 25 storage/engine/rocksdb.go:120              Options.write_thread_max_yield_usec: 100
I211123 13:07:21.860930 25 storage/engine/rocksdb.go:120             Options.write_thread_slow_yield_usec: 3
I211123 13:07:21.860934 25 storage/engine/rocksdb.go:120                                Options.row_cache: None
I211123 13:07:21.860937 25 storage/engine/rocksdb.go:120                               Options.wal_filter: None
I211123 13:07:21.860941 25 storage/engine/rocksdb.go:120              Options.avoid_flush_during_recovery: 0
I211123 13:07:21.860946 25 storage/engine/rocksdb.go:120              Options.allow_ingest_behind: 0
I211123 13:07:21.860949 25 storage/engine/rocksdb.go:120              Options.preserve_deletes: 0
I211123 13:07:21.860952 25 storage/engine/rocksdb.go:120              Options.two_write_queues: 0
I211123 13:07:21.860956 25 storage/engine/rocksdb.go:120              Options.manual_wal_flush: 1
I211123 13:07:21.860961 25 storage/engine/rocksdb.go:120              Options.atomic_flush: 0
I211123 13:07:21.860965 25 storage/engine/rocksdb.go:120              Options.avoid_unnecessary_blocking_io: 0
I211123 13:07:21.860968 25 storage/engine/rocksdb.go:120              Options.max_background_jobs: 4
I211123 13:07:21.860972 25 storage/engine/rocksdb.go:120              Options.max_background_compactions: -1
I211123 13:07:21.860976 25 storage/engine/rocksdb.go:120              Options.avoid_flush_during_shutdown: 0
I211123 13:07:21.860980 25 storage/engine/rocksdb.go:120            Options.writable_file_max_buffer_size: 1048576
I211123 13:07:21.860983 25 storage/engine/rocksdb.go:120              Options.delayed_write_rate : 16777216
I211123 13:07:21.860986 25 storage/engine/rocksdb.go:120              Options.max_total_wal_size: 0
I211123 13:07:21.860990 25 storage/engine/rocksdb.go:120              Options.delete_obsolete_files_period_micros: 21600000000
I211123 13:07:21.860994 25 storage/engine/rocksdb.go:120                    Options.stats_dump_period_sec: 0
I211123 13:07:21.860997 25 storage/engine/rocksdb.go:120                  Options.stats_persist_period_sec: 600
I211123 13:07:21.861001 25 storage/engine/rocksdb.go:120                  Options.stats_history_buffer_size: 1048576
I211123 13:07:21.861004 25 storage/engine/rocksdb.go:120                           Options.max_open_files: 1043576
I211123 13:07:21.861008 25 storage/engine/rocksdb.go:120                           Options.bytes_per_sync: 524288
I211123 13:07:21.861011 25 storage/engine/rocksdb.go:120                       Options.wal_bytes_per_sync: 0
I211123 13:07:21.861015 25 storage/engine/rocksdb.go:120                    Options.strict_bytes_per_sync: 1
I211123 13:07:21.861019 25 storage/engine/rocksdb.go:120        Options.compaction_readahead_size: 0
I211123 13:07:21.861022 25 storage/engine/rocksdb.go:120  Compression algorithms supported:
I211123 13:07:21.861027 25 storage/engine/rocksdb.go:120  	kZSTDNotFinalCompression supported: 0
I211123 13:07:21.861030 25 storage/engine/rocksdb.go:120  	kZSTD supported: 0
I211123 13:07:21.861034 25 storage/engine/rocksdb.go:120  	kXpressCompression supported: 0
I211123 13:07:21.861038 25 storage/engine/rocksdb.go:120  	kLZ4HCCompression supported: 0
I211123 13:07:21.861041 25 storage/engine/rocksdb.go:120  	kLZ4Compression supported: 0
I211123 13:07:21.861045 25 storage/engine/rocksdb.go:120  	kBZip2Compression supported: 0
I211123 13:07:21.861049 25 storage/engine/rocksdb.go:120  	kZlibCompression supported: 0
I211123 13:07:21.861054 25 storage/engine/rocksdb.go:120  	kSnappyCompression supported: 1
I211123 13:07:21.861071 25 storage/engine/rocksdb.go:120  Fast CRC32 supported: Supported on x86
I211123 13:07:21.868178 25 storage/engine/rocksdb.go:120  [db/version_set.cc:4072] Recovering from manifest file: /cockroach/cockroach-data/MANIFEST-000023
I211123 13:07:21.869081 25 storage/engine/rocksdb.go:120  [db/column_family.cc:488] --------------- Options for column family [default]:
I211123 13:07:21.869088 25 storage/engine/rocksdb.go:120                Options.comparator: cockroach_comparator
I211123 13:07:21.869093 25 storage/engine/rocksdb.go:120            Options.merge_operator: cockroach_merge_operator
I211123 13:07:21.869097 25 storage/engine/rocksdb.go:120         Options.compaction_filter: None
I211123 13:07:21.869101 25 storage/engine/rocksdb.go:120         Options.compaction_filter_factory: None
I211123 13:07:21.869105 25 storage/engine/rocksdb.go:120          Options.memtable_factory: SkipListFactory
I211123 13:07:21.869109 25 storage/engine/rocksdb.go:120             Options.table_factory: BlockBasedTable
I211123 13:07:21.869183 25 storage/engine/rocksdb.go:120             table_factory options:   flush_block_policy_factory: FlushBlockBySizePolicyFactory (0x7fdbfcc240a0)
  cache_index_and_filter_blocks: 0
  cache_index_and_filter_blocks_with_high_priority: 0
  pin_l0_filter_and_index_blocks_in_cache: 0
  pin_top_level_index_and_filter: 1
  index_type: 0
  data_block_index_type: 0
  index_shortening: 1
  data_block_hash_table_util_ratio: 0.750000
  hash_index_allow_collision: 1
  checksum: 1
  no_block_cache: 0
  block_cache: 0x7fdbfcd94c90
  block_cache_name: LRUCache
  block_cache_options:
    capacity : 67108864
    num_shard_bits : 4
    strict_capacity_limit : 0
    memory_allocator : None
    high_pri_pool_ratio: 0.000
  block_cache_compressed: (nil)
  persistent_cache: (nil)
  block_size: 32768
  block_size_deviation: 10
  block_restart_interval: 16
  index_block_restart_interval: 1
  metadata_block_size: 4096
  partition_filters: 0
  use_delta_encoding: 1
  filter_policy: rocksdb.BuiltinBloomFilter
  whole_key_filtering: 0
  verify_compression: 0
  read_amp_bytes_per_bit: 0
  format_version: 2
  enable_index_compression: 1
  block_align: 0
I211123 13:07:21.869191 25 storage/engine/rocksdb.go:120         Options.write_buffer_size: 67108864
I211123 13:07:21.869196 25 storage/engine/rocksdb.go:120   Options.max_write_buffer_number: 4
I211123 13:07:21.869200 25 storage/engine/rocksdb.go:120           Options.compression: Snappy
I211123 13:07:21.869204 25 storage/engine/rocksdb.go:120                   Options.bottommost_compression: Disabled
I211123 13:07:21.869208 25 storage/engine/rocksdb.go:120        Options.prefix_extractor: cockroach_prefix_extractor
I211123 13:07:21.869268 25 storage/engine/rocksdb.go:120    Options.memtable_insert_with_hint_prefix_extractor: nullptr
I211123 13:07:21.869273 25 storage/engine/rocksdb.go:120              Options.num_levels: 7
I211123 13:07:21.869276 25 storage/engine/rocksdb.go:120         Options.min_write_buffer_number_to_merge: 1
I211123 13:07:21.869280 25 storage/engine/rocksdb.go:120      Options.max_write_buffer_number_to_maintain: 0
I211123 13:07:21.869285 25 storage/engine/rocksdb.go:120             Options.bottommost_compression_opts.window_bits: -14
I211123 13:07:21.869288 25 storage/engine/rocksdb.go:120                   Options.bottommost_compression_opts.level: 32767
I211123 13:07:21.869292 25 storage/engine/rocksdb.go:120                Options.bottommost_compression_opts.strategy: 0
I211123 13:07:21.869296 25 storage/engine/rocksdb.go:120          Options.bottommost_compression_opts.max_dict_bytes: 0
I211123 13:07:21.869299 25 storage/engine/rocksdb.go:120          Options.bottommost_compression_opts.zstd_max_train_bytes: 0
I211123 13:07:21.869303 25 storage/engine/rocksdb.go:120                   Options.bottommost_compression_opts.enabled: false
I211123 13:07:21.869307 25 storage/engine/rocksdb.go:120             Options.compression_opts.window_bits: -14
I211123 13:07:21.869316 25 storage/engine/rocksdb.go:120                   Options.compression_opts.level: 32767
I211123 13:07:21.869319 25 storage/engine/rocksdb.go:120                Options.compression_opts.strategy: 0
I211123 13:07:21.869323 25 storage/engine/rocksdb.go:120          Options.compression_opts.max_dict_bytes: 0
I211123 13:07:21.869326 25 storage/engine/rocksdb.go:120          Options.compression_opts.zstd_max_train_bytes: 0
I211123 13:07:21.869330 25 storage/engine/rocksdb.go:120                   Options.compression_opts.enabled: false
I211123 13:07:21.869333 25 storage/engine/rocksdb.go:120       Options.level0_file_num_compaction_trigger: 2
I211123 13:07:21.869381 25 storage/engine/rocksdb.go:120           Options.level0_slowdown_writes_trigger: 950
I211123 13:07:21.869388 25 storage/engine/rocksdb.go:120               Options.level0_stop_writes_trigger: 1000
I211123 13:07:21.869392 25 storage/engine/rocksdb.go:120                    Options.target_file_size_base: 4194304
I211123 13:07:21.869395 25 storage/engine/rocksdb.go:120              Options.target_file_size_multiplier: 2
I211123 13:07:21.869399 25 storage/engine/rocksdb.go:120                 Options.max_bytes_for_level_base: 67108864
I211123 13:07:21.869403 25 storage/engine/rocksdb.go:120  Options.level_compaction_dynamic_level_bytes: 1
I211123 13:07:21.869408 25 storage/engine/rocksdb.go:120           Options.max_bytes_for_level_multiplier: 10.000000
I211123 13:07:21.869412 25 storage/engine/rocksdb.go:120  Options.max_bytes_for_level_multiplier_addtl[0]: 1
I211123 13:07:21.869416 25 storage/engine/rocksdb.go:120  Options.max_bytes_for_level_multiplier_addtl[1]: 1
I211123 13:07:21.869419 25 storage/engine/rocksdb.go:120  Options.max_bytes_for_level_multiplier_addtl[2]: 1
I211123 13:07:21.869423 25 storage/engine/rocksdb.go:120  Options.max_bytes_for_level_multiplier_addtl[3]: 1
I211123 13:07:21.869427 25 storage/engine/rocksdb.go:120  Options.max_bytes_for_level_multiplier_addtl[4]: 1
I211123 13:07:21.869430 25 storage/engine/rocksdb.go:120  Options.max_bytes_for_level_multiplier_addtl[5]: 1
I211123 13:07:21.869434 25 storage/engine/rocksdb.go:120  Options.max_bytes_for_level_multiplier_addtl[6]: 1
I211123 13:07:21.869437 25 storage/engine/rocksdb.go:120        Options.max_sequential_skip_in_iterations: 8
I211123 13:07:21.869440 25 storage/engine/rocksdb.go:120                     Options.max_compaction_bytes: 104857600
I211123 13:07:21.869444 25 storage/engine/rocksdb.go:120                         Options.arena_block_size: 8388608
I211123 13:07:21.869448 25 storage/engine/rocksdb.go:120    Options.soft_pending_compaction_bytes_limit: 2199023255552
I211123 13:07:21.869451 25 storage/engine/rocksdb.go:120    Options.hard_pending_compaction_bytes_limit: 4400193994752
I211123 13:07:21.869455 25 storage/engine/rocksdb.go:120        Options.rate_limit_delay_max_milliseconds: 100
I211123 13:07:21.869458 25 storage/engine/rocksdb.go:120                 Options.disable_auto_compactions: 0
I211123 13:07:21.869509 25 storage/engine/rocksdb.go:120                         Options.compaction_style: kCompactionStyleLevel
I211123 13:07:21.869515 25 storage/engine/rocksdb.go:120                           Options.compaction_pri: kMinOverlappingRatio
I211123 13:07:21.869518 25 storage/engine/rocksdb.go:120  Options.compaction_options_universal.size_ratio: 1
I211123 13:07:21.869522 25 storage/engine/rocksdb.go:120  Options.compaction_options_universal.min_merge_width: 2
I211123 13:07:21.869525 25 storage/engine/rocksdb.go:120  Options.compaction_options_universal.max_merge_width: 4294967295
I211123 13:07:21.869529 25 storage/engine/rocksdb.go:120  Options.compaction_options_universal.max_size_amplification_percent: 200
I211123 13:07:21.869532 25 storage/engine/rocksdb.go:120  Options.compaction_options_universal.compression_size_percent: -1
I211123 13:07:21.869536 25 storage/engine/rocksdb.go:120  Options.compaction_options_universal.stop_style: kCompactionStopStyleTotalSize
I211123 13:07:21.869540 25 storage/engine/rocksdb.go:120  Options.compaction_options_fifo.max_table_files_size: 1073741824
I211123 13:07:21.869547 25 storage/engine/rocksdb.go:120  Options.compaction_options_fifo.allow_compaction: 0
I211123 13:07:21.869554 25 storage/engine/rocksdb.go:120                    Options.table_properties_collectors: TimeBoundTblPropCollectorFactory; DeleteRangeTblPropCollectorFactory; 
I211123 13:07:21.869558 25 storage/engine/rocksdb.go:120                    Options.inplace_update_support: 0
I211123 13:07:21.869562 25 storage/engine/rocksdb.go:120                  Options.inplace_update_num_locks: 10000
I211123 13:07:21.869566 25 storage/engine/rocksdb.go:120                Options.memtable_prefix_bloom_size_ratio: 0.000000
I211123 13:07:21.869570 25 storage/engine/rocksdb.go:120                Options.memtable_whole_key_filtering: 0
I211123 13:07:21.869573 25 storage/engine/rocksdb.go:120    Options.memtable_huge_page_size: 0
I211123 13:07:21.869576 25 storage/engine/rocksdb.go:120                            Options.bloom_locality: 0
I211123 13:07:21.869580 25 storage/engine/rocksdb.go:120                     Options.max_successive_merges: 0
I211123 13:07:21.869584 25 storage/engine/rocksdb.go:120                 Options.optimize_filters_for_hits: 1
I211123 13:07:21.869635 25 storage/engine/rocksdb.go:120                 Options.paranoid_file_checks: 0
I211123 13:07:21.869639 25 storage/engine/rocksdb.go:120                 Options.force_consistency_checks: 0
I211123 13:07:21.869643 25 storage/engine/rocksdb.go:120                 Options.report_bg_io_stats: 0
I211123 13:07:21.869646 25 storage/engine/rocksdb.go:120                                Options.ttl: 0
I211123 13:07:21.869650 25 storage/engine/rocksdb.go:120           Options.periodic_compaction_seconds: 0
I211123 13:07:21.883935 25 storage/engine/rocksdb.go:120  [db/version_set.cc:3086] More existing levels in DB than needed. max_bytes_for_level_multiplier may not be guaranteed.
I211123 13:07:21.884086 25 storage/engine/rocksdb.go:120  [db/version_set.cc:4286] Recovered from manifest file:/cockroach/cockroach-data/MANIFEST-000023 succeeded,manifest_file_number is 23, next_file_number is 68, last_sequence is 3948224, log_number is 63,prev_log_number is 0,max_column_family is 0,min_log_number_to_keep is 0
I211123 13:07:21.884198 25 storage/engine/rocksdb.go:120  [db/version_set.cc:4295] Column family [default] (ID 0), log number is 63
I211123 13:07:21.886921 25 storage/engine/rocksdb.go:120  EVENT_LOG_v1 {"time_micros": 1637672841886809, "job": 1, "event": "recovery_started", "log_files": [61, 63]}
I211123 13:07:21.886935 25 storage/engine/rocksdb.go:120  [db/db_impl_open.cc:586] Skipping log #61 since it is older than min log to keep #63
I211123 13:07:21.886942 25 storage/engine/rocksdb.go:120  [db/db_impl_open.cc:598] Recovering log #63 mode 0
I211123 13:07:23.085512 25 storage/engine/rocksdb.go:120  EVENT_LOG_v1 {"time_micros": 1637672843083836, "cf_name": "default", "job": 1, "event": "table_file_creation", "file_number": 68, "file_size": 260024, "table_properties": {"data_size": 250889, "index_size": 2831, "index_partitions": 0, "top_level_index_size": 0, "index_key_is_user_key": 0, "index_value_is_delta_encoded": 0, "filter_size": 6597, "raw_key_size": 191686, "raw_average_key_size": 32, "raw_value_size": 1398155, "raw_average_value_size": 238, "num_data_blocks": 45, "num_entries": 5855, "num_deletions": 4014, "num_merge_operands": 1328, "num_range_deletions": 1328, "format_version": 0, "fixed_key_len": 0, "filter_policy": "rocksdb.BuiltinBloomFilter", "column_family_name": "default", "column_family_id": 0, "comparator": "cockroach_comparator", "merge_operator": "cockroach_merge_operator", "prefix_extractor_name": "cockroach_prefix_extractor", "property_collectors": "[TimeBoundTblPropCollectorFactory,DeleteRangeTblPropCollectorFactory]", "compression": "Snappy", "compression_options": "window_bits=-14; level=32767; strategy=0; max_dict_bytes=0; zstd_max_train_bytes=0; enabled=0; ", "creation_time": 1637672842, "oldest_key_time": 3, "file_creation_time": 0}}
I211123 13:07:23.099649 25 storage/engine/rocksdb.go:120  [db/version_set.cc:3560] Creating manifest 69
I211123 13:07:23.121763 25 storage/engine/rocksdb.go:120  [db/version_set.cc:3086] More existing levels in DB than needed. max_bytes_for_level_multiplier may not be guaranteed.
I211123 13:07:23.129884 25 storage/engine/rocksdb.go:120  EVENT_LOG_v1 {"time_micros": 1637672843129808, "job": 1, "event": "recovery_finished"}
I211123 13:07:23.523900 25 storage/engine/rocksdb.go:120  DB pointer 0x7fdbeea12000
I211123 13:52:51.680742 127 storage/engine/rocksdb.go:120  [db/db_impl_write.cc:1437] [default] New memtable created with log file: #73. Immutable memtables: 0.
I211123 13:52:51.683351 17 storage/engine/rocksdb.go:120  (Original Log Time 2021/11/23-13:52:51.681757) [db/db_impl_compaction_flush.cc:2097] Calling FlushMemTableToOutputFile with column family [default], flush slots available 1, compaction slots available 1, flush slots scheduled 1, compaction slots scheduled 0
I211123 13:52:51.683380 17 storage/engine/rocksdb.go:120  [db/flush_job.cc:322] [default] [JOB 3] Flushing memtable with next log file: 73
I211123 13:52:51.683631 17 storage/engine/rocksdb.go:120  EVENT_LOG_v1 {"time_micros": 1637675571683497, "job": 3, "event": "flush_started", "num_memtables": 1, "num_entries": 217722, "num_deletes": 8937, "total_data_size": 61035996, "memory_usage": 65024304, "flush_reason": "Write Buffer Full"}
I211123 13:52:51.683642 17 storage/engine/rocksdb.go:120  [db/flush_job.cc:351] [default] [JOB 3] Level-0 flush table #74: started
I211123 13:52:52.375563 17 storage/engine/rocksdb.go:120  EVENT_LOG_v1 {"time_micros": 1637675572375441, "cf_name": "default", "job": 3, "event": "table_file_creation", "file_number": 74, "file_size": 409074, "table_properties": {"data_size": 397255, "index_size": 4572, "index_partitions": 0, "top_level_index_size": 0, "index_key_is_user_key": 0, "index_value_is_delta_encoded": 0, "filter_size": 8389, "raw_key_size": 273737, "raw_average_key_size": 26, "raw_value_size": 2070071, "raw_average_value_size": 202, "num_data_blocks": 71, "num_entries": 10216, "num_deletions": 8805, "num_merge_operands": 664, "num_range_deletions": 664, "format_version": 0, "fixed_key_len": 0, "filter_policy": "rocksdb.BuiltinBloomFilter", "column_family_name": "default", "column_family_id": 0, "comparator": "cockroach_comparator", "merge_operator": "cockroach_merge_operator", "prefix_extractor_name": "cockroach_prefix_extractor", "property_collectors": "[TimeBoundTblPropCollectorFactory,DeleteRangeTblPropCollectorFactory]", "compression": "Snappy", "compression_options": "window_bits=-14; level=32767; strategy=0; max_dict_bytes=0; zstd_max_train_bytes=0; enabled=0; ", "creation_time": 1637675571, "oldest_key_time": 1637672843, "file_creation_time": 1637675571}}
I211123 13:52:52.375625 17 storage/engine/rocksdb.go:120  [db/flush_job.cc:392] [default] [JOB 3] Level-0 flush table #74: 409074 bytes OK
I211123 13:52:52.375908 17 storage/engine/rocksdb.go:120  [db/version_set.cc:3086] More existing levels in DB than needed. max_bytes_for_level_multiplier may not be guaranteed.
I211123 13:52:52.377355 17 storage/engine/rocksdb.go:120  [db/compaction_job.cc:1647] [default] [JOB 4] Compacting 2@0 + 2@6 files to L6, score 1.00
I211123 13:52:52.377368 17 storage/engine/rocksdb.go:120  [db/compaction_job.cc:1651] [default] Compaction start summary: Base version 3 Base level 0, inputs: [74(399KB) 68(253KB)], [65(4139KB) 66(727KB)]
I211123 13:52:52.377420 17 storage/engine/rocksdb.go:120  EVENT_LOG_v1 {"time_micros": 1637675572377380, "job": 4, "event": "compaction_started", "compaction_reason": "LevelL0FilesNum", "files_L0": [74, 68], "files_L6": [65, 66], "score": 1, "input_data_size": 5652846}
I211123 13:52:52.378934 17 storage/engine/rocksdb.go:120  [db/db_impl_files.cc:194] adding log 70 to recycle list
I211123 13:52:52.378996 17 storage/engine/rocksdb.go:120  (Original Log Time 2021/11/23-13:52:52.375654) [db/memtable_list.cc:386] [default] Level-0 commit table #74 started
I211123 13:52:52.379012 17 storage/engine/rocksdb.go:120  (Original Log Time 2021/11/23-13:52:52.376896) [db/memtable_list.cc:434] [default] Level-0 commit table #74: memtable #1 done
I211123 13:52:52.379023 17 storage/engine/rocksdb.go:120  (Original Log Time 2021/11/23-13:52:52.376919) EVENT_LOG_v1 {"time_micros": 1637675572376909, "job": 3, "event": "flush_finished", "output_compression": "Snappy", "lsm_state": [2, 0, 0, 0, 0, 0, 2], "immutable_memtables": 0}
I211123 13:52:52.379034 17 storage/engine/rocksdb.go:120  (Original Log Time 2021/11/23-13:52:52.377116) [db/db_impl_compaction_flush.cc:208] [default] Level summary: base level 6 level multiplier 10.00 max bytes base 67108864 files[2 0 0 0 0 0 2] max score 1.00
I211123 13:52:52.529107 17 storage/engine/rocksdb.go:120  [db/compaction_job.cc:1334] [default] [JOB 4] Generated table #75: 11372 keys, 4221008 bytes
I211123 13:52:52.529192 17 storage/engine/rocksdb.go:120  EVENT_LOG_v1 {"time_micros": 1637675572529136, "cf_name": "default", "job": 4, "event": "table_file_creation", "file_number": 75, "file_size": 4221008, "table_properties": {"data_size": 4200710, "index_size": 65384, "index_partitions": 0, "top_level_index_size": 0, "index_key_is_user_key": 0, "index_value_is_delta_encoded": 0, "filter_size": 0, "raw_key_size": 600327, "raw_average_key_size": 52, "raw_value_size": 29287915, "raw_average_value_size": 2575, "num_data_blocks": 959, "num_entries": 11372, "num_deletions": 0, "num_merge_operands": 0, "num_range_deletions": 0, "format_version": 0, "fixed_key_len": 0, "filter_policy": "rocksdb.BuiltinBloomFilter", "column_family_name": "default", "column_family_id": 0, "comparator": "cockroach_comparator", "merge_operator": "cockroach_merge_operator", "prefix_extractor_name": "cockroach_prefix_extractor", "property_collectors": "[TimeBoundTblPropCollectorFactory,DeleteRangeTblPropCollectorFactory]", "compression": "Snappy", "compression_options": "window_bits=-14; level=32767; strategy=0; max_dict_bytes=0; zstd_max_train_bytes=0; enabled=0; ", "creation_time": 1637675571, "oldest_key_time": 0, "file_creation_time": 1637675572}}
I211123 13:52:52.575095 17 storage/engine/rocksdb.go:120  [db/compaction_job.cc:1334] [default] [JOB 4] Generated table #76: 2819 keys, 1185077 bytes
I211123 13:52:52.575236 17 storage/engine/rocksdb.go:120  EVENT_LOG_v1 {"time_micros": 1637675572575137, "cf_name": "default", "job": 4, "event": "table_file_creation", "file_number": 76, "file_size": 1185077, "table_properties": {"data_size": 1179230, "index_size": 16075, "index_partitions": 0, "top_level_index_size": 0, "index_key_is_user_key": 0, "index_value_is_delta_encoded": 0, "filter_size": 0, "raw_key_size": 154760, "raw_average_key_size": 54, "raw_value_size": 7006253, "raw_average_value_size": 2485, "num_data_blocks": 230, "num_entries": 2819, "num_deletions": 0, "num_merge_operands": 0, "num_range_deletions": 0, "format_version": 0, "fixed_key_len": 0, "filter_policy": "rocksdb.BuiltinBloomFilter", "column_family_name": "default", "column_family_id": 0, "comparator": "cockroach_comparator", "merge_operator": "cockroach_merge_operator", "prefix_extractor_name": "cockroach_prefix_extractor", "property_collectors": "[TimeBoundTblPropCollectorFactory,DeleteRangeTblPropCollectorFactory]", "compression": "Snappy", "compression_options": "window_bits=-14; level=32767; strategy=0; max_dict_bytes=0; zstd_max_train_bytes=0; enabled=0; ", "creation_time": 1637675571, "oldest_key_time": 0, "file_creation_time": 1637675572}}
I211123 13:52:52.580893 17 storage/engine/rocksdb.go:120  [db/compaction_job.cc:1397] [default] [JOB 4] Compacted 2@0 + 2@6 files to L6 => 5406085 bytes
I211123 13:52:52.580936 17 storage/engine/rocksdb.go:120  [db/version_set.cc:3086] More existing levels in DB than needed. max_bytes_for_level_multiplier may not be guaranteed.
I211123 13:52:52.581759 17 storage/engine/rocksdb.go:120  (Original Log Time 2021/11/23-13:52:52.581591) [db/compaction_job.cc:770] [default] compacted to: base level 6 level multiplier 10.00 max bytes base 67108864 files[0 0 0 0 0 0 2] max score 0.00, MB/sec: 28.5 rd, 27.2 wr, level 6, files in(2, 2) out(2) MB in(0.6, 4.8) out(5.2), read-write-amplify(16.5) write-amplify(8.1) OK, records in: 31312, records dropped: 16457 output_compression: Snappy
I211123 13:52:52.581840 17 storage/engine/rocksdb.go:120  (Original Log Time 2021/11/23-13:52:52.581683) EVENT_LOG_v1 {"time_micros": 1637675572581610, "job": 4, "event": "compaction_finished", "compaction_time_micros": 198494, "compaction_time_cpu_micros": 146487, "output_level": 6, "num_output_files": 2, "total_output_size": 5406085, "num_input_records": 30648, "num_output_records": 14191, "num_subcompactions": 1, "output_compression": "Snappy", "num_single_delete_mismatches": 0, "num_single_delete_fallthrough": 0, "lsm_state": [0, 0, 0, 0, 0, 0, 2]}
I211123 13:52:52.583369 17 storage/engine/rocksdb.go:120  EVENT_LOG_v1 {"time_micros": 1637675572583348, "job": 4, "event": "table_file_deletion", "file_number": 74}
I211123 13:52:52.585745 17 storage/engine/rocksdb.go:120  EVENT_LOG_v1 {"time_micros": 1637675572585716, "job": 4, "event": "table_file_deletion", "file_number": 68}
I211123 13:52:52.589237 17 storage/engine/rocksdb.go:120  EVENT_LOG_v1 {"time_micros": 1637675572589204, "job": 4, "event": "table_file_deletion", "file_number": 66}
I211123 13:52:52.602207 17 storage/engine/rocksdb.go:120  EVENT_LOG_v1 {"time_micros": 1637675572602174, "job": 4, "event": "table_file_deletion", "file_number": 65}
I211123 14:38:39.597507 126 storage/engine/rocksdb.go:120  [db/db_impl_open.cc:1125] reusing log 70 from recycle list
I211123 14:38:39.600953 126 storage/engine/rocksdb.go:120  [db/db_impl_write.cc:1437] [default] New memtable created with log file: #77. Immutable memtables: 0.
I211123 14:38:39.601974 17 storage/engine/rocksdb.go:120  (Original Log Time 2021/11/23-14:38:39.601909) [db/db_impl_compaction_flush.cc:2097] Calling FlushMemTableToOutputFile with column family [default], flush slots available 1, compaction slots available 1, flush slots scheduled 1, compaction slots scheduled 0
I211123 14:38:39.601987 17 storage/engine/rocksdb.go:120  [db/flush_job.cc:322] [default] [JOB 5] Flushing memtable with next log file: 77
I211123 14:38:39.602019 17 storage/engine/rocksdb.go:120  EVENT_LOG_v1 {"time_micros": 1637678319602003, "job": 5, "event": "flush_started", "num_memtables": 1, "num_entries": 214943, "num_deletes": 5967, "total_data_size": 61029839, "memory_usage": 65021224, "flush_reason": "Write Buffer Full"}
I211123 14:38:39.602027 17 storage/engine/rocksdb.go:120  [db/flush_job.cc:351] [default] [JOB 5] Level-0 flush table #78: started
I211123 14:38:40.202455 17 storage/engine/rocksdb.go:120  EVENT_LOG_v1 {"time_micros": 1637678320202199, "cf_name": "default", "job": 5, "event": "table_file_creation", "file_number": 78, "file_size": 369245, "table_properties": {"data_size": 357114, "index_size": 4284, "index_partitions": 0, "top_level_index_size": 0, "index_key_is_user_key": 0, "index_value_is_delta_encoded": 0, "filter_size": 8773, "raw_key_size": 245806, "raw_average_key_size": 30, "raw_value_size": 2048893, "raw_average_value_size": 257, "num_data_blocks": 67, "num_entries": 7956, "num_deletions": 5832, "num_merge_operands": 1328, "num_range_deletions": 1328, "format_version": 0, "fixed_key_len": 0, "filter_policy": "rocksdb.BuiltinBloomFilter", "column_family_name": "default", "column_family_id": 0, "comparator": "cockroach_comparator", "merge_operator": "cockroach_merge_operator", "prefix_extractor_name": "cockroach_prefix_extractor", "property_collectors": "[TimeBoundTblPropCollectorFactory,DeleteRangeTblPropCollectorFactory]", "compression": "Snappy", "compression_options": "window_bits=-14; level=32767; strategy=0; max_dict_bytes=0; zstd_max_train_bytes=0; enabled=0; ", "creation_time": 1637678319, "oldest_key_time": 1637675571, "file_creation_time": 1637678319}}
I211123 14:38:40.202488 17 storage/engine/rocksdb.go:120  [db/flush_job.cc:392] [default] [JOB 5] Level-0 flush table #78: 369245 bytes OK
I211123 14:38:40.202594 17 storage/engine/rocksdb.go:120  [db/version_set.cc:3086] More existing levels in DB than needed. max_bytes_for_level_multiplier may not be guaranteed.
I211123 14:38:40.203986 17 storage/engine/rocksdb.go:120  [db/db_impl_files.cc:194] adding log 73 to recycle list
I211123 14:38:40.204004 17 storage/engine/rocksdb.go:120  (Original Log Time 2021/11/23-14:38:40.202501) [db/memtable_list.cc:386] [default] Level-0 commit table #78 started
I211123 14:38:40.204012 17 storage/engine/rocksdb.go:120  (Original Log Time 2021/11/23-14:38:40.203319) [db/memtable_list.cc:434] [default] Level-0 commit table #78: memtable #1 done
I211123 14:38:40.204019 17 storage/engine/rocksdb.go:120  (Original Log Time 2021/11/23-14:38:40.203339) EVENT_LOG_v1 {"time_micros": 1637678320203330, "job": 5, "event": "flush_finished", "output_compression": "Snappy", "lsm_state": [1, 0, 0, 0, 0, 0, 2], "immutable_memtables": 0}
I211123 14:38:40.204030 17 storage/engine/rocksdb.go:120  (Original Log Time 2021/11/23-14:38:40.203359) [db/db_impl_compaction_flush.cc:208] [default] Level summary: base level 6 level multiplier 10.00 max bytes base 67108864 files[1 0 0 0 0 0 2] max score 0.50
I211123 14:48:17.393472 66987 storage/engine/rocksdb.go:120  bloom filter utility:    -nan%
I211123 14:48:17.394409 66987 storage/engine/rocksdb.go:120  [db/db_impl.cc:392] Shutdown: canceling all background work
I211123 14:48:17.396470 66987 storage/engine/rocksdb.go:120  [db/db_impl.cc:565] Shutdown complete
I211123 14:48:17.425763 66987 storage/engine/rocksdb.go:120  bloom filter utility:    67.9%
I211123 14:48:17.426756 66987 storage/engine/rocksdb.go:120  [db/db_impl.cc:392] Shutdown: canceling all background work
I211123 14:48:17.518475 66987 storage/engine/rocksdb.go:120  [db/db_impl.cc:565] Shutdown complete
