I211118 20:18:41.908146 38 util/log/clog.go:1196  [config] file created at: 2021/11/18 20:18:41
I211118 20:18:41.908146 38 util/log/clog.go:1196  [config] running on machine: 81f2a0bc1c88
I211118 20:18:41.908146 38 util/log/clog.go:1196  [config] binary: CockroachDB CCL v19.2.2 (x86_64-unknown-linux-gnu, built 2019/12/11 01:33:43, go1.12.12)
I211118 20:18:41.908146 38 util/log/clog.go:1196  [config] arguments: [/cockroach/cockroach start-single-node --insecure]
I211118 20:18:41.908146 38 util/log/clog.go:1196  line format: [IWEF]yymmdd hh:mm:ss.uuuuuu goid file:line msg utf8=✓
I211118 20:18:41.908144 38 storage/engine/rocksdb.go:120  RocksDB version: 6.2.1
I211118 20:18:41.917477 38 storage/engine/rocksdb.go:120  Git sha rocksdb_build_git_sha:@b7009236531fa784872f4823eabf393501e41bf2@
I211118 20:18:41.917525 38 storage/engine/rocksdb.go:120  Compile date Dec 11 2019
I211118 20:18:41.920061 38 storage/engine/rocksdb.go:120  DB SUMMARY
I211118 20:18:41.920831 38 storage/engine/rocksdb.go:120  SST files in /cockroach/cockroach-data/cockroach-temp592211489 dir, Total Num: 0, files: 
I211118 20:18:41.920839 38 storage/engine/rocksdb.go:120  Write Ahead Log file in /cockroach/cockroach-data/cockroach-temp592211489: 
I211118 20:18:41.920844 38 storage/engine/rocksdb.go:120                          Options.error_if_exists: 0
I211118 20:18:41.920848 38 storage/engine/rocksdb.go:120                        Options.create_if_missing: 1
I211118 20:18:41.920851 38 storage/engine/rocksdb.go:120                          Options.paranoid_checks: 1
I211118 20:18:41.920855 38 storage/engine/rocksdb.go:120                                      Options.env: 0x75591e0
I211118 20:18:41.920859 38 storage/engine/rocksdb.go:120                                 Options.info_log: 0x7fb4f2027140
I211118 20:18:41.920862 38 storage/engine/rocksdb.go:120                 Options.max_file_opening_threads: 16
I211118 20:18:41.920927 38 storage/engine/rocksdb.go:120                               Options.statistics: 0x7fb4f2034010
I211118 20:18:41.920934 38 storage/engine/rocksdb.go:120                                Options.use_fsync: 0
I211118 20:18:41.920938 38 storage/engine/rocksdb.go:120                        Options.max_log_file_size: 0
I211118 20:18:41.920941 38 storage/engine/rocksdb.go:120                   Options.max_manifest_file_size: 134217728
I211118 20:18:41.920945 38 storage/engine/rocksdb.go:120                    Options.log_file_time_to_roll: 0
I211118 20:18:41.920948 38 storage/engine/rocksdb.go:120                        Options.keep_log_file_num: 1000
I211118 20:18:41.920952 38 storage/engine/rocksdb.go:120                     Options.recycle_log_file_num: 1
I211118 20:18:41.920956 38 storage/engine/rocksdb.go:120                          Options.allow_fallocate: 1
I211118 20:18:41.920959 38 storage/engine/rocksdb.go:120                         Options.allow_mmap_reads: 0
I211118 20:18:41.920963 38 storage/engine/rocksdb.go:120                        Options.allow_mmap_writes: 0
I211118 20:18:41.920966 38 storage/engine/rocksdb.go:120                         Options.use_direct_reads: 0
I211118 20:18:41.920970 38 storage/engine/rocksdb.go:120                         Options.use_direct_io_for_flush_and_compaction: 0
I211118 20:18:41.920973 38 storage/engine/rocksdb.go:120           Options.create_missing_column_families: 0
I211118 20:18:41.920977 38 storage/engine/rocksdb.go:120                               Options.db_log_dir: 
I211118 20:18:41.920981 38 storage/engine/rocksdb.go:120                                  Options.wal_dir: /cockroach/cockroach-data/cockroach-temp592211489
I211118 20:18:41.920984 38 storage/engine/rocksdb.go:120                 Options.table_cache_numshardbits: 6
I211118 20:18:41.920988 38 storage/engine/rocksdb.go:120                       Options.max_subcompactions: 1
I211118 20:18:41.920991 38 storage/engine/rocksdb.go:120                   Options.max_background_flushes: -1
I211118 20:18:41.920995 38 storage/engine/rocksdb.go:120                          Options.WAL_ttl_seconds: 0
I211118 20:18:41.920998 38 storage/engine/rocksdb.go:120                        Options.WAL_size_limit_MB: 0
I211118 20:18:41.921002 38 storage/engine/rocksdb.go:120              Options.manifest_preallocation_size: 4194304
I211118 20:18:41.921005 38 storage/engine/rocksdb.go:120                      Options.is_fd_close_on_exec: 1
I211118 20:18:41.921008 38 storage/engine/rocksdb.go:120                    Options.advise_random_on_open: 1
I211118 20:18:41.921012 38 storage/engine/rocksdb.go:120                     Options.db_write_buffer_size: 0
I211118 20:18:41.921015 38 storage/engine/rocksdb.go:120                     Options.write_buffer_manager: 0x7fb4f2019060
I211118 20:18:41.921032 38 storage/engine/rocksdb.go:120          Options.access_hint_on_compaction_start: 1
I211118 20:18:41.921036 38 storage/engine/rocksdb.go:120   Options.new_table_reader_for_compaction_inputs: 0
I211118 20:18:41.921039 38 storage/engine/rocksdb.go:120            Options.random_access_max_buffer_size: 1048576
I211118 20:18:41.921043 38 storage/engine/rocksdb.go:120                       Options.use_adaptive_mutex: 0
I211118 20:18:41.921046 38 storage/engine/rocksdb.go:120                             Options.rate_limiter: (nil)
I211118 20:18:41.921051 38 storage/engine/rocksdb.go:120      Options.sst_file_manager.rate_bytes_per_sec: 0
I211118 20:18:41.921055 38 storage/engine/rocksdb.go:120                        Options.wal_recovery_mode: 0
I211118 20:18:41.921058 38 storage/engine/rocksdb.go:120                   Options.enable_thread_tracking: 0
I211118 20:18:41.921062 38 storage/engine/rocksdb.go:120                   Options.enable_pipelined_write: 0
I211118 20:18:41.921065 38 storage/engine/rocksdb.go:120          Options.allow_concurrent_memtable_write: 1
I211118 20:18:41.921069 38 storage/engine/rocksdb.go:120       Options.enable_write_thread_adaptive_yield: 1
I211118 20:18:41.921072 38 storage/engine/rocksdb.go:120              Options.write_thread_max_yield_usec: 100
I211118 20:18:41.921076 38 storage/engine/rocksdb.go:120             Options.write_thread_slow_yield_usec: 3
I211118 20:18:41.921112 38 storage/engine/rocksdb.go:120                                Options.row_cache: None
I211118 20:18:41.921118 38 storage/engine/rocksdb.go:120                               Options.wal_filter: None
I211118 20:18:41.921121 38 storage/engine/rocksdb.go:120              Options.avoid_flush_during_recovery: 0
I211118 20:18:41.921125 38 storage/engine/rocksdb.go:120              Options.allow_ingest_behind: 0
I211118 20:18:41.921128 38 storage/engine/rocksdb.go:120              Options.preserve_deletes: 0
I211118 20:18:41.921132 38 storage/engine/rocksdb.go:120              Options.two_write_queues: 0
I211118 20:18:41.921136 38 storage/engine/rocksdb.go:120              Options.manual_wal_flush: 1
I211118 20:18:41.921139 38 storage/engine/rocksdb.go:120              Options.atomic_flush: 0
I211118 20:18:41.921143 38 storage/engine/rocksdb.go:120              Options.avoid_unnecessary_blocking_io: 0
I211118 20:18:41.921146 38 storage/engine/rocksdb.go:120              Options.max_background_jobs: 4
I211118 20:18:41.921150 38 storage/engine/rocksdb.go:120              Options.max_background_compactions: -1
I211118 20:18:41.921154 38 storage/engine/rocksdb.go:120              Options.avoid_flush_during_shutdown: 0
I211118 20:18:41.921157 38 storage/engine/rocksdb.go:120            Options.writable_file_max_buffer_size: 1048576
I211118 20:18:41.921161 38 storage/engine/rocksdb.go:120              Options.delayed_write_rate : 16777216
I211118 20:18:41.921164 38 storage/engine/rocksdb.go:120              Options.max_total_wal_size: 0
I211118 20:18:41.921168 38 storage/engine/rocksdb.go:120              Options.delete_obsolete_files_period_micros: 21600000000
I211118 20:18:41.921171 38 storage/engine/rocksdb.go:120                    Options.stats_dump_period_sec: 0
I211118 20:18:41.921175 38 storage/engine/rocksdb.go:120                  Options.stats_persist_period_sec: 600
I211118 20:18:41.921178 38 storage/engine/rocksdb.go:120                  Options.stats_history_buffer_size: 1048576
I211118 20:18:41.921182 38 storage/engine/rocksdb.go:120                           Options.max_open_files: 128
I211118 20:18:41.921185 38 storage/engine/rocksdb.go:120                           Options.bytes_per_sync: 524288
I211118 20:18:41.921189 38 storage/engine/rocksdb.go:120                       Options.wal_bytes_per_sync: 0
I211118 20:18:41.921192 38 storage/engine/rocksdb.go:120                    Options.strict_bytes_per_sync: 1
I211118 20:18:41.921196 38 storage/engine/rocksdb.go:120        Options.compaction_readahead_size: 0
I211118 20:18:41.921199 38 storage/engine/rocksdb.go:120  Compression algorithms supported:
I211118 20:18:41.921207 38 storage/engine/rocksdb.go:120  	kZSTDNotFinalCompression supported: 0
I211118 20:18:41.921211 38 storage/engine/rocksdb.go:120  	kZSTD supported: 0
I211118 20:18:41.921215 38 storage/engine/rocksdb.go:120  	kXpressCompression supported: 0
I211118 20:18:41.921218 38 storage/engine/rocksdb.go:120  	kLZ4HCCompression supported: 0
I211118 20:18:41.921222 38 storage/engine/rocksdb.go:120  	kLZ4Compression supported: 0
I211118 20:18:41.921226 38 storage/engine/rocksdb.go:120  	kBZip2Compression supported: 0
I211118 20:18:41.921229 38 storage/engine/rocksdb.go:120  	kZlibCompression supported: 0
I211118 20:18:41.921233 38 storage/engine/rocksdb.go:120  	kSnappyCompression supported: 1
I211118 20:18:41.921250 38 storage/engine/rocksdb.go:120  Fast CRC32 supported: Supported on x86
I211118 20:18:41.923861 38 storage/engine/rocksdb.go:120  [db/db_impl_open.cc:242] Creating manifest 1 
I211118 20:18:41.944072 38 storage/engine/rocksdb.go:120  [db/version_set.cc:4072] Recovering from manifest file: /cockroach/cockroach-data/cockroach-temp592211489/MANIFEST-000001
I211118 20:18:41.945300 38 storage/engine/rocksdb.go:120  [db/column_family.cc:488] --------------- Options for column family [default]:
I211118 20:18:41.945331 38 storage/engine/rocksdb.go:120                Options.comparator: cockroach_comparator
I211118 20:18:41.945336 38 storage/engine/rocksdb.go:120            Options.merge_operator: cockroach_merge_operator
I211118 20:18:41.945341 38 storage/engine/rocksdb.go:120         Options.compaction_filter: None
I211118 20:18:41.945344 38 storage/engine/rocksdb.go:120         Options.compaction_filter_factory: None
I211118 20:18:41.945349 38 storage/engine/rocksdb.go:120          Options.memtable_factory: SkipListFactory
I211118 20:18:41.945362 38 storage/engine/rocksdb.go:120             Options.table_factory: BlockBasedTable
I211118 20:18:41.951139 38 storage/engine/rocksdb.go:120             table_factory options:   flush_block_policy_factory: FlushBlockBySizePolicyFactory (0x7fb4f2028030)
  cache_index_and_filter_blocks: 0
  cache_index_and_filter_blocks_with_high_priority: 0
  pin_l0_filter_and_index_blocks_in_cache: 0
  pin_top_level_index_and_filter: 1
  index_type: 0
  data_block_index_type: 0
  index_shortening: 1
  data_block_hash_table_util_ratio: 0.750000
  hash_index_allow_collision: 1
  checksum: 1
  no_block_cache: 0
  block_cache: 0x7fb4f201c010
  block_cache_name: LRUCache
  block_cache_options:
    capacity : 1048576
    num_shard_bits : 4
    strict_capacity_limit : 0
    memory_allocator : None
    high_pri_pool_ratio: 0.000
  block_cache_compressed: (nil)
  persistent_cache: (nil)
  block_size: 32768
  block_size_deviation: 10
  block_restart_interval: 16
  index_block_restart_interval: 1
  metadata_block_size: 4096
  partition_filters: 0
  use_delta_encoding: 1
  filter_policy: rocksdb.BuiltinBloomFilter
  whole_key_filtering: 0
  verify_compression: 0
  read_amp_bytes_per_bit: 0
  format_version: 2
  enable_index_compression: 1
  block_align: 0
I211118 20:18:41.951309 38 storage/engine/rocksdb.go:120         Options.write_buffer_size: 67108864
I211118 20:18:41.951316 38 storage/engine/rocksdb.go:120   Options.max_write_buffer_number: 4
I211118 20:18:41.951321 38 storage/engine/rocksdb.go:120           Options.compression: Snappy
I211118 20:18:41.951325 38 storage/engine/rocksdb.go:120                   Options.bottommost_compression: Disabled
I211118 20:18:41.951330 38 storage/engine/rocksdb.go:120        Options.prefix_extractor: cockroach_prefix_extractor
I211118 20:18:41.951339 38 storage/engine/rocksdb.go:120    Options.memtable_insert_with_hint_prefix_extractor: nullptr
I211118 20:18:41.951343 38 storage/engine/rocksdb.go:120              Options.num_levels: 7
I211118 20:18:41.951348 38 storage/engine/rocksdb.go:120         Options.min_write_buffer_number_to_merge: 1
I211118 20:18:41.951351 38 storage/engine/rocksdb.go:120      Options.max_write_buffer_number_to_maintain: 0
I211118 20:18:41.951355 38 storage/engine/rocksdb.go:120             Options.bottommost_compression_opts.window_bits: -14
I211118 20:18:41.951378 38 storage/engine/rocksdb.go:120                   Options.bottommost_compression_opts.level: 32767
I211118 20:18:41.951386 38 storage/engine/rocksdb.go:120                Options.bottommost_compression_opts.strategy: 0
I211118 20:18:41.951390 38 storage/engine/rocksdb.go:120          Options.bottommost_compression_opts.max_dict_bytes: 0
I211118 20:18:41.951394 38 storage/engine/rocksdb.go:120          Options.bottommost_compression_opts.zstd_max_train_bytes: 0
I211118 20:18:41.951398 38 storage/engine/rocksdb.go:120                   Options.bottommost_compression_opts.enabled: false
I211118 20:18:41.951402 38 storage/engine/rocksdb.go:120             Options.compression_opts.window_bits: -14
I211118 20:18:41.951406 38 storage/engine/rocksdb.go:120                   Options.compression_opts.level: 32767
I211118 20:18:41.951423 38 storage/engine/rocksdb.go:120                Options.compression_opts.strategy: 0
I211118 20:18:41.951434 38 storage/engine/rocksdb.go:120          Options.compression_opts.max_dict_bytes: 0
I211118 20:18:41.951438 38 storage/engine/rocksdb.go:120          Options.compression_opts.zstd_max_train_bytes: 0
I211118 20:18:41.951442 38 storage/engine/rocksdb.go:120                   Options.compression_opts.enabled: false
I211118 20:18:41.951446 38 storage/engine/rocksdb.go:120       Options.level0_file_num_compaction_trigger: 2
I211118 20:18:41.951450 38 storage/engine/rocksdb.go:120           Options.level0_slowdown_writes_trigger: 950
I211118 20:18:41.951454 38 storage/engine/rocksdb.go:120               Options.level0_stop_writes_trigger: 1000
I211118 20:18:41.951461 38 storage/engine/rocksdb.go:120                    Options.target_file_size_base: 4194304
I211118 20:18:41.951464 38 storage/engine/rocksdb.go:120              Options.target_file_size_multiplier: 2
I211118 20:18:41.951468 38 storage/engine/rocksdb.go:120                 Options.max_bytes_for_level_base: 67108864
I211118 20:18:41.951472 38 storage/engine/rocksdb.go:120  Options.level_compaction_dynamic_level_bytes: 1
I211118 20:18:41.951478 38 storage/engine/rocksdb.go:120           Options.max_bytes_for_level_multiplier: 10.000000
I211118 20:18:41.951482 38 storage/engine/rocksdb.go:120  Options.max_bytes_for_level_multiplier_addtl[0]: 1
I211118 20:18:41.951486 38 storage/engine/rocksdb.go:120  Options.max_bytes_for_level_multiplier_addtl[1]: 1
I211118 20:18:41.951493 38 storage/engine/rocksdb.go:120  Options.max_bytes_for_level_multiplier_addtl[2]: 1
I211118 20:18:41.951496 38 storage/engine/rocksdb.go:120  Options.max_bytes_for_level_multiplier_addtl[3]: 1
I211118 20:18:41.951501 38 storage/engine/rocksdb.go:120  Options.max_bytes_for_level_multiplier_addtl[4]: 1
I211118 20:18:41.951504 38 storage/engine/rocksdb.go:120  Options.max_bytes_for_level_multiplier_addtl[5]: 1
I211118 20:18:41.951511 38 storage/engine/rocksdb.go:120  Options.max_bytes_for_level_multiplier_addtl[6]: 1
I211118 20:18:41.951515 38 storage/engine/rocksdb.go:120        Options.max_sequential_skip_in_iterations: 8
I211118 20:18:41.951521 38 storage/engine/rocksdb.go:120                     Options.max_compaction_bytes: 104857600
I211118 20:18:41.951525 38 storage/engine/rocksdb.go:120                         Options.arena_block_size: 8388608
I211118 20:18:41.951529 38 storage/engine/rocksdb.go:120    Options.soft_pending_compaction_bytes_limit: 2199023255552
I211118 20:18:41.951533 38 storage/engine/rocksdb.go:120    Options.hard_pending_compaction_bytes_limit: 4400193994752
I211118 20:18:41.951537 38 storage/engine/rocksdb.go:120        Options.rate_limit_delay_max_milliseconds: 100
I211118 20:18:41.951540 38 storage/engine/rocksdb.go:120                 Options.disable_auto_compactions: 0
I211118 20:18:41.951549 38 storage/engine/rocksdb.go:120                         Options.compaction_style: kCompactionStyleLevel
I211118 20:18:41.951554 38 storage/engine/rocksdb.go:120                           Options.compaction_pri: kMinOverlappingRatio
I211118 20:18:41.951575 38 storage/engine/rocksdb.go:120  Options.compaction_options_universal.size_ratio: 1
I211118 20:18:41.951579 38 storage/engine/rocksdb.go:120  Options.compaction_options_universal.min_merge_width: 2
I211118 20:18:41.951583 38 storage/engine/rocksdb.go:120  Options.compaction_options_universal.max_merge_width: 4294967295
I211118 20:18:41.951587 38 storage/engine/rocksdb.go:120  Options.compaction_options_universal.max_size_amplification_percent: 200
I211118 20:18:41.951592 38 storage/engine/rocksdb.go:120  Options.compaction_options_universal.compression_size_percent: -1
I211118 20:18:41.951600 38 storage/engine/rocksdb.go:120  Options.compaction_options_universal.stop_style: kCompactionStopStyleTotalSize
I211118 20:18:41.951604 38 storage/engine/rocksdb.go:120  Options.compaction_options_fifo.max_table_files_size: 1073741824
I211118 20:18:41.951607 38 storage/engine/rocksdb.go:120  Options.compaction_options_fifo.allow_compaction: 0
I211118 20:18:41.951614 38 storage/engine/rocksdb.go:120                    Options.table_properties_collectors: TimeBoundTblPropCollectorFactory; DeleteRangeTblPropCollectorFactory; 
I211118 20:18:41.951620 38 storage/engine/rocksdb.go:120                    Options.inplace_update_support: 0
I211118 20:18:41.951624 38 storage/engine/rocksdb.go:120                  Options.inplace_update_num_locks: 10000
I211118 20:18:41.951634 38 storage/engine/rocksdb.go:120                Options.memtable_prefix_bloom_size_ratio: 0.000000
I211118 20:18:41.951638 38 storage/engine/rocksdb.go:120                Options.memtable_whole_key_filtering: 0
I211118 20:18:41.951642 38 storage/engine/rocksdb.go:120    Options.memtable_huge_page_size: 0
I211118 20:18:41.951646 38 storage/engine/rocksdb.go:120                            Options.bloom_locality: 0
I211118 20:18:41.951650 38 storage/engine/rocksdb.go:120                     Options.max_successive_merges: 0
I211118 20:18:41.951654 38 storage/engine/rocksdb.go:120                 Options.optimize_filters_for_hits: 1
I211118 20:18:41.951660 38 storage/engine/rocksdb.go:120                 Options.paranoid_file_checks: 0
I211118 20:18:41.951664 38 storage/engine/rocksdb.go:120                 Options.force_consistency_checks: 0
I211118 20:18:41.951668 38 storage/engine/rocksdb.go:120                 Options.report_bg_io_stats: 0
I211118 20:18:41.951672 38 storage/engine/rocksdb.go:120                                Options.ttl: 0
I211118 20:18:41.951676 38 storage/engine/rocksdb.go:120           Options.periodic_compaction_seconds: 0
I211118 20:18:41.955122 38 storage/engine/rocksdb.go:120  [db/version_set.cc:4286] Recovered from manifest file:/cockroach/cockroach-data/cockroach-temp592211489/MANIFEST-000001 succeeded,manifest_file_number is 1, next_file_number is 3, last_sequence is 0, log_number is 0,prev_log_number is 0,max_column_family is 0,min_log_number_to_keep is 0
I211118 20:18:41.955131 38 storage/engine/rocksdb.go:120  [db/version_set.cc:4295] Column family [default] (ID 0), log number is 0
I211118 20:18:41.970051 38 storage/engine/rocksdb.go:120  DB pointer 0x7fb4f20a1000
I211118 20:18:42.003830 38 storage/engine/rocksdb.go:120  RocksDB version: 6.2.1
I211118 20:18:42.003842 38 storage/engine/rocksdb.go:120  Git sha rocksdb_build_git_sha:@b7009236531fa784872f4823eabf393501e41bf2@
I211118 20:18:42.003847 38 storage/engine/rocksdb.go:120  Compile date Dec 11 2019
I211118 20:18:42.003852 38 storage/engine/rocksdb.go:120  DB SUMMARY
I211118 20:18:42.004815 38 storage/engine/rocksdb.go:120  SST files in /cockroach/cockroach-data dir, Total Num: 0, files: 
I211118 20:18:42.004826 38 storage/engine/rocksdb.go:120  Write Ahead Log file in /cockroach/cockroach-data: 
I211118 20:18:42.004833 38 storage/engine/rocksdb.go:120                          Options.error_if_exists: 0
I211118 20:18:42.004839 38 storage/engine/rocksdb.go:120                        Options.create_if_missing: 1
I211118 20:18:42.004845 38 storage/engine/rocksdb.go:120                          Options.paranoid_checks: 1
I211118 20:18:42.004851 38 storage/engine/rocksdb.go:120                                      Options.env: 0x75591e0
I211118 20:18:42.004866 38 storage/engine/rocksdb.go:120                                 Options.info_log: 0x7fb4ed819080
I211118 20:18:42.004872 38 storage/engine/rocksdb.go:120                 Options.max_file_opening_threads: 16
I211118 20:18:42.004878 38 storage/engine/rocksdb.go:120                               Options.statistics: 0x7fb4ed81f010
I211118 20:18:42.004884 38 storage/engine/rocksdb.go:120                                Options.use_fsync: 0
I211118 20:18:42.004891 38 storage/engine/rocksdb.go:120                        Options.max_log_file_size: 0
I211118 20:18:42.004897 38 storage/engine/rocksdb.go:120                   Options.max_manifest_file_size: 134217728
I211118 20:18:42.004903 38 storage/engine/rocksdb.go:120                    Options.log_file_time_to_roll: 0
I211118 20:18:42.004910 38 storage/engine/rocksdb.go:120                        Options.keep_log_file_num: 1000
I211118 20:18:42.004916 38 storage/engine/rocksdb.go:120                     Options.recycle_log_file_num: 1
I211118 20:18:42.004922 38 storage/engine/rocksdb.go:120                          Options.allow_fallocate: 1
I211118 20:18:42.004928 38 storage/engine/rocksdb.go:120                         Options.allow_mmap_reads: 0
I211118 20:18:42.004932 38 storage/engine/rocksdb.go:120                        Options.allow_mmap_writes: 0
I211118 20:18:42.004935 38 storage/engine/rocksdb.go:120                         Options.use_direct_reads: 0
I211118 20:18:42.004939 38 storage/engine/rocksdb.go:120                         Options.use_direct_io_for_flush_and_compaction: 0
I211118 20:18:42.004942 38 storage/engine/rocksdb.go:120           Options.create_missing_column_families: 0
I211118 20:18:42.004946 38 storage/engine/rocksdb.go:120                               Options.db_log_dir: 
I211118 20:18:42.004949 38 storage/engine/rocksdb.go:120                                  Options.wal_dir: /cockroach/cockroach-data
I211118 20:18:42.004953 38 storage/engine/rocksdb.go:120                 Options.table_cache_numshardbits: 6
I211118 20:18:42.004957 38 storage/engine/rocksdb.go:120                       Options.max_subcompactions: 1
I211118 20:18:42.004960 38 storage/engine/rocksdb.go:120                   Options.max_background_flushes: -1
I211118 20:18:42.004964 38 storage/engine/rocksdb.go:120                          Options.WAL_ttl_seconds: 0
I211118 20:18:42.004968 38 storage/engine/rocksdb.go:120                        Options.WAL_size_limit_MB: 0
I211118 20:18:42.004972 38 storage/engine/rocksdb.go:120              Options.manifest_preallocation_size: 4194304
I211118 20:18:42.004975 38 storage/engine/rocksdb.go:120                      Options.is_fd_close_on_exec: 1
I211118 20:18:42.004979 38 storage/engine/rocksdb.go:120                    Options.advise_random_on_open: 1
I211118 20:18:42.004982 38 storage/engine/rocksdb.go:120                     Options.db_write_buffer_size: 0
I211118 20:18:42.004986 38 storage/engine/rocksdb.go:120                     Options.write_buffer_manager: 0x7fb4ed887030
I211118 20:18:42.004990 38 storage/engine/rocksdb.go:120          Options.access_hint_on_compaction_start: 1
I211118 20:18:42.004994 38 storage/engine/rocksdb.go:120   Options.new_table_reader_for_compaction_inputs: 0
I211118 20:18:42.004997 38 storage/engine/rocksdb.go:120            Options.random_access_max_buffer_size: 1048576
I211118 20:18:42.005001 38 storage/engine/rocksdb.go:120                       Options.use_adaptive_mutex: 0
I211118 20:18:42.005005 38 storage/engine/rocksdb.go:120                             Options.rate_limiter: (nil)
I211118 20:18:42.005008 38 storage/engine/rocksdb.go:120      Options.sst_file_manager.rate_bytes_per_sec: 0
I211118 20:18:42.005012 38 storage/engine/rocksdb.go:120                        Options.wal_recovery_mode: 0
I211118 20:18:42.005015 38 storage/engine/rocksdb.go:120                   Options.enable_thread_tracking: 0
I211118 20:18:42.005019 38 storage/engine/rocksdb.go:120                   Options.enable_pipelined_write: 0
I211118 20:18:42.005026 38 storage/engine/rocksdb.go:120          Options.allow_concurrent_memtable_write: 1
I211118 20:18:42.005029 38 storage/engine/rocksdb.go:120       Options.enable_write_thread_adaptive_yield: 1
I211118 20:18:42.005033 38 storage/engine/rocksdb.go:120              Options.write_thread_max_yield_usec: 100
I211118 20:18:42.005036 38 storage/engine/rocksdb.go:120             Options.write_thread_slow_yield_usec: 3
I211118 20:18:42.005040 38 storage/engine/rocksdb.go:120                                Options.row_cache: None
I211118 20:18:42.005043 38 storage/engine/rocksdb.go:120                               Options.wal_filter: None
I211118 20:18:42.005047 38 storage/engine/rocksdb.go:120              Options.avoid_flush_during_recovery: 0
I211118 20:18:42.005051 38 storage/engine/rocksdb.go:120              Options.allow_ingest_behind: 0
I211118 20:18:42.005054 38 storage/engine/rocksdb.go:120              Options.preserve_deletes: 0
I211118 20:18:42.005062 38 storage/engine/rocksdb.go:120              Options.two_write_queues: 0
I211118 20:18:42.005065 38 storage/engine/rocksdb.go:120              Options.manual_wal_flush: 1
I211118 20:18:42.005069 38 storage/engine/rocksdb.go:120              Options.atomic_flush: 0
I211118 20:18:42.005072 38 storage/engine/rocksdb.go:120              Options.avoid_unnecessary_blocking_io: 0
I211118 20:18:42.005076 38 storage/engine/rocksdb.go:120              Options.max_background_jobs: 4
I211118 20:18:42.005080 38 storage/engine/rocksdb.go:120              Options.max_background_compactions: -1
I211118 20:18:42.005083 38 storage/engine/rocksdb.go:120              Options.avoid_flush_during_shutdown: 0
I211118 20:18:42.005121 38 storage/engine/rocksdb.go:120            Options.writable_file_max_buffer_size: 1048576
I211118 20:18:42.005127 38 storage/engine/rocksdb.go:120              Options.delayed_write_rate : 16777216
I211118 20:18:42.005131 38 storage/engine/rocksdb.go:120              Options.max_total_wal_size: 0
I211118 20:18:42.005135 38 storage/engine/rocksdb.go:120              Options.delete_obsolete_files_period_micros: 21600000000
I211118 20:18:42.005138 38 storage/engine/rocksdb.go:120                    Options.stats_dump_period_sec: 0
I211118 20:18:42.005142 38 storage/engine/rocksdb.go:120                  Options.stats_persist_period_sec: 600
I211118 20:18:42.005145 38 storage/engine/rocksdb.go:120                  Options.stats_history_buffer_size: 1048576
I211118 20:18:42.005149 38 storage/engine/rocksdb.go:120                           Options.max_open_files: 1043576
I211118 20:18:42.005152 38 storage/engine/rocksdb.go:120                           Options.bytes_per_sync: 524288
I211118 20:18:42.005156 38 storage/engine/rocksdb.go:120                       Options.wal_bytes_per_sync: 0
I211118 20:18:42.005159 38 storage/engine/rocksdb.go:120                    Options.strict_bytes_per_sync: 1
I211118 20:18:42.005163 38 storage/engine/rocksdb.go:120        Options.compaction_readahead_size: 0
I211118 20:18:42.005166 38 storage/engine/rocksdb.go:120  Compression algorithms supported:
I211118 20:18:42.005171 38 storage/engine/rocksdb.go:120  	kZSTDNotFinalCompression supported: 0
I211118 20:18:42.005175 38 storage/engine/rocksdb.go:120  	kZSTD supported: 0
I211118 20:18:42.005178 38 storage/engine/rocksdb.go:120  	kXpressCompression supported: 0
I211118 20:18:42.005182 38 storage/engine/rocksdb.go:120  	kLZ4HCCompression supported: 0
I211118 20:18:42.005195 38 storage/engine/rocksdb.go:120  	kLZ4Compression supported: 0
I211118 20:18:42.005200 38 storage/engine/rocksdb.go:120  	kBZip2Compression supported: 0
I211118 20:18:42.005204 38 storage/engine/rocksdb.go:120  	kZlibCompression supported: 0
I211118 20:18:42.005207 38 storage/engine/rocksdb.go:120  	kSnappyCompression supported: 1
I211118 20:18:42.005222 38 storage/engine/rocksdb.go:120  Fast CRC32 supported: Supported on x86
I211118 20:18:42.008595 38 storage/engine/rocksdb.go:120  [db/db_impl_open.cc:242] Creating manifest 1 
I211118 20:18:42.030728 38 storage/engine/rocksdb.go:120  [db/version_set.cc:4072] Recovering from manifest file: /cockroach/cockroach-data/MANIFEST-000001
I211118 20:18:42.031749 38 storage/engine/rocksdb.go:120  [db/column_family.cc:488] --------------- Options for column family [default]:
I211118 20:18:42.031760 38 storage/engine/rocksdb.go:120                Options.comparator: cockroach_comparator
I211118 20:18:42.031764 38 storage/engine/rocksdb.go:120            Options.merge_operator: cockroach_merge_operator
I211118 20:18:42.031769 38 storage/engine/rocksdb.go:120         Options.compaction_filter: None
I211118 20:18:42.031772 38 storage/engine/rocksdb.go:120         Options.compaction_filter_factory: None
I211118 20:18:42.031777 38 storage/engine/rocksdb.go:120          Options.memtable_factory: SkipListFactory
I211118 20:18:42.031781 38 storage/engine/rocksdb.go:120             Options.table_factory: BlockBasedTable
I211118 20:18:42.031812 38 storage/engine/rocksdb.go:120             table_factory options:   flush_block_policy_factory: FlushBlockBySizePolicyFactory (0x7fb4ed81d028)
  cache_index_and_filter_blocks: 0
  cache_index_and_filter_blocks_with_high_priority: 0
  pin_l0_filter_and_index_blocks_in_cache: 0
  pin_top_level_index_and_filter: 1
  index_type: 0
  data_block_index_type: 0
  index_shortening: 1
  data_block_hash_table_util_ratio: 0.750000
  hash_index_allow_collision: 1
  checksum: 1
  no_block_cache: 0
  block_cache: 0x7fb4ed80e010
  block_cache_name: LRUCache
  block_cache_options:
    capacity : 67108864
    num_shard_bits : 4
    strict_capacity_limit : 0
    memory_allocator : None
    high_pri_pool_ratio: 0.000
  block_cache_compressed: (nil)
  persistent_cache: (nil)
  block_size: 32768
  block_size_deviation: 10
  block_restart_interval: 16
  index_block_restart_interval: 1
  metadata_block_size: 4096
  partition_filters: 0
  use_delta_encoding: 1
  filter_policy: rocksdb.BuiltinBloomFilter
  whole_key_filtering: 0
  verify_compression: 0
  read_amp_bytes_per_bit: 0
  format_version: 2
  enable_index_compression: 1
  block_align: 0
I211118 20:18:42.031819 38 storage/engine/rocksdb.go:120         Options.write_buffer_size: 67108864
I211118 20:18:42.031825 38 storage/engine/rocksdb.go:120   Options.max_write_buffer_number: 4
I211118 20:18:42.031829 38 storage/engine/rocksdb.go:120           Options.compression: Snappy
I211118 20:18:42.031833 38 storage/engine/rocksdb.go:120                   Options.bottommost_compression: Disabled
I211118 20:18:42.031837 38 storage/engine/rocksdb.go:120        Options.prefix_extractor: cockroach_prefix_extractor
I211118 20:18:42.031840 38 storage/engine/rocksdb.go:120    Options.memtable_insert_with_hint_prefix_extractor: nullptr
I211118 20:18:42.031844 38 storage/engine/rocksdb.go:120              Options.num_levels: 7
I211118 20:18:42.031853 38 storage/engine/rocksdb.go:120         Options.min_write_buffer_number_to_merge: 1
I211118 20:18:42.031857 38 storage/engine/rocksdb.go:120      Options.max_write_buffer_number_to_maintain: 0
I211118 20:18:42.031860 38 storage/engine/rocksdb.go:120             Options.bottommost_compression_opts.window_bits: -14
I211118 20:18:42.031864 38 storage/engine/rocksdb.go:120                   Options.bottommost_compression_opts.level: 32767
I211118 20:18:42.031867 38 storage/engine/rocksdb.go:120                Options.bottommost_compression_opts.strategy: 0
I211118 20:18:42.031871 38 storage/engine/rocksdb.go:120          Options.bottommost_compression_opts.max_dict_bytes: 0
I211118 20:18:42.031874 38 storage/engine/rocksdb.go:120          Options.bottommost_compression_opts.zstd_max_train_bytes: 0
I211118 20:18:42.031878 38 storage/engine/rocksdb.go:120                   Options.bottommost_compression_opts.enabled: false
I211118 20:18:42.031882 38 storage/engine/rocksdb.go:120             Options.compression_opts.window_bits: -14
I211118 20:18:42.031885 38 storage/engine/rocksdb.go:120                   Options.compression_opts.level: 32767
I211118 20:18:42.031889 38 storage/engine/rocksdb.go:120                Options.compression_opts.strategy: 0
I211118 20:18:42.031892 38 storage/engine/rocksdb.go:120          Options.compression_opts.max_dict_bytes: 0
I211118 20:18:42.031898 38 storage/engine/rocksdb.go:120          Options.compression_opts.zstd_max_train_bytes: 0
I211118 20:18:42.031902 38 storage/engine/rocksdb.go:120                   Options.compression_opts.enabled: false
I211118 20:18:42.031906 38 storage/engine/rocksdb.go:120       Options.level0_file_num_compaction_trigger: 2
I211118 20:18:42.031910 38 storage/engine/rocksdb.go:120           Options.level0_slowdown_writes_trigger: 950
I211118 20:18:42.031913 38 storage/engine/rocksdb.go:120               Options.level0_stop_writes_trigger: 1000
I211118 20:18:42.031917 38 storage/engine/rocksdb.go:120                    Options.target_file_size_base: 4194304
I211118 20:18:42.031920 38 storage/engine/rocksdb.go:120              Options.target_file_size_multiplier: 2
I211118 20:18:42.031924 38 storage/engine/rocksdb.go:120                 Options.max_bytes_for_level_base: 67108864
I211118 20:18:42.031927 38 storage/engine/rocksdb.go:120  Options.level_compaction_dynamic_level_bytes: 1
I211118 20:18:42.031932 38 storage/engine/rocksdb.go:120           Options.max_bytes_for_level_multiplier: 10.000000
I211118 20:18:42.031937 38 storage/engine/rocksdb.go:120  Options.max_bytes_for_level_multiplier_addtl[0]: 1
I211118 20:18:42.031941 38 storage/engine/rocksdb.go:120  Options.max_bytes_for_level_multiplier_addtl[1]: 1
I211118 20:18:42.031944 38 storage/engine/rocksdb.go:120  Options.max_bytes_for_level_multiplier_addtl[2]: 1
I211118 20:18:42.031948 38 storage/engine/rocksdb.go:120  Options.max_bytes_for_level_multiplier_addtl[3]: 1
I211118 20:18:42.031951 38 storage/engine/rocksdb.go:120  Options.max_bytes_for_level_multiplier_addtl[4]: 1
I211118 20:18:42.031955 38 storage/engine/rocksdb.go:120  Options.max_bytes_for_level_multiplier_addtl[5]: 1
I211118 20:18:42.031958 38 storage/engine/rocksdb.go:120  Options.max_bytes_for_level_multiplier_addtl[6]: 1
I211118 20:18:42.031962 38 storage/engine/rocksdb.go:120        Options.max_sequential_skip_in_iterations: 8
I211118 20:18:42.031965 38 storage/engine/rocksdb.go:120                     Options.max_compaction_bytes: 104857600
I211118 20:18:42.031969 38 storage/engine/rocksdb.go:120                         Options.arena_block_size: 8388608
I211118 20:18:42.031972 38 storage/engine/rocksdb.go:120    Options.soft_pending_compaction_bytes_limit: 2199023255552
I211118 20:18:42.031976 38 storage/engine/rocksdb.go:120    Options.hard_pending_compaction_bytes_limit: 4400193994752
I211118 20:18:42.031979 38 storage/engine/rocksdb.go:120        Options.rate_limit_delay_max_milliseconds: 100
I211118 20:18:42.031983 38 storage/engine/rocksdb.go:120                 Options.disable_auto_compactions: 0
I211118 20:18:42.031987 38 storage/engine/rocksdb.go:120                         Options.compaction_style: kCompactionStyleLevel
I211118 20:18:42.031992 38 storage/engine/rocksdb.go:120                           Options.compaction_pri: kMinOverlappingRatio
I211118 20:18:42.031995 38 storage/engine/rocksdb.go:120  Options.compaction_options_universal.size_ratio: 1
I211118 20:18:42.031999 38 storage/engine/rocksdb.go:120  Options.compaction_options_universal.min_merge_width: 2
I211118 20:18:42.032002 38 storage/engine/rocksdb.go:120  Options.compaction_options_universal.max_merge_width: 4294967295
I211118 20:18:42.032006 38 storage/engine/rocksdb.go:120  Options.compaction_options_universal.max_size_amplification_percent: 200
I211118 20:18:42.032009 38 storage/engine/rocksdb.go:120  Options.compaction_options_universal.compression_size_percent: -1
I211118 20:18:42.032013 38 storage/engine/rocksdb.go:120  Options.compaction_options_universal.stop_style: kCompactionStopStyleTotalSize
I211118 20:18:42.032017 38 storage/engine/rocksdb.go:120  Options.compaction_options_fifo.max_table_files_size: 1073741824
I211118 20:18:42.032020 38 storage/engine/rocksdb.go:120  Options.compaction_options_fifo.allow_compaction: 0
I211118 20:18:42.032028 38 storage/engine/rocksdb.go:120                    Options.table_properties_collectors: TimeBoundTblPropCollectorFactory; DeleteRangeTblPropCollectorFactory; 
I211118 20:18:42.032034 38 storage/engine/rocksdb.go:120                    Options.inplace_update_support: 0
I211118 20:18:42.032038 38 storage/engine/rocksdb.go:120                  Options.inplace_update_num_locks: 10000
I211118 20:18:42.032042 38 storage/engine/rocksdb.go:120                Options.memtable_prefix_bloom_size_ratio: 0.000000
I211118 20:18:42.032045 38 storage/engine/rocksdb.go:120                Options.memtable_whole_key_filtering: 0
I211118 20:18:42.032049 38 storage/engine/rocksdb.go:120    Options.memtable_huge_page_size: 0
I211118 20:18:42.032053 38 storage/engine/rocksdb.go:120                            Options.bloom_locality: 0
I211118 20:18:42.032056 38 storage/engine/rocksdb.go:120                     Options.max_successive_merges: 0
I211118 20:18:42.032060 38 storage/engine/rocksdb.go:120                 Options.optimize_filters_for_hits: 1
I211118 20:18:42.032063 38 storage/engine/rocksdb.go:120                 Options.paranoid_file_checks: 0
I211118 20:18:42.032067 38 storage/engine/rocksdb.go:120                 Options.force_consistency_checks: 0
I211118 20:18:42.032070 38 storage/engine/rocksdb.go:120                 Options.report_bg_io_stats: 0
I211118 20:18:42.032074 38 storage/engine/rocksdb.go:120                                Options.ttl: 0
I211118 20:18:42.032077 38 storage/engine/rocksdb.go:120           Options.periodic_compaction_seconds: 0
I211118 20:18:42.034398 38 storage/engine/rocksdb.go:120  [db/version_set.cc:4286] Recovered from manifest file:/cockroach/cockroach-data/MANIFEST-000001 succeeded,manifest_file_number is 1, next_file_number is 3, last_sequence is 0, log_number is 0,prev_log_number is 0,max_column_family is 0,min_log_number_to_keep is 0
I211118 20:18:42.034408 38 storage/engine/rocksdb.go:120  [db/version_set.cc:4295] Column family [default] (ID 0), log number is 0
I211118 20:18:42.053641 38 storage/engine/rocksdb.go:120  DB pointer 0x7fb4ed894000
I211118 21:04:20.190971 117 storage/engine/rocksdb.go:120  [db/db_impl_write.cc:1437] [default] New memtable created with log file: #6. Immutable memtables: 0.
I211118 21:04:20.196105 17 storage/engine/rocksdb.go:120  (Original Log Time 2021/11/18-21:04:20.195560) [db/db_impl_compaction_flush.cc:2097] Calling FlushMemTableToOutputFile with column family [default], flush slots available 1, compaction slots available 1, flush slots scheduled 1, compaction slots scheduled 0
I211118 21:04:20.196135 17 storage/engine/rocksdb.go:120  [db/flush_job.cc:322] [default] [JOB 2] Flushing memtable with next log file: 6
I211118 21:04:20.196491 17 storage/engine/rocksdb.go:120  EVENT_LOG_v1 {"time_micros": 1637269460196214, "job": 2, "event": "flush_started", "num_memtables": 1, "num_entries": 214332, "num_deletes": 5592, "total_data_size": 61073073, "memory_usage": 65032800, "flush_reason": "Write Buffer Full"}
I211118 21:04:20.196502 17 storage/engine/rocksdb.go:120  [db/flush_job.cc:351] [default] [JOB 2] Level-0 flush table #7: started
I211118 21:04:20.841783 17 storage/engine/rocksdb.go:120  EVENT_LOG_v1 {"time_micros": 1637269460841627, "cf_name": "default", "job": 2, "event": "table_file_creation", "file_number": 7, "file_size": 419023, "table_properties": {"data_size": 406709, "index_size": 4678, "index_partitions": 0, "top_level_index_size": 0, "index_key_is_user_key": 0, "index_value_is_delta_encoded": 0, "filter_size": 8773, "raw_key_size": 248046, "raw_average_key_size": 31, "raw_value_size": 2264328, "raw_average_value_size": 286, "num_data_blocks": 73, "num_entries": 7907, "num_deletions": 5460, "num_merge_operands": 1328, "num_range_deletions": 1328, "format_version": 0, "fixed_key_len": 0, "filter_policy": "rocksdb.BuiltinBloomFilter", "column_family_name": "default", "column_family_id": 0, "comparator": "cockroach_comparator", "merge_operator": "cockroach_merge_operator", "prefix_extractor_name": "cockroach_prefix_extractor", "property_collectors": "[TimeBoundTblPropCollectorFactory,DeleteRangeTblPropCollectorFactory]", "compression": "Snappy", "compression_options": "window_bits=-14; level=32767; strategy=0; max_dict_bytes=0; zstd_max_train_bytes=0; enabled=0; ", "creation_time": 1637269460, "oldest_key_time": 1637266722, "file_creation_time": 1637269460}}
I211118 21:04:20.841841 17 storage/engine/rocksdb.go:120  [db/flush_job.cc:392] [default] [JOB 2] Level-0 flush table #7: 419023 bytes OK
I211118 21:04:20.842123 17 storage/engine/rocksdb.go:120  [db/version_set.cc:3560] Creating manifest 8
I211118 21:04:20.852738 17 storage/engine/rocksdb.go:120  [db/db_impl_files.cc:194] adding log 3 to recycle list
I211118 21:04:20.852760 17 storage/engine/rocksdb.go:120  (Original Log Time 2021/11/18-21:04:20.841868) [db/memtable_list.cc:386] [default] Level-0 commit table #7 started
I211118 21:04:20.852769 17 storage/engine/rocksdb.go:120  (Original Log Time 2021/11/18-21:04:20.852101) [db/memtable_list.cc:434] [default] Level-0 commit table #7: memtable #1 done
I211118 21:04:20.852778 17 storage/engine/rocksdb.go:120  (Original Log Time 2021/11/18-21:04:20.852142) EVENT_LOG_v1 {"time_micros": 1637269460852116, "job": 2, "event": "flush_finished", "output_compression": "Snappy", "lsm_state": [1, 0, 0, 0, 0, 0, 0], "immutable_memtables": 0}
I211118 21:04:20.852787 17 storage/engine/rocksdb.go:120  (Original Log Time 2021/11/18-21:04:20.852166) [db/db_impl_compaction_flush.cc:208] [default] Level summary: files[1 0 0 0 0 0 0] max score 0.50
I211118 21:04:20.852852 17 storage/engine/rocksdb.go:120  [db/db_impl_files.cc:356] [JOB 2] Try to delete WAL files size 59694691, prev total WAL file size 59749950, number of live WAL files 2.
I211118 21:11:39.437697 36242 storage/engine/rocksdb.go:120  bloom filter utility:    -nan%
I211118 21:11:39.441107 36242 storage/engine/rocksdb.go:120  [db/db_impl.cc:392] Shutdown: canceling all background work
I211118 21:11:39.442793 36242 storage/engine/rocksdb.go:120  [db/db_impl.cc:565] Shutdown complete
